###############################################################################
#
# IAR ANSI C/C++ Compiler V7.50.2.10312/W32 for ARM       23/Feb/2016  19:41:45
# Copyright 1999-2015 IAR Systems AB.
#
#    Cpu mode     =  thumb
#    Endian       =  little
#    Source file  =  
#        D:\sop1hc\Github\data\Mic_Array_V00\USB_STREAMING\Mic_Array\Projects\STM32746G\Applications\Audio\Mic_Array\Src\audio_application.c
#    Command line =  
#        D:\sop1hc\Github\data\Mic_Array_V00\USB_STREAMING\Mic_Array\Projects\STM32746G\Applications\Audio\Mic_Array\Src\audio_application.c
#        -D USE_HAL_DRIVER -D STM32F746xx -D USE_STM32746G_DISCO -D
#        USE_IOEXPANDER -D USE_USB_FS -lC
#        D:\sop1hc\Github\data\Mic_Array_V00\USB_STREAMING\Mic_Array\Projects\STM32746G\Applications\Audio\Mic_Array\EWARM\STM32F7\List
#        -lA
#        D:\sop1hc\Github\data\Mic_Array_V00\USB_STREAMING\Mic_Array\Projects\STM32746G\Applications\Audio\Mic_Array\EWARM\STM32F7\List
#        -o
#        D:\sop1hc\Github\data\Mic_Array_V00\USB_STREAMING\Mic_Array\Projects\STM32746G\Applications\Audio\Mic_Array\EWARM\STM32F7\Obj
#        --no_unroll --debug --endian=little --cpu=Cortex-M7 -e --fpu=VFPv5_sp
#        --dlib_config "D:\Program Files (x86)\IAR Systems\Embedded Workbench
#        7.3\arm\INC\c\DLib_Config_Full.h" -I
#        D:\sop1hc\Github\data\Mic_Array_V00\USB_STREAMING\Mic_Array\Projects\STM32746G\Applications\Audio\Mic_Array\EWARM\..\Inc\
#        -I
#        D:\sop1hc\Github\data\Mic_Array_V00\USB_STREAMING\Mic_Array\Projects\STM32746G\Applications\Audio\Mic_Array\EWARM\..\..\..\..\..\..\Drivers\CMSIS\Device\ST\STM32F7xx\Include\
#        -I
#        D:\sop1hc\Github\data\Mic_Array_V00\USB_STREAMING\Mic_Array\Projects\STM32746G\Applications\Audio\Mic_Array\EWARM\..\..\..\..\..\..\Drivers\STM32F7xx_HAL_Driver\Inc\
#        -I
#        D:\sop1hc\Github\data\Mic_Array_V00\USB_STREAMING\Mic_Array\Projects\STM32746G\Applications\Audio\Mic_Array\EWARM\..\..\..\..\..\..\Drivers\BSP\STM32746G-Discovery\
#        -I
#        D:\sop1hc\Github\data\Mic_Array_V00\USB_STREAMING\Mic_Array\Projects\STM32746G\Applications\Audio\Mic_Array\EWARM\..\..\..\..\..\..\Drivers\BSP\Components\Common\
#        -I
#        D:\sop1hc\Github\data\Mic_Array_V00\USB_STREAMING\Mic_Array\Projects\STM32746G\Applications\Audio\Mic_Array\EWARM\..\..\..\..\..\..\Utilities\Log\
#        -I
#        D:\sop1hc\Github\data\Mic_Array_V00\USB_STREAMING\Mic_Array\Projects\STM32746G\Applications\Audio\Mic_Array\EWARM\..\..\..\..\..\..\Utilities\Fonts\
#        -I
#        D:\sop1hc\Github\data\Mic_Array_V00\USB_STREAMING\Mic_Array\Projects\STM32746G\Applications\Audio\Mic_Array\EWARM\..\..\..\..\..\..\Utilities\CPU\
#        -I
#        D:\sop1hc\Github\data\Mic_Array_V00\USB_STREAMING\Mic_Array\Projects\STM32746G\Applications\Audio\Mic_Array\EWARM\..\..\..\..\..\..\Middlewares\ST\STM32_USB_Device_Library\Core\Inc\
#        -I
#        D:\sop1hc\Github\data\Mic_Array_V00\USB_STREAMING\Mic_Array\Projects\STM32746G\Applications\Audio\Mic_Array\EWARM\..\..\..\..\..\..\Middlewares\ST\STM32_USB_HOST_Library\Core\Inc\
#        -I
#        D:\sop1hc\Github\data\Mic_Array_V00\USB_STREAMING\Mic_Array\Projects\STM32746G\Applications\Audio\Mic_Array\EWARM\..\..\..\..\..\..\Middlewares\ST\STM32_USB_HOST_Library\Class\MSC\Inc\
#        -I
#        D:\sop1hc\Github\data\Mic_Array_V00\USB_STREAMING\Mic_Array\Projects\STM32746G\Applications\Audio\Mic_Array\EWARM\..\..\..\..\..\..\Middlewares\Third_Party\FatFs\src\
#        -I
#        D:\sop1hc\Github\data\Mic_Array_V00\USB_STREAMING\Mic_Array\Projects\STM32746G\Applications\Audio\Mic_Array\EWARM\..\..\..\..\..\..\Middlewares\Third_Party\FatFs\src\drivers\
#        -I
#        D:\sop1hc\Github\data\Mic_Array_V00\USB_STREAMING\Mic_Array\Projects\STM32746G\Applications\Audio\Mic_Array\EWARM\..\..\..\..\..\..\Middlewares\ST\STM32_Audio\Addons\PDM\
#        -I
#        D:\sop1hc\Github\data\Mic_Array_V00\USB_STREAMING\Mic_Array\Projects\STM32746G\Applications\Audio\Mic_Array\EWARM\..\..\..\..\..\..\Middlewares\ST\STM32_USB_Device_Library\Class\AUDIO\Inc\
#        -Ohs --use_c++_inline --require_prototypes -I "D:\Program Files
#        (x86)\IAR Systems\Embedded Workbench 7.3\arm\CMSIS\Include\" -D
#        ARM_MATH_CM7
#    List file    =  
#        D:\sop1hc\Github\data\Mic_Array_V00\USB_STREAMING\Mic_Array\Projects\STM32746G\Applications\Audio\Mic_Array\EWARM\STM32F7\List\audio_application.lst
#    Object file  =  
#        D:\sop1hc\Github\data\Mic_Array_V00\USB_STREAMING\Mic_Array\Projects\STM32746G\Applications\Audio\Mic_Array\EWARM\STM32F7\Obj\audio_application.o
#
###############################################################################

D:\sop1hc\Github\data\Mic_Array_V00\USB_STREAMING\Mic_Array\Projects\STM32746G\Applications\Audio\Mic_Array\Src\audio_application.c
      1          
      2          
      3          /* Includes ------------------------------------------------------------------*/
      4          #include "audio_application.h"

  /**
    ^
"D:\sop1hc\Github\data\Mic_Array_V00\USB_STREAMING\Mic_Array\Middlewares\ST\STM32_USB_HOST_Library\Core\Inc\usbh_core.h",1  Warning[Pa050]: 
          non-native end of line sequence detected (this diagnostic is only
          issued once)
      5          
      6          
      7          /* Private typedef -----------------------------------------------------------*/
      8          #define AUDIO_SIZE_ELEMENT (2*AUDIO_OUT_BUFFER_SIZE+10)
      9          /* Private define ------------------------------------------------------------*/
     10          /* Private macro -------------------------------------------------------------*/
     11          
     12          /** @defgroup AUDIO_APPLICATION_Exported_Variables 
     13          * @{
     14          */
     15          #pragma location= (SDRAM_BANK_ADDR+ 3*BUFFER_SIZE_BYTE)

   \                                 In section .bss, at 0xc00181e0
     16          int16_t PCM_Buffer1[AUDIO_CHANNELS*AUDIO_OUT_BUFFER_SIZE];
   \                     PCM_Buffer1:
   \   00000000                      DS8 4096
     17          #pragma location= (SDRAM_BANK_ADDR+ 3*BUFFER_SIZE_BYTE+2*AUDIO_CHANNELS*AUDIO_OUT_BUFFER_SIZE)

   \                                 In section .bss, at 0xc00191e0
     18          int16_t PCM_Buffer2[AUDIO_CHANNELS*AUDIO_OUT_BUFFER_SIZE];
   \                     PCM_Buffer2:
   \   00000000                      DS8 4096
     19          #pragma location= (SDRAM_BANK_ADDR+ 3*BUFFER_SIZE_BYTE+4*AUDIO_CHANNELS*AUDIO_OUT_BUFFER_SIZE)

   \                                 In section .bss, at 0xc001a1e0
     20          int16_t PCM_Buffer3[AUDIO_CHANNELS*AUDIO_OUT_BUFFER_SIZE];
   \                     PCM_Buffer3:
   \   00000000                      DS8 4096
     21          

   \                                 In section .bss, align 2
     22          __IO uint16_t cntFrm;
   \                     cntFrm:
   \   00000000                      DS8 2

   \                                 In section .bss, align 1
     23          __IO uint8_t  swtBufUSBOut;
   \                     swtBufUSBOut:
   \   00000000                      DS8 1
     24          
     25          extern uint8_t buffer_switch;
     26          extern Mic_Array_Data Buffer1,Buffer2,Buffer3;
     27          extern __IO uint8_t   cntBtnPress;
     28          
     29          
     30          

   \                                 In section .text, align 2, keep-with-next
     31          void AudioUSBSend(uint16_t idxFrm) /* This function called every ms */
     32          {
     33          #if 0
     34              switch (buffer_switch)
     35              {
     36                case BUF1_PLAY:
     37          		Send_Audio_to_USB((int16_t *)PCM_Buffer3, AUDIO_OUT_BUFFER_SIZE*AUDIO_CHANNELS);
     38                  break;
     39                case BUF2_PLAY:
     40                  Send_Audio_to_USB((int16_t *)PCM_Buffer1, AUDIO_OUT_BUFFER_SIZE*AUDIO_CHANNELS); 
     41                  break;
     42                case BUF3_PLAY:
     43                  Send_Audio_to_USB((int16_t *)PCM_Buffer2, AUDIO_OUT_BUFFER_SIZE*AUDIO_CHANNELS); 
     44                  break;
     45                default:
     46                  break;
     47              }	
     48          #endif
     49              //Send_Audio_to_USB((int16_t *)PCM_Buffer1, AUDIO_OUT_BUFFER_SIZE*AUDIO_CHANNELS);
     50              
     51              (swtBufUSBOut)?Send_Audio_to_USB((int16_t *)&PCM_Buffer2[(AUDIO_SAMPLING_FREQUENCY/1000)*AUDIO_CHANNELS*idxFrm], (AUDIO_SAMPLING_FREQUENCY/1000)*AUDIO_CHANNELS):
     52                             Send_Audio_to_USB((int16_t *)&PCM_Buffer1[(AUDIO_SAMPLING_FREQUENCY/1000)*AUDIO_CHANNELS*idxFrm], (AUDIO_SAMPLING_FREQUENCY/1000)*AUDIO_CHANNELS);
   \                     AudioUSBSend: (+1)
   \   00000000   0x.... 0x....      LDR.W    R1,??DataTable1
   \   00000004   0x7809             LDRB     R1,[R1, #+0]
   \   00000006   0x2900             CMP      R1,#+0
   \   00000008   0xBF19             ITTEE    NE 
   \   0000000A   0x2120             MOVNE    R1,#+32
   \   0000000C   0x.... 0x....      LDRNE.W  R2,??DataTable1_1  ;; 0xc00191e0
   \   00000010   0x2120             MOVEQ    R1,#+32
   \   00000012   0x.... 0x....      LDREQ.W  R2,??DataTable1_2  ;; 0xc00181e0
   \   00000016   0xEB02 0x1080      ADD      R0,R2,R0, LSL #+6
   \   0000001A   0x.... 0x....      B.W      Send_Audio_to_USB
   \   0000001E                      REQUIRE PCM_Buffer2
   \   0000001E                      REQUIRE PCM_Buffer1
     53          			   
     54          }
     55          
     56          /* This function should be called after data processing */

   \                                 In section .text, align 4, keep-with-next
     57          void AudioPlayerUpd(void) /* This function called with period of 64ms */
     58          {
     59          #if 0
     60          	switch (buffer_switch)
     61              {
     62                case BUF1_PLAY:
     63          	  	for (uint16_t i=0;i<2*AUDIO_OUT_BUFFER_SIZE;i++)
     64           	  	{
     65           	  	    if (i%2==0)
     66           	  	    {
     67                                  for(uint8_t j=0;j<AUDIO_CHANNELS;j++)
     68                                  {
     69                                      PCM_Buffer3[8*(i/2)+j] = (int16_t)*(&Buffer3.bufMIC1[0] + AUDIO_SIZE_ELEMENT*j + i);
     70                                  }
     71           	  	    }
     72          		}
     73          		
     74                  break;
     75                case BUF2_PLAY:
     76          	  	for (uint16_t i=0;i<2*AUDIO_OUT_BUFFER_SIZE;i++)
     77           	  	{
     78           	  	    if (i%2==0)
     79           	  	    {
     80          	 	  	    for(uint8_t j=0;j<AUDIO_CHANNELS;j++)
     81          	 	  	    {
     82          	                PCM_Buffer1[8*(i/2)+j] = (int16_t)*(&Buffer1.bufMIC1[0] + AUDIO_SIZE_ELEMENT*j + i);
     83          	 	  	    }
     84           	  	    }
     85          		}	  	
     86                  break;
     87                case BUF3_PLAY:
     88          		for (uint16_t i=0;i<2*AUDIO_OUT_BUFFER_SIZE;i++)
     89          		{
     90          		  if (i%2==0)
     91          		  {
     92          			  for(uint8_t j=0;j<AUDIO_CHANNELS;j++)
     93          			  {
     94          				  PCM_Buffer2[8*(i/2)+j] = (int16_t)*(&Buffer2.bufMIC1[0] + AUDIO_SIZE_ELEMENT*j + i);
     95          			  }
     96          		  }
     97          		}
     98                  break;
     99                default:
    100                  break;
    101              }
    102          #endif
    103          
    104          /* Tongle status to switch the USB audio buffer out */
    105          swtBufUSBOut^=0x01;
   \                     AudioPlayerUpd: (+1)
   \   00000000   0x.... 0x....      LDR.W    R0,??DataTable1
   \   00000004   0xB470             PUSH     {R4-R6}
   \   00000006   0x7801             LDRB     R1,[R0, #+0]
   \   00000008   0xF081 0x0101      EOR      R1,R1,#0x1
   \   0000000C   0x7001             STRB     R1,[R0, #+0]
    106          
    107          /*-------------------------------------------------------------------------------------------------------------
    108          			  
    109          	Sequence  Record Data                     Processing Data                 Player Data
    110          			  
    111          	1-------  Buffer1                         Buffer2                         Buffer3
    112          			  
    113          	2-------  Buffer3                         Buffer1                         Buffer2		  
    114          			  
    115          	3-------  Buffer2                         Buffer3                         Buffer1 
    116           ---------------------------------------------------------------------------------------------------------------*/
    117          
    118          switch (buffer_switch)
   \   0000000E   0x.... 0x....      LDR.W    R1,??DataTable1_3
   \   00000012   0x7809             LDRB     R1,[R1, #+0]
   \   00000014   0xB131             CBZ.N    R1,??AudioPlayerUpd_3
   \   00000016   0x2902             CMP      R1,#+2
   \   00000018   0xF000 0x816E      BEQ.W    ??AudioPlayerUpd_4
   \   0000001C   0xF0C0 0x80BE      BCC.W    ??AudioPlayerUpd_5
    119          {
    120            case BUF1_PLAY:
    121          	  switch (cntBtnPress)
    122          	  {
    123          		case 0:
    124          			  for (uint16_t i=0;i<AUDIO_CHANNELS*AUDIO_OUT_BUFFER_SIZE;i++)
    125          			  { 		   
    126          					   (swtBufUSBOut)?(PCM_Buffer1[i] = Buffer1.bufMIC1[i]):(PCM_Buffer2[i] = Buffer1.bufMIC1[i]);
    127          			  }
    128          			  break;
    129          		case 1:
    130          			  for (uint16_t i=0;i<AUDIO_CHANNELS*AUDIO_OUT_BUFFER_SIZE;i++)
    131          			  { 		   
    132          						(swtBufUSBOut)?(PCM_Buffer1[i] = Buffer1.bufMIC2[i]):(PCM_Buffer2[i] = Buffer1.bufMIC2[i]);
    133          			  }
    134          			  break;
    135          		case 2:
    136          			  for (uint16_t i=0;i<AUDIO_CHANNELS*AUDIO_OUT_BUFFER_SIZE;i++)
    137          			  {
    138          				  (swtBufUSBOut)?(PCM_Buffer1[i] = Buffer1.bufMIC3[i]):(PCM_Buffer2[i] = Buffer1.bufMIC3[i]);
    139          			  }
    140          			  break;
    141          		case 3:
    142          			  for (uint16_t i=0;i<AUDIO_CHANNELS*AUDIO_OUT_BUFFER_SIZE;i++)
    143          			  { 		 
    144          				  (swtBufUSBOut)?(PCM_Buffer1[i] = Buffer1.bufMIC4[i]):(PCM_Buffer2[i] = Buffer1.bufMIC4[i]);
    145          			  }
    146          			  break;
    147          		case 4:
    148          			for (uint16_t i=0;i<AUDIO_CHANNELS*AUDIO_OUT_BUFFER_SIZE;i++)
    149          			{		   
    150          				(swtBufUSBOut)?(PCM_Buffer1[i] = Buffer1.bufMIC5[i]):(PCM_Buffer2[i] = Buffer1.bufMIC5[i]);
    151          			}
    152          			break;
    153          		case 5:
    154          			for (uint16_t i=0;i<AUDIO_CHANNELS*AUDIO_OUT_BUFFER_SIZE;i++)
    155          			{		   
    156          				(swtBufUSBOut)?(PCM_Buffer1[i] = Buffer1.bufMIC6[i]):(PCM_Buffer2[i] = Buffer1.bufMIC6[i]);
    157          			}
    158          			break;
    159          		case 6:
    160          			for (uint16_t i=0;i<AUDIO_CHANNELS*AUDIO_OUT_BUFFER_SIZE;i++)
    161          			{
    162          				(swtBufUSBOut)?(PCM_Buffer1[i] = Buffer1.bufMIC7[i]):(PCM_Buffer2[i] = Buffer1.bufMIC7[i]);
    163          			}
    164          			break;
    165          		case 7:
    166          			for (uint16_t i=0;i<AUDIO_CHANNELS*AUDIO_OUT_BUFFER_SIZE;i++)
    167          			{
    168          				(swtBufUSBOut)?(PCM_Buffer1[i] = Buffer1.bufMIC8[i]):(PCM_Buffer2[i] = Buffer1.bufMIC8[i]);
    169          			}
    170          			break;
    171          		default:
    172          			 break;
    173          	  }
    174          	  
    175           
    176            
    177          	break;
    178            case BUF2_PLAY:
    179          	  switch (cntBtnPress)
    180          	  {
    181          		case 0:
    182          			  for (uint16_t i=0;i<AUDIO_CHANNELS*AUDIO_OUT_BUFFER_SIZE;i++)
    183          			  { 		   
    184          					   (swtBufUSBOut)?(PCM_Buffer1[i] = Buffer2.bufMIC1[i]):(PCM_Buffer2[i] = Buffer2.bufMIC1[i]);
    185          			  }
    186          			  break;
    187          		case 1:
    188          			  for (uint16_t i=0;i<AUDIO_CHANNELS*AUDIO_OUT_BUFFER_SIZE;i++)
    189          			  { 		   
    190          						(swtBufUSBOut)?(PCM_Buffer1[i] = Buffer2.bufMIC2[i]):(PCM_Buffer2[i] = Buffer2.bufMIC2[i]);
    191          			  }
    192          			  break;
    193          		case 2:
    194          			  for (uint16_t i=0;i<AUDIO_CHANNELS*AUDIO_OUT_BUFFER_SIZE;i++)
    195          			  {
    196          				  (swtBufUSBOut)?(PCM_Buffer1[i] = Buffer2.bufMIC3[i]):(PCM_Buffer2[i] = Buffer2.bufMIC3[i]);
    197          			  }
    198          			  break;
    199          		case 3:
    200          			  for (uint16_t i=0;i<AUDIO_CHANNELS*AUDIO_OUT_BUFFER_SIZE;i++)
    201          			  { 		 
    202          				  (swtBufUSBOut)?(PCM_Buffer1[i] = Buffer2.bufMIC4[i]):(PCM_Buffer2[i] = Buffer2.bufMIC4[i]);
    203          			  }
    204          			  break;
    205          		case 4:
    206          			for (uint16_t i=0;i<AUDIO_CHANNELS*AUDIO_OUT_BUFFER_SIZE;i++)
    207          			{		   
    208          				(swtBufUSBOut)?(PCM_Buffer1[i] = Buffer2.bufMIC5[i]):(PCM_Buffer2[i] = Buffer2.bufMIC5[i]);
    209          			}
    210          			break;
    211          		case 5:
    212          			for (uint16_t i=0;i<AUDIO_CHANNELS*AUDIO_OUT_BUFFER_SIZE;i++)
    213          			{		   
    214          				(swtBufUSBOut)?(PCM_Buffer1[i] = Buffer2.bufMIC6[i]):(PCM_Buffer2[i] = Buffer2.bufMIC6[i]);
    215          			}
    216          			break;
    217          		case 6:
    218          			for (uint16_t i=0;i<AUDIO_CHANNELS*AUDIO_OUT_BUFFER_SIZE;i++)
    219          			{
    220          				(swtBufUSBOut)?(PCM_Buffer1[i] = Buffer2.bufMIC7[i]):(PCM_Buffer2[i] = Buffer2.bufMIC7[i]);
    221          			}
    222          			break;
    223          		case 7:
    224          			for (uint16_t i=0;i<AUDIO_CHANNELS*AUDIO_OUT_BUFFER_SIZE;i++)
    225          			{
    226          				(swtBufUSBOut)?(PCM_Buffer1[i] = Buffer2.bufMIC8[i]):(PCM_Buffer2[i] = Buffer2.bufMIC8[i]);
    227          			}
    228          			break;
    229          		default:
    230          			 break;
    231          	  }
    232          		  
    233          
    234          	break;
    235            case BUF3_PLAY:
    236            	    switch (cntBtnPress)
    237                  {
    238                    case 0:
    239                          for (uint16_t i=0;i<AUDIO_CHANNELS*AUDIO_OUT_BUFFER_SIZE;i++)
    240                          {            
    241                                   (swtBufUSBOut)?(PCM_Buffer1[i] = Buffer3.bufMIC1[i]):(PCM_Buffer2[i] = Buffer3.bufMIC1[i]);
    242                          }
    243                          break;
    244                    case 1:
    245                          for (uint16_t i=0;i<AUDIO_CHANNELS*AUDIO_OUT_BUFFER_SIZE;i++)
    246                          {            
    247                                    (swtBufUSBOut)?(PCM_Buffer1[i] = Buffer3.bufMIC2[i]):(PCM_Buffer2[i] = Buffer3.bufMIC2[i]);
    248                          }
    249                          break;
    250                    case 2:
    251                          for (uint16_t i=0;i<AUDIO_CHANNELS*AUDIO_OUT_BUFFER_SIZE;i++)
    252                          {
    253                              (swtBufUSBOut)?(PCM_Buffer1[i] = Buffer3.bufMIC3[i]):(PCM_Buffer2[i] = Buffer3.bufMIC3[i]);
    254                          }
    255                          break;
    256                    case 3:
    257                          for (uint16_t i=0;i<AUDIO_CHANNELS*AUDIO_OUT_BUFFER_SIZE;i++)
    258                          {          
    259                              (swtBufUSBOut)?(PCM_Buffer1[i] = Buffer3.bufMIC4[i]):(PCM_Buffer2[i] = Buffer3.bufMIC4[i]);
    260                          }
    261                          break;
    262                    case 4:
    263                        for (uint16_t i=0;i<AUDIO_CHANNELS*AUDIO_OUT_BUFFER_SIZE;i++)
    264                        {          
    265                            (swtBufUSBOut)?(PCM_Buffer1[i] = Buffer3.bufMIC5[i]):(PCM_Buffer2[i] = Buffer3.bufMIC5[i]);
    266                        }
    267                        break;
    268                    case 5:
    269                        for (uint16_t i=0;i<AUDIO_CHANNELS*AUDIO_OUT_BUFFER_SIZE;i++)
    270                        {          
    271                            (swtBufUSBOut)?(PCM_Buffer1[i] = Buffer3.bufMIC6[i]):(PCM_Buffer2[i] = Buffer3.bufMIC6[i]);
    272                        }
    273                        break;
    274                    case 6:
    275                        for (uint16_t i=0;i<AUDIO_CHANNELS*AUDIO_OUT_BUFFER_SIZE;i++)
    276                        {
    277                            (swtBufUSBOut)?(PCM_Buffer1[i] = Buffer3.bufMIC7[i]):(PCM_Buffer2[i] = Buffer3.bufMIC7[i]);
    278                        }
    279                        break;
    280                    case 7:
    281                        for (uint16_t i=0;i<AUDIO_CHANNELS*AUDIO_OUT_BUFFER_SIZE;i++)
    282                        {
    283                            (swtBufUSBOut)?(PCM_Buffer1[i] = Buffer3.bufMIC8[i]):(PCM_Buffer2[i] = Buffer3.bufMIC8[i]);
    284                        }
    285                        break;
    286                    default:
    287                         break;
    288                  }				        
    289          	break;
    290            default:
    291          	break;
    292          }
    293          
    294          }
   \   00000020   0xBC70             POP      {R4-R6}
   \   00000022   0x4770             BX       LR
   \                     ??AudioPlayerUpd_3: (+1)
   \   00000024   0x.... 0x....      LDR.W    R1,??DataTable1_4
   \   00000028   0x7809             LDRB     R1,[R1, #+0]
   \   0000002A   0x2907             CMP      R1,#+7
   \   0000002C   0xF200 0x820C      BHI.W    ??AudioPlayerUpd_6
   \   00000030   0xE8DF 0xF011      TBH      [PC, R1, LSL #+1]
   \                     ??AudioPlayerUpd_0:
   \   00000034   0x0008 0x001E      DC16     0x8,0x1E,0x34,0x4A
   \              0x0034 0x004A
   \   0000003C   0x0060 0x0076      DC16     0x60,0x76,0x8C,0xA0
   \              0x008C 0x00A0
   \                     ??AudioPlayerUpd_7: (+1)
   \   00000044   0x.... 0x....      LDR.W    R1,??DataTable1_2  ;; 0xc00181e0
   \   00000048   0x.... 0x....      LDR.W    R2,??DataTable1_5
   \   0000004C   0x.... 0x....      LDR.W    R3,??DataTable1_1  ;; 0xc00191e0
   \   00000050   0xF44F 0x6400      MOV      R4,#+2048
   \                     ??AudioPlayerUpd_8: (+1)
   \   00000054   0xF9B2 0x5000      LDRSH    R5,[R2, #+0]
   \   00000058   0x7806             LDRB     R6,[R0, #+0]
   \   0000005A   0x2E00             CMP      R6,#+0
   \   0000005C   0xBF14             ITE      NE 
   \   0000005E   0x800D             STRHNE   R5,[R1, #+0]
   \   00000060   0x801D             STRHEQ   R5,[R3, #+0]
   \   00000062   0x1C9B             ADDS     R3,R3,#+2
   \   00000064   0x1C92             ADDS     R2,R2,#+2
   \   00000066   0x1C89             ADDS     R1,R1,#+2
   \   00000068   0x1E64             SUBS     R4,R4,#+1
   \   0000006A   0xD1F3             BNE.N    ??AudioPlayerUpd_8
   \   0000006C   0xBC70             POP      {R4-R6}
   \   0000006E   0x4770             BX       LR
   \                     ??AudioPlayerUpd_9: (+1)
   \   00000070   0x.... 0x....      LDR.W    R1,??DataTable1_2  ;; 0xc00181e0
   \   00000074   0x.... 0x....      LDR.W    R2,??DataTable1_6
   \   00000078   0x.... 0x....      LDR.W    R3,??DataTable1_1  ;; 0xc00191e0
   \   0000007C   0xF44F 0x6400      MOV      R4,#+2048
   \                     ??AudioPlayerUpd_10: (+1)
   \   00000080   0xF9B2 0x5000      LDRSH    R5,[R2, #+0]
   \   00000084   0x7806             LDRB     R6,[R0, #+0]
   \   00000086   0x2E00             CMP      R6,#+0
   \   00000088   0xBF14             ITE      NE 
   \   0000008A   0x800D             STRHNE   R5,[R1, #+0]
   \   0000008C   0x801D             STRHEQ   R5,[R3, #+0]
   \   0000008E   0x1C9B             ADDS     R3,R3,#+2
   \   00000090   0x1C92             ADDS     R2,R2,#+2
   \   00000092   0x1C89             ADDS     R1,R1,#+2
   \   00000094   0x1E64             SUBS     R4,R4,#+1
   \   00000096   0xD1F3             BNE.N    ??AudioPlayerUpd_10
   \   00000098   0xBC70             POP      {R4-R6}
   \   0000009A   0x4770             BX       LR
   \                     ??AudioPlayerUpd_11: (+1)
   \   0000009C   0x.... 0x....      LDR.W    R1,??DataTable1_2  ;; 0xc00181e0
   \   000000A0   0x.... 0x....      LDR.W    R2,??DataTable1_7
   \   000000A4   0x.... 0x....      LDR.W    R3,??DataTable1_1  ;; 0xc00191e0
   \   000000A8   0xF44F 0x6400      MOV      R4,#+2048
   \                     ??AudioPlayerUpd_12: (+1)
   \   000000AC   0xF9B2 0x5000      LDRSH    R5,[R2, #+0]
   \   000000B0   0x7806             LDRB     R6,[R0, #+0]
   \   000000B2   0x2E00             CMP      R6,#+0
   \   000000B4   0xBF14             ITE      NE 
   \   000000B6   0x800D             STRHNE   R5,[R1, #+0]
   \   000000B8   0x801D             STRHEQ   R5,[R3, #+0]
   \   000000BA   0x1C9B             ADDS     R3,R3,#+2
   \   000000BC   0x1C92             ADDS     R2,R2,#+2
   \   000000BE   0x1C89             ADDS     R1,R1,#+2
   \   000000C0   0x1E64             SUBS     R4,R4,#+1
   \   000000C2   0xD1F3             BNE.N    ??AudioPlayerUpd_12
   \   000000C4   0xBC70             POP      {R4-R6}
   \   000000C6   0x4770             BX       LR
   \                     ??AudioPlayerUpd_13: (+1)
   \   000000C8   0x.... 0x....      LDR.W    R1,??DataTable1_2  ;; 0xc00181e0
   \   000000CC   0x.... 0x....      LDR.W    R2,??DataTable1_8
   \   000000D0   0x.... 0x....      LDR.W    R3,??DataTable1_1  ;; 0xc00191e0
   \   000000D4   0xF44F 0x6400      MOV      R4,#+2048
   \                     ??AudioPlayerUpd_14: (+1)
   \   000000D8   0xF9B2 0x5000      LDRSH    R5,[R2, #+0]
   \   000000DC   0x7806             LDRB     R6,[R0, #+0]
   \   000000DE   0x2E00             CMP      R6,#+0
   \   000000E0   0xBF14             ITE      NE 
   \   000000E2   0x800D             STRHNE   R5,[R1, #+0]
   \   000000E4   0x801D             STRHEQ   R5,[R3, #+0]
   \   000000E6   0x1C9B             ADDS     R3,R3,#+2
   \   000000E8   0x1C92             ADDS     R2,R2,#+2
   \   000000EA   0x1C89             ADDS     R1,R1,#+2
   \   000000EC   0x1E64             SUBS     R4,R4,#+1
   \   000000EE   0xD1F3             BNE.N    ??AudioPlayerUpd_14
   \   000000F0   0xBC70             POP      {R4-R6}
   \   000000F2   0x4770             BX       LR
   \                     ??AudioPlayerUpd_15: (+1)
   \   000000F4   0x.... 0x....      LDR.W    R1,??DataTable1_2  ;; 0xc00181e0
   \   000000F8   0x.... 0x....      LDR.W    R2,??DataTable1_9
   \   000000FC   0x.... 0x....      LDR.W    R3,??DataTable1_1  ;; 0xc00191e0
   \   00000100   0xF44F 0x6400      MOV      R4,#+2048
   \                     ??AudioPlayerUpd_16: (+1)
   \   00000104   0xF9B2 0x5000      LDRSH    R5,[R2, #+0]
   \   00000108   0x7806             LDRB     R6,[R0, #+0]
   \   0000010A   0x2E00             CMP      R6,#+0
   \   0000010C   0xBF14             ITE      NE 
   \   0000010E   0x800D             STRHNE   R5,[R1, #+0]
   \   00000110   0x801D             STRHEQ   R5,[R3, #+0]
   \   00000112   0x1C9B             ADDS     R3,R3,#+2
   \   00000114   0x1C92             ADDS     R2,R2,#+2
   \   00000116   0x1C89             ADDS     R1,R1,#+2
   \   00000118   0x1E64             SUBS     R4,R4,#+1
   \   0000011A   0xD1F3             BNE.N    ??AudioPlayerUpd_16
   \   0000011C   0xBC70             POP      {R4-R6}
   \   0000011E   0x4770             BX       LR
   \                     ??AudioPlayerUpd_17: (+1)
   \   00000120   0x.... 0x....      LDR.W    R1,??DataTable1_2  ;; 0xc00181e0
   \   00000124   0x.... 0x....      LDR.W    R2,??DataTable1_10
   \   00000128   0x.... 0x....      LDR.W    R3,??DataTable1_1  ;; 0xc00191e0
   \   0000012C   0xF44F 0x6400      MOV      R4,#+2048
   \                     ??AudioPlayerUpd_18: (+1)
   \   00000130   0xF9B2 0x5000      LDRSH    R5,[R2, #+0]
   \   00000134   0x7806             LDRB     R6,[R0, #+0]
   \   00000136   0x2E00             CMP      R6,#+0
   \   00000138   0xBF14             ITE      NE 
   \   0000013A   0x800D             STRHNE   R5,[R1, #+0]
   \   0000013C   0x801D             STRHEQ   R5,[R3, #+0]
   \   0000013E   0x1C9B             ADDS     R3,R3,#+2
   \   00000140   0x1C92             ADDS     R2,R2,#+2
   \   00000142   0x1C89             ADDS     R1,R1,#+2
   \   00000144   0x1E64             SUBS     R4,R4,#+1
   \   00000146   0xD1F3             BNE.N    ??AudioPlayerUpd_18
   \   00000148   0xBC70             POP      {R4-R6}
   \   0000014A   0x4770             BX       LR
   \                     ??AudioPlayerUpd_19: (+1)
   \   0000014C   0x....             LDR.N    R1,??DataTable1_2  ;; 0xc00181e0
   \   0000014E   0x.... 0x....      LDR.W    R2,??DataTable1_11
   \   00000152   0x....             LDR.N    R3,??DataTable1_1  ;; 0xc00191e0
   \   00000154   0xF44F 0x6400      MOV      R4,#+2048
   \                     ??AudioPlayerUpd_20: (+1)
   \   00000158   0xF9B2 0x5000      LDRSH    R5,[R2, #+0]
   \   0000015C   0x7806             LDRB     R6,[R0, #+0]
   \   0000015E   0x2E00             CMP      R6,#+0
   \   00000160   0xBF14             ITE      NE 
   \   00000162   0x800D             STRHNE   R5,[R1, #+0]
   \   00000164   0x801D             STRHEQ   R5,[R3, #+0]
   \   00000166   0x1C9B             ADDS     R3,R3,#+2
   \   00000168   0x1C92             ADDS     R2,R2,#+2
   \   0000016A   0x1C89             ADDS     R1,R1,#+2
   \   0000016C   0x1E64             SUBS     R4,R4,#+1
   \   0000016E   0xD1F3             BNE.N    ??AudioPlayerUpd_20
   \   00000170   0xBC70             POP      {R4-R6}
   \   00000172   0x4770             BX       LR
   \                     ??AudioPlayerUpd_21: (+1)
   \   00000174   0x....             LDR.N    R1,??DataTable1_2  ;; 0xc00181e0
   \   00000176   0x....             LDR.N    R2,??DataTable1_12
   \   00000178   0x.... 0x....      LDR.W    R3,??DataTable1_1
   \   0000017C   0xF44F 0x6400      MOV      R4,#+2048
   \                     ??AudioPlayerUpd_22: (+1)
   \   00000180   0xF9B2 0x5000      LDRSH    R5,[R2, #+0]
   \   00000184   0x7806             LDRB     R6,[R0, #+0]
   \   00000186   0x2E00             CMP      R6,#+0
   \   00000188   0xBF14             ITE      NE 
   \   0000018A   0x800D             STRHNE   R5,[R1, #+0]
   \   0000018C   0x801D             STRHEQ   R5,[R3, #+0]
   \   0000018E   0x1C9B             ADDS     R3,R3,#+2
   \   00000190   0x1C92             ADDS     R2,R2,#+2
   \   00000192   0x1C89             ADDS     R1,R1,#+2
   \   00000194   0x1E64             SUBS     R4,R4,#+1
   \   00000196   0xD1F3             BNE.N    ??AudioPlayerUpd_22
   \   00000198   0xBC70             POP      {R4-R6}
   \   0000019A   0x4770             BX       LR
   \                     ??AudioPlayerUpd_5: (+1)
   \   0000019C   0x....             LDR.N    R1,??DataTable1_4
   \   0000019E   0x7809             LDRB     R1,[R1, #+0]
   \   000001A0   0x2907             CMP      R1,#+7
   \   000001A2   0xF200 0x8151      BHI.W    ??AudioPlayerUpd_6
   \   000001A6   0xE8DF 0xF011      TBH      [PC, R1, LSL #+1]
   \                     ??AudioPlayerUpd_1:
   \   000001AA   0x0008 0x001B      DC16     0x8,0x1B,0x2F,0x43
   \              0x002F 0x0043
   \   000001B2   0x0057 0x006B      DC16     0x57,0x6B,0x7F,0x93
   \              0x007F 0x0093
   \                     ??AudioPlayerUpd_23: (+1)
   \   000001BA   0x....             LDR.N    R1,??DataTable1_2  ;; 0xc00181e0
   \   000001BC   0x....             LDR.N    R2,??DataTable1_13
   \   000001BE   0x....             LDR.N    R3,??DataTable1_1  ;; 0xc00191e0
   \   000001C0   0xF44F 0x6400      MOV      R4,#+2048
   \                     ??AudioPlayerUpd_24: (+1)
   \   000001C4   0xF9B2 0x5000      LDRSH    R5,[R2, #+0]
   \   000001C8   0x7806             LDRB     R6,[R0, #+0]
   \   000001CA   0x2E00             CMP      R6,#+0
   \   000001CC   0xBF14             ITE      NE 
   \   000001CE   0x800D             STRHNE   R5,[R1, #+0]
   \   000001D0   0x801D             STRHEQ   R5,[R3, #+0]
   \   000001D2   0x1C9B             ADDS     R3,R3,#+2
   \   000001D4   0x1C92             ADDS     R2,R2,#+2
   \   000001D6   0x1C89             ADDS     R1,R1,#+2
   \   000001D8   0x1E64             SUBS     R4,R4,#+1
   \   000001DA   0xD1F3             BNE.N    ??AudioPlayerUpd_24
   \   000001DC   0xBC70             POP      {R4-R6}
   \   000001DE   0x4770             BX       LR
   \                     ??AudioPlayerUpd_25: (+1)
   \   000001E0   0x....             LDR.N    R1,??DataTable1_2  ;; 0xc00181e0
   \   000001E2   0x....             LDR.N    R2,??DataTable1_14
   \   000001E4   0x.... 0x....      LDR.W    R3,??DataTable1_1
   \   000001E8   0xF44F 0x6400      MOV      R4,#+2048
   \                     ??AudioPlayerUpd_26: (+1)
   \   000001EC   0xF9B2 0x5000      LDRSH    R5,[R2, #+0]
   \   000001F0   0x7806             LDRB     R6,[R0, #+0]
   \   000001F2   0x2E00             CMP      R6,#+0
   \   000001F4   0xBF14             ITE      NE 
   \   000001F6   0x800D             STRHNE   R5,[R1, #+0]
   \   000001F8   0x801D             STRHEQ   R5,[R3, #+0]
   \   000001FA   0x1C9B             ADDS     R3,R3,#+2
   \   000001FC   0x1C92             ADDS     R2,R2,#+2
   \   000001FE   0x1C89             ADDS     R1,R1,#+2
   \   00000200   0x1E64             SUBS     R4,R4,#+1
   \   00000202   0xD1F3             BNE.N    ??AudioPlayerUpd_26
   \   00000204   0xBC70             POP      {R4-R6}
   \   00000206   0x4770             BX       LR
   \                     ??AudioPlayerUpd_27: (+1)
   \   00000208   0x....             LDR.N    R1,??DataTable1_2  ;; 0xc00181e0
   \   0000020A   0x....             LDR.N    R2,??DataTable1_15
   \   0000020C   0x.... 0x....      LDR.W    R3,??DataTable1_1
   \   00000210   0xF44F 0x6400      MOV      R4,#+2048
   \                     ??AudioPlayerUpd_28: (+1)
   \   00000214   0xF9B2 0x5000      LDRSH    R5,[R2, #+0]
   \   00000218   0x7806             LDRB     R6,[R0, #+0]
   \   0000021A   0x2E00             CMP      R6,#+0
   \   0000021C   0xBF14             ITE      NE 
   \   0000021E   0x800D             STRHNE   R5,[R1, #+0]
   \   00000220   0x801D             STRHEQ   R5,[R3, #+0]
   \   00000222   0x1C9B             ADDS     R3,R3,#+2
   \   00000224   0x1C92             ADDS     R2,R2,#+2
   \   00000226   0x1C89             ADDS     R1,R1,#+2
   \   00000228   0x1E64             SUBS     R4,R4,#+1
   \   0000022A   0xD1F3             BNE.N    ??AudioPlayerUpd_28
   \   0000022C   0xBC70             POP      {R4-R6}
   \   0000022E   0x4770             BX       LR
   \                     ??AudioPlayerUpd_29: (+1)
   \   00000230   0x....             LDR.N    R1,??DataTable1_2  ;; 0xc00181e0
   \   00000232   0x....             LDR.N    R2,??DataTable1_16
   \   00000234   0x.... 0x....      LDR.W    R3,??DataTable1_1
   \   00000238   0xF44F 0x6400      MOV      R4,#+2048
   \                     ??AudioPlayerUpd_30: (+1)
   \   0000023C   0xF9B2 0x5000      LDRSH    R5,[R2, #+0]
   \   00000240   0x7806             LDRB     R6,[R0, #+0]
   \   00000242   0x2E00             CMP      R6,#+0
   \   00000244   0xBF14             ITE      NE 
   \   00000246   0x800D             STRHNE   R5,[R1, #+0]
   \   00000248   0x801D             STRHEQ   R5,[R3, #+0]
   \   0000024A   0x1C9B             ADDS     R3,R3,#+2
   \   0000024C   0x1C92             ADDS     R2,R2,#+2
   \   0000024E   0x1C89             ADDS     R1,R1,#+2
   \   00000250   0x1E64             SUBS     R4,R4,#+1
   \   00000252   0xD1F3             BNE.N    ??AudioPlayerUpd_30
   \   00000254   0xBC70             POP      {R4-R6}
   \   00000256   0x4770             BX       LR
   \                     ??AudioPlayerUpd_31: (+1)
   \   00000258   0x....             LDR.N    R1,??DataTable1_2  ;; 0xc00181e0
   \   0000025A   0x....             LDR.N    R2,??DataTable1_17
   \   0000025C   0x.... 0x....      LDR.W    R3,??DataTable1_1
   \   00000260   0xF44F 0x6400      MOV      R4,#+2048
   \                     ??AudioPlayerUpd_32: (+1)
   \   00000264   0xF9B2 0x5000      LDRSH    R5,[R2, #+0]
   \   00000268   0x7806             LDRB     R6,[R0, #+0]
   \   0000026A   0x2E00             CMP      R6,#+0
   \   0000026C   0xBF14             ITE      NE 
   \   0000026E   0x800D             STRHNE   R5,[R1, #+0]
   \   00000270   0x801D             STRHEQ   R5,[R3, #+0]
   \   00000272   0x1C9B             ADDS     R3,R3,#+2
   \   00000274   0x1C92             ADDS     R2,R2,#+2
   \   00000276   0x1C89             ADDS     R1,R1,#+2
   \   00000278   0x1E64             SUBS     R4,R4,#+1
   \   0000027A   0xD1F3             BNE.N    ??AudioPlayerUpd_32
   \   0000027C   0xBC70             POP      {R4-R6}
   \   0000027E   0x4770             BX       LR
   \                     ??AudioPlayerUpd_33: (+1)
   \   00000280   0x....             LDR.N    R1,??DataTable1_2  ;; 0xc00181e0
   \   00000282   0x....             LDR.N    R2,??DataTable1_18
   \   00000284   0x.... 0x....      LDR.W    R3,??DataTable1_1
   \   00000288   0xF44F 0x6400      MOV      R4,#+2048
   \                     ??AudioPlayerUpd_34: (+1)
   \   0000028C   0xF9B2 0x5000      LDRSH    R5,[R2, #+0]
   \   00000290   0x7806             LDRB     R6,[R0, #+0]
   \   00000292   0x2E00             CMP      R6,#+0
   \   00000294   0xBF14             ITE      NE 
   \   00000296   0x800D             STRHNE   R5,[R1, #+0]
   \   00000298   0x801D             STRHEQ   R5,[R3, #+0]
   \   0000029A   0x1C9B             ADDS     R3,R3,#+2
   \   0000029C   0x1C92             ADDS     R2,R2,#+2
   \   0000029E   0x1C89             ADDS     R1,R1,#+2
   \   000002A0   0x1E64             SUBS     R4,R4,#+1
   \   000002A2   0xD1F3             BNE.N    ??AudioPlayerUpd_34
   \   000002A4   0xBC70             POP      {R4-R6}
   \   000002A6   0x4770             BX       LR
   \                     ??AudioPlayerUpd_35: (+1)
   \   000002A8   0x....             LDR.N    R1,??DataTable1_2  ;; 0xc00181e0
   \   000002AA   0x....             LDR.N    R2,??DataTable1_19
   \   000002AC   0x.... 0x....      LDR.W    R3,??DataTable1_1
   \   000002B0   0xF44F 0x6400      MOV      R4,#+2048
   \                     ??AudioPlayerUpd_36: (+1)
   \   000002B4   0xF9B2 0x5000      LDRSH    R5,[R2, #+0]
   \   000002B8   0x7806             LDRB     R6,[R0, #+0]
   \   000002BA   0x2E00             CMP      R6,#+0
   \   000002BC   0xBF14             ITE      NE 
   \   000002BE   0x800D             STRHNE   R5,[R1, #+0]
   \   000002C0   0x801D             STRHEQ   R5,[R3, #+0]
   \   000002C2   0x1C9B             ADDS     R3,R3,#+2
   \   000002C4   0x1C92             ADDS     R2,R2,#+2
   \   000002C6   0x1C89             ADDS     R1,R1,#+2
   \   000002C8   0x1E64             SUBS     R4,R4,#+1
   \   000002CA   0xD1F3             BNE.N    ??AudioPlayerUpd_36
   \   000002CC   0xBC70             POP      {R4-R6}
   \   000002CE   0x4770             BX       LR
   \                     ??AudioPlayerUpd_37: (+1)
   \   000002D0   0x....             LDR.N    R1,??DataTable1_2  ;; 0xc00181e0
   \   000002D2   0x....             LDR.N    R2,??DataTable1_20
   \   000002D4   0x.... 0x....      LDR.W    R3,??DataTable1_1
   \   000002D8   0xF44F 0x6400      MOV      R4,#+2048
   \                     ??AudioPlayerUpd_38: (+1)
   \   000002DC   0xF9B2 0x5000      LDRSH    R5,[R2, #+0]
   \   000002E0   0x7806             LDRB     R6,[R0, #+0]
   \   000002E2   0x2E00             CMP      R6,#+0
   \   000002E4   0xBF14             ITE      NE 
   \   000002E6   0x800D             STRHNE   R5,[R1, #+0]
   \   000002E8   0x801D             STRHEQ   R5,[R3, #+0]
   \   000002EA   0x1C9B             ADDS     R3,R3,#+2
   \   000002EC   0x1C92             ADDS     R2,R2,#+2
   \   000002EE   0x1C89             ADDS     R1,R1,#+2
   \   000002F0   0x1E64             SUBS     R4,R4,#+1
   \   000002F2   0xD1F3             BNE.N    ??AudioPlayerUpd_38
   \   000002F4   0xBC70             POP      {R4-R6}
   \   000002F6   0x4770             BX       LR
   \                     ??AudioPlayerUpd_4: (+1)
   \   000002F8   0x....             LDR.N    R1,??DataTable1_4
   \   000002FA   0x7809             LDRB     R1,[R1, #+0]
   \   000002FC   0x2907             CMP      R1,#+7
   \   000002FE   0xF200 0x80A3      BHI.W    ??AudioPlayerUpd_6
   \   00000302   0xE8DF 0xF001      TBB      [PC, R1]
   \                     ??AudioPlayerUpd_2:
   \   00000306   0x04 0x17          DC8      0x4,0x17,0x2B,0x3F
   \              0x2B 0x3F    
   \   0000030A   0x53 0x67          DC8      0x53,0x67,0x7B,0x8F
   \              0x7B 0x8F    
   \                     ??AudioPlayerUpd_39: (+1)
   \   0000030E   0x....             LDR.N    R1,??DataTable1_2  ;; 0xc00181e0
   \   00000310   0x....             LDR.N    R2,??DataTable1_21
   \   00000312   0x....             LDR.N    R3,??DataTable1_1  ;; 0xc00191e0
   \   00000314   0xF44F 0x6400      MOV      R4,#+2048
   \                     ??AudioPlayerUpd_40: (+1)
   \   00000318   0xF9B2 0x5000      LDRSH    R5,[R2, #+0]
   \   0000031C   0x7806             LDRB     R6,[R0, #+0]
   \   0000031E   0x2E00             CMP      R6,#+0
   \   00000320   0xBF14             ITE      NE 
   \   00000322   0x800D             STRHNE   R5,[R1, #+0]
   \   00000324   0x801D             STRHEQ   R5,[R3, #+0]
   \   00000326   0x1C9B             ADDS     R3,R3,#+2
   \   00000328   0x1C92             ADDS     R2,R2,#+2
   \   0000032A   0x1C89             ADDS     R1,R1,#+2
   \   0000032C   0x1E64             SUBS     R4,R4,#+1
   \   0000032E   0xD1F3             BNE.N    ??AudioPlayerUpd_40
   \   00000330   0xBC70             POP      {R4-R6}
   \   00000332   0x4770             BX       LR
   \                     ??AudioPlayerUpd_41: (+1)
   \   00000334   0x....             LDR.N    R1,??DataTable1_2  ;; 0xc00181e0
   \   00000336   0x....             LDR.N    R2,??DataTable1_22
   \   00000338   0x.... 0x....      LDR.W    R3,??DataTable1_1
   \   0000033C   0xF44F 0x6400      MOV      R4,#+2048
   \                     ??AudioPlayerUpd_42: (+1)
   \   00000340   0xF9B2 0x5000      LDRSH    R5,[R2, #+0]
   \   00000344   0x7806             LDRB     R6,[R0, #+0]
   \   00000346   0x2E00             CMP      R6,#+0
   \   00000348   0xBF14             ITE      NE 
   \   0000034A   0x800D             STRHNE   R5,[R1, #+0]
   \   0000034C   0x801D             STRHEQ   R5,[R3, #+0]
   \   0000034E   0x1C9B             ADDS     R3,R3,#+2
   \   00000350   0x1C92             ADDS     R2,R2,#+2
   \   00000352   0x1C89             ADDS     R1,R1,#+2
   \   00000354   0x1E64             SUBS     R4,R4,#+1
   \   00000356   0xD1F3             BNE.N    ??AudioPlayerUpd_42
   \   00000358   0xBC70             POP      {R4-R6}
   \   0000035A   0x4770             BX       LR
   \                     ??AudioPlayerUpd_43: (+1)
   \   0000035C   0x....             LDR.N    R1,??DataTable1_2  ;; 0xc00181e0
   \   0000035E   0x....             LDR.N    R2,??DataTable1_23
   \   00000360   0x.... 0x....      LDR.W    R3,??DataTable1_1
   \   00000364   0xF44F 0x6400      MOV      R4,#+2048
   \                     ??AudioPlayerUpd_44: (+1)
   \   00000368   0xF9B2 0x5000      LDRSH    R5,[R2, #+0]
   \   0000036C   0x7806             LDRB     R6,[R0, #+0]
   \   0000036E   0x2E00             CMP      R6,#+0
   \   00000370   0xBF14             ITE      NE 
   \   00000372   0x800D             STRHNE   R5,[R1, #+0]
   \   00000374   0x801D             STRHEQ   R5,[R3, #+0]
   \   00000376   0x1C9B             ADDS     R3,R3,#+2
   \   00000378   0x1C92             ADDS     R2,R2,#+2
   \   0000037A   0x1C89             ADDS     R1,R1,#+2
   \   0000037C   0x1E64             SUBS     R4,R4,#+1
   \   0000037E   0xD1F3             BNE.N    ??AudioPlayerUpd_44
   \   00000380   0xBC70             POP      {R4-R6}
   \   00000382   0x4770             BX       LR
   \                     ??AudioPlayerUpd_45: (+1)
   \   00000384   0x....             LDR.N    R1,??DataTable1_2  ;; 0xc00181e0
   \   00000386   0x....             LDR.N    R2,??DataTable1_24
   \   00000388   0x.... 0x....      LDR.W    R3,??DataTable1_1
   \   0000038C   0xF44F 0x6400      MOV      R4,#+2048
   \                     ??AudioPlayerUpd_46: (+1)
   \   00000390   0xF9B2 0x5000      LDRSH    R5,[R2, #+0]
   \   00000394   0x7806             LDRB     R6,[R0, #+0]
   \   00000396   0x2E00             CMP      R6,#+0
   \   00000398   0xBF14             ITE      NE 
   \   0000039A   0x800D             STRHNE   R5,[R1, #+0]
   \   0000039C   0x801D             STRHEQ   R5,[R3, #+0]
   \   0000039E   0x1C9B             ADDS     R3,R3,#+2
   \   000003A0   0x1C92             ADDS     R2,R2,#+2
   \   000003A2   0x1C89             ADDS     R1,R1,#+2
   \   000003A4   0x1E64             SUBS     R4,R4,#+1
   \   000003A6   0xD1F3             BNE.N    ??AudioPlayerUpd_46
   \   000003A8   0xBC70             POP      {R4-R6}
   \   000003AA   0x4770             BX       LR
   \                     ??AudioPlayerUpd_47: (+1)
   \   000003AC   0x....             LDR.N    R1,??DataTable1_2  ;; 0xc00181e0
   \   000003AE   0x....             LDR.N    R2,??DataTable1_25
   \   000003B0   0x.... 0x....      LDR.W    R3,??DataTable1_1
   \   000003B4   0xF44F 0x6400      MOV      R4,#+2048
   \                     ??AudioPlayerUpd_48: (+1)
   \   000003B8   0xF9B2 0x5000      LDRSH    R5,[R2, #+0]
   \   000003BC   0x7806             LDRB     R6,[R0, #+0]
   \   000003BE   0x2E00             CMP      R6,#+0
   \   000003C0   0xBF14             ITE      NE 
   \   000003C2   0x800D             STRHNE   R5,[R1, #+0]
   \   000003C4   0x801D             STRHEQ   R5,[R3, #+0]
   \   000003C6   0x1C9B             ADDS     R3,R3,#+2
   \   000003C8   0x1C92             ADDS     R2,R2,#+2
   \   000003CA   0x1C89             ADDS     R1,R1,#+2
   \   000003CC   0x1E64             SUBS     R4,R4,#+1
   \   000003CE   0xD1F3             BNE.N    ??AudioPlayerUpd_48
   \   000003D0   0xBC70             POP      {R4-R6}
   \   000003D2   0x4770             BX       LR
   \                     ??AudioPlayerUpd_49: (+1)
   \   000003D4   0x....             LDR.N    R1,??DataTable1_2  ;; 0xc00181e0
   \   000003D6   0x....             LDR.N    R2,??DataTable1_26
   \   000003D8   0x.... 0x....      LDR.W    R3,??DataTable1_1
   \   000003DC   0xF44F 0x6400      MOV      R4,#+2048
   \                     ??AudioPlayerUpd_50: (+1)
   \   000003E0   0xF9B2 0x5000      LDRSH    R5,[R2, #+0]
   \   000003E4   0x7806             LDRB     R6,[R0, #+0]
   \   000003E6   0x2E00             CMP      R6,#+0
   \   000003E8   0xBF14             ITE      NE 
   \   000003EA   0x800D             STRHNE   R5,[R1, #+0]
   \   000003EC   0x801D             STRHEQ   R5,[R3, #+0]
   \   000003EE   0x1C9B             ADDS     R3,R3,#+2
   \   000003F0   0x1C92             ADDS     R2,R2,#+2
   \   000003F2   0x1C89             ADDS     R1,R1,#+2
   \   000003F4   0x1E64             SUBS     R4,R4,#+1
   \   000003F6   0xD1F3             BNE.N    ??AudioPlayerUpd_50
   \   000003F8   0xBC70             POP      {R4-R6}
   \   000003FA   0x4770             BX       LR
   \                     ??AudioPlayerUpd_51: (+1)
   \   000003FC   0x....             LDR.N    R1,??DataTable1_2  ;; 0xc00181e0
   \   000003FE   0x....             LDR.N    R2,??DataTable1_27
   \   00000400   0x.... 0x....      LDR.W    R3,??DataTable1_1
   \   00000404   0xF44F 0x6400      MOV      R4,#+2048
   \                     ??AudioPlayerUpd_52: (+1)
   \   00000408   0xF9B2 0x5000      LDRSH    R5,[R2, #+0]
   \   0000040C   0x7806             LDRB     R6,[R0, #+0]
   \   0000040E   0x2E00             CMP      R6,#+0
   \   00000410   0xBF14             ITE      NE 
   \   00000412   0x800D             STRHNE   R5,[R1, #+0]
   \   00000414   0x801D             STRHEQ   R5,[R3, #+0]
   \   00000416   0x1C9B             ADDS     R3,R3,#+2
   \   00000418   0x1C92             ADDS     R2,R2,#+2
   \   0000041A   0x1C89             ADDS     R1,R1,#+2
   \   0000041C   0x1E64             SUBS     R4,R4,#+1
   \   0000041E   0xD1F3             BNE.N    ??AudioPlayerUpd_52
   \   00000420   0xBC70             POP      {R4-R6}
   \   00000422   0x4770             BX       LR
   \                     ??AudioPlayerUpd_53: (+1)
   \   00000424   0x....             LDR.N    R1,??DataTable1_2  ;; 0xc00181e0
   \   00000426   0x....             LDR.N    R2,??DataTable1_28
   \   00000428   0x.... 0x....      LDR.W    R3,??DataTable1_1
   \   0000042C   0xF44F 0x6400      MOV      R4,#+2048
   \                     ??AudioPlayerUpd_54: (+1)
   \   00000430   0xF9B2 0x5000      LDRSH    R5,[R2, #+0]
   \   00000434   0x7806             LDRB     R6,[R0, #+0]
   \   00000436   0x2E00             CMP      R6,#+0
   \   00000438   0xBF14             ITE      NE 
   \   0000043A   0x800D             STRHNE   R5,[R1, #+0]
   \   0000043C   0x801D             STRHEQ   R5,[R3, #+0]
   \   0000043E   0x1C9B             ADDS     R3,R3,#+2
   \   00000440   0x1C92             ADDS     R2,R2,#+2
   \   00000442   0x1C89             ADDS     R1,R1,#+2
   \   00000444   0x1E64             SUBS     R4,R4,#+1
   \   00000446   0xD1F3             BNE.N    ??AudioPlayerUpd_54
   \                     ??AudioPlayerUpd_6: (+1)
   \   00000448   0xBC70             POP      {R4-R6}
   \   0000044A   0x4770             BX       LR               ;; return
   \   0000044C                      REQUIRE PCM_Buffer1
   \   0000044C                      REQUIRE PCM_Buffer2

   \                                 In section .text, align 4, keep-with-next
   \                     ??DataTable1:
   \   00000000   0x........         DC32     swtBufUSBOut

   \                                 In section .text, align 4, keep-with-next
   \                     ??DataTable1_1:
   \   00000000   0xC00191E0         DC32     0xc00191e0

   \                                 In section .text, align 4, keep-with-next
   \                     ??DataTable1_2:
   \   00000000   0xC00181E0         DC32     0xc00181e0

   \                                 In section .text, align 4, keep-with-next
   \                     ??DataTable1_3:
   \   00000000   0x........         DC32     buffer_switch

   \                                 In section .text, align 4, keep-with-next
   \                     ??DataTable1_4:
   \   00000000   0x........         DC32     cntBtnPress

   \                                 In section .text, align 4, keep-with-next
   \                     ??DataTable1_5:
   \   00000000   0x........         DC32     Buffer1

   \                                 In section .text, align 4, keep-with-next
   \                     ??DataTable1_6:
   \   00000000   0x........         DC32     Buffer1+0x1014

   \                                 In section .text, align 4, keep-with-next
   \                     ??DataTable1_7:
   \   00000000   0x........         DC32     Buffer1+0x2028

   \                                 In section .text, align 4, keep-with-next
   \                     ??DataTable1_8:
   \   00000000   0x........         DC32     Buffer1+0x303C

   \                                 In section .text, align 4, keep-with-next
   \                     ??DataTable1_9:
   \   00000000   0x........         DC32     Buffer1+0x4050

   \                                 In section .text, align 4, keep-with-next
   \                     ??DataTable1_10:
   \   00000000   0x........         DC32     Buffer1+0x5064

   \                                 In section .text, align 4, keep-with-next
   \                     ??DataTable1_11:
   \   00000000   0x........         DC32     Buffer1+0x6078

   \                                 In section .text, align 4, keep-with-next
   \                     ??DataTable1_12:
   \   00000000   0x........         DC32     Buffer1+0x708C

   \                                 In section .text, align 4, keep-with-next
   \                     ??DataTable1_13:
   \   00000000   0x........         DC32     Buffer2

   \                                 In section .text, align 4, keep-with-next
   \                     ??DataTable1_14:
   \   00000000   0x........         DC32     Buffer2+0x1014

   \                                 In section .text, align 4, keep-with-next
   \                     ??DataTable1_15:
   \   00000000   0x........         DC32     Buffer2+0x2028

   \                                 In section .text, align 4, keep-with-next
   \                     ??DataTable1_16:
   \   00000000   0x........         DC32     Buffer2+0x303C

   \                                 In section .text, align 4, keep-with-next
   \                     ??DataTable1_17:
   \   00000000   0x........         DC32     Buffer2+0x4050

   \                                 In section .text, align 4, keep-with-next
   \                     ??DataTable1_18:
   \   00000000   0x........         DC32     Buffer2+0x5064

   \                                 In section .text, align 4, keep-with-next
   \                     ??DataTable1_19:
   \   00000000   0x........         DC32     Buffer2+0x6078

   \                                 In section .text, align 4, keep-with-next
   \                     ??DataTable1_20:
   \   00000000   0x........         DC32     Buffer2+0x708C

   \                                 In section .text, align 4, keep-with-next
   \                     ??DataTable1_21:
   \   00000000   0x........         DC32     Buffer3

   \                                 In section .text, align 4, keep-with-next
   \                     ??DataTable1_22:
   \   00000000   0x........         DC32     Buffer3+0x1014

   \                                 In section .text, align 4, keep-with-next
   \                     ??DataTable1_23:
   \   00000000   0x........         DC32     Buffer3+0x2028

   \                                 In section .text, align 4, keep-with-next
   \                     ??DataTable1_24:
   \   00000000   0x........         DC32     Buffer3+0x303C

   \                                 In section .text, align 4, keep-with-next
   \                     ??DataTable1_25:
   \   00000000   0x........         DC32     Buffer3+0x4050

   \                                 In section .text, align 4, keep-with-next
   \                     ??DataTable1_26:
   \   00000000   0x........         DC32     Buffer3+0x5064

   \                                 In section .text, align 4, keep-with-next
   \                     ??DataTable1_27:
   \   00000000   0x........         DC32     Buffer3+0x6078

   \                                 In section .text, align 4, keep-with-next
   \                     ??DataTable1_28:
   \   00000000   0x........         DC32     Buffer3+0x708C
    295          
    296          
    297          

   Maximum stack usage in bytes:

   .cstack Function
   ------- --------
      12   AudioPlayerUpd
       0   AudioUSBSend
         0   -> Send_Audio_to_USB


   Section sizes:

   Bytes  Function/Label
   -----  --------------
       4  ??DataTable1
       4  ??DataTable1_1
       4  ??DataTable1_10
       4  ??DataTable1_11
       4  ??DataTable1_12
       4  ??DataTable1_13
       4  ??DataTable1_14
       4  ??DataTable1_15
       4  ??DataTable1_16
       4  ??DataTable1_17
       4  ??DataTable1_18
       4  ??DataTable1_19
       4  ??DataTable1_2
       4  ??DataTable1_20
       4  ??DataTable1_21
       4  ??DataTable1_22
       4  ??DataTable1_23
       4  ??DataTable1_24
       4  ??DataTable1_25
       4  ??DataTable1_26
       4  ??DataTable1_27
       4  ??DataTable1_28
       4  ??DataTable1_3
       4  ??DataTable1_4
       4  ??DataTable1_5
       4  ??DataTable1_6
       4  ??DataTable1_7
       4  ??DataTable1_8
       4  ??DataTable1_9
    1100  AudioPlayerUpd
      30  AudioUSBSend
    4096  PCM_Buffer1
    4096  PCM_Buffer2
    4096  PCM_Buffer3
       2  cntFrm
       1  swtBufUSBOut

 
      3 bytes in section .bss
 12 288 bytes in section .bss  (abs)
  1 246 bytes in section .text
 
  1 246 bytes of CODE memory
 12 291 bytes of DATA memory

Errors: none
Warnings: 1
