###############################################################################
#
# IAR ANSI C/C++ Compiler V7.50.2.10312/W32 for ARM       27/Feb/2016  00:32:28
# Copyright 1999-2015 IAR Systems AB.
#
#    Cpu mode     =  thumb
#    Endian       =  little
#    Source file  =  
#        H:\PhanLeSon\ActivNoise\Microphone\F7\Mic_Array_Project\Mic_Array\Projects\STM32746G\Applications\Audio\Mic_Array\Src\sta321mp.c
#    Command line =  
#        H:\PhanLeSon\ActivNoise\Microphone\F7\Mic_Array_Project\Mic_Array\Projects\STM32746G\Applications\Audio\Mic_Array\Src\sta321mp.c
#        -D USE_HAL_DRIVER -D STM32F746xx -D USE_STM32746G_DISCO -D
#        USE_IOEXPANDER -D USE_USB_FS -lC
#        H:\PhanLeSon\ActivNoise\Microphone\F7\Mic_Array_Project\Mic_Array\Projects\STM32746G\Applications\Audio\Mic_Array\EWARM\STM32F7\List
#        -lA
#        H:\PhanLeSon\ActivNoise\Microphone\F7\Mic_Array_Project\Mic_Array\Projects\STM32746G\Applications\Audio\Mic_Array\EWARM\STM32F7\List
#        -o
#        H:\PhanLeSon\ActivNoise\Microphone\F7\Mic_Array_Project\Mic_Array\Projects\STM32746G\Applications\Audio\Mic_Array\EWARM\STM32F7\Obj
#        --no_unroll --no_inline --no_tbaa --no_scheduling --debug
#        --endian=little --cpu=Cortex-M7 -e --fpu=VFPv5_sp --dlib_config
#        "D:\Program Files (x86)\IAR Systems\Embedded Workbench
#        7.3\arm\INC\c\DLib_Config_Full.h" -I
#        H:\PhanLeSon\ActivNoise\Microphone\F7\Mic_Array_Project\Mic_Array\Projects\STM32746G\Applications\Audio\Mic_Array\EWARM\..\Inc\
#        -I
#        H:\PhanLeSon\ActivNoise\Microphone\F7\Mic_Array_Project\Mic_Array\Projects\STM32746G\Applications\Audio\Mic_Array\EWARM\..\..\..\..\..\..\Drivers\CMSIS\Device\ST\STM32F7xx\Include\
#        -I
#        H:\PhanLeSon\ActivNoise\Microphone\F7\Mic_Array_Project\Mic_Array\Projects\STM32746G\Applications\Audio\Mic_Array\EWARM\..\..\..\..\..\..\Drivers\STM32F7xx_HAL_Driver\Inc\
#        -I
#        H:\PhanLeSon\ActivNoise\Microphone\F7\Mic_Array_Project\Mic_Array\Projects\STM32746G\Applications\Audio\Mic_Array\EWARM\..\..\..\..\..\..\Drivers\BSP\STM32746G-Discovery\
#        -I
#        H:\PhanLeSon\ActivNoise\Microphone\F7\Mic_Array_Project\Mic_Array\Projects\STM32746G\Applications\Audio\Mic_Array\EWARM\..\..\..\..\..\..\Drivers\BSP\Components\Common\
#        -I
#        H:\PhanLeSon\ActivNoise\Microphone\F7\Mic_Array_Project\Mic_Array\Projects\STM32746G\Applications\Audio\Mic_Array\EWARM\..\..\..\..\..\..\Utilities\Log\
#        -I
#        H:\PhanLeSon\ActivNoise\Microphone\F7\Mic_Array_Project\Mic_Array\Projects\STM32746G\Applications\Audio\Mic_Array\EWARM\..\..\..\..\..\..\Utilities\Fonts\
#        -I
#        H:\PhanLeSon\ActivNoise\Microphone\F7\Mic_Array_Project\Mic_Array\Projects\STM32746G\Applications\Audio\Mic_Array\EWARM\..\..\..\..\..\..\Utilities\CPU\
#        -I
#        H:\PhanLeSon\ActivNoise\Microphone\F7\Mic_Array_Project\Mic_Array\Projects\STM32746G\Applications\Audio\Mic_Array\EWARM\..\..\..\..\..\..\Middlewares\ST\STM32_USB_Device_Library\Core\Inc\
#        -I
#        H:\PhanLeSon\ActivNoise\Microphone\F7\Mic_Array_Project\Mic_Array\Projects\STM32746G\Applications\Audio\Mic_Array\EWARM\..\..\..\..\..\..\Middlewares\ST\STM32_USB_HOST_Library\Core\Inc\
#        -I
#        H:\PhanLeSon\ActivNoise\Microphone\F7\Mic_Array_Project\Mic_Array\Projects\STM32746G\Applications\Audio\Mic_Array\EWARM\..\..\..\..\..\..\Middlewares\ST\STM32_USB_HOST_Library\Class\MSC\Inc\
#        -I
#        H:\PhanLeSon\ActivNoise\Microphone\F7\Mic_Array_Project\Mic_Array\Projects\STM32746G\Applications\Audio\Mic_Array\EWARM\..\..\..\..\..\..\Middlewares\Third_Party\FatFs\src\
#        -I
#        H:\PhanLeSon\ActivNoise\Microphone\F7\Mic_Array_Project\Mic_Array\Projects\STM32746G\Applications\Audio\Mic_Array\EWARM\..\..\..\..\..\..\Middlewares\Third_Party\FatFs\src\drivers\
#        -I
#        H:\PhanLeSon\ActivNoise\Microphone\F7\Mic_Array_Project\Mic_Array\Projects\STM32746G\Applications\Audio\Mic_Array\EWARM\..\..\..\..\..\..\Middlewares\ST\STM32_Audio\Addons\PDM\
#        -I
#        H:\PhanLeSon\ActivNoise\Microphone\F7\Mic_Array_Project\Mic_Array\Projects\STM32746G\Applications\Audio\Mic_Array\EWARM\..\..\..\..\..\..\Middlewares\ST\STM32_USB_Device_Library\Class\AUDIO\Inc\
#        -Om --use_c++_inline --require_prototypes -I "D:\Program Files
#        (x86)\IAR Systems\Embedded Workbench 7.3\arm\CMSIS\Include\" -D
#        ARM_MATH_CM7
#    List file    =  
#        H:\PhanLeSon\ActivNoise\Microphone\F7\Mic_Array_Project\Mic_Array\Projects\STM32746G\Applications\Audio\Mic_Array\EWARM\STM32F7\List\sta321mp.lst
#    Object file  =  
#        H:\PhanLeSon\ActivNoise\Microphone\F7\Mic_Array_Project\Mic_Array\Projects\STM32746G\Applications\Audio\Mic_Array\EWARM\STM32F7\Obj\sta321mp.o
#
###############################################################################

H:\PhanLeSon\ActivNoise\Microphone\F7\Mic_Array_Project\Mic_Array\Projects\STM32746G\Applications\Audio\Mic_Array\Src\sta321mp.c
      1          /* Author: Phan Le Son                   */
      2          /* Description: Driver for STA321MP */
      3          
      4          #include "sta321mp.h"
      5          #include "main.h"
      6          #include <stdio.h>
      7          #include <stdlib.h>
      8          
      9          static void sta321mp_mixer( int16_t mix, int16_t ch_out, int16_t ch_in, uint32_t value);
     10          static void sta321mp_prescale(int16_t ch, uint32_t val);
     11          static void sta321mp_postscale(int16_t ch, uint32_t val);
     12          static void sta321mp_LP_48kHz(void);
     13          static void sta321mp_LP_192kHz(void);
     14          static void STA321MP_DefautLoad(void);
     15          static void sta321mp_biquad(int16_t channel, int16_t biquad, 
     16                                      uint32_t b1_2, uint32_t b2, uint32_t a1_2, uint32_t a2, uint32_t b0_2);
     17          
     18          
     19          extern I2C_HandleTypeDef hi2c2;

   \                                 In section .data, align 4
     20          uint8_t  pcSTAComnd[77]={/* Pre-setting */
   \                     pcSTAComnd:
   \   00000000   0x9B 0x00          DC8 155, 0, 37, 254, 24, 0, 0, 126, 128, 0, 0, 84, 84, 96, 72, 72, 96
   \              0x25 0xFE    
   \              0x18 0x00    
   \              0x00 0x7E    
   \              0x80 0x00    
   \              0x00 0x54    
   \              0x54 0x60    
   \              0x48 0x48    
   \              0x60         
   \   00000011   0x60 0x60          DC8 96, 96, 16, 16, 16, 16, 16, 16, 16, 16, 16, 50, 84, 118, 0, 128, 1
   \              0x10 0x10    
   \              0x10 0x10    
   \              0x10 0x10    
   \              0x10 0x10    
   \              0x10 0x32    
   \              0x54 0x76    
   \              0x00 0x80    
   \              0x01         
   \   00000022   0xA0 0x0F          DC8 160, 15, 15, 15, 15, 15, 0, 0, 0, 0, 119, 0, 0, 106, 105, 106, 105
   \              0x0F 0x0F    
   \              0x0F 0x0F    
   \              0x00 0x00    
   \              0x00 0x00    
   \              0x77 0x00    
   \              0x00 0x6A    
   \              0x69 0x6A    
   \              0x69         
   \   00000033   0x40 0x62          DC8 64, 98, 81, 115, 16, 50, 84, 118, 0, 0, 0, 0, 0, 0, 0, 0, 0, 0, 0
   \              0x51 0x73    
   \              0x10 0x32    
   \              0x54 0x76    
   \              0x00 0x00    
   \              0x00 0x00    
   \              0x00 0x00    
   \              0x00 0x00    
   \              0x00 0x00    
   \              0x00         
   \   00000046   0x00 0x00          DC8 0, 0, 0, 64, 0, 0, 0, 0, 0, 0
   \              0x00 0x40    
   \              0x00 0x00    
   \              0x00 0x00    
   \              0x00 0x00    
     21          0x9B,//	Reg[00h]<=83h (10000011b)	Configuration Register A
     22          0x00,//	Reg[01h]<=00h (00000000b)	Configuration Register B
     23          0x25,//	Reg[02h]<=00h (00000000b)	Configuration Register C
     24          0xFE,//	Reg[03h]<=FEh (11111110b)	Configuration Register D
     25          0x18,//	Reg[04h]<=00h (00000000b)	Configuration Register E
     26          0x00,//	Reg[05h]<=00h (00000000b)	Configuration Register F
     27          0x00,//	Reg[06h]<=00h (00000000b)	Configuration Register G
     28          0x7E,//	Reg[07h]<=7Eh (01111110b)	Configuration Register H
     29          0x80,//	Reg[08h]<=00h (00000000b)	Configuration Register I
     30          0x00,//	Reg[09h]<=00h (00000000b)	Master Mute
     31          0x00,//	Reg[0Ah]<=FFh (11111111b)	Master Volume
     32          0x54,//	Reg[0Bh]<=60h (01100000b)	Channel 1 Volume
     33          0x54,//	Reg[0Ch]<=60h (01100000b)	Channel 2 Volume
     34          0x60,//	Reg[0Dh]<=60h (01100000b)	Channel 3 Volume
     35          0x48,//	Reg[0Eh]<=60h (01100000b)	Channel 4 Volume
     36          0x48,//	Reg[0Fh]<=60h (01100000b)	Channel 5 Volume
     37          0x60,//	Reg[10h]<=60h (01100000b)	Channel 6 Volume
     38          0x60,//	Reg[11h]<=60h (01100000b)	Channel 7 Volume
     39          0x60,//	Reg[12h]<=60h (01100000b)	Channel 8 Volume
     40          0x10,//	Reg[13h]<=10h (00010000b)	Channel 1 Mute, VolBP, Trim
     41          0x10,//	Reg[14h]<=10h (00010000b)	Channel 2 Mute, VolBP, Trim
     42          0x10,//	Reg[15h]<=10h (00010000b)	Channel 3 Mute, VolBP, Trim
     43          0x10,//	Reg[16h]<=10h (00010000b)	Channel 4 Mute, VolBP, Trim
     44          0x10,//	Reg[17h]<=10h (00010000b)	Channel 5 Mute, VolBP, Trim
     45          0x10,//	Reg[18h]<=10h (00010000b)	Channel 6 Mute, VolBP, Trim
     46          0x10,//	Reg[19h]<=10h (00010000b)	Channel 7 Mute, VolBP, Trim
     47          0x10,//	Reg[1Ah]<=10h (00010000b)	Channel 8 Mute, VolBP, Trim
     48          0x10,//	Reg[1Bh]<=10h (00010000b)	Channel 1 & 2 Input Mapping
     49          0x32,//	Reg[1Ch]<=32h (00110010b)	Channel 3 & 4 Input Mapping
     50          0x54,//	Reg[1Dh]<=54h (01010100b)	Channel 5 & 6 Input Mapping
     51          0x76,//	Reg[1Eh]<=76h (01110110b)	Channel 7 & 8 Input Mapping
     52          0x00,//	Reg[1Fh]<=00h (00000000b)	Auto Mode DM, GC, Volume, EQ
     53          0x80,//	Reg[20h]<=80h (10000000b)	Auto Mode Bass Management
     54          0x01,//	Reg[21h]<=01h (00000001b)	Auto Mode AM
     55          0xA0,//	Reg[22h]<=A0h (10100000b)	Preset EQ
     56          0x0F,//	Reg[23h]<=0Fh (00001111b)	Graphic EQ Band A
     57          0x0F,//	Reg[24h]<=0Fh (00001111b)	Graphic EQ Band B
     58          0x0F,//	Reg[25h]<=0Fh (00001111b)	Graphic EQ Band C
     59          0x0F,//	Reg[26h]<=0Fh (00001111b)	Graphic EQ Band D
     60          0x0F,//	Reg[27h]<=0Fh (00001111b)	Graphic EQ Band E
     61          0x00,//	Reg[28h]<=00h (00000000b)	Channel Filter Loop
     62          0x00,//	Reg[29h]<=00h (00000000b)	Channel Mix Loop
     63          0x00,//	Reg[2Ah]<=00h (00000000b)	Channel EQ Bypass
     64          0x00,//	Reg[2Bh]<=00h (00000000b)	Channel Tone Control Bypass
     65          0x77,//	Reg[2Ch]<=77h (01110111b)	Bass and Treble Tone Control
     66          0x00,//	Reg[2Dh]<=00h (00000000b)	Channel 1, 2, 3, 4 Limiter Select
     67          0x00,//	Reg[2Eh]<=00h (00000000b)	Channel 5, 6, 7, 8 Limiter Select
     68          0x6A,//	Reg[2Fh]<=6Ah (01101010b)	Limiter 1 Attack/Release Rate
     69          0x69,//	Reg[30h]<=69h (01101001b)	Limiter 1 Attack/Release Threshold
     70          0x6A,//	Reg[31h]<=6Ah (01101010b)	Limiter 2 Attack/Release Rate
     71          0x69,//	Reg[32h]<=69h (01101001b)	Limiter 2 Attack/Release Threshold
     72          0x40,//	Reg[33h]<=40h (01000000b)	PWM 1 & 2 Output Timing
     73          0x62,//	Reg[34h]<=62h (01100010b)	PWM 3 & 4 Output Timing
     74          0x51,//	Reg[35h]<=51h (01010001b)	PWM 5 & 6 Output Timing
     75          0x73,//	Reg[36h]<=73h (01110011b)	PWM 7 & 8 Output Timing
     76          0x10,//	Reg[37h]<=10h (00010000b)	I2S 1 & 2 Output Mapping
     77          0x32,//	Reg[38h]<=32h (00110010b)	I2S 3 & 4 Output Mapping
     78          0x54,//	Reg[39h]<=54h (01010100b)	I2S 5 & 6 Output Mapping
     79          0x76,//	Reg[3Ah]<=76h (01110110b)	I2S 7 & 8 Output Mapping
     80          0x00,//	Reg[3Bh]<=00h (00000000b)	Coefficient Address Bits 9..8
     81          0x00,//	Reg[3Ch]<=00h (00000000b)	Coefficient Address Bits 7..0
     82          0x00,//	Reg[3Dh]<=00h (00000000b)	Coefficient b1 Data Bits 23..16
     83          0x00,//	Reg[3Eh]<=00h (00000000b)	Coefficient b1 Data Bits 15..8
     84          0x00,//	Reg[3Fh]<=00h (00000000b)	Coefficient b1 Data Bits 7..0
     85          0x00,//	Reg[40h]<=00h (00000000b)	Coefficient b2 Data Bits 23..16
     86          0x00,//	Reg[41h]<=00h (00000000b)	Coefficient b2 Data Bits 15..8
     87          0x00,//	Reg[42h]<=00h (00000000b)	Coefficient b2 Data Bits 7..0
     88          0x00,//	Reg[43h]<=00h (00000000b)	Coefficient a1 Data Bits 23..16
     89          0x00,//	Reg[44h]<=00h (00000000b)	Coefficient a1 Data Bits 15..8
     90          0x00,//	Reg[45h]<=00h (00000000b)	Coefficient a1 Data Bits 7..0
     91          0x00,//	Reg[46h]<=00h (00000000b)	Coefficient a2 Data Bits 23..16
     92          0x00,//	Reg[47h]<=00h (00000000b)	Coefficient a2 Data Bits 15..8
     93          0x00,//	Reg[48h]<=00h (00000000b)	Coefficient a2 Data Bits 7..0
     94          0x40,//	Reg[49h]<=40h (01000000b)	Coefficient b0 Data Bits 23..16
     95          0x00,//	Reg[4Ah]<=00h (00000000b)	Coefficient b0 Data Bits 15..8
     96          0x00,//	Reg[4Bh]<=00h (00000000b)	Coefficient b0 Data Bits 7..0
     97          0x00//	Reg[4Ch]<=00h (00000000b)	Coefficient Write Control
     98          };
     99          
    100          uint8_t  pcSTAComnd1[2]={/* Pre-setting */
   \                     pcSTAComnd1:
   \   00000050   0x00 0x00          DC8 0, 0
   \   00000052   0x00 0x00          DC8 0, 0
    101          0x00,//	Reg[5Ah]<=00h (00000000b)	Extended Limiter/DRC look-up table 
    102          0x00,//	Reg[5Bh]<=00h (00000000b)	Fine volume         
    103          };
    104          
    105          uint8_t  pcSTAComnd2[33]={/* Pre-setting */
   \                     pcSTAComnd2:
   \   00000054   0x01 0x00          DC8 1, 0, 32, 32, 32, 96, 96, 96, 51, 51, 51, 27, 27, 27, 48, 48, 47
   \              0x20 0x20    
   \              0x20 0x60    
   \              0x60 0x60    
   \              0x33 0x33    
   \              0x33 0x1B    
   \              0x1B 0x1B    
   \              0x30 0x30    
   \              0x2F         
   \   00000065   0x2F 0x00          DC8 47, 0, 0, 0, 0, 0, 0, 0, 2, 0, 0, 16, 162, 233, 0, 0, 0, 0, 0
   \              0x00 0x00    
   \              0x00 0x00    
   \              0x00 0x00    
   \              0x02 0x00    
   \              0x00 0x10    
   \              0xA2 0xE9    
   \              0x00 0x00    
   \              0x00 0x00    
   \              0x00         
    106          0x01,//	Reg[5Dh]<=00h (00000000b)	PCM Recombination Control 1        
    107          0x00,//	Reg[5Eh]<=00h (00000000b)	PCM Recombination Mode selector    
    108          0x20,//	Reg[5Fh]<=20h (00100000b)	PCM Recombination Control 2        
    109          0x20,//	Reg[60h]<=20h (00100000b)	PCM Recombination Control 3        
    110          0x20,//	Reg[61h]<=20h (00100000b)	PCM Recombination Control 4        
    111          0x60,//	Reg[62h]<=60h (01100000b)	PCM Recombination Control 5        
    112          0x60,//	Reg[63h]<=60h (01100000b)	PCM Recombination Control 6        
    113          0x60,//	Reg[64h]<=60h (01100000b)	PCM Recombination Control 7        
    114          0x33,//	Reg[65h]<=33h (00110011b)	PCM Recombination Control 8        
    115          0x33,//	Reg[66h]<=33h (00110011b)	PCM Recombination Control 9        
    116          0x33,//	Reg[67h]<=33h (00110011b)	PCM Recombination Control 10       
    117          0x1B,//	Reg[68h]<=1Bh (00011011b)	PCM Recombination Control 11       
    118          0x1B,//	Reg[69h]<=1Bh (00011011b)	PCM Recombination Control 12       
    119          0x1B,//	Reg[6Ah]<=1Bh (00011011b)	PCM Recombination Control 13       
    120          0x30,//	Reg[6Bh]<=30h (00110000b)	Extended Limiter 1 Attack Threshold
    121          0x30,//	Reg[6Ch]<=30h (00110000b)	Extended Limiter 2 Attack Threshold
    122          0x2F,//	Reg[6Dh]<=2Fh (00101111b)	Extended Limiter 1 Release Threshold
    123          0x2F,//	Reg[6Eh]<=2Fh (00101111b)	Extended Limiter 2 Release Threshold
    124          0x00,//	Reg[6Fh]<=00h (00000000b)	RMS Automuting Thresholds          
    125          0x00,//	Reg[70h]<=00h (00000000b)	RMS Control                        
    126          0x00,//	Reg[71h]<=00h (00000000b)	PLL Fractional 1 Control           
    127          0x00,//	Reg[72h]<=00h (00000000b)	PLL Fractional 0 Control           
    128          0x00,//	Reg[73h]<=00h (00000000b)	PLL Divider                        
    129          0x00,//	Reg[74h]<=00h (00000000b)	PLL Configuration 0                
    130          0x00,//	Reg[75h]<=00h (00000000b)	PLL Configuration 1                
    131          0x02,//	Reg[76h]<=02h (00000010b)	PLL Status                         
    132          0x00,//	Reg[77h]<=00h (00000000b)	Extended Biquad range Control 1    
    133          0x00,//	Reg[78h]<=00h (00000000b)	Extended Biquad range Control 2    
    134          0x10,//	Reg[79h]<=10h (00010000b)	Extended Biquad range Control 3    
    135          0xA2,//	Reg[7Ah]<=A2h (10100010b)	RMS Status Register ZD (High)      
    136          0xE9,//	Reg[7Bh]<=E9h (11101001b)	RMS Status Register ZD (Low)       
    137          0x00,//	Reg[7Ch]<=00h (00000000b)	RMS Status PWM level (High)        
    138          0x00,//	Reg[7Dh]<=00h (00000000b)	RMS Status PWM level (Low)   
    139          };
    140          

   \                                 In section .data, align 4
    141          uint8_t  pcSTAComnd3[6]={/* Pre-setting */
   \                     pcSTAComnd3:
   \   00000000   0x18 0x05          DC8 24, 5, 0, 255, 0, 0, 0, 0
   \              0x00 0xFF    
   \              0x00 0x00    
   \              0x00 0x00    
    142          0x18,//	Reg[80h]<=18h (00011000b)	DPT                                
    143          0x05,//	Reg[81h]<=05h (00000101b)	CFR129                             
    144          0x00,//	Reg[82h]<=00h (00000000b)	Pop suppression delay time 1       
    145          0xFF,//	Reg[83h]<=FFh (11111111b)	Pop suppression delay time 2       
    146          0x00,//	Reg[84h]<=00h (00000000b)	OTP readback 1/2                   
    147          0x00//	Reg[85h]<=00h (00000000b)	OTP readback 2/2
    148          };    
    149          

   \                                 In section .bss, align 4
    150          uint8_t bufCoefBiquad[15];
   \                     bufCoefBiquad:
   \   00000000                      DS8 16

   \                                 In section .text, align 2, keep-with-next
    151          void STA321MP_Ini(void)
    152          {
   \                     STA321MP_Ini: (+1)
   \   00000000   0xB570             PUSH     {R4-R6,LR}
    153          
    154                // __GPIOA_CLK_ENABLE();
    155                //GPIO_INS.Pin = GPIO_PIN_8;
    156                //GPIO_INS.Mode = GPIO_MODE_OUTPUT_PP;
    157                //GPIO_INS.Pull = GPIO_PULLUP;
    158                //GPIO_INS.Speed = GPIO_SPEED_LOW;
    159                //HAL_GPIO_Init(GPIOA, &GPIO_INS);
    160                //HAL_GPIO_WritePin(GPIOA, GPIO_PIN_8, GPIO_PIN_RESET);
    161                HAL_Delay(300);
   \   00000002   0xF44F 0x7096      MOV      R0,#+300
   \   00000006   0x.... 0x....      BL       HAL_Delay
    162                //HAL_GPIO_WritePin(GPIOA, GPIO_PIN_8, GPIO_PIN_SET);
    163          
    164          	  
    165                HAL_GPIO_WritePin(GPIOE, GPIO_PIN_3, GPIO_PIN_SET);
   \   0000000A   0x2201             MOVS     R2,#+1
   \   0000000C   0x2108             MOVS     R1,#+8
   \   0000000E   0x.... 0x....      LDR.W    R0,??DataTable7  ;; 0x40021000
   \   00000012   0x.... 0x....      BL       HAL_GPIO_WritePin
    166          
    167                STA321MP_DefautLoad();
   \   00000016   0x.... 0x....      BL       STA321MP_DefautLoad
    168                pcSTAComnd[0] = 0x98;//PDM_I_EN;          // PDM_CLK =  12.288 /4 = 3.072 Mhz  XTI = PLL/8 = 12.288 MHz		                       
   \   0000001A   0x.... 0x....      LDR.W    R4,??DataTable7_1
   \   0000001E   0x2098             MOVS     R0,#+152
   \   00000020   0x7020             STRB     R0,[R4, #+0]
    169                WriteSTAByte(STA321MP_CONFA	,pcSTAComnd,1); //CONFA register
   \   00000022   0x2201             MOVS     R2,#+1
   \   00000024   0x4621             MOV      R1,R4
   \   00000026   0x2000             MOVS     R0,#+0
   \   00000028   0x.... 0x....      BL       WriteSTAByte
    170          	    
    171                pcSTAComnd[0] = FS_XTI_256|RIGHTJUST_DATA_FORMAT;  /* 12.288Mhz/256 = 48 Khz --> BICKO = 32*48Khz = 6.144/4 Mhz*/
   \   0000002C   0x2025             MOVS     R0,#+37
   \   0000002E   0x7020             STRB     R0,[R4, #+0]
    172                WriteSTAByte(STA321MP_CONFC,pcSTAComnd,1); //CONFC register
   \   00000030   0x2201             MOVS     R2,#+1
   \   00000032   0x4621             MOV      R1,R4
   \   00000034   0x2002             MOVS     R0,#+2
   \   00000036   0x.... 0x....      BL       WriteSTAByte
    173                   
    174          
    175                /*
    176                D7     D6      D5     D4     D3     D2     D1     D0
    177                MPC  CSZ4  CSZ3 CSZ2 CSZ1 CSZ0 OM1 OM0
    178                11111110
    179          
    180                OM0-OM1: FFX output mode
    181          
    182                CSZ[4:0] Compensating pulse size
    183                */
    184                ////pcSTAComnd[0] = 0xFE;  
    185                ////WriteSTAByte(STA321MP_CONFD,pcSTAComnd,1); //CONFD register
    186          		
    187                 pcSTAComnd[0] =  0xC0; //0x18;//Ch4/5 binary 0xC0
   \   0000003A   0x20C0             MOVS     R0,#+192
   \   0000003C   0x7020             STRB     R0,[R4, #+0]
    188                 WriteSTAByte(STA321MP_CONFE,pcSTAComnd,1); //CONFE register
   \   0000003E   0x2201             MOVS     R2,#+1
   \   00000040   0x4621             MOV      R1,R4
   \   00000042   0x2004             MOVS     R0,#+4
   \   00000044   0x.... 0x....      BL       WriteSTAByte
    189                  
    190          
    191                  pcSTAComnd[0] = 0x18|CONF_HPENA; //0x18 CONF_HPENA
   \   00000048   0x2019             MOVS     R0,#+25
   \   0000004A   0x7020             STRB     R0,[R4, #+0]
    192                  WriteSTAByte(STA321MP_CONFF,pcSTAComnd,1); //CONFE register
   \   0000004C   0x2201             MOVS     R2,#+1
   \   0000004E   0x4621             MOV      R1,R4
   \   00000050   0x2005             MOVS     R0,#+5
   \   00000052   0x.... 0x....      BL       WriteSTAByte
    193          		
    194          
    195                ////pcSTAComnd[0] = 0x00;
    196                ////WriteSTAByte(0x06,pcSTAComnd,1); //CONFG register
    197          
    198          
    199                pcSTAComnd[0] = 0x78;                //Reg[07h]<=7Ch (01111010b)	Configuration Register H:remove soft volumn
   \   00000056   0x2078             MOVS     R0,#+120
   \   00000058   0x7020             STRB     R0,[R4, #+0]
    200                WriteSTAByte(STA321MP_CONFH	,pcSTAComnd,1); //CONFH register
   \   0000005A   0x2201             MOVS     R2,#+1
   \   0000005C   0x4621             MOV      R1,R4
   \   0000005E   0x2007             MOVS     R0,#+7
   \   00000060   0x.... 0x....      BL       WriteSTAByte
    201          
    202          
    203                  pcSTAComnd[0] = POWERDWNNOTACTV;
   \   00000064   0x2080             MOVS     R0,#+128
   \   00000066   0x7020             STRB     R0,[R4, #+0]
    204                  WriteSTAByte(STA321MP_CONFI,pcSTAComnd,1);//CONFI register
   \   00000068   0x2201             MOVS     R2,#+1
   \   0000006A   0x4621             MOV      R1,R4
   \   0000006C   0x2008             MOVS     R0,#+8
   \   0000006E   0x.... 0x....      BL       WriteSTAByte
    205          		
    206                  pcSTAComnd[0] = 0x00;/* Reg[0Ah]<=00h (00000000b)	Master Volume */    
   \   00000072   0x2000             MOVS     R0,#+0
   \   00000074   0x7020             STRB     R0,[R4, #+0]
    207                  WriteSTAByte(STA321MP_MVOL,pcSTAComnd,1);
   \   00000076   0x2201             MOVS     R2,#+1
   \   00000078   0x4621             MOV      R1,R4
   \   0000007A   0x200A             MOVS     R0,#+10
   \   0000007C   0x.... 0x....      BL       WriteSTAByte
    208                  
    209                  pcSTAComnd[0] = MIC_VOL;
   \   00000080   0x2015             MOVS     R0,#+21
   \   00000082   0x7020             STRB     R0,[R4, #+0]
    210                  pcSTAComnd[1] = MIC_VOL;
   \   00000084   0x7060             STRB     R0,[R4, #+1]
    211                  pcSTAComnd[2] = MIC_VOL;
   \   00000086   0x70A0             STRB     R0,[R4, #+2]
    212                  pcSTAComnd[3] = MIC_VOL; 
   \   00000088   0x70E0             STRB     R0,[R4, #+3]
    213                  pcSTAComnd[4] = MIC_VOL;
   \   0000008A   0x7120             STRB     R0,[R4, #+4]
    214                  pcSTAComnd[5] = MIC_VOL;
   \   0000008C   0x7160             STRB     R0,[R4, #+5]
    215                  pcSTAComnd[6] = MIC_VOL;
   \   0000008E   0x71A0             STRB     R0,[R4, #+6]
    216                  pcSTAComnd[7] = MIC_VOL;
   \   00000090   0x71E0             STRB     R0,[R4, #+7]
    217                  WriteSTAByte(STA321MP_C1VOL,pcSTAComnd,8);
   \   00000092   0x2208             MOVS     R2,#+8
   \   00000094   0x4621             MOV      R1,R4
   \   00000096   0x200B             MOVS     R0,#+11
   \   00000098   0x.... 0x....      BL       WriteSTAByte
    218          
    219          
    220                  pcSTAComnd[0] = 0x00;
   \   0000009C   0x2000             MOVS     R0,#+0
   \   0000009E   0x7020             STRB     R0,[R4, #+0]
    221                  WriteSTAByte(STA321MP_CHNLMIX,&pcSTAComnd[0],1);
   \   000000A0   0x2201             MOVS     R2,#+1
   \   000000A2   0x4621             MOV      R1,R4
   \   000000A4   0x2028             MOVS     R0,#+40
   \   000000A6   0x.... 0x....      BL       WriteSTAByte
    222                  pcSTAComnd[0] = 0xFF;
   \   000000AA   0x20FF             MOVS     R0,#+255
   \   000000AC   0x7020             STRB     R0,[R4, #+0]
    223                  WriteSTAByte(STA321MP_TONEBP,&pcSTAComnd[0],1);
   \   000000AE   0x2201             MOVS     R2,#+1
   \   000000B0   0x4621             MOV      R1,R4
   \   000000B2   0x202B             MOVS     R0,#+43
   \   000000B4   0x.... 0x....      BL       WriteSTAByte
    224                  
    225                  pcSTAComnd[0] = 0x00;
   \   000000B8   0x2000             MOVS     R0,#+0
   \   000000BA   0x7020             STRB     R0,[R4, #+0]
    226                  WriteSTAByte(STA321MP_CBQ1,&pcSTAComnd[0],1);
   \   000000BC   0x2201             MOVS     R2,#+1
   \   000000BE   0x4621             MOV      R1,R4
   \   000000C0   0x2077             MOVS     R0,#+119
   \   000000C2   0x.... 0x....      BL       WriteSTAByte
    227          
    228                  pcSTAComnd[0] = 0x00;
   \   000000C6   0x2000             MOVS     R0,#+0
   \   000000C8   0x7020             STRB     R0,[R4, #+0]
    229                  WriteSTAByte(STA321MP_CBQ2,&pcSTAComnd[0],1);
   \   000000CA   0x2201             MOVS     R2,#+1
   \   000000CC   0x4621             MOV      R1,R4
   \   000000CE   0x2078             MOVS     R0,#+120
   \   000000D0   0x.... 0x....      BL       WriteSTAByte
    230          
    231                  pcSTAComnd[0] = 0x10;
   \   000000D4   0x2010             MOVS     R0,#+16
   \   000000D6   0x7020             STRB     R0,[R4, #+0]
    232                  WriteSTAByte(STA321MP_CBQ3,&pcSTAComnd[0],1);
   \   000000D8   0x2201             MOVS     R2,#+1
   \   000000DA   0x4621             MOV      R1,R4
   \   000000DC   0x2079             MOVS     R0,#+121
   \   000000DE   0x.... 0x....      BL       WriteSTAByte
    233                         
    234                  //bit 2: 1-> Microphone recombination IP is active
    235                  //       0-> Microphone recombination IP is not active
    236                  //Recombination control register: bit 0: 1-Auto-config of the CLKOUT generator to Fout=sys_clk/32
    237                  //                                       0-CLK is configured only through COS bit
    238                  pcSTAComnd[0] = AUTO_CLKOUT;//AUTO_CLKOUT MIC_MODE
   \   000000E2   0x2001             MOVS     R0,#+1
   \   000000E4   0x7020             STRB     R0,[R4, #+0]
    239                  WriteSTAByte(STA321MP_RCTR1,&pcSTAComnd[0],1);
   \   000000E6   0x4602             MOV      R2,R0
   \   000000E8   0x4621             MOV      R1,R4
   \   000000EA   0x205D             MOVS     R0,#+93
   \   000000EC   0x.... 0x....      BL       WriteSTAByte
    240          
    241                  pcSTAComnd[0] = PDMSM_NORMAL;
   \   000000F0   0x2000             MOVS     R0,#+0
   \   000000F2   0x7020             STRB     R0,[R4, #+0]
    242                  WriteSTAByte(STA321MP_PDMCT,&pcSTAComnd[0],1);
   \   000000F4   0x2201             MOVS     R2,#+1
   \   000000F6   0x4621             MOV      R1,R4
   \   000000F8   0x205E             MOVS     R0,#+94
   \   000000FA   0x.... 0x....      BL       WriteSTAByte
    243          
    244                 pcSTAComnd[0] = I2S_OUT;
   \   000000FE   0x2009             MOVS     R0,#+9
   \   00000100   0x7020             STRB     R0,[R4, #+0]
    245                  WriteSTAByte(STA321MP_CFR129,pcSTAComnd,1);//Reg[81h]<=09h (00001001b)	CFR129  
   \   00000102   0x2201             MOVS     R2,#+1
   \   00000104   0x4621             MOV      R1,R4
   \   00000106   0x2081             MOVS     R0,#+129
   \   00000108   0x.... 0x....      BL       WriteSTAByte
    246          
    247          #if 1
    248          		  // Initialize all the mixers
    249          		  for (char mixer = 1 ; mixer <= 2 ; mixer++)
   \   0000010C   0x2401             MOVS     R4,#+1
   \   0000010E   0xE000             B.N      ??STA321MP_Ini_0
   \                     ??STA321MP_Ini_1: (+1)
   \   00000110   0x1C64             ADDS     R4,R4,#+1
   \                     ??STA321MP_Ini_0: (+1)
   \   00000112   0x2C03             CMP      R4,#+3
   \   00000114   0xDA18             BGE.N    ??STA321MP_Ini_2
    250          		    for (char channel = 1 ; channel <= 8 ; channel++)
   \   00000116   0x2501             MOVS     R5,#+1
   \   00000118   0xE001             B.N      ??STA321MP_Ini_3
   \                     ??STA321MP_Ini_4: (+1)
   \   0000011A   0x1C6D             ADDS     R5,R5,#+1
   \   0000011C   0xB2ED             UXTB     R5,R5
   \                     ??STA321MP_Ini_3: (+1)
   \   0000011E   0x2D09             CMP      R5,#+9
   \   00000120   0xDAF6             BGE.N    ??STA321MP_Ini_1
    251          		      for (char input = 1 ; input <= 8 ; input++)
   \   00000122   0x2601             MOVS     R6,#+1
   \   00000124   0xE004             B.N      ??STA321MP_Ini_5
    252          		        if (input == channel)
    253          		          sta321mp_mixer(mixer, channel, input, 0x7FFFFF); /* Setting channel 7, Mixer 1, channel 1 on  */
    254          		        else
    255          		          sta321mp_mixer(mixer, channel, input, 0x000000); /* Setting channel 7, Mixer 1, channel 1 on  */
   \                     ??STA321MP_Ini_6: (+1)
   \   00000126   0x2300             MOVS     R3,#+0
   \   00000128   0x.... 0x....      BL       sta321mp_mixer
   \                     ??STA321MP_Ini_7: (+1)
   \   0000012C   0x1C76             ADDS     R6,R6,#+1
   \   0000012E   0xB2F6             UXTB     R6,R6
   \                     ??STA321MP_Ini_5: (+1)
   \   00000130   0x2E09             CMP      R6,#+9
   \   00000132   0xDAF2             BGE.N    ??STA321MP_Ini_4
   \   00000134   0x4620             MOV      R0,R4
   \   00000136   0x4629             MOV      R1,R5
   \   00000138   0x4632             MOV      R2,R6
   \   0000013A   0x42AE             CMP      R6,R5
   \   0000013C   0xD1F3             BNE.N    ??STA321MP_Ini_6
   \   0000013E   0x.... 0x....      LDR.W    R3,??DataTable7_2  ;; 0x7fffff
   \   00000142   0x.... 0x....      BL       sta321mp_mixer
   \   00000146   0xE7F1             B.N      ??STA321MP_Ini_7
    256          
    257          	      // initialize all the post-scale (channel 1)
    258          		  for (char channel = 1 ; channel <= 8 ; channel++)
   \                     ??STA321MP_Ini_2: (+1)
   \   00000148   0x2401             MOVS     R4,#+1
   \   0000014A   0x.... 0x....      LDR.W    R6,??DataTable7_2  ;; 0x7fffff
   \   0000014E   0xE009             B.N      ??STA321MP_Ini_8
    259          		  {
    260          		    sta321mp_prescale(channel, 0x7FFFFF); 
   \                     ??STA321MP_Ini_9: (+1)
   \   00000150   0x4625             MOV      R5,R4
   \   00000152   0x4631             MOV      R1,R6
   \   00000154   0x4628             MOV      R0,R5
   \   00000156   0x.... 0x....      BL       sta321mp_prescale
    261          		    sta321mp_postscale(channel, 0x7FFFFF); 
   \   0000015A   0x4631             MOV      R1,R6
   \   0000015C   0x4628             MOV      R0,R5
   \   0000015E   0x.... 0x....      BL       sta321mp_postscale
    262          		  }
   \   00000162   0x1C64             ADDS     R4,R4,#+1
   \                     ??STA321MP_Ini_8: (+1)
   \   00000164   0x2C09             CMP      R4,#+9
   \   00000166   0xDBF3             BLT.N    ??STA321MP_Ini_9
    263          
    264          		// set pwm output (channels 1/2 to pwm 7/8)
    265          		sta321mp_mixer( 1, 7, 1, 0x7FFFFF); /* Setting channel 7, Mixer 1, channel 1 on  */
   \   00000168   0x4633             MOV      R3,R6
   \   0000016A   0x2201             MOVS     R2,#+1
   \   0000016C   0x2107             MOVS     R1,#+7
   \   0000016E   0x4610             MOV      R0,R2
   \   00000170   0x.... 0x....      BL       sta321mp_mixer
    266          		sta321mp_mixer( 1, 7, 7, 0x000000); /* Setting channel 7, Mixer 1, channel 7 off */
   \   00000174   0x2300             MOVS     R3,#+0
   \   00000176   0x2207             MOVS     R2,#+7
   \   00000178   0x4611             MOV      R1,R2
   \   0000017A   0x2001             MOVS     R0,#+1
   \   0000017C   0x.... 0x....      BL       sta321mp_mixer
    267          		sta321mp_mixer( 1, 8, 2, 0x7FFFFF); /* Setting channel 8, Mixer 1, channel 2 on  */
   \   00000180   0x4633             MOV      R3,R6
   \   00000182   0x2202             MOVS     R2,#+2
   \   00000184   0x2108             MOVS     R1,#+8
   \   00000186   0x2001             MOVS     R0,#+1
   \   00000188   0x.... 0x....      BL       sta321mp_mixer
    268          		sta321mp_mixer( 1, 8, 8, 0x000000); /* Setting channel 8, Mixer 1, channel 8 off */
   \   0000018C   0x2300             MOVS     R3,#+0
   \   0000018E   0x2208             MOVS     R2,#+8
   \   00000190   0x4611             MOV      R1,R2
   \   00000192   0x2001             MOVS     R0,#+1
   \   00000194   0x.... 0x....      BL       sta321mp_mixer
    269          #endif
    270          		STACoefSet();
   \   00000198   0xE8BD 0x4070      POP      {R4-R6,LR}
   \   0000019C   0x....             B.N      STACoefSet
    271          
    272          		//sta321mp_LP_48kHz();
    273                  //sta321mp_LP_192kHz();
    274                  //pcSTAComnd[0] = MAN_CLKOUT;
    275                  //WriteSTAByte(STA321MP_RCTR1,&pcSTAComnd[0],1);
    276           }
    277           
    278           

   \                                 In section .text, align 2, keep-with-next
    279           void ReadSTASeq(uint8_t Addr, uint8_t *pBufOut,uint8_t Len )
    280          {
   \                     ReadSTASeq: (+1)
   \   00000000   0xB571             PUSH     {R0,R4-R6,LR}
   \   00000002   0xB081             SUB      SP,SP,#+4
   \   00000004   0x460C             MOV      R4,R1
   \   00000006   0x4615             MOV      R5,R2
   \   00000008   0x.... 0x....      LDR.W    R6,??DataTable7_3
    281                  //while(HAL_I2C_Master_Transmit_IT(&hi2c2,0x40,pI2CData,2)!= HAL_OK)
    282          		{
    283                       ;
    284          		}
    285          
    286          		  /*##-3- Wait for the end of the transfer ###################################*/  
    287          		  /*  Before starting a new communication transfer, you need to check the current   
    288          		      state of the peripheral; if it’s busy you need to wait for the end of current
    289          		      transfer before starting a new one.
    290          		      For simplicity reasons, this example is just waiting till the end of the
    291          		      transfer, but application may perform other tasks while transfer operation
    292          		      is ongoing. */
    293          		  //while (HAL_I2C_GetState(&hi2c2) != HAL_I2C_STATE_READY)
    294          		  {
    295          		  } 
    296          
    297          		 while(HAL_I2C_Master_Transmit(&hi2c2,STA_ADDR_1W,&Addr,1,1000)!=HAL_OK)
   \                     ??ReadSTASeq_0: (+1)
   \   0000000C   0xF44F 0x707A      MOV      R0,#+1000
   \   00000010   0x9000             STR      R0,[SP, #+0]
   \   00000012   0x2301             MOVS     R3,#+1
   \   00000014   0xAA01             ADD      R2,SP,#+4
   \   00000016   0x2140             MOVS     R1,#+64
   \   00000018   0x4630             MOV      R0,R6
   \   0000001A   0x.... 0x....      BL       HAL_I2C_Master_Transmit
   \   0000001E   0x2800             CMP      R0,#+0
   \   00000020   0xD1F4             BNE.N    ??ReadSTASeq_0
    298          		 {
    299                       ;
    300          		 }
    301          	     //HAL_I2C_Master_Receive_IT(&hi2c2, 0x40, pI2CRx, 4);
    302          	     while(HAL_I2C_Master_Receive(&hi2c2,STA_ADDR_1R,pBufOut,Len,1000)!=HAL_OK)
   \                     ??ReadSTASeq_1: (+1)
   \   00000022   0xF44F 0x707A      MOV      R0,#+1000
   \   00000026   0x9000             STR      R0,[SP, #+0]
   \   00000028   0x462B             MOV      R3,R5
   \   0000002A   0x4622             MOV      R2,R4
   \   0000002C   0x2141             MOVS     R1,#+65
   \   0000002E   0x4630             MOV      R0,R6
   \   00000030   0x.... 0x....      BL       HAL_I2C_Master_Receive
   \   00000034   0x2800             CMP      R0,#+0
   \   00000036   0xD1F4             BNE.N    ??ReadSTASeq_1
    303          	     {
    304                        ;
    305          	     }  
    306          }
   \   00000038   0xBD73             POP      {R0,R1,R4-R6,PC}  ;; return
    307          

   \                                 In section .text, align 2, keep-with-next
    308          void WriteSTAByte(uint8_t Addr, uint8_t *pBufIn, uint8_t len)
    309          {
   \                     WriteSTAByte: (+1)
   \   00000000   0xE92D 0x41F0      PUSH     {R4-R8,LR}
   \   00000004   0xB082             SUB      SP,SP,#+8
   \   00000006   0x4606             MOV      R6,R0
   \   00000008   0x460F             MOV      R7,R1
   \   0000000A   0x4614             MOV      R4,R2
    310               uint8_t *DataSeq;
    311          	 
    312               DataSeq= (uint8_t *) malloc(len+1);
   \   0000000C   0xF104 0x0801      ADD      R8,R4,#+1
   \   00000010   0x4640             MOV      R0,R8
   \   00000012   0x.... 0x....      BL       malloc
   \   00000016   0x4605             MOV      R5,R0
    313          
    314               /* copy data and address to buffer send*/
    315               for(uint8_t i=0;  i<(len+1);i++)
   \   00000018   0x2000             MOVS     R0,#+0
   \   0000001A   0xE005             B.N      ??WriteSTAByte_0
    316               {
    317                    if(i==0)
    318          		  {
    319          		      DataSeq[0]=Addr;
    320                    }
    321          		  else
    322          		  {
    323                        DataSeq[i] = pBufIn[i-1];
   \                     ??WriteSTAByte_1: (+1)
   \   0000001C   0x19C1             ADDS     R1,R0,R7
   \   0000001E   0xF811 0x1C01      LDRB     R1,[R1, #-1]
   \   00000022   0x5541             STRB     R1,[R0, R5]
    324          		  }
   \                     ??WriteSTAByte_2: (+1)
   \   00000024   0x1C40             ADDS     R0,R0,#+1
   \   00000026   0xB2C0             UXTB     R0,R0
   \                     ??WriteSTAByte_0: (+1)
   \   00000028   0x4540             CMP      R0,R8
   \   0000002A   0xDA03             BGE.N    ??WriteSTAByte_3
   \   0000002C   0x2800             CMP      R0,#+0
   \   0000002E   0xD1F5             BNE.N    ??WriteSTAByte_1
   \   00000030   0x702E             STRB     R6,[R5, #+0]
   \   00000032   0xE7F7             B.N      ??WriteSTAByte_2
    325               }
    326          
    327          	 
    328          
    329          	 /* Send data to STA321 */
    330               while(HAL_I2C_Master_Transmit(&hi2c2,(uint16_t)STA_ADDR_1W,&DataSeq[0],len+1,1000)!=HAL_OK)
   \                     ??WriteSTAByte_3: (+1)
   \   00000034   0xF44F 0x707A      MOV      R0,#+1000
   \   00000038   0x9000             STR      R0,[SP, #+0]
   \   0000003A   0x1C63             ADDS     R3,R4,#+1
   \   0000003C   0xB29B             UXTH     R3,R3
   \   0000003E   0x462A             MOV      R2,R5
   \   00000040   0x2140             MOVS     R1,#+64
   \   00000042   0x.... 0x....      LDR.W    R0,??DataTable7_3
   \   00000046   0x.... 0x....      BL       HAL_I2C_Master_Transmit
   \   0000004A   0x2800             CMP      R0,#+0
   \   0000004C   0xD1F2             BNE.N    ??WriteSTAByte_3
    331          	 {
    332                    ;
    333          	 }
    334          
    335          
    336          	 
    337          	 free(DataSeq);
   \   0000004E   0x4628             MOV      R0,R5
   \   00000050   0xE8BD 0x41F6      POP      {R1,R2,R4-R8,LR}
   \   00000054   0x.... 0x....      B.W      free
    338          
    339          }
    340          

   \                                 In section .text, align 2, keep-with-next
    341          void STACoefSet(void)
    342          {
   \                     STACoefSet: (+1)
   \   00000000   0xB510             PUSH     {R4,LR}
   \   00000002   0xB084             SUB      SP,SP,#+16
    343          
    344          // sta321mp_biquad(codec, 1, 2, 0x2d7d5e, 0x3faa84, 0x6599c4, 0xad9ed1,0x1fd542);
    345          // sta321mp_biquad(codec, 1, 3, 0xfcec16, 0x177b7b, 0x63c973, 0xa4b499,0xbbdbd);
    346          // sta321mp_biquad(codec, 1, 4, 0xf4caac, 0x177b7b, 0x616997, 0x98a93a,0xbbdbd);
    347          // sta321mp_biquad(codec, 1, 5, 0xf1c0e3, 0x177b7b, 0x5f9823, 0x8e691f,0xbbdbd);
    348          // sta321mp_biquad(codec, 1, 6, 0xf083cb, 0x177b7b, 0x5ec1ab, 0x873641,0xbbdbd);
    349          // sta321mp_biquad(codec, 1, 7, 0xf00d82, 0x177b7b, 0x5f0547, 0x822c2a,0xbbdbd);
    350          
    351          
    352          //rio_SetCoefValue():	Coef[000h]<=822A2Dh		Coefficient 0x000 - C1H10 (b1/2)
    353          //rio_SetCoefValue():	Coef[001h]<=7DD5D3h		Coefficient 0x001 - C1H11 (b2)  
    354          //rio_SetCoefValue():	Coef[002h]<=7DD123h		Coefficient 0x002 - C1H12 (a1/2)
    355          //rio_SetCoefValue():	Coef[003h]<=844AFCh		Coefficient 0x003 - C1H13 (a2)  
    356          //rio_SetCoefValue():	Coef[004h]<=3EEAE9h		Coefficient 0x004 - C1H14 (b0/2)
    357          
    358          //sta321mp_biquad(1, 1, 0x822A2D, 0x7DD5D3, 0x7DD123, 0x844AFC,0x3EEAE9);
    359          sta321mp_biquad(1, 1, 0x803C5C, 0x7FC3A4, 0x7FC396, 0x80789B,0x3FE1D2);
   \   00000004   0x.... 0x....      LDR.W    R0,??DataTable7_4  ;; 0x3fe1d2
   \   00000008   0x9002             STR      R0,[SP, #+8]
   \   0000000A   0x.... 0x....      LDR.W    R0,??DataTable7_5  ;; 0x80789b
   \   0000000E   0x9001             STR      R0,[SP, #+4]
   \   00000010   0x.... 0x....      LDR.W    R0,??DataTable7_6  ;; 0x7fc396
   \   00000014   0x9000             STR      R0,[SP, #+0]
   \   00000016   0x.... 0x....      LDR.W    R3,??DataTable7_7  ;; 0x7fc3a4
   \   0000001A   0x.... 0x....      LDR.W    R2,??DataTable7_8  ;; 0x803c5c
   \   0000001E   0x2101             MOVS     R1,#+1
   \   00000020   0x4608             MOV      R0,R1
   \   00000022   0x.... 0x....      BL       sta321mp_biquad
    360          
    361          bufCoefBiquad[0]= 41;
   \   00000026   0x.... 0x....      LDR.W    R4,??DataTable7_9
   \   0000002A   0x2029             MOVS     R0,#+41
   \   0000002C   0x7020             STRB     R0,[R4, #+0]
    362          bufCoefBiquad[1]= 20;
   \   0000002E   0x2014             MOVS     R0,#+20
   \   00000030   0x7060             STRB     R0,[R4, #+1]
    363          bufCoefBiquad[2]= 186;
   \   00000032   0x20BA             MOVS     R0,#+186
   \   00000034   0x70A0             STRB     R0,[R4, #+2]
    364          bufCoefBiquad[3]= 69;
   \   00000036   0x2045             MOVS     R0,#+69
   \   00000038   0x70E0             STRB     R0,[R4, #+3]
    365          bufCoefBiquad[4]= 103;
   \   0000003A   0x2067             MOVS     R0,#+103
   \   0000003C   0x7120             STRB     R0,[R4, #+4]
    366          bufCoefBiquad[5]= 10;
   \   0000003E   0x200A             MOVS     R0,#+10
   \   00000040   0x7160             STRB     R0,[R4, #+5]
    367          bufCoefBiquad[6]= 106;
   \   00000042   0x206A             MOVS     R0,#+106
   \   00000044   0x71A0             STRB     R0,[R4, #+6]
    368          bufCoefBiquad[7]= 110;
   \   00000046   0x206E             MOVS     R0,#+110
   \   00000048   0x71E0             STRB     R0,[R4, #+7]
    369          bufCoefBiquad[8]= 180;
   \   0000004A   0x20B4             MOVS     R0,#+180
   \   0000004C   0x7220             STRB     R0,[R4, #+8]
    370          bufCoefBiquad[9]= 166;
   \   0000004E   0x20A6             MOVS     R0,#+166
   \   00000050   0x7260             STRB     R0,[R4, #+9]
    371          bufCoefBiquad[10]= 71;
   \   00000052   0x2047             MOVS     R0,#+71
   \   00000054   0x72A0             STRB     R0,[R4, #+10]
    372          bufCoefBiquad[11]= 204;
   \   00000056   0x20CC             MOVS     R0,#+204
   \   00000058   0x72E0             STRB     R0,[R4, #+11]
    373          bufCoefBiquad[12]= 34;
   \   0000005A   0x2022             MOVS     R0,#+34
   \   0000005C   0x7320             STRB     R0,[R4, #+12]
    374          bufCoefBiquad[13]= 179;
   \   0000005E   0x20B3             MOVS     R0,#+179
   \   00000060   0x7360             STRB     R0,[R4, #+13]
    375          bufCoefBiquad[14]= 133;
   \   00000062   0x2085             MOVS     R0,#+133
   \   00000064   0x73A0             STRB     R0,[R4, #+14]
    376          WriteCoef(0x05, bufCoefBiquad);
   \   00000066   0x4621             MOV      R1,R4
   \   00000068   0x2005             MOVS     R0,#+5
   \   0000006A   0x.... 0x....      BL       WriteCoef
    377          bufCoefBiquad[0]= 249;
   \   0000006E   0x20F9             MOVS     R0,#+249
   \   00000070   0x7020             STRB     R0,[R4, #+0]
    378          bufCoefBiquad[1]= 20;
   \   00000072   0x2014             MOVS     R0,#+20
   \   00000074   0x7060             STRB     R0,[R4, #+1]
    379          bufCoefBiquad[2]= 79;
   \   00000076   0x204F             MOVS     R0,#+79
   \   00000078   0x70A0             STRB     R0,[R4, #+2]
    380          bufCoefBiquad[3]= 20;
   \   0000007A   0x2014             MOVS     R0,#+20
   \   0000007C   0x70E0             STRB     R0,[R4, #+3]
    381          bufCoefBiquad[4]= 181;
   \   0000007E   0x20B5             MOVS     R0,#+181
   \   00000080   0x7120             STRB     R0,[R4, #+4]
    382          bufCoefBiquad[5]= 137;
   \   00000082   0x2089             MOVS     R0,#+137
   \   00000084   0x7160             STRB     R0,[R4, #+5]
    383          bufCoefBiquad[6]= 105;
   \   00000086   0x2069             MOVS     R0,#+105
   \   00000088   0x71A0             STRB     R0,[R4, #+6]
    384          bufCoefBiquad[7]= 227;
   \   0000008A   0x20E3             MOVS     R0,#+227
   \   0000008C   0x71E0             STRB     R0,[R4, #+7]
    385          bufCoefBiquad[8]= 180;
   \   0000008E   0x20B4             MOVS     R0,#+180
   \   00000090   0x7220             STRB     R0,[R4, #+8]
    386          bufCoefBiquad[9]= 158;
   \   00000092   0x209E             MOVS     R0,#+158
   \   00000094   0x7260             STRB     R0,[R4, #+9]
    387          bufCoefBiquad[10]= 219;
   \   00000096   0x20DB             MOVS     R0,#+219
   \   00000098   0x72A0             STRB     R0,[R4, #+10]
    388          bufCoefBiquad[11]= 204;
   \   0000009A   0x20CC             MOVS     R0,#+204
   \   0000009C   0x72E0             STRB     R0,[R4, #+11]
    389          bufCoefBiquad[12]= 10;
   \   0000009E   0x200A             MOVS     R0,#+10
   \   000000A0   0x7320             STRB     R0,[R4, #+12]
    390          bufCoefBiquad[13]= 90;
   \   000000A2   0x205A             MOVS     R0,#+90
   \   000000A4   0x7360             STRB     R0,[R4, #+13]
    391          bufCoefBiquad[14]= 196;
   \   000000A6   0x20C4             MOVS     R0,#+196
   \   000000A8   0x73A0             STRB     R0,[R4, #+14]
    392          WriteCoef(0x0a, bufCoefBiquad);
   \   000000AA   0x4621             MOV      R1,R4
   \   000000AC   0x200A             MOVS     R0,#+10
   \   000000AE   0x.... 0x....      BL       WriteCoef
    393          bufCoefBiquad[0]= 243;
   \   000000B2   0x20F3             MOVS     R0,#+243
   \   000000B4   0x7020             STRB     R0,[R4, #+0]
    394          bufCoefBiquad[1]= 7;
   \   000000B6   0x2007             MOVS     R0,#+7
   \   000000B8   0x7060             STRB     R0,[R4, #+1]
    395          bufCoefBiquad[2]= 255;
   \   000000BA   0x20FF             MOVS     R0,#+255
   \   000000BC   0x70A0             STRB     R0,[R4, #+2]
    396          bufCoefBiquad[3]= 20;
   \   000000BE   0x2014             MOVS     R0,#+20
   \   000000C0   0x70E0             STRB     R0,[R4, #+3]
    397          bufCoefBiquad[4]= 181;
   \   000000C2   0x20B5             MOVS     R0,#+181
   \   000000C4   0x7120             STRB     R0,[R4, #+4]
    398          bufCoefBiquad[5]= 137;
   \   000000C6   0x2089             MOVS     R0,#+137
   \   000000C8   0x7160             STRB     R0,[R4, #+5]
    399          bufCoefBiquad[6]= 105;
   \   000000CA   0x2069             MOVS     R0,#+105
   \   000000CC   0x71A0             STRB     R0,[R4, #+6]
    400          bufCoefBiquad[7]= 52;
   \   000000CE   0x2034             MOVS     R0,#+52
   \   000000D0   0x71E0             STRB     R0,[R4, #+7]
    401          bufCoefBiquad[8]= 233;
   \   000000D2   0x20E9             MOVS     R0,#+233
   \   000000D4   0x7220             STRB     R0,[R4, #+8]
    402          bufCoefBiquad[9]= 148;
   \   000000D6   0x2094             MOVS     R0,#+148
   \   000000D8   0x7260             STRB     R0,[R4, #+9]
    403          bufCoefBiquad[10]= 200;
   \   000000DA   0x20C8             MOVS     R0,#+200
   \   000000DC   0x72A0             STRB     R0,[R4, #+10]
    404          bufCoefBiquad[11]= 180;
   \   000000DE   0x20B4             MOVS     R0,#+180
   \   000000E0   0x72E0             STRB     R0,[R4, #+11]
    405          bufCoefBiquad[12]= 10;
   \   000000E2   0x200A             MOVS     R0,#+10
   \   000000E4   0x7320             STRB     R0,[R4, #+12]
    406          bufCoefBiquad[13]= 90;
   \   000000E6   0x205A             MOVS     R0,#+90
   \   000000E8   0x7360             STRB     R0,[R4, #+13]
    407          bufCoefBiquad[14]= 196;
   \   000000EA   0x20C4             MOVS     R0,#+196
   \   000000EC   0x73A0             STRB     R0,[R4, #+14]
    408          WriteCoef(0x0f, bufCoefBiquad);
   \   000000EE   0x4621             MOV      R1,R4
   \   000000F0   0x200F             MOVS     R0,#+15
   \   000000F2   0x.... 0x....      BL       WriteCoef
    409          bufCoefBiquad[0]= 240;
   \   000000F6   0x20F0             MOVS     R0,#+240
   \   000000F8   0x7020             STRB     R0,[R4, #+0]
    410          bufCoefBiquad[1]= 249;
   \   000000FA   0x20F9             MOVS     R0,#+249
   \   000000FC   0x7060             STRB     R0,[R4, #+1]
    411          bufCoefBiquad[2]= 51;
   \   000000FE   0x2033             MOVS     R0,#+51
   \   00000100   0x70A0             STRB     R0,[R4, #+2]
    412          bufCoefBiquad[3]= 20;
   \   00000102   0x2014             MOVS     R0,#+20
   \   00000104   0x70E0             STRB     R0,[R4, #+3]
    413          bufCoefBiquad[4]= 181;
   \   00000106   0x20B5             MOVS     R0,#+181
   \   00000108   0x7120             STRB     R0,[R4, #+4]
    414          bufCoefBiquad[5]= 137;
   \   0000010A   0x2089             MOVS     R0,#+137
   \   0000010C   0x7160             STRB     R0,[R4, #+5]
    415          bufCoefBiquad[6]= 104;
   \   0000010E   0x2068             MOVS     R0,#+104
   \   00000110   0x71A0             STRB     R0,[R4, #+6]
    416          bufCoefBiquad[7]= 196;
   \   00000112   0x20C4             MOVS     R0,#+196
   \   00000114   0x71E0             STRB     R0,[R4, #+7]
    417          bufCoefBiquad[8]= 130;
   \   00000116   0x2082             MOVS     R0,#+130
   \   00000118   0x7220             STRB     R0,[R4, #+8]
    418          bufCoefBiquad[9]= 140;
   \   0000011A   0x208C             MOVS     R0,#+140
   \   0000011C   0x7260             STRB     R0,[R4, #+9]
    419          bufCoefBiquad[10]= 42;
   \   0000011E   0x202A             MOVS     R0,#+42
   \   00000120   0x72A0             STRB     R0,[R4, #+10]
    420          bufCoefBiquad[11]= 203;
   \   00000122   0x20CB             MOVS     R0,#+203
   \   00000124   0x72E0             STRB     R0,[R4, #+11]
    421          bufCoefBiquad[12]= 10;
   \   00000126   0x200A             MOVS     R0,#+10
   \   00000128   0x7320             STRB     R0,[R4, #+12]
    422          bufCoefBiquad[13]= 90;
   \   0000012A   0x205A             MOVS     R0,#+90
   \   0000012C   0x7360             STRB     R0,[R4, #+13]
    423          bufCoefBiquad[14]= 196;
   \   0000012E   0x20C4             MOVS     R0,#+196
   \   00000130   0x73A0             STRB     R0,[R4, #+14]
    424          WriteCoef(0x014, bufCoefBiquad);
   \   00000132   0x4621             MOV      R1,R4
   \   00000134   0x2014             MOVS     R0,#+20
   \   00000136   0x.... 0x....      BL       WriteCoef
    425          bufCoefBiquad[0]= 240;
   \   0000013A   0x20F0             MOVS     R0,#+240
   \   0000013C   0x7020             STRB     R0,[R4, #+0]
    426          bufCoefBiquad[1]= 41;
   \   0000013E   0x2029             MOVS     R0,#+41
   \   00000140   0x7060             STRB     R0,[R4, #+1]
    427          bufCoefBiquad[2]= 185;
   \   00000142   0x20B9             MOVS     R0,#+185
   \   00000144   0x70A0             STRB     R0,[R4, #+2]
    428          bufCoefBiquad[3]= 20;
   \   00000146   0x2014             MOVS     R0,#+20
   \   00000148   0x70E0             STRB     R0,[R4, #+3]
    429          bufCoefBiquad[4]= 181;
   \   0000014A   0x20B5             MOVS     R0,#+181
   \   0000014C   0x7120             STRB     R0,[R4, #+4]
    430          bufCoefBiquad[5]= 137;
   \   0000014E   0x2089             MOVS     R0,#+137
   \   00000150   0x7160             STRB     R0,[R4, #+5]
    431          bufCoefBiquad[6]= 104;
   \   00000152   0x2068             MOVS     R0,#+104
   \   00000154   0x71A0             STRB     R0,[R4, #+6]
    432          bufCoefBiquad[7]= 197;
   \   00000156   0x20C5             MOVS     R0,#+197
   \   00000158   0x71E0             STRB     R0,[R4, #+7]
    433          bufCoefBiquad[8]= 171;
   \   0000015A   0x20AB             MOVS     R0,#+171
   \   0000015C   0x7220             STRB     R0,[R4, #+8]
    434          bufCoefBiquad[9]= 134;
   \   0000015E   0x2086             MOVS     R0,#+134
   \   00000160   0x7260             STRB     R0,[R4, #+9]
    435          bufCoefBiquad[10]= 23;
   \   00000162   0x2017             MOVS     R0,#+23
   \   00000164   0x72A0             STRB     R0,[R4, #+10]
    436          bufCoefBiquad[11]= 214;
   \   00000166   0x20D6             MOVS     R0,#+214
   \   00000168   0x72E0             STRB     R0,[R4, #+11]
    437          bufCoefBiquad[12]= 10;
   \   0000016A   0x200A             MOVS     R0,#+10
   \   0000016C   0x7320             STRB     R0,[R4, #+12]
    438          bufCoefBiquad[13]= 90;
   \   0000016E   0x205A             MOVS     R0,#+90
   \   00000170   0x7360             STRB     R0,[R4, #+13]
    439          bufCoefBiquad[14]= 196;
   \   00000172   0x20C4             MOVS     R0,#+196
   \   00000174   0x73A0             STRB     R0,[R4, #+14]
    440          WriteCoef(0x019, bufCoefBiquad);
   \   00000176   0x4621             MOV      R1,R4
   \   00000178   0x2019             MOVS     R0,#+25
   \   0000017A   0x.... 0x....      BL       WriteCoef
    441          bufCoefBiquad[0]= 239;
   \   0000017E   0x20EF             MOVS     R0,#+239
   \   00000180   0x7020             STRB     R0,[R4, #+0]
    442          bufCoefBiquad[1]= 221;
   \   00000182   0x20DD             MOVS     R0,#+221
   \   00000184   0x7060             STRB     R0,[R4, #+1]
    443          bufCoefBiquad[2]= 94;
   \   00000186   0x205E             MOVS     R0,#+94
   \   00000188   0x70A0             STRB     R0,[R4, #+2]
    444          bufCoefBiquad[3]= 20;
   \   0000018A   0x2014             MOVS     R0,#+20
   \   0000018C   0x70E0             STRB     R0,[R4, #+3]
    445          bufCoefBiquad[4]= 181;
   \   0000018E   0x20B5             MOVS     R0,#+181
   \   00000190   0x7120             STRB     R0,[R4, #+4]
    446          bufCoefBiquad[5]= 137;
   \   00000192   0x2089             MOVS     R0,#+137
   \   00000194   0x7160             STRB     R0,[R4, #+5]
    447          bufCoefBiquad[6]= 105;
   \   00000196   0x2069             MOVS     R0,#+105
   \   00000198   0x71A0             STRB     R0,[R4, #+6]
    448          bufCoefBiquad[7]= 97;
   \   0000019A   0x2061             MOVS     R0,#+97
   \   0000019C   0x71E0             STRB     R0,[R4, #+7]
    449          bufCoefBiquad[8]= 227;
   \   0000019E   0x20E3             MOVS     R0,#+227
   \   000001A0   0x7220             STRB     R0,[R4, #+8]
    450          bufCoefBiquad[9]= 129;
   \   000001A2   0x2081             MOVS     R0,#+129
   \   000001A4   0x7260             STRB     R0,[R4, #+9]
    451          bufCoefBiquad[10]= 213;
   \   000001A6   0x20D5             MOVS     R0,#+213
   \   000001A8   0x72A0             STRB     R0,[R4, #+10]
    452          bufCoefBiquad[11]= 134;
   \   000001AA   0x2086             MOVS     R0,#+134
   \   000001AC   0x72E0             STRB     R0,[R4, #+11]
    453          bufCoefBiquad[12]= 10;
   \   000001AE   0x200A             MOVS     R0,#+10
   \   000001B0   0x7320             STRB     R0,[R4, #+12]
    454          bufCoefBiquad[13]= 90;
   \   000001B2   0x205A             MOVS     R0,#+90
   \   000001B4   0x7360             STRB     R0,[R4, #+13]
    455          bufCoefBiquad[14]= 196;
   \   000001B6   0x20C4             MOVS     R0,#+196
   \   000001B8   0x73A0             STRB     R0,[R4, #+14]
    456          WriteCoef(0x01e, bufCoefBiquad);
   \   000001BA   0x4621             MOV      R1,R4
   \   000001BC   0x201E             MOVS     R0,#+30
   \   000001BE   0xB004             ADD      SP,SP,#+16
   \   000001C0   0xE8BD 0x4010      POP      {R4,LR}
   \   000001C4                      REQUIRE WriteCoef
   \   000001C4                      ;; // Fall through to label WriteCoef
    457          }
    458          

   \                                 In section .text, align 2, keep-with-next
    459          void WriteCoef(uint16_t Adrss, uint8_t * BufData)
    460          {
   \                     WriteCoef: (+1)
   \   00000000   0xE92D 0x41F0      PUSH     {R4-R8,LR}
   \   00000004   0x4606             MOV      R6,R0
   \   00000006   0x460C             MOV      R4,R1
    461          //1. Write the top 2 bits of starting address to I2C register 0x3B
    462          pcSTAComnd[0] = (Adrss>>8)&0x03;
   \   00000008   0x....             LDR.N    R5,??DataTable7_1
   \   0000000A   0x0A00             LSRS     R0,R0,#+8
   \   0000000C   0xF000 0x0003      AND      R0,R0,#0x3
   \   00000010   0x7028             STRB     R0,[R5, #+0]
    463          WriteSTAByte(0x3B,&pcSTAComnd[0],1);
   \   00000012   0x2201             MOVS     R2,#+1
   \   00000014   0x4629             MOV      R1,R5
   \   00000016   0x203B             MOVS     R0,#+59
   \   00000018   0x.... 0x....      BL       WriteSTAByte
    464          
    465          //2. Write the bottom 8 bits of starting address to I2C register 0x3C
    466          pcSTAComnd[0] = (Adrss);
   \   0000001C   0x702E             STRB     R6,[R5, #+0]
    467          WriteSTAByte(0x3C,&pcSTAComnd[0],1);
   \   0000001E   0x2201             MOVS     R2,#+1
   \   00000020   0x4629             MOV      R1,R5
   \   00000022   0x203C             MOVS     R0,#+60
   \   00000024   0x.... 0x....      BL       WriteSTAByte
    468          
    469          //3. Write the top 8 bits of coefficient b1 in I2C address 0x3D
    470          //4. Write the middle 8 bits of coefficient b1 in I2C address 0x3E
    471          //5. Write the bottom 8 bits of coefficient b1 in I2C address 0x3F
    472          //6. Write the top 8 bits of coefficient b2 in I2C address 0x40
    473          //7. Write the middle 8-bits of coefficient b2 in I2C address 0x41
    474          //8. Write the bottom 8 bits of coefficient b2 in I2C address 0x42
    475          //9. Write the top 8 bits of coefficient a1 in I2C address 0x43
    476          //10. Write the middle 8 bits of coefficient a1 in I2C address 0x44
    477          //11. Write the bottom 8 bits of coefficient a1 in I2C address 0x45
    478          //12. Write the top 8 bits of coefficient a2 in I2C address 0x46
    479          //13. Write the middle 8 bits of coefficient a2 in I2C address 0x47
    480          //14. Write the bottom 8 bits of coefficient a2 in I2C address 0x48
    481          //15. Write the top 8-bits of coefficient b0 in I2C address 0x49
    482          //16. Write the middle 8 bits of coefficient b0 in I2C address 0x4A
    483          //17. Write the bottom 8 bits of coefficient b0 in I2C address 0x4B
    484          //WriteSTAByte(0x3D,BufData,15);
    485          
    486          for (uint8_t idxCoef=0; idxCoef < 5; idxCoef++)
   \   00000028   0x2600             MOVS     R6,#+0
   \   0000002A   0xE022             B.N      ??WriteCoef_0
    487          {
    488          	//3. Write the top 8 bits of coefficient in I2C address 0x3D
    489          	//pcSTAComnd[0] = (uint8_t)((BufData[idxCoef] & 0x00FF0000)>>16);
    490              pcSTAComnd[0] = BufData[0+idxCoef*3];
   \                     ??WriteCoef_1: (+1)
   \   0000002C   0xEB06 0x0746      ADD      R7,R6,R6, LSL #+1
   \   00000030   0xEB07 0x0804      ADD      R8,R7,R4
   \   00000034   0xF898 0x0000      LDRB     R0,[R8, #+0]
   \   00000038   0x7028             STRB     R0,[R5, #+0]
    491          	WriteSTAByte(0x3D+idxCoef*3,&pcSTAComnd[0],1);
   \   0000003A   0x2201             MOVS     R2,#+1
   \   0000003C   0x4629             MOV      R1,R5
   \   0000003E   0xF107 0x003D      ADD      R0,R7,#+61
   \   00000042   0xB2C0             UXTB     R0,R0
   \   00000044   0x.... 0x....      BL       WriteSTAByte
    492          
    493          	//4. Write the middle 8 bits of coefficient in I2C address 0x3E
    494          	//pcSTAComnd[0] = (uint8_t)(((BufData[idxCoef]  & 0x0000FF00)>>8);
    495          	pcSTAComnd[0] = BufData[1+idxCoef*3];
   \   00000048   0xF898 0x0001      LDRB     R0,[R8, #+1]
   \   0000004C   0x7028             STRB     R0,[R5, #+0]
    496          	WriteSTAByte(0x3E+idxCoef*3,&pcSTAComnd[0],1);
   \   0000004E   0x2201             MOVS     R2,#+1
   \   00000050   0x4629             MOV      R1,R5
   \   00000052   0xF107 0x003E      ADD      R0,R7,#+62
   \   00000056   0xB2C0             UXTB     R0,R0
   \   00000058   0x.... 0x....      BL       WriteSTAByte
    497          
    498          	//5. Write the bottom 8 bits of coefficient in I2C address 0x3F
    499          	//pcSTAComnd[0] = (uint8_t)(((BufData[idxCoef]  & 0x000000FF));
    500          	pcSTAComnd[0] = BufData[2+idxCoef*3];
   \   0000005C   0xF898 0x0002      LDRB     R0,[R8, #+2]
   \   00000060   0x7028             STRB     R0,[R5, #+0]
    501          	WriteSTAByte(0x3F+idxCoef*3,&pcSTAComnd[0],1);
   \   00000062   0x2201             MOVS     R2,#+1
   \   00000064   0x4629             MOV      R1,R5
   \   00000066   0xF107 0x003F      ADD      R0,R7,#+63
   \   0000006A   0xB2C0             UXTB     R0,R0
   \   0000006C   0x.... 0x....      BL       WriteSTAByte
    502          }
   \   00000070   0x1C76             ADDS     R6,R6,#+1
   \                     ??WriteCoef_0: (+1)
   \   00000072   0x2E05             CMP      R6,#+5
   \   00000074   0xDBDA             BLT.N    ??WriteCoef_1
    503          
    504          
    505          
    506          //18. Write 1 to the WA bit in I2C address 0x4C
    507          pcSTAComnd[0] = 0x02;
   \   00000076   0x2002             MOVS     R0,#+2
   \   00000078   0x7028             STRB     R0,[R5, #+0]
    508          WriteSTAByte(0x4C,&pcSTAComnd[0],1);
   \   0000007A   0x2201             MOVS     R2,#+1
   \   0000007C   0x4629             MOV      R1,R5
   \   0000007E   0x204C             MOVS     R0,#+76
   \   00000080   0xE8BD 0x41F0      POP      {R4-R8,LR}
   \   00000084   0x....             B.N      WriteSTAByte
    509          
    510          }
    511          

   \                                 In section .text, align 2, keep-with-next
    512          void ReadCoef(uint16_t Adrss, uint8_t * BufData)
    513          {
   \                     ReadCoef: (+1)
   \   00000000   0xB570             PUSH     {R4-R6,LR}
   \   00000002   0x4604             MOV      R4,R0
   \   00000004   0x460D             MOV      R5,R1
    514          //1. Write the top 2 bits of starting address to I2C register 0x3B
    515          pcSTAComnd[0] = (Adrss>>8)&0x03;
   \   00000006   0x....             LDR.N    R6,??DataTable7_1
   \   00000008   0x0A00             LSRS     R0,R0,#+8
   \   0000000A   0xF000 0x0003      AND      R0,R0,#0x3
   \   0000000E   0x7030             STRB     R0,[R6, #+0]
    516          WriteSTAByte(0x3B,&pcSTAComnd[0],1);
   \   00000010   0x2201             MOVS     R2,#+1
   \   00000012   0x4631             MOV      R1,R6
   \   00000014   0x203B             MOVS     R0,#+59
   \   00000016   0x.... 0x....      BL       WriteSTAByte
    517          
    518          //2. Write the bottom 8 bits of starting address to I2C register 0x3C
    519          pcSTAComnd[0] = (Adrss);
   \   0000001A   0x7034             STRB     R4,[R6, #+0]
    520          WriteSTAByte(0x3C,&pcSTAComnd[0],1);
   \   0000001C   0x2201             MOVS     R2,#+1
   \   0000001E   0x4631             MOV      R1,R6
   \   00000020   0x203C             MOVS     R0,#+60
   \   00000022   0x.... 0x....      BL       WriteSTAByte
    521          
    522          ReadSTASeq(0x3D,BufData,3);
   \   00000026   0x2203             MOVS     R2,#+3
   \   00000028   0x4629             MOV      R1,R5
   \   0000002A   0x203D             MOVS     R0,#+61
   \   0000002C   0xE8BD 0x4070      POP      {R4-R6,LR}
   \   00000030   0x....             B.N      ReadSTASeq
    523          
    524          }
    525          
    526          

   \                                 In section .text, align 2, keep-with-next
    527          void SetCoefValue(uint16_t Adrss, uint32_t DataCoef)
    528          {
   \                     SetCoefValue: (+1)
   \   00000000   0xB570             PUSH     {R4-R6,LR}
   \   00000002   0x4605             MOV      R5,R0
   \   00000004   0x460E             MOV      R6,R1
    529          //1. Write the top 2 bits of address to I2C register 0x3B
    530          pcSTAComnd[0] = (Adrss>>8)&0x03;
   \   00000006   0x....             LDR.N    R4,??DataTable7_1
   \   00000008   0x0A00             LSRS     R0,R0,#+8
   \   0000000A   0xF000 0x0003      AND      R0,R0,#0x3
   \   0000000E   0x7020             STRB     R0,[R4, #+0]
    531          WriteSTAByte(0x3B,&pcSTAComnd[0],1);
   \   00000010   0x2201             MOVS     R2,#+1
   \   00000012   0x4621             MOV      R1,R4
   \   00000014   0x203B             MOVS     R0,#+59
   \   00000016   0x.... 0x....      BL       WriteSTAByte
    532          
    533          //2. Write the bottom 8 bits of address to I2C register 0x3C
    534          pcSTAComnd[0] = (Adrss);
   \   0000001A   0x7025             STRB     R5,[R4, #+0]
    535          WriteSTAByte(0x3C,&pcSTAComnd[0],1);
   \   0000001C   0x2201             MOVS     R2,#+1
   \   0000001E   0x4621             MOV      R1,R4
   \   00000020   0x203C             MOVS     R0,#+60
   \   00000022   0x.... 0x....      BL       WriteSTAByte
    536          
    537          //3. Write the top 8 bits of coefficient in I2C address 0x3D
    538          pcSTAComnd[0] = (uint8_t)((DataCoef & 0x00FF0000)>>16);
   \   00000026   0x0C30             LSRS     R0,R6,#+16
   \   00000028   0x7020             STRB     R0,[R4, #+0]
    539          WriteSTAByte(0x3D,&pcSTAComnd[0],1);
   \   0000002A   0x2201             MOVS     R2,#+1
   \   0000002C   0x4621             MOV      R1,R4
   \   0000002E   0x203D             MOVS     R0,#+61
   \   00000030   0x.... 0x....      BL       WriteSTAByte
    540          
    541          //4. Write the middle 8 bits of coefficient in I2C address 0x3E
    542          pcSTAComnd[0] = (uint8_t)((DataCoef & 0x0000FF00)>>8);
   \   00000034   0x0A30             LSRS     R0,R6,#+8
   \   00000036   0x7020             STRB     R0,[R4, #+0]
    543          WriteSTAByte(0x3E,&pcSTAComnd[0],1);
   \   00000038   0x2201             MOVS     R2,#+1
   \   0000003A   0x4621             MOV      R1,R4
   \   0000003C   0x203E             MOVS     R0,#+62
   \   0000003E   0x.... 0x....      BL       WriteSTAByte
    544          
    545          //5. Write the bottom 8 bits of coefficient in I2C address 0x3F
    546          pcSTAComnd[0] = (uint8_t)((DataCoef & 0x000000FF));
   \   00000042   0x7026             STRB     R6,[R4, #+0]
    547          WriteSTAByte(0x3F,&pcSTAComnd[0],1);
   \   00000044   0x2201             MOVS     R2,#+1
   \   00000046   0x4621             MOV      R1,R4
   \   00000048   0x203F             MOVS     R0,#+63
   \   0000004A   0x.... 0x....      BL       WriteSTAByte
    548          
    549          
    550          //6. Write 1 to the W1 bit in I2C address 0x4C
    551          pcSTAComnd[0] = 0x01;
   \   0000004E   0x2001             MOVS     R0,#+1
   \   00000050   0x7020             STRB     R0,[R4, #+0]
    552          WriteSTAByte(0x4C,&pcSTAComnd[0],1);
   \   00000052   0x4602             MOV      R2,R0
   \   00000054   0x4621             MOV      R1,R4
   \   00000056   0x204C             MOVS     R0,#+76
   \   00000058   0xE8BD 0x4070      POP      {R4-R6,LR}
   \   0000005C   0x....             B.N      WriteSTAByte
    553          
    554          }
    555          
    556          

   \                                 In section .text, align 2, keep-with-next
    557          static void sta321mp_mixer( int16_t mix, int16_t ch_out, int16_t ch_in, uint32_t value)
    558          {
   \                     sta321mp_mixer: (+1)
   \   00000000   0xB418             PUSH     {R3,R4}
   \   00000002   0x460C             MOV      R4,R1
   \   00000004   0x4619             MOV      R1,R3
    559              uint16_t address = 0x1A0 + 64*(mix-1) + 8*(ch_out-1) + (ch_in-1);
    560          
    561          	SetCoefValue(address,value);	
   \   00000006   0x00E3             LSLS     R3,R4,#+3
   \   00000008   0xEB03 0x1080      ADD      R0,R3,R0, LSL #+6
   \   0000000C   0x1810             ADDS     R0,R2,R0
   \   0000000E   0xF200 0x1057      ADDW     R0,R0,#+343
   \   00000012   0xB280             UXTH     R0,R0
   \   00000014   0xBC14             POP      {R2,R4}
   \   00000016   0x....             B.N      SetCoefValue
    562          }
    563          

   \                                 In section .text, align 2, keep-with-next
    564          static void sta321mp_prescale(int16_t ch, uint32_t val)
    565          {
    566            unsigned int address = 0x190 + (ch-1);
    567            SetCoefValue(address, val);
   \                     sta321mp_prescale: (+1)
   \   00000000   0xF200 0x108F      ADDW     R0,R0,#+399
   \   00000004   0xB280             UXTH     R0,R0
   \   00000006   0x....             B.N      SetCoefValue
    568          }
    569          
    570          

   \                                 In section .text, align 2, keep-with-next
    571          static void sta321mp_postscale(int16_t ch, uint32_t val)
    572          {
    573            uint16_t address = 0x198 + (ch-1);
    574            SetCoefValue(address, val);
   \                     sta321mp_postscale: (+1)
   \   00000000   0xF200 0x1097      ADDW     R0,R0,#+407
   \   00000004   0xB280             UXTH     R0,R0
   \   00000006   0x....             B.N      SetCoefValue
    575          }
    576          
    577          /* set the biquad coefficients in RAM */

   \                                 In section .text, align 2, keep-with-next
    578          static void sta321mp_biquad(int16_t channel, int16_t biquad, 
    579                                      uint32_t b1_2, uint32_t b2, uint32_t a1_2, uint32_t a2, uint32_t b0_2)
    580          {
   \                     sta321mp_biquad: (+1)
   \   00000000   0xB5F8             PUSH     {R3-R7,LR}
   \   00000002   0x4614             MOV      R4,R2
   \   00000004   0x461D             MOV      R5,R3
    581          
    582             uint16_t Adrss = 50*(channel-1) + 5*(biquad-1);
   \   00000006   0x1E40             SUBS     R0,R0,#+1
   \   00000008   0x2232             MOVS     R2,#+50
   \   0000000A   0x1E49             SUBS     R1,R1,#+1
   \   0000000C   0xEB01 0x0181      ADD      R1,R1,R1, LSL #+2
   \   00000010   0xFB02 0x1700      MLA      R7,R2,R0,R1
   \   00000014   0xB2BF             UXTH     R7,R7
    583          
    584          	//1. Write the top 2 bits of address to I2C register 0x3B
    585          	pcSTAComnd[0] = (Adrss>>8)&0x03;
   \   00000016   0x....             LDR.N    R6,??DataTable7_1
   \   00000018   0x1238             ASRS     R0,R7,#+8
   \   0000001A   0xF000 0x0003      AND      R0,R0,#0x3
   \   0000001E   0x7030             STRB     R0,[R6, #+0]
    586          	WriteSTAByte(0x3B,&pcSTAComnd[0],1);
   \   00000020   0x2201             MOVS     R2,#+1
   \   00000022   0x4631             MOV      R1,R6
   \   00000024   0x203B             MOVS     R0,#+59
   \   00000026   0x.... 0x....      BL       WriteSTAByte
    587          	
    588          	//2. Write the bottom 8 bits of address to I2C register 0x3C
    589          	pcSTAComnd[0] = (Adrss);
   \   0000002A   0x7037             STRB     R7,[R6, #+0]
    590          	WriteSTAByte(0x3C,&pcSTAComnd[0],1);
   \   0000002C   0x2201             MOVS     R2,#+1
   \   0000002E   0x4631             MOV      R1,R6
   \   00000030   0x203C             MOVS     R0,#+60
   \   00000032   0x.... 0x....      BL       WriteSTAByte
    591          
    592              pcSTAComnd[0]= 0xFF & (b1_2 >> 16);
   \   00000036   0x0C20             LSRS     R0,R4,#+16
   \   00000038   0x7030             STRB     R0,[R6, #+0]
    593          	WriteSTAByte(0x3D,&pcSTAComnd[0],1);
   \   0000003A   0x2201             MOVS     R2,#+1
   \   0000003C   0x4631             MOV      R1,R6
   \   0000003E   0x203D             MOVS     R0,#+61
   \   00000040   0x.... 0x....      BL       WriteSTAByte
    594          
    595          	
    596              pcSTAComnd[0]= 0xFF & (b1_2 >> 8);
   \   00000044   0x0A20             LSRS     R0,R4,#+8
   \   00000046   0x7030             STRB     R0,[R6, #+0]
    597          	WriteSTAByte(0x3E,&pcSTAComnd[0],1  );
   \   00000048   0x2201             MOVS     R2,#+1
   \   0000004A   0x4631             MOV      R1,R6
   \   0000004C   0x203E             MOVS     R0,#+62
   \   0000004E   0x.... 0x....      BL       WriteSTAByte
    598          	
    599              pcSTAComnd[0]= 0xFF & b1_2;
   \   00000052   0x7034             STRB     R4,[R6, #+0]
    600          	WriteSTAByte(0x3F, &pcSTAComnd[0],1 );
   \   00000054   0x2201             MOVS     R2,#+1
   \   00000056   0x4631             MOV      R1,R6
   \   00000058   0x203F             MOVS     R0,#+63
   \   0000005A   0x.... 0x....      BL       WriteSTAByte
    601          	
    602              pcSTAComnd[0]= 0xFF & (b2 >> 16);
   \   0000005E   0x0C28             LSRS     R0,R5,#+16
   \   00000060   0x7030             STRB     R0,[R6, #+0]
    603          	WriteSTAByte(0x40, &pcSTAComnd[0],1 );
   \   00000062   0x2201             MOVS     R2,#+1
   \   00000064   0x4631             MOV      R1,R6
   \   00000066   0x2040             MOVS     R0,#+64
   \   00000068   0x.... 0x....      BL       WriteSTAByte
    604          	
    605              pcSTAComnd[0]= 0xFF & (b2 >> 8);
   \   0000006C   0x0A28             LSRS     R0,R5,#+8
   \   0000006E   0x7030             STRB     R0,[R6, #+0]
    606          	WriteSTAByte(0x41, &pcSTAComnd[0],1 );
   \   00000070   0x2201             MOVS     R2,#+1
   \   00000072   0x4631             MOV      R1,R6
   \   00000074   0x2041             MOVS     R0,#+65
   \   00000076   0x.... 0x....      BL       WriteSTAByte
    607          	
    608              pcSTAComnd[0]= 0xFF & b2;
   \   0000007A   0x7035             STRB     R5,[R6, #+0]
    609          	WriteSTAByte( 0x42,&pcSTAComnd[0],1 );
   \   0000007C   0x2201             MOVS     R2,#+1
   \   0000007E   0x4631             MOV      R1,R6
   \   00000080   0x2042             MOVS     R0,#+66
   \   00000082   0x.... 0x....      BL       WriteSTAByte
   \   00000086   0x9C06             LDR      R4,[SP, #+24]
    610          	
    611              pcSTAComnd[0]= 0xFF & (a1_2 >> 16);
   \   00000088   0x0C20             LSRS     R0,R4,#+16
   \   0000008A   0x7030             STRB     R0,[R6, #+0]
    612          	WriteSTAByte( 0x43, &pcSTAComnd[0],1 );
   \   0000008C   0x2201             MOVS     R2,#+1
   \   0000008E   0x4631             MOV      R1,R6
   \   00000090   0x2043             MOVS     R0,#+67
   \   00000092   0x.... 0x....      BL       WriteSTAByte
    613          	
    614              pcSTAComnd[0]= 0xFF & (a1_2 >> 8);
   \   00000096   0x0A20             LSRS     R0,R4,#+8
   \   00000098   0x7030             STRB     R0,[R6, #+0]
    615          	WriteSTAByte( 0x44,  &pcSTAComnd[0],1);
   \   0000009A   0x2201             MOVS     R2,#+1
   \   0000009C   0x4631             MOV      R1,R6
   \   0000009E   0x2044             MOVS     R0,#+68
   \   000000A0   0x.... 0x....      BL       WriteSTAByte
    616          	
    617              pcSTAComnd[0]= 0xFF & a1_2;
   \   000000A4   0x7034             STRB     R4,[R6, #+0]
    618          	WriteSTAByte( 0x45, &pcSTAComnd[0],1 );
   \   000000A6   0x2201             MOVS     R2,#+1
   \   000000A8   0x4631             MOV      R1,R6
   \   000000AA   0x2045             MOVS     R0,#+69
   \   000000AC   0x.... 0x....      BL       WriteSTAByte
   \   000000B0   0x9C07             LDR      R4,[SP, #+28]
    619          	
    620              pcSTAComnd[0]= 0xFF & (a2 >> 16);
   \   000000B2   0x0C20             LSRS     R0,R4,#+16
   \   000000B4   0x7030             STRB     R0,[R6, #+0]
    621          	WriteSTAByte( 0x46, &pcSTAComnd[0],1 );
   \   000000B6   0x2201             MOVS     R2,#+1
   \   000000B8   0x4631             MOV      R1,R6
   \   000000BA   0x2046             MOVS     R0,#+70
   \   000000BC   0x.... 0x....      BL       WriteSTAByte
    622          
    623              pcSTAComnd[0]=  0xFF & (a2 >> 8);
   \   000000C0   0x0A20             LSRS     R0,R4,#+8
   \   000000C2   0x7030             STRB     R0,[R6, #+0]
    624          	WriteSTAByte( 0x47, &pcSTAComnd[0],1);
   \   000000C4   0x2201             MOVS     R2,#+1
   \   000000C6   0x4631             MOV      R1,R6
   \   000000C8   0x2047             MOVS     R0,#+71
   \   000000CA   0x.... 0x....      BL       WriteSTAByte
    625          	
    626              pcSTAComnd[0]= 0xFF & a2;
   \   000000CE   0x7034             STRB     R4,[R6, #+0]
    627          	WriteSTAByte( 0x48, &pcSTAComnd[0],1 );
   \   000000D0   0x2201             MOVS     R2,#+1
   \   000000D2   0x4631             MOV      R1,R6
   \   000000D4   0x2048             MOVS     R0,#+72
   \   000000D6   0x.... 0x....      BL       WriteSTAByte
   \   000000DA   0x9C08             LDR      R4,[SP, #+32]
    628          	
    629              pcSTAComnd[0]= 0xFF & (b0_2 >> 16);
   \   000000DC   0x0C20             LSRS     R0,R4,#+16
   \   000000DE   0x7030             STRB     R0,[R6, #+0]
    630          	WriteSTAByte( 0x49, &pcSTAComnd[0],1 );
   \   000000E0   0x2201             MOVS     R2,#+1
   \   000000E2   0x4631             MOV      R1,R6
   \   000000E4   0x2049             MOVS     R0,#+73
   \   000000E6   0x.... 0x....      BL       WriteSTAByte
    631          	
    632              pcSTAComnd[0]= 0xFF & (b0_2 >> 8);
   \   000000EA   0x0A20             LSRS     R0,R4,#+8
   \   000000EC   0x7030             STRB     R0,[R6, #+0]
    633          	WriteSTAByte( 0x4A, &pcSTAComnd[0],1 );
   \   000000EE   0x2201             MOVS     R2,#+1
   \   000000F0   0x4631             MOV      R1,R6
   \   000000F2   0x204A             MOVS     R0,#+74
   \   000000F4   0x.... 0x....      BL       WriteSTAByte
    634          	
    635              pcSTAComnd[0]= 0xFF & b0_2 ;
   \   000000F8   0x7034             STRB     R4,[R6, #+0]
    636          	WriteSTAByte( 0x4B,&pcSTAComnd[0],1 );
   \   000000FA   0x2201             MOVS     R2,#+1
   \   000000FC   0x4631             MOV      R1,R6
   \   000000FE   0x204B             MOVS     R0,#+75
   \   00000100   0x.... 0x....      BL       WriteSTAByte
    637          	
    638          	//18. Write 1 to the WA bit in I2C address 0x4C
    639          	pcSTAComnd[0] = 0x02;
   \   00000104   0x2002             MOVS     R0,#+2
   \   00000106   0x7030             STRB     R0,[R6, #+0]
    640          	WriteSTAByte(0x4C,&pcSTAComnd[0],1);
   \   00000108   0x2201             MOVS     R2,#+1
   \   0000010A   0x4631             MOV      R1,R6
   \   0000010C   0x204C             MOVS     R0,#+76
   \   0000010E   0xE8BD 0x40F8      POP      {R3-R7,LR}
   \   00000112   0x....             B.N      WriteSTAByte
    641          
    642          }
    643          
    644          
    645          static void sta321mp_LP_48kHz(void)
                             ^
Warning[Pe177]: function "sta321mp_LP_48kHz" was declared but never referenced
    646          {
    647            /*
    648             * This function sets the biquads as a 14th order elliptic
    649             * Low pass filter with cutoff at 40kHz
    650             */
    651            sta321mp_biquad( 1, 1, 0x000000, 0x000000, 0x000000, 0x000000,0x400000); 
    652            sta321mp_biquad( 1, 2,  0x2d7d5e, 0x3faa84, 0x6599c4, 0xad9ed1,0x1fd542);
    653            sta321mp_biquad( 1, 3, 0xfcec16, 0x177b7b, 0x63c973, 0xa4b499,0xbbdbd);
    654            sta321mp_biquad( 1, 4, 0xf4caac, 0x177b7b, 0x616997, 0x98a93a,0xbbdbd);
    655            sta321mp_biquad( 1, 5, 0xf1c0e3, 0x177b7b, 0x5f9823, 0x8e691f,0xbbdbd);
    656            sta321mp_biquad( 1, 6, 0xf083cb, 0x177b7b, 0x5ec1ab, 0x873641,0xbbdbd);
    657            sta321mp_biquad( 1, 7, 0xf00d82, 0x177b7b, 0x5f0547, 0x822c2a,0xbbdbd);
    658            sta321mp_biquad( 1, 8, 0x000000, 0x000000, 0x000000, 0x000000,0x400000);
    659            sta321mp_biquad( 1, 9, 0x000000, 0x000000, 0x000000, 0x000000,0x400000);
    660            sta321mp_biquad( 1, 10,0x000000, 0x000000, 0x000000, 0x000000,0x400000);
    661          }
    662          
    663          static void sta321mp_LP_192kHz(void)
                             ^
Warning[Pe177]: function "sta321mp_LP_192kHz" was declared but never referenced
    664          {
    665            /*
    666             * This function sets the biquads as a 18th order butterworth
    667             * Low pass filter with cutoff at 40kHz
    668             */
    669            sta321mp_biquad(1, 2, 0x34417a, 0x34417a, 0x10e211, 0xfd899c,0x1a20bd);
    670            sta321mp_biquad(1, 3, 0x1be34f, 0x1be34f, 0x112371, 0xfb9073,0xdf1a7);
    671            sta321mp_biquad(1, 4, 0x1be34f, 0x1be34f, 0x11aa29, 0xf77f69,0xdf1a7);
    672            sta321mp_biquad(1, 5, 0x1be34f, 0x1be34f, 0x127eb2, 0xf1150f,0xdf1a7);
    673            sta321mp_biquad(1, 6, 0x1be34f, 0x1be34f, 0x13af2a, 0xe7e44f,0xdf1a7);
    674            sta321mp_biquad(1, 7, 0x1be34f, 0x1be34f, 0x155167, 0xdb446c,0xdf1a7);
    675            sta321mp_biquad(1, 8, 0x1be34f, 0x1be34f, 0x17867e, 0xca35c0,0xdf1a7);
    676            sta321mp_biquad(1, 9, 0x1be34f, 0x1be34f, 0x1a80c9, 0xb33334,0xdf1a7);
    677            sta321mp_biquad(1, 10, 0x1be34f, 0x1be34f, 0x1e8e71, 0x93e0cf,0xdf1a7);
    678          }
    679          
    680          

   \                                 In section .text, align 2, keep-with-next
    681          static void STA321MP_DefautLoad(void)
    682          {
   \                     STA321MP_DefautLoad: (+1)
   \   00000000   0xB510             PUSH     {R4,LR}
    683                WriteSTAByte(STA321MP_CONFA,pcSTAComnd,77);
   \   00000002   0x....             LDR.N    R4,??DataTable7_1
   \   00000004   0x224D             MOVS     R2,#+77
   \   00000006   0x4621             MOV      R1,R4
   \   00000008   0x2000             MOVS     R0,#+0
   \   0000000A   0x.... 0x....      BL       WriteSTAByte
    684                WriteSTAByte(0x5A,pcSTAComnd1,2);
   \   0000000E   0x2202             MOVS     R2,#+2
   \   00000010   0xF104 0x0150      ADD      R1,R4,#+80
   \   00000014   0x205A             MOVS     R0,#+90
   \   00000016   0x.... 0x....      BL       WriteSTAByte
    685                WriteSTAByte(0x5D,pcSTAComnd2,33);
   \   0000001A   0x2221             MOVS     R2,#+33
   \   0000001C   0xF104 0x0154      ADD      R1,R4,#+84
   \   00000020   0x205D             MOVS     R0,#+93
   \   00000022   0x.... 0x....      BL       WriteSTAByte
    686          	  WriteSTAByte(0x80,pcSTAComnd2,6);
   \   00000026   0x2206             MOVS     R2,#+6
   \   00000028   0xF104 0x0154      ADD      R1,R4,#+84
   \   0000002C   0x2080             MOVS     R0,#+128
   \   0000002E   0xE8BD 0x4010      POP      {R4,LR}
   \   00000032   0x....             B.N      WriteSTAByte
    687          	  
    688          }

   \                                 In section .text, align 4, keep-with-next
   \                     ??DataTable7:
   \   00000000   0x40021000         DC32     0x40021000

   \                                 In section .text, align 4, keep-with-next
   \                     ??DataTable7_1:
   \   00000000   0x........         DC32     pcSTAComnd

   \                                 In section .text, align 4, keep-with-next
   \                     ??DataTable7_2:
   \   00000000   0x007FFFFF         DC32     0x7fffff

   \                                 In section .text, align 4, keep-with-next
   \                     ??DataTable7_3:
   \   00000000   0x........         DC32     hi2c2

   \                                 In section .text, align 4, keep-with-next
   \                     ??DataTable7_4:
   \   00000000   0x003FE1D2         DC32     0x3fe1d2

   \                                 In section .text, align 4, keep-with-next
   \                     ??DataTable7_5:
   \   00000000   0x0080789B         DC32     0x80789b

   \                                 In section .text, align 4, keep-with-next
   \                     ??DataTable7_6:
   \   00000000   0x007FC396         DC32     0x7fc396

   \                                 In section .text, align 4, keep-with-next
   \                     ??DataTable7_7:
   \   00000000   0x007FC3A4         DC32     0x7fc3a4

   \                                 In section .text, align 4, keep-with-next
   \                     ??DataTable7_8:
   \   00000000   0x00803C5C         DC32     0x803c5c

   \                                 In section .text, align 4, keep-with-next
   \                     ??DataTable7_9:
   \   00000000   0x........         DC32     bufCoefBiquad
    689          

   Maximum stack usage in bytes:

   .cstack Function
   ------- --------
      16   ReadCoef
         0   -> ReadSTASeq
        16   -> WriteSTAByte
      24   ReadSTASeq
        24   -> HAL_I2C_Master_Receive
        24   -> HAL_I2C_Master_Transmit
       8   STA321MP_DefautLoad
         0   -> WriteSTAByte
         8   -> WriteSTAByte
      16   STA321MP_Ini
        16   -> HAL_Delay
        16   -> HAL_GPIO_WritePin
        16   -> STA321MP_DefautLoad
         0   -> STACoefSet
        16   -> WriteSTAByte
        16   -> sta321mp_mixer
        16   -> sta321mp_postscale
        16   -> sta321mp_prescale
      24   STACoefSet
         0   -> WriteCoef
        24   -> WriteCoef
        24   -> sta321mp_biquad
      16   SetCoefValue
         0   -> WriteSTAByte
        16   -> WriteSTAByte
      24   WriteCoef
         0   -> WriteSTAByte
        24   -> WriteSTAByte
      32   WriteSTAByte
        32   -> HAL_I2C_Master_Transmit
         0   -> free
        32   -> malloc
      24   sta321mp_biquad
         0   -> WriteSTAByte
        24   -> WriteSTAByte
       8   sta321mp_mixer
         0   -> SetCoefValue
       0   sta321mp_postscale
         0   -> SetCoefValue
       0   sta321mp_prescale
         0   -> SetCoefValue


   Section sizes:

   Bytes  Function/Label
   -----  --------------
       4  ??DataTable7
       4  ??DataTable7_1
       4  ??DataTable7_2
       4  ??DataTable7_3
       4  ??DataTable7_4
       4  ??DataTable7_5
       4  ??DataTable7_6
       4  ??DataTable7_7
       4  ??DataTable7_8
       4  ??DataTable7_9
      50  ReadCoef
      58  ReadSTASeq
      52  STA321MP_DefautLoad
     414  STA321MP_Ini
     452  STACoefSet
      94  SetCoefValue
     134  WriteCoef
      88  WriteSTAByte
      16  bufCoefBiquad
     120  pcSTAComnd
          pcSTAComnd1
          pcSTAComnd2
       8  pcSTAComnd3
     276  sta321mp_biquad
      24  sta321mp_mixer
       8  sta321mp_postscale
       8  sta321mp_prescale

 
    16 bytes in section .bss
   128 bytes in section .data
 1 698 bytes in section .text
 
 1 698 bytes of CODE memory
   144 bytes of DATA memory

Errors: none
Warnings: 2
