###############################################################################
#                                                                             #
#     IAR Assembler V7.50.2.10312/W32 for ARM 12/Apr/2016  09:34:49           #
#     Copyright 1999-2015 IAR Systems AB.                                     #
#                                                                             #
#           Source file   =  D:\sop1hc\Github\data\Mic_Array_V00\USB_STREAMING\Mic_Array\Projects\STM32746G\Applications\Audio\Mic_Array\EWARM\startup_stm32f746xx.s#
#           List file     =  D:\sop1hc\Github\data\Mic_Array_V00\USB_STREAMING\Mic_Array\Projects\STM32746G\Applications\Audio\Mic_Array\EWARM\STM32F7\List\startup_stm32f746xx.lst#
#           Object file   =  D:\sop1hc\Github\data\Mic_Array_V00\USB_STREAMING\Mic_Array\Projects\STM32746G\Applications\Audio\Mic_Array\EWARM\STM32F7\Obj\startup_stm32f746xx.o#
#           Command line  =  D:\sop1hc\Github\data\Mic_Array_V00\USB_STREAMING\Mic_Array\Projects\STM32746G\Applications\Audio\Mic_Array\EWARM\startup_stm32f746xx.s #
#                            -OD:\sop1hc\Github\data\Mic_Array_V00\USB_STREAMING\Mic_Array\Projects\STM32746G\Applications\Audio\Mic_Array\EWARM\STM32F7\Obj #
#                            -s+ -M<> -w+ -r                                  #
#                            -LD:\sop1hc\Github\data\Mic_Array_V00\USB_STREAMING\Mic_Array\Projects\STM32746G\Applications\Audio\Mic_Array\EWARM\STM32F7\List #
#                            -t8 --cpu Cortex-M7 --fpu VFPv5_sp               #
#                                                                             #
###############################################################################

    1                           ;/******************** (C) COPYRIGHT 2015
                                 STMicroelectronics ********************
    2                           ;* File Name          : startup_stm32f746xx.s
    3                           ;* Author             : MCD Application
                                 Team
    4                           ;* Version            : V1.0.0
    5                           ;* Date               : 25-June-2015
    6                           ;* Description        : STM32F746xx devices
                                 vector table for EWARM toolchain.
    7                           ;*                      This module performs:
    8                           ;*                      - Set the initial
                                 SP
    9                           ;*                      - Set the initial PC
                                 == _iar_program_start,
   10                           ;*                      - Set the vector table
                                 entries with the exceptions ISR 
   11                           ;*                        address.
   12                           ;*                      - Branches to main in
                                 the C library (which eventually
   13                           ;*                        calls main()).
   14                           ;*                      After Reset the
                                 Cortex-M7 processor is in Thread mode,
   15                           ;*                      priority is Privileged
                                , and the Stack is set to Main.
   16                           ;*********************************************
                                ***********************************
   17                           ;* 
   18                           ;* Redistribution and use in source and binary
                                 forms, with or without modification,
   19                           ;* are permitted provided that the following
                                 conditions are met:
   20                           ;*   1. Redistributions of source code must
                                 retain the above copyright notice,
   21                           ;*      this list of conditions and the
                                 following disclaimer.
   22                           ;*   2. Redistributions in binary form must
                                 reproduce the above copyright notice,
   23                           ;*      this list of conditions and the
                                 following disclaimer in the documentation
   24                           ;*      and/or other materials provided with
                                 the distribution.
   25                           ;*   3. Neither the name of STMicroelectronics
                                 nor the names of its contributors
   26                           ;*      may be used to endorse or promote
                                 products derived from this software
   27                           ;*      without specific prior written
                                 permission.
   28                           ;*
   29                           ;* THIS SOFTWARE IS PROVIDED BY THE COPYRIGHT
                                 HOLDERS AND CONTRIBUTORS "AS IS"
   30                           ;* AND ANY EXPRESS OR IMPLIED WARRANTIES,
                                 INCLUDING, BUT NOT LIMITED TO, THE
   31                           ;* IMPLIED WARRANTIES OF MERCHANTABILITY AND
                                 FITNESS FOR A PARTICULAR PURPOSE ARE
   32                           ;* DISCLAIMED. IN NO EVENT SHALL THE COPYRIGHT
                                 HOLDER OR CONTRIBUTORS BE LIABLE
   33                           ;* FOR ANY DIRECT, INDIRECT, INCIDENTAL,
                                 SPECIAL, EXEMPLARY, OR CONSEQUENTIAL
   34                           ;* DAMAGES (INCLUDING, BUT NOT LIMITED TO,
                                 PROCUREMENT OF SUBSTITUTE GOODS OR
   35                           ;* SERVICES; LOSS OF USE, DATA, OR PROFITS; OR
                                 BUSINESS INTERRUPTION) HOWEVER
   36                           ;* CAUSED AND ON ANY THEORY OF LIABILITY,
                                 WHETHER IN CONTRACT, STRICT LIABILITY,
   37                           ;* OR TORT (INCLUDING NEGLIGENCE OR OTHERWISE)
                                 ARISING IN ANY WAY OUT OF THE USE
   38                           ;* OF THIS SOFTWARE, EVEN IF ADVISED OF THE
                                 POSSIBILITY OF SUCH DAMAGE.
   39                           ;* 
   40                           ;*********************************************
                                **********************************
   41                           ;
   42                           ;
   43                           ; The modules in this file are included in the
                                 libraries, and may be replaced
   44                           ; by any user-defined modules that define the
                                 PUBLIC symbol _program_start or
   45                           ; a user defined start symbol.
   46                           ; To override the cstartup defined in the
                                 library, simply add your modified
   47                           ; version to the workbench project.
   48                           ;
   49                           ; The vector table is normally located at
                                 address 0.
   50                           ; When debugging in RAM, it can be located in
                                 RAM, aligned to at least 2^6.
   51                           ; The name "__vector_table" has special
                                 meaning for C-SPY:
   52                           ; it is where the SP start value is found, and
                                 the NVIC vector
   53                           ; table register (VTOR) is initialized to this
                                 address if != 0.
   54                           ;
   55                           ; Cortex-M version
   56                           ;
   57                           
   58                                   MODULE  ?cstartup
   59                           
   60                                   ;; Forward declaration of sections.
   61                                   SECTION CSTACK:DATA:NOROOT(3)
   62                           
   63                                   SECTION .intvec:CODE:NOROOT(2)
   64                           
   65                                   EXTERN  __iar_program_start
   66                                   EXTERN  SystemInit
   67                                   PUBLIC  __vector_table
   68                           
   69                                   DATA
   70                           __vector_table
   71    00000000 ........              DCD     sfe(CSTACK)
   72    00000004 ........              DCD     Reset_Handler             ;
  Reset Handler
   73                           
   74    00000008 ........              DCD     NMI_Handler               ; NMI
  Handler
   75    0000000C ........              DCD     HardFault_Handler         ;
  Hard Fault Handler
   76    00000010 ........              DCD     MemManage_Handler         ; MPU
  Fault Handler
   77    00000014 ........              DCD     BusFault_Handler          ; Bus
  Fault Handler
   78    00000018 ........              DCD     UsageFault_Handler        ;
  Usage Fault Handler
   79    0000001C 00000000              DCD     0                         ;
  Reserved
   80    00000020 00000000              DCD     0                         ;
  Reserved
   81    00000024 00000000              DCD     0                         ;
  Reserved
   82    00000028 00000000              DCD     0                         ;
  Reserved
   83    0000002C ........              DCD     SVC_Handler               ;
  SVCall Handler
   84    00000030 ........              DCD     DebugMon_Handler          ;
  Debug Monitor Handler
   85    00000034 00000000              DCD     0                         ;
  Reserved
   86    00000038 ........              DCD     PendSV_Handler            ;
  PendSV Handler
   87    0000003C ........              DCD     SysTick_Handler           ;
  SysTick Handler
   88                           
   89                                    ; External Interrupts
   90    00000040 ........              DCD     WWDG_IRQHandler                
    ; Window WatchDog                                        
   91    00000044 ........              DCD     PVD_IRQHandler                 
    ; PVD through EXTI Line detection                        
   92    00000048 ........              DCD     TAMP_STAMP_IRQHandler          
    ; Tamper and TimeStamps through the EXTI line            
   93    0000004C ........              DCD     RTC_WKUP_IRQHandler            
    ; RTC Wakeup through the EXTI line                       
   94    00000050 ........              DCD     FLASH_IRQHandler               
    ; FLASH                                           
   95    00000054 ........              DCD     RCC_IRQHandler                 
    ; RCC                                             
   96    00000058 ........              DCD     EXTI0_IRQHandler               
    ; EXTI Line0                                             
   97    0000005C ........              DCD     EXTI1_IRQHandler               
    ; EXTI Line1                                             
   98    00000060 ........              DCD     EXTI2_IRQHandler               
    ; EXTI Line2                                             
   99    00000064 ........              DCD     EXTI3_IRQHandler               
    ; EXTI Line3                                             
  100    00000068 ........              DCD     EXTI4_IRQHandler               
    ; EXTI Line4                                             
  101    0000006C ........              DCD     DMA1_Stream0_IRQHandler        
    ; DMA1 Stream 0                                   
  102    00000070 ........              DCD     DMA1_Stream1_IRQHandler        
    ; DMA1 Stream 1                                   
  103    00000074 ........              DCD     DMA1_Stream2_IRQHandler        
    ; DMA1 Stream 2                                   
  104    00000078 ........              DCD     DMA1_Stream3_IRQHandler        
    ; DMA1 Stream 3                                   
  105    0000007C ........              DCD     DMA1_Stream4_IRQHandler        
    ; DMA1 Stream 4                                   
  106    00000080 ........              DCD     DMA1_Stream5_IRQHandler        
    ; DMA1 Stream 5                                   
  107    00000084 ........              DCD     DMA1_Stream6_IRQHandler        
    ; DMA1 Stream 6                                   
  108    00000088 ........              DCD     ADC_IRQHandler                 
    ; ADC1, ADC2 and ADC3s                            
  109    0000008C ........              DCD     CAN1_TX_IRQHandler             
    ; CAN1 TX                                                
  110    00000090 ........              DCD     CAN1_RX0_IRQHandler            
    ; CAN1 RX0                                               
  111    00000094 ........              DCD     CAN1_RX1_IRQHandler            
    ; CAN1 RX1                                               
  112    00000098 ........              DCD     CAN1_SCE_IRQHandler            
    ; CAN1 SCE                                               
  113    0000009C ........              DCD     EXTI9_5_IRQHandler             
    ; External Line[9:5]s                                    
  114    000000A0 ........              DCD     TIM1_BRK_TIM9_IRQHandler       
    ; TIM1 Break and TIM9                   
  115    000000A4 ........              DCD     TIM1_UP_TIM10_IRQHandler       
    ; TIM1 Update and TIM10                 
  116    000000A8 ........              DCD     TIM1_TRG_COM_TIM11_IRQHandler  
    ; TIM1 Trigger and Commutation and TIM11
  117    000000AC ........              DCD     TIM1_CC_IRQHandler             
    ; TIM1 Capture Compare                                   
  118    000000B0 ........              DCD     TIM2_IRQHandler                
    ; TIM2                                            
  119    000000B4 ........              DCD     TIM3_IRQHandler                
    ; TIM3                                            
  120    000000B8 ........              DCD     TIM4_IRQHandler                
    ; TIM4                                            
  121    000000BC ........              DCD     I2C1_EV_IRQHandler             
    ; I2C1 Event                                             
  122    000000C0 ........              DCD     I2C1_ER_IRQHandler             
    ; I2C1 Error                                             
  123    000000C4 ........              DCD     I2C2_EV_IRQHandler             
    ; I2C2 Event                                             
  124    000000C8 ........              DCD     I2C2_ER_IRQHandler             
    ; I2C2 Error                                               
  125    000000CC ........              DCD     SPI1_IRQHandler                
    ; SPI1                                            
  126    000000D0 ........              DCD     SPI2_IRQHandler                
    ; SPI2                                            
  127    000000D4 ........              DCD     USART1_IRQHandler              
    ; USART1                                          
  128    000000D8 ........              DCD     USART2_IRQHandler              
    ; USART2                                          
  129    000000DC ........              DCD     USART3_IRQHandler              
    ; USART3                                          
  130    000000E0 ........              DCD     EXTI15_10_IRQHandler           
    ; External Line[15:10]s                                  
  131    000000E4 ........              DCD     RTC_Alarm_IRQHandler           
    ; RTC Alarm (A and B) through EXTI Line                  
  132    000000E8 ........              DCD     OTG_FS_WKUP_IRQHandler         
    ; USB OTG FS Wakeup through EXTI line                        
  133    000000EC ........              DCD     TIM8_BRK_TIM12_IRQHandler      
    ; TIM8 Break and TIM12                  
  134    000000F0 ........              DCD     TIM8_UP_TIM13_IRQHandler       
    ; TIM8 Update and TIM13                 
  135    000000F4 ........              DCD     TIM8_TRG_COM_TIM14_IRQHandler  
    ; TIM8 Trigger and Commutation and TIM14
  136    000000F8 ........              DCD     TIM8_CC_IRQHandler             
    ; TIM8 Capture Compare                                   
  137    000000FC ........              DCD     DMA1_Stream7_IRQHandler        
    ; DMA1 Stream7                                           
  138    00000100 ........              DCD     FMC_IRQHandler                 
    ; FMC                                            
  139    00000104 ........              DCD     SDMMC1_IRQHandler              
    ; SDMMC1                                            
  140    00000108 ........              DCD     TIM5_IRQHandler                
    ; TIM5                                            
  141    0000010C ........              DCD     SPI3_IRQHandler                
    ; SPI3                                            
  142    00000110 ........              DCD     UART4_IRQHandler               
    ; UART4                                           
  143    00000114 ........              DCD     UART5_IRQHandler               
    ; UART5                                           
  144    00000118 ........              DCD     TIM6_DAC_IRQHandler            
    ; TIM6 and DAC1&2 underrun errors                   
  145    0000011C ........              DCD     TIM7_IRQHandler                
    ; TIM7                   
  146    00000120 ........              DCD     DMA2_Stream0_IRQHandler        
    ; DMA2 Stream 0                                   
  147    00000124 ........              DCD     DMA2_Stream1_IRQHandler        
    ; DMA2 Stream 1                                   
  148    00000128 ........              DCD     DMA2_Stream2_IRQHandler        
    ; DMA2 Stream 2                                   
  149    0000012C ........              DCD     DMA2_Stream3_IRQHandler        
    ; DMA2 Stream 3                                   
  150    00000130 ........              DCD     DMA2_Stream4_IRQHandler        
    ; DMA2 Stream 4                                   
  151    00000134 ........              DCD     ETH_IRQHandler                 
    ; Ethernet                                        
  152    00000138 ........              DCD     ETH_WKUP_IRQHandler            
    ; Ethernet Wakeup through EXTI line                      
  153    0000013C ........              DCD     CAN2_TX_IRQHandler             
    ; CAN2 TX                                                
  154    00000140 ........              DCD     CAN2_RX0_IRQHandler            
    ; CAN2 RX0                                               
  155    00000144 ........              DCD     CAN2_RX1_IRQHandler            
    ; CAN2 RX1                                               
  156    00000148 ........              DCD     CAN2_SCE_IRQHandler            
    ; CAN2 SCE                                               
  157    0000014C ........              DCD     OTG_FS_IRQHandler              
    ; USB OTG FS                                      
  158    00000150 ........              DCD     DMA2_Stream5_IRQHandler        
    ; DMA2 Stream 5                                   
  159    00000154 ........              DCD     DMA2_Stream6_IRQHandler        
    ; DMA2 Stream 6                                   
  160    00000158 ........              DCD     DMA2_Stream7_IRQHandler        
    ; DMA2 Stream 7                                   
  161    0000015C ........              DCD     USART6_IRQHandler              
    ; USART6                                           
  162    00000160 ........              DCD     I2C3_EV_IRQHandler             
    ; I2C3 event                                             
  163    00000164 ........              DCD     I2C3_ER_IRQHandler             
    ; I2C3 error                                             
  164    00000168 ........              DCD     OTG_HS_EP1_OUT_IRQHandler      
    ; USB OTG HS End Point 1 Out                      
  165    0000016C ........              DCD     OTG_HS_EP1_IN_IRQHandler       
    ; USB OTG HS End Point 1 In                       
  166    00000170 ........              DCD     OTG_HS_WKUP_IRQHandler         
    ; USB OTG HS Wakeup through EXTI                         
  167    00000174 ........              DCD     OTG_HS_IRQHandler              
    ; USB OTG HS                                      
  168    00000178 ........              DCD     DCMI_IRQHandler                
    ; DCMI                                            
  169    0000017C 00000000              DCD     0                              
    ; Reserved                                    
  170    00000180 ........              DCD     RNG_IRQHandler                 
    ; Rng
  171    00000184 ........              DCD     FPU_IRQHandler                 
    ; FPU
  172    00000188 ........              DCD     UART7_IRQHandler               
    ; UART7
  173    0000018C ........              DCD     UART8_IRQHandler               
    ; UART8
  174    00000190 ........              DCD     SPI4_IRQHandler                
    ; SPI4
  175    00000194 ........              DCD     SPI5_IRQHandler                
    ; SPI5
  176    00000198 ........              DCD     SPI6_IRQHandler                
    ; SPI6
  177    0000019C ........              DCD     SAI1_IRQHandler                
    ; SAI1
  178    000001A0 ........              DCD     LTDC_IRQHandler                
    ; LTDC
  179    000001A4 ........              DCD     LTDC_ER_IRQHandler             
    ; LTDC error
  180    000001A8 ........              DCD     DMA2D_IRQHandler               
    ; DMA2D
  181    000001AC ........              DCD     SAI2_IRQHandler                
    ; SAI2
  182    000001B0 ........              DCD     QUADSPI_IRQHandler             
    ; QUADSPI
  183    000001B4 ........              DCD     LPTIM1_IRQHandler              
    ; LPTIM1
  184    000001B8 ........              DCD     CEC_IRQHandler                 
    ; HDMI_CEC
  185    000001BC ........              DCD     I2C4_EV_IRQHandler             
    ; I2C4 Event                                             
  186    000001C0 ........              DCD     I2C4_ER_IRQHandler             
    ; I2C4 Error 
  187    000001C4 ........              DCD     SPDIF_RX_IRQHandler            
    ; SPDIF_RX
  188                           ;;;;;;;;;;;;;;;;;;;;;;;;;;;;;;;;;;;;;;;;;;;;;;
                                ;;;;;;
  189                           ;;
  190                           ;; Default interrupt handlers.
  191                           ;;
  192                                   THUMB
  193                                   PUBWEAK Reset_Handler
  194                                   SECTION .text:CODE:NOROOT:REORDER(2)
  195                           Reset_Handler
  196                           
  197    00000000 0148                  LDR     R0, =SystemInit
  198    00000002 8047                  BLX     R0
  199    00000004 0148                  LDR     R0, =__iar_program_start
  200    00000006 0047                  BX      R0
  201                           
  202                                   PUBWEAK NMI_Handler
  202.1                                  TABLE
  202.2  00000008 ........              Reference on line 197
  202.3  0000000C ........              Reference on line 199
  203                                   SECTION .text:CODE:NOROOT:REORDER(1)
  204                           NMI_Handler
  205    00000000 ........              B NMI_Handler
  206                           
  207                                   PUBWEAK HardFault_Handler
  208                                   SECTION .text:CODE:NOROOT:REORDER(1)
  209                           HardFault_Handler
  210    00000000 ........              B HardFault_Handler
  211                           
  212                                   PUBWEAK MemManage_Handler
  213                                   SECTION .text:CODE:NOROOT:REORDER(1)
  214                           MemManage_Handler
  215    00000000 ........              B MemManage_Handler
  216                           
  217                                   PUBWEAK BusFault_Handler
  218                                   SECTION .text:CODE:NOROOT:REORDER(1)
  219                           BusFault_Handler
  220    00000000 ........              B BusFault_Handler
  221                           
  222                                   PUBWEAK UsageFault_Handler
  223                                   SECTION .text:CODE:NOROOT:REORDER(1)
  224                           UsageFault_Handler
  225    00000000 ........              B UsageFault_Handler
  226                           
  227                                   PUBWEAK SVC_Handler
  228                                   SECTION .text:CODE:NOROOT:REORDER(1)
  229                           SVC_Handler
  230    00000000 ........              B SVC_Handler
  231                           
  232                                   PUBWEAK DebugMon_Handler
  233                                   SECTION .text:CODE:NOROOT:REORDER(1)
  234                           DebugMon_Handler
  235    00000000 ........              B DebugMon_Handler
  236                           
  237                                   PUBWEAK PendSV_Handler
  238                                   SECTION .text:CODE:NOROOT:REORDER(1)
  239                           PendSV_Handler
  240    00000000 ........              B PendSV_Handler
  241                           
  242                                   PUBWEAK SysTick_Handler
  243                                   SECTION .text:CODE:NOROOT:REORDER(1)
  244                           SysTick_Handler
  245    00000000 ........              B SysTick_Handler
  246                           
  247                                   PUBWEAK WWDG_IRQHandler
  248                                   SECTION .text:CODE:NOROOT:REORDER(1)
  249                           WWDG_IRQHandler  
  250    00000000 ........              B WWDG_IRQHandler
  251                           
  252                                   PUBWEAK PVD_IRQHandler
  253                                   SECTION .text:CODE:NOROOT:REORDER(1)
  254                           PVD_IRQHandler  
  255    00000000 ........              B PVD_IRQHandler
  256                           
  257                                   PUBWEAK TAMP_STAMP_IRQHandler
  258                                   SECTION .text:CODE:NOROOT:REORDER(1)  
                                  
  259                           TAMP_STAMP_IRQHandler  
  260    00000000 ........              B TAMP_STAMP_IRQHandler
  261                           
  262                                   PUBWEAK RTC_WKUP_IRQHandler
  263                                   SECTION .text:CODE:NOROOT:REORDER(1) 
                                 
  264                           RTC_WKUP_IRQHandler  
  265    00000000 ........              B RTC_WKUP_IRQHandler
  266                           
  267                                   PUBWEAK FLASH_IRQHandler
  268                                   SECTION .text:CODE:NOROOT:REORDER(1)
  269                           FLASH_IRQHandler  
  270    00000000 ........              B FLASH_IRQHandler
  271                           
  272                                   PUBWEAK RCC_IRQHandler
  273                                   SECTION .text:CODE:NOROOT:REORDER(1)
  274                           RCC_IRQHandler  
  275    00000000 ........              B RCC_IRQHandler
  276                           
  277                                   PUBWEAK EXTI0_IRQHandler
  278                                   SECTION .text:CODE:NOROOT:REORDER(1)
  279                           EXTI0_IRQHandler  
  280    00000000 ........              B EXTI0_IRQHandler
  281                           
  282                                   PUBWEAK EXTI1_IRQHandler
  283                                   SECTION .text:CODE:NOROOT:REORDER(1)
  284                           EXTI1_IRQHandler  
  285    00000000 ........              B EXTI1_IRQHandler
  286                           
  287                                   PUBWEAK EXTI2_IRQHandler
  288                                   SECTION .text:CODE:NOROOT:REORDER(1)
  289                           EXTI2_IRQHandler  
  290    00000000 ........              B EXTI2_IRQHandler
  291                           
  292                                   PUBWEAK EXTI3_IRQHandler
  293                                   SECTION .text:CODE:NOROOT:REORDER(1)
  294                           EXTI3_IRQHandler
  295    00000000 ........              B EXTI3_IRQHandler
  296                           
  297                                   PUBWEAK EXTI4_IRQHandler
  298                                   SECTION .text:CODE:NOROOT:REORDER(1)  
                                  
  299                           EXTI4_IRQHandler  
  300    00000000 ........              B EXTI4_IRQHandler
  301                           
  302                                   PUBWEAK DMA1_Stream0_IRQHandler
  303                                   SECTION .text:CODE:NOROOT:REORDER(1)  
                                  
  304                           DMA1_Stream0_IRQHandler  
  305    00000000 ........              B DMA1_Stream0_IRQHandler
  306                           
  307                                   PUBWEAK DMA1_Stream1_IRQHandler
  308                                   SECTION .text:CODE:NOROOT:REORDER(1)  
                                  
  309                           DMA1_Stream1_IRQHandler  
  310    00000000 ........              B DMA1_Stream1_IRQHandler
  311                           
  312                                   PUBWEAK DMA1_Stream2_IRQHandler
  313                                   SECTION .text:CODE:NOROOT:REORDER(1)  
                                  
  314                           DMA1_Stream2_IRQHandler  
  315    00000000 ........              B DMA1_Stream2_IRQHandler
  316                           
  317                                   PUBWEAK DMA1_Stream3_IRQHandler
  318                                   SECTION .text:CODE:NOROOT:REORDER(1)  
                                  
  319                           DMA1_Stream3_IRQHandler  
  320    00000000 ........              B DMA1_Stream3_IRQHandler
  321                           
  322                                   PUBWEAK DMA1_Stream4_IRQHandler
  323                                   SECTION .text:CODE:NOROOT:REORDER(1)  
                                  
  324                           DMA1_Stream4_IRQHandler  
  325    00000000 ........              B DMA1_Stream4_IRQHandler
  326                           
  327                                   PUBWEAK DMA1_Stream5_IRQHandler
  328                                   SECTION .text:CODE:NOROOT:REORDER(1)  
                                  
  329                           DMA1_Stream5_IRQHandler  
  330    00000000 ........              B DMA1_Stream5_IRQHandler
  331                           
  332                                   PUBWEAK DMA1_Stream6_IRQHandler
  333                                   SECTION .text:CODE:NOROOT:REORDER(1)  
                                  
  334                           DMA1_Stream6_IRQHandler  
  335    00000000 ........              B DMA1_Stream6_IRQHandler
  336                           
  337                                   PUBWEAK ADC_IRQHandler
  338                                   SECTION .text:CODE:NOROOT:REORDER(1)
  339                           ADC_IRQHandler  
  340    00000000 ........              B ADC_IRQHandler
  341                           
  342                                   PUBWEAK CAN1_TX_IRQHandler
  343                                   SECTION .text:CODE:NOROOT:REORDER(1)
                                 
  344                           CAN1_TX_IRQHandler  
  345    00000000 ........              B CAN1_TX_IRQHandler
  346                           
  347                                   PUBWEAK CAN1_RX0_IRQHandler
  348                                   SECTION .text:CODE:NOROOT:REORDER(1) 
                                 
  349                           CAN1_RX0_IRQHandler  
  350    00000000 ........              B CAN1_RX0_IRQHandler
  351                           
  352                                   PUBWEAK CAN1_RX1_IRQHandler
  353                                   SECTION .text:CODE:NOROOT:REORDER(1) 
                                 
  354                           CAN1_RX1_IRQHandler  
  355    00000000 ........              B CAN1_RX1_IRQHandler
  356                           
  357                                   PUBWEAK CAN1_SCE_IRQHandler
  358                                   SECTION .text:CODE:NOROOT:REORDER(1) 
                                 
  359                           CAN1_SCE_IRQHandler  
  360    00000000 ........              B CAN1_SCE_IRQHandler
  361                           
  362                                   PUBWEAK EXTI9_5_IRQHandler
  363                                   SECTION .text:CODE:NOROOT:REORDER(1)
                                 
  364                           EXTI9_5_IRQHandler  
  365    00000000 ........              B EXTI9_5_IRQHandler
  366                           
  367                                   PUBWEAK TIM1_BRK_TIM9_IRQHandler
  368                                   SECTION .text:CODE:NOROOT:REORDER(1)  
                                  
  369                           TIM1_BRK_TIM9_IRQHandler  
  370    00000000 ........              B TIM1_BRK_TIM9_IRQHandler
  371                           
  372                                   PUBWEAK TIM1_UP_TIM10_IRQHandler
  373                                   SECTION .text:CODE:NOROOT:REORDER(1)  
                                  
  374                           TIM1_UP_TIM10_IRQHandler  
  375    00000000 ........              B TIM1_UP_TIM10_IRQHandler
  376                           
  377                                   PUBWEAK TIM1_TRG_COM_TIM11_IRQHandler
  378                                   SECTION .text:CODE:NOROOT:REORDER(1)  
                                  
  379                           TIM1_TRG_COM_TIM11_IRQHandler  
  380    00000000 ........              B TIM1_TRG_COM_TIM11_IRQHandler
  381                                   
  382                                   PUBWEAK TIM1_CC_IRQHandler
  383                                   SECTION .text:CODE:NOROOT:REORDER(1)  
                                  
  384                           TIM1_CC_IRQHandler  
  385    00000000 ........              B TIM1_CC_IRQHandler
  386                           
  387                                   PUBWEAK TIM2_IRQHandler
  388                                   SECTION .text:CODE:NOROOT:REORDER(1)
  389                           TIM2_IRQHandler  
  390    00000000 ........              B TIM2_IRQHandler
  391                           
  392                                   PUBWEAK TIM3_IRQHandler
  393                                   SECTION .text:CODE:NOROOT:REORDER(1)
  394                           TIM3_IRQHandler  
  395    00000000 ........              B TIM3_IRQHandler
  396                           
  397                                   PUBWEAK TIM4_IRQHandler
  398                                   SECTION .text:CODE:NOROOT:REORDER(1)
  399                           TIM4_IRQHandler  
  400    00000000 ........              B TIM4_IRQHandler
  401                           
  402                                   PUBWEAK I2C1_EV_IRQHandler
  403                                   SECTION .text:CODE:NOROOT:REORDER(1)
                                 
  404                           I2C1_EV_IRQHandler  
  405    00000000 ........              B I2C1_EV_IRQHandler
  406                           
  407                                   PUBWEAK I2C1_ER_IRQHandler
  408                                   SECTION .text:CODE:NOROOT:REORDER(1)
                                 
  409                           I2C1_ER_IRQHandler  
  410    00000000 ........              B I2C1_ER_IRQHandler
  411                           
  412                                   PUBWEAK I2C2_EV_IRQHandler
  413                                   SECTION .text:CODE:NOROOT:REORDER(1)
                                 
  414                           I2C2_EV_IRQHandler  
  415    00000000 ........              B I2C2_EV_IRQHandler
  416                           
  417                                   PUBWEAK I2C2_ER_IRQHandler
  418                                   SECTION .text:CODE:NOROOT:REORDER(1)
                                 
  419                           I2C2_ER_IRQHandler  
  420    00000000 ........              B I2C2_ER_IRQHandler
  421                           
  422                                   PUBWEAK SPI1_IRQHandler
  423                                   SECTION .text:CODE:NOROOT:REORDER(1)
  424                           SPI1_IRQHandler  
  425    00000000 ........              B SPI1_IRQHandler
  426                           
  427                                   PUBWEAK SPI2_IRQHandler
  428                                   SECTION .text:CODE:NOROOT:REORDER(1)
  429                           SPI2_IRQHandler  
  430    00000000 ........              B SPI2_IRQHandler
  431                           
  432                                   PUBWEAK USART1_IRQHandler
  433                                   SECTION .text:CODE:NOROOT:REORDER(1)
  434                           USART1_IRQHandler  
  435    00000000 ........              B USART1_IRQHandler
  436                           
  437                                   PUBWEAK USART2_IRQHandler
  438                                   SECTION .text:CODE:NOROOT:REORDER(1)
  439                           USART2_IRQHandler  
  440    00000000 ........              B USART2_IRQHandler
  441                           
  442                                   PUBWEAK USART3_IRQHandler
  443                                   SECTION .text:CODE:NOROOT:REORDER(1)
  444                           USART3_IRQHandler  
  445    00000000 ........              B USART3_IRQHandler
  446                           
  447                                   PUBWEAK EXTI15_10_IRQHandler
  448                                   SECTION .text:CODE:NOROOT:REORDER(1)  
                                 
  449                           EXTI15_10_IRQHandler  
  450    00000000 ........              B EXTI15_10_IRQHandler
  451                           
  452                                   PUBWEAK RTC_Alarm_IRQHandler
  453                                   SECTION .text:CODE:NOROOT:REORDER(1)  
                                 
  454                           RTC_Alarm_IRQHandler  
  455    00000000 ........              B RTC_Alarm_IRQHandler
  456                           
  457                                   PUBWEAK OTG_FS_WKUP_IRQHandler
  458                                   SECTION .text:CODE:NOROOT:REORDER(1)  
                                  
  459                           OTG_FS_WKUP_IRQHandler  
  460    00000000 ........              B OTG_FS_WKUP_IRQHandler
  461                                 
  462                                   PUBWEAK TIM8_BRK_TIM12_IRQHandler
  463                                   SECTION .text:CODE:NOROOT:REORDER(1)  
                                  
  464                           TIM8_BRK_TIM12_IRQHandler  
  465    00000000 ........              B TIM8_BRK_TIM12_IRQHandler
  466                           
  467                                   PUBWEAK TIM8_UP_TIM13_IRQHandler
  468                                   SECTION .text:CODE:NOROOT:REORDER(1)  
                                  
  469                           TIM8_UP_TIM13_IRQHandler  
  470    00000000 ........              B TIM8_UP_TIM13_IRQHandler
  471                           
  472                                   PUBWEAK TIM8_TRG_COM_TIM14_IRQHandler
  473                                   SECTION .text:CODE:NOROOT:REORDER(1)  
                                  
  474                           TIM8_TRG_COM_TIM14_IRQHandler  
  475    00000000 ........              B TIM8_TRG_COM_TIM14_IRQHandler
  476                           
  477                                   PUBWEAK TIM8_CC_IRQHandler
  478                                   SECTION .text:CODE:NOROOT:REORDER(1)
                                 
  479                           TIM8_CC_IRQHandler  
  480    00000000 ........              B TIM8_CC_IRQHandler
  481                           
  482                                   PUBWEAK DMA1_Stream7_IRQHandler
  483                                   SECTION .text:CODE:NOROOT:REORDER(1)  
                                  
  484                           DMA1_Stream7_IRQHandler  
  485    00000000 ........              B DMA1_Stream7_IRQHandler
  486                           
  487                                   PUBWEAK FMC_IRQHandler
  488                                   SECTION .text:CODE:NOROOT:REORDER(1)
  489                           FMC_IRQHandler  
  490    00000000 ........              B FMC_IRQHandler
  491                           
  492                                   PUBWEAK SDMMC1_IRQHandler
  493                                   SECTION .text:CODE:NOROOT:REORDER(1)
  494                           SDMMC1_IRQHandler  
  495    00000000 ........              B SDMMC1_IRQHandler
  496                           
  497                                   PUBWEAK TIM5_IRQHandler
  498                                   SECTION .text:CODE:NOROOT:REORDER(1)
  499                           TIM5_IRQHandler  
  500    00000000 ........              B TIM5_IRQHandler
  501                           
  502                                   PUBWEAK SPI3_IRQHandler
  503                                   SECTION .text:CODE:NOROOT:REORDER(1)
  504                           SPI3_IRQHandler  
  505    00000000 ........              B SPI3_IRQHandler
  506                           
  507                                   PUBWEAK UART4_IRQHandler
  508                                   SECTION .text:CODE:NOROOT:REORDER(1)
  509                           UART4_IRQHandler  
  510    00000000 ........              B UART4_IRQHandler
  511                           
  512                                   PUBWEAK UART5_IRQHandler
  513                                   SECTION .text:CODE:NOROOT:REORDER(1)
  514                           UART5_IRQHandler  
  515    00000000 ........              B UART5_IRQHandler
  516                           
  517                                   PUBWEAK TIM6_DAC_IRQHandler
  518                                   SECTION .text:CODE:NOROOT:REORDER(1)  
                                 
  519                           TIM6_DAC_IRQHandler  
  520    00000000 ........              B TIM6_DAC_IRQHandler
  521                           
  522                                   PUBWEAK TIM7_IRQHandler
  523                                   SECTION .text:CODE:NOROOT:REORDER(1)  
                                 
  524                           TIM7_IRQHandler  
  525    00000000 ........              B TIM7_IRQHandler
  526                           
  527                                   PUBWEAK DMA2_Stream0_IRQHandler
  528                                   SECTION .text:CODE:NOROOT:REORDER(1)  
                                  
  529                           DMA2_Stream0_IRQHandler  
  530    00000000 ........              B DMA2_Stream0_IRQHandler
  531                           
  532                                   PUBWEAK DMA2_Stream1_IRQHandler
  533                                   SECTION .text:CODE:NOROOT:REORDER(1)  
                                  
  534                           DMA2_Stream1_IRQHandler  
  535    00000000 ........              B DMA2_Stream1_IRQHandler
  536                           
  537                                   PUBWEAK DMA2_Stream2_IRQHandler
  538                                   SECTION .text:CODE:NOROOT:REORDER(1)  
                                  
  539                           DMA2_Stream2_IRQHandler  
  540    00000000 ........              B DMA2_Stream2_IRQHandler
  541                           
  542                                   PUBWEAK DMA2_Stream3_IRQHandler
  543                                   SECTION .text:CODE:NOROOT:REORDER(1)  
                                  
  544                           DMA2_Stream3_IRQHandler  
  545    00000000 ........              B DMA2_Stream3_IRQHandler
  546                           
  547                                   PUBWEAK DMA2_Stream4_IRQHandler
  548                                   SECTION .text:CODE:NOROOT:REORDER(1)  
                                  
  549                           DMA2_Stream4_IRQHandler  
  550    00000000 ........              B DMA2_Stream4_IRQHandler
  551                           
  552                                   PUBWEAK ETH_IRQHandler
  553                                   SECTION .text:CODE:NOROOT:REORDER(1)
  554                           ETH_IRQHandler  
  555    00000000 ........              B ETH_IRQHandler
  556                           
  557                                   PUBWEAK ETH_WKUP_IRQHandler
  558                                   SECTION .text:CODE:NOROOT:REORDER(1) 
                                 
  559                           ETH_WKUP_IRQHandler  
  560    00000000 ........              B ETH_WKUP_IRQHandler
  561                           
  562                                   PUBWEAK CAN2_TX_IRQHandler
  563                                   SECTION .text:CODE:NOROOT:REORDER(1)
                                 
  564                           CAN2_TX_IRQHandler  
  565    00000000 ........              B CAN2_TX_IRQHandler
  566                           
  567                                   PUBWEAK CAN2_RX0_IRQHandler
  568                                   SECTION .text:CODE:NOROOT:REORDER(1) 
                                 
  569                           CAN2_RX0_IRQHandler  
  570    00000000 ........              B CAN2_RX0_IRQHandler
  571                           
  572                                   PUBWEAK CAN2_RX1_IRQHandler
  573                                   SECTION .text:CODE:NOROOT:REORDER(1) 
                                 
  574                           CAN2_RX1_IRQHandler  
  575    00000000 ........              B CAN2_RX1_IRQHandler
  576                           
  577                                   PUBWEAK CAN2_SCE_IRQHandler
  578                                   SECTION .text:CODE:NOROOT:REORDER(1) 
                                 
  579                           CAN2_SCE_IRQHandler  
  580    00000000 ........              B CAN2_SCE_IRQHandler
  581                           
  582                                   PUBWEAK OTG_FS_IRQHandler
  583                                   SECTION .text:CODE:NOROOT:REORDER(1)
  584                           OTG_FS_IRQHandler  
  585    00000000 ........              B OTG_FS_IRQHandler
  586                           
  587                                   PUBWEAK DMA2_Stream5_IRQHandler
  588                                   SECTION .text:CODE:NOROOT:REORDER(1)  
                                  
  589                           DMA2_Stream5_IRQHandler  
  590    00000000 ........              B DMA2_Stream5_IRQHandler
  591                           
  592                                   PUBWEAK DMA2_Stream6_IRQHandler
  593                                   SECTION .text:CODE:NOROOT:REORDER(1)  
                                  
  594                           DMA2_Stream6_IRQHandler  
  595    00000000 ........              B DMA2_Stream6_IRQHandler
  596                           
  597                                   PUBWEAK DMA2_Stream7_IRQHandler
  598                                   SECTION .text:CODE:NOROOT:REORDER(1)  
                                  
  599                           DMA2_Stream7_IRQHandler  
  600    00000000 ........              B DMA2_Stream7_IRQHandler
  601                           
  602                                   PUBWEAK USART6_IRQHandler
  603                                   SECTION .text:CODE:NOROOT:REORDER(1)
  604                           USART6_IRQHandler  
  605    00000000 ........              B USART6_IRQHandler
  606                           
  607                                   PUBWEAK I2C3_EV_IRQHandler
  608                                   SECTION .text:CODE:NOROOT:REORDER(1)
                                 
  609                           I2C3_EV_IRQHandler  
  610    00000000 ........              B I2C3_EV_IRQHandler
  611                           
  612                                   PUBWEAK I2C3_ER_IRQHandler
  613                                   SECTION .text:CODE:NOROOT:REORDER(1)
                                 
  614                           I2C3_ER_IRQHandler  
  615    00000000 ........              B I2C3_ER_IRQHandler
  616                           
  617                                   PUBWEAK OTG_HS_EP1_OUT_IRQHandler
  618                                   SECTION .text:CODE:NOROOT:REORDER(1)  
                                  
  619                           OTG_HS_EP1_OUT_IRQHandler  
  620    00000000 ........              B OTG_HS_EP1_OUT_IRQHandler
  621                           
  622                                   PUBWEAK OTG_HS_EP1_IN_IRQHandler
  623                                   SECTION .text:CODE:NOROOT:REORDER(1)  
                                  
  624                           OTG_HS_EP1_IN_IRQHandler  
  625    00000000 ........              B OTG_HS_EP1_IN_IRQHandler
  626                           
  627                                   PUBWEAK OTG_HS_WKUP_IRQHandler
  628                                   SECTION .text:CODE:NOROOT:REORDER(1)  
                                  
  629                           OTG_HS_WKUP_IRQHandler  
  630    00000000 ........              B OTG_HS_WKUP_IRQHandler
  631                           
  632                                   PUBWEAK OTG_HS_IRQHandler
  633                                   SECTION .text:CODE:NOROOT:REORDER(1)
  634                           OTG_HS_IRQHandler  
  635    00000000 ........              B OTG_HS_IRQHandler
  636                           
  637                                   PUBWEAK DCMI_IRQHandler
  638                                   SECTION .text:CODE:NOROOT:REORDER(1)
  639                           DCMI_IRQHandler  
  640    00000000 ........              B DCMI_IRQHandler
  641                           
  642                                   PUBWEAK RNG_IRQHandler
  643                                   SECTION .text:CODE:NOROOT:REORDER(1) 
                                 
  644                           RNG_IRQHandler  
  645    00000000 ........              B RNG_IRQHandler
  646                           
  647                                   PUBWEAK FPU_IRQHandler
  648                                   SECTION .text:CODE:NOROOT:REORDER(1) 
                                 
  649                           FPU_IRQHandler  
  650    00000000 ........              B FPU_IRQHandler
  651                           
  652                                   PUBWEAK UART7_IRQHandler
  653                                   SECTION .text:CODE:NOROOT:REORDER(1)  
                                    
  654                           UART7_IRQHandler 
  655    00000000 ........              B UART7_IRQHandler  
  656                           
  657                                   PUBWEAK UART8_IRQHandler
  658                                   SECTION .text:CODE:NOROOT:REORDER(1)
                                 
  659                           UART8_IRQHandler             
  660    00000000 ........              B UART8_IRQHandler
  661                                   
  662                                   PUBWEAK SPI4_IRQHandler
  663                                   SECTION .text:CODE:NOROOT:REORDER(1)
                                 
  664                           SPI4_IRQHandler
  665    00000000 ........              B SPI4_IRQHandler                
                                           
  666                           
  667                                   PUBWEAK SPI5_IRQHandler
  668                                   SECTION .text:CODE:NOROOT:REORDER(1)
                                 
  669                           SPI5_IRQHandler   
  670    00000000 ........              B SPI5_IRQHandler                 
                                           
  671                           
  672                                   PUBWEAK SPI6_IRQHandler
  673                                   SECTION .text:CODE:NOROOT:REORDER(1)
                                 
  674                           SPI6_IRQHandler 
  675    00000000 ........              B SPI6_IRQHandler                   
                                           
  676                           
  677                                   PUBWEAK SAI1_IRQHandler
  678                                   SECTION .text:CODE:NOROOT:REORDER(1)
                                 
  679                           SAI1_IRQHandler  
  680    00000000 ........              B SAI1_IRQHandler                 
                                           
  681                           
  682                                   PUBWEAK LTDC_IRQHandler
  683                                   SECTION .text:CODE:NOROOT:REORDER(1)
                                 
  684                           LTDC_IRQHandler 
  685    00000000 ........              B LTDC_IRQHandler                    
                                           
  686                           
  687                                   PUBWEAK LTDC_ER_IRQHandler
  688                                   SECTION .text:CODE:NOROOT:REORDER(1)
                                 
  689                           LTDC_ER_IRQHandler 
  690    00000000 ........              B LTDC_ER_IRQHandler                
                                           
  691                           
  692                                   PUBWEAK DMA2D_IRQHandler
  693                                   SECTION .text:CODE:NOROOT:REORDER(1)
                                 
  694                           DMA2D_IRQHandler 
  695    00000000 ........              B DMA2D_IRQHandler                 
                                           
  696                           
  697                                  PUBWEAK SAI2_IRQHandler
  698                                  SECTION .text:CODE:NOROOT:REORDER(1)
                                 
  699                           SAI2_IRQHandler 
  700    00000000 ........              B SAI2_IRQHandler          
  701                           
  702                                  PUBWEAK QUADSPI_IRQHandler
  703                                  SECTION .text:CODE:NOROOT:REORDER(1)
                                 
  704                           QUADSPI_IRQHandler 
  705    00000000 ........              B QUADSPI_IRQHandler       
  706                                   
  707                                   PUBWEAK LPTIM1_IRQHandler
  708                                   SECTION .text:CODE:NOROOT:REORDER(1)
                                 
  709                           LPTIM1_IRQHandler 
  710    00000000 ........              B LPTIM1_IRQHandler   
  711                                   
  712                                   PUBWEAK CEC_IRQHandler
  713                                   SECTION .text:CODE:NOROOT:REORDER(1)
                                 
  714                           CEC_IRQHandler 
  715    00000000 ........              B CEC_IRQHandler 
  716                           
  717                                   PUBWEAK I2C4_EV_IRQHandler
  718                                   SECTION .text:CODE:NOROOT:REORDER(1)
                                 
  719                           I2C4_EV_IRQHandler 
  720    00000000 ........              B I2C4_EV_IRQHandler   
  721                                   
  722                                   PUBWEAK I2C4_ER_IRQHandler
  723                                   SECTION .text:CODE:NOROOT:REORDER(1)
                                 
  724                           I2C4_ER_IRQHandler 
  725    00000000 ........              B I2C4_ER_IRQHandler 
  726                            
  727                                   PUBWEAK SPDIF_RX_IRQHandler
  728                                   SECTION .text:CODE:NOROOT:REORDER(1)
                                 
  729                           SPDIF_RX_IRQHandler 
  730    00000000 ........              B SPDIF_RX_IRQHandler 
  731                                   END
##############################
#           CRC:0            #
#        Errors:   0         #
#        Warnings: 0         #
#         Bytes: 896         #
##############################



