###############################################################################
#
# IAR ANSI C/C++ Compiler V7.50.2.10312/W32 for ARM       08/Apr/2016  18:41:52
# Copyright 1999-2015 IAR Systems AB.
#
#    Cpu mode     =  thumb
#    Endian       =  little
#    Source file  =  
#        D:\sop1hc\Github\data\Mic_Array_V00\USB_STREAMING\Mic_Array\Drivers\STM32F7xx_HAL_Driver\Src\stm32f7xx_hal_cortex.c
#    Command line =  
#        D:\sop1hc\Github\data\Mic_Array_V00\USB_STREAMING\Mic_Array\Drivers\STM32F7xx_HAL_Driver\Src\stm32f7xx_hal_cortex.c
#        -D USE_HAL_DRIVER -D STM32F746xx -D USE_STM32746G_DISCO -D
#        USE_IOEXPANDER -D USE_USB_FS -lC
#        D:\sop1hc\Github\data\Mic_Array_V00\USB_STREAMING\Mic_Array\Projects\STM32746G\Applications\Audio\Mic_Array\EWARM\STM32F7\List
#        -lA
#        D:\sop1hc\Github\data\Mic_Array_V00\USB_STREAMING\Mic_Array\Projects\STM32746G\Applications\Audio\Mic_Array\EWARM\STM32F7\List
#        -o
#        D:\sop1hc\Github\data\Mic_Array_V00\USB_STREAMING\Mic_Array\Projects\STM32746G\Applications\Audio\Mic_Array\EWARM\STM32F7\Obj
#        --no_unroll --debug --endian=little --cpu=Cortex-M7 -e --fpu=VFPv5_sp
#        --dlib_config "D:\Program Files (x86)\IAR Systems\Embedded Workbench
#        7.3\arm\INC\c\DLib_Config_Full.h" -I
#        D:\sop1hc\Github\data\Mic_Array_V00\USB_STREAMING\Mic_Array\Projects\STM32746G\Applications\Audio\Mic_Array\EWARM\..\Inc\
#        -I
#        D:\sop1hc\Github\data\Mic_Array_V00\USB_STREAMING\Mic_Array\Projects\STM32746G\Applications\Audio\Mic_Array\EWARM\..\..\..\..\..\..\Drivers\CMSIS\Device\ST\STM32F7xx\Include\
#        -I
#        D:\sop1hc\Github\data\Mic_Array_V00\USB_STREAMING\Mic_Array\Projects\STM32746G\Applications\Audio\Mic_Array\EWARM\..\..\..\..\..\..\Drivers\STM32F7xx_HAL_Driver\Inc\
#        -I
#        D:\sop1hc\Github\data\Mic_Array_V00\USB_STREAMING\Mic_Array\Projects\STM32746G\Applications\Audio\Mic_Array\EWARM\..\..\..\..\..\..\Drivers\BSP\STM32746G-Discovery\
#        -I
#        D:\sop1hc\Github\data\Mic_Array_V00\USB_STREAMING\Mic_Array\Projects\STM32746G\Applications\Audio\Mic_Array\EWARM\..\..\..\..\..\..\Drivers\BSP\Components\Common\
#        -I
#        D:\sop1hc\Github\data\Mic_Array_V00\USB_STREAMING\Mic_Array\Projects\STM32746G\Applications\Audio\Mic_Array\EWARM\..\..\..\..\..\..\Utilities\Log\
#        -I
#        D:\sop1hc\Github\data\Mic_Array_V00\USB_STREAMING\Mic_Array\Projects\STM32746G\Applications\Audio\Mic_Array\EWARM\..\..\..\..\..\..\Utilities\Fonts\
#        -I
#        D:\sop1hc\Github\data\Mic_Array_V00\USB_STREAMING\Mic_Array\Projects\STM32746G\Applications\Audio\Mic_Array\EWARM\..\..\..\..\..\..\Utilities\CPU\
#        -I
#        D:\sop1hc\Github\data\Mic_Array_V00\USB_STREAMING\Mic_Array\Projects\STM32746G\Applications\Audio\Mic_Array\EWARM\..\..\..\..\..\..\Middlewares\ST\STM32_USB_Device_Library\Core\Inc\
#        -I
#        D:\sop1hc\Github\data\Mic_Array_V00\USB_STREAMING\Mic_Array\Projects\STM32746G\Applications\Audio\Mic_Array\EWARM\..\..\..\..\..\..\Middlewares\ST\STM32_USB_HOST_Library\Core\Inc\
#        -I
#        D:\sop1hc\Github\data\Mic_Array_V00\USB_STREAMING\Mic_Array\Projects\STM32746G\Applications\Audio\Mic_Array\EWARM\..\..\..\..\..\..\Middlewares\ST\STM32_USB_HOST_Library\Class\MSC\Inc\
#        -I
#        D:\sop1hc\Github\data\Mic_Array_V00\USB_STREAMING\Mic_Array\Projects\STM32746G\Applications\Audio\Mic_Array\EWARM\..\..\..\..\..\..\Middlewares\Third_Party\FatFs\src\
#        -I
#        D:\sop1hc\Github\data\Mic_Array_V00\USB_STREAMING\Mic_Array\Projects\STM32746G\Applications\Audio\Mic_Array\EWARM\..\..\..\..\..\..\Middlewares\Third_Party\FatFs\src\drivers\
#        -I
#        D:\sop1hc\Github\data\Mic_Array_V00\USB_STREAMING\Mic_Array\Projects\STM32746G\Applications\Audio\Mic_Array\EWARM\..\..\..\..\..\..\Middlewares\ST\STM32_Audio\Addons\PDM\
#        -I
#        D:\sop1hc\Github\data\Mic_Array_V00\USB_STREAMING\Mic_Array\Projects\STM32746G\Applications\Audio\Mic_Array\EWARM\..\..\..\..\..\..\Middlewares\ST\STM32_USB_Device_Library\Class\AUDIO\Inc\
#        -Ohs --use_c++_inline --require_prototypes -I "D:\Program Files
#        (x86)\IAR Systems\Embedded Workbench 7.3\arm\CMSIS\Include\" -D
#        ARM_MATH_CM7 --relaxed_fp
#    List file    =  
#        D:\sop1hc\Github\data\Mic_Array_V00\USB_STREAMING\Mic_Array\Projects\STM32746G\Applications\Audio\Mic_Array\EWARM\STM32F7\List\stm32f7xx_hal_cortex.lst
#    Object file  =  
#        D:\sop1hc\Github\data\Mic_Array_V00\USB_STREAMING\Mic_Array\Projects\STM32746G\Applications\Audio\Mic_Array\EWARM\STM32F7\Obj\stm32f7xx_hal_cortex.o
#
###############################################################################

D:\sop1hc\Github\data\Mic_Array_V00\USB_STREAMING\Mic_Array\Drivers\STM32F7xx_HAL_Driver\Src\stm32f7xx_hal_cortex.c
      1          /**
      2            ******************************************************************************
      3            * @file    stm32f7xx_hal_cortex.c
      4            * @author  MCD Application Team
      5            * @version V1.0.4
      6            * @date    09-December-2015
      7            * @brief   CORTEX HAL module driver.
      8            *          This file provides firmware functions to manage the following 
      9            *          functionalities of the CORTEX:
     10            *           + Initialization and de-initialization functions
     11            *           + Peripheral Control functions 
     12            *
     13            @verbatim  
     14            ==============================================================================
     15                                  ##### How to use this driver #####
     16            ==============================================================================
     17          
     18              [..]  
     19              *** How to configure Interrupts using CORTEX HAL driver ***
     20              ===========================================================
     21              [..]     
     22              This section provides functions allowing to configure the NVIC interrupts (IRQ).
     23              The Cortex-M4 exceptions are managed by CMSIS functions.
     24             
     25              (#) Configure the NVIC Priority Grouping using HAL_NVIC_SetPriorityGrouping()
     26                  function according to the following table.
     27              (#) Configure the priority of the selected IRQ Channels using HAL_NVIC_SetPriority(). 
     28              (#) Enable the selected IRQ Channels using HAL_NVIC_EnableIRQ().
     29              (#) please refer to programming manual for details in how to configure priority. 
     30                
     31               -@- When the NVIC_PRIORITYGROUP_0 is selected, IRQ preemption is no more possible. 
     32                   The pending IRQ priority will be managed only by the sub priority.
     33             
     34               -@- IRQ priority order (sorted by highest to lowest priority):
     35                  (+@) Lowest preemption priority
     36                  (+@) Lowest sub priority
     37                  (+@) Lowest hardware priority (IRQ number)
     38           
     39              [..]  
     40              *** How to configure Systick using CORTEX HAL driver ***
     41              ========================================================
     42              [..]
     43              Setup SysTick Timer for time base.
     44                     
     45             (+) The HAL_SYSTICK_Config() function calls the SysTick_Config() function which
     46                 is a CMSIS function that:
     47                  (++) Configures the SysTick Reload register with value passed as function parameter.
     48                  (++) Configures the SysTick IRQ priority to the lowest value (0x0F).
     49                  (++) Resets the SysTick Counter register.
     50                  (++) Configures the SysTick Counter clock source to be Core Clock Source (HCLK).
     51                  (++) Enables the SysTick Interrupt.
     52                  (++) Starts the SysTick Counter.
     53              
     54             (+) You can change the SysTick Clock source to be HCLK_Div8 by calling the macro
     55                 __HAL_CORTEX_SYSTICKCLK_CONFIG(SYSTICK_CLKSOURCE_HCLK_DIV8) just after the
     56                 HAL_SYSTICK_Config() function call. The __HAL_CORTEX_SYSTICKCLK_CONFIG() macro is defined
     57                 inside the stm32f7xx_hal_cortex.h file.
     58          
     59             (+) You can change the SysTick IRQ priority by calling the
     60                 HAL_NVIC_SetPriority(SysTick_IRQn,...) function just after the HAL_SYSTICK_Config() function 
     61                 call. The HAL_NVIC_SetPriority() call the NVIC_SetPriority() function which is a CMSIS function.
     62          
     63             (+) To adjust the SysTick time base, use the following formula:
     64                                      
     65                 Reload Value = SysTick Counter Clock (Hz) x  Desired Time base (s)
     66                 (++) Reload Value is the parameter to be passed for HAL_SYSTICK_Config() function
     67                 (++) Reload Value should not exceed 0xFFFFFF
     68             
     69            @endverbatim
     70            ******************************************************************************
     71            * @attention
     72            *
     73            * <h2><center>&copy; COPYRIGHT(c) 2015 STMicroelectronics</center></h2>
     74            *
     75            * Redistribution and use in source and binary forms, with or without modification,
     76            * are permitted provided that the following conditions are met:
     77            *   1. Redistributions of source code must retain the above copyright notice,
     78            *      this list of conditions and the following disclaimer.
     79            *   2. Redistributions in binary form must reproduce the above copyright notice,
     80            *      this list of conditions and the following disclaimer in the documentation
     81            *      and/or other materials provided with the distribution.
     82            *   3. Neither the name of STMicroelectronics nor the names of its contributors
     83            *      may be used to endorse or promote products derived from this software
     84            *      without specific prior written permission.
     85            *
     86            * THIS SOFTWARE IS PROVIDED BY THE COPYRIGHT HOLDERS AND CONTRIBUTORS "AS IS"
     87            * AND ANY EXPRESS OR IMPLIED WARRANTIES, INCLUDING, BUT NOT LIMITED TO, THE
     88            * IMPLIED WARRANTIES OF MERCHANTABILITY AND FITNESS FOR A PARTICULAR PURPOSE ARE
     89            * DISCLAIMED. IN NO EVENT SHALL THE COPYRIGHT HOLDER OR CONTRIBUTORS BE LIABLE
     90            * FOR ANY DIRECT, INDIRECT, INCIDENTAL, SPECIAL, EXEMPLARY, OR CONSEQUENTIAL
     91            * DAMAGES (INCLUDING, BUT NOT LIMITED TO, PROCUREMENT OF SUBSTITUTE GOODS OR
     92            * SERVICES; LOSS OF USE, DATA, OR PROFITS; OR BUSINESS INTERRUPTION) HOWEVER
     93            * CAUSED AND ON ANY THEORY OF LIABILITY, WHETHER IN CONTRACT, STRICT LIABILITY,
     94            * OR TORT (INCLUDING NEGLIGENCE OR OTHERWISE) ARISING IN ANY WAY OUT OF THE USE
     95            * OF THIS SOFTWARE, EVEN IF ADVISED OF THE POSSIBILITY OF SUCH DAMAGE.
     96            *
     97            ******************************************************************************
     98            */
     99          
    100          /* Includes ------------------------------------------------------------------*/
    101          #include "stm32f7xx_hal.h"
    102          
    103          /** @addtogroup STM32F7xx_HAL_Driver
    104            * @{
    105            */
    106          
    107          /** @defgroup CORTEX CORTEX
    108            * @brief CORTEX HAL module driver
    109            * @{
    110            */
    111          
    112          #ifdef HAL_CORTEX_MODULE_ENABLED
    113          
    114          /* Private types -------------------------------------------------------------*/
    115          /* Private variables ---------------------------------------------------------*/
    116          /* Private constants ---------------------------------------------------------*/
    117          /* Private macros ------------------------------------------------------------*/
    118          /* Private functions ---------------------------------------------------------*/
    119          /* Exported functions --------------------------------------------------------*/
    120          
    121          /** @defgroup CORTEX_Exported_Functions CORTEX Exported Functions
    122            * @{
    123            */
    124          
    125          
    126          /** @defgroup CORTEX_Exported_Functions_Group1 Initialization and de-initialization functions
    127           *  @brief    Initialization and Configuration functions 
    128           *
    129          @verbatim    
    130            ==============================================================================
    131                        ##### Initialization and de-initialization functions #####
    132            ==============================================================================
    133              [..]
    134                This section provides the CORTEX HAL driver functions allowing to configure Interrupts
    135                Systick functionalities 
    136          
    137          @endverbatim
    138            * @{
    139            */
    140          
    141          
    142          /**
    143            * @brief  Sets the priority grouping field (preemption priority and subpriority)
    144            *         using the required unlock sequence.
    145            * @param  PriorityGroup: The priority grouping bits length. 
    146            *         This parameter can be one of the following values:
    147            *         @arg NVIC_PRIORITYGROUP_0: 0 bits for preemption priority
    148            *                                    4 bits for subpriority
    149            *         @arg NVIC_PRIORITYGROUP_1: 1 bits for preemption priority
    150            *                                    3 bits for subpriority
    151            *         @arg NVIC_PRIORITYGROUP_2: 2 bits for preemption priority
    152            *                                    2 bits for subpriority
    153            *         @arg NVIC_PRIORITYGROUP_3: 3 bits for preemption priority
    154            *                                    1 bits for subpriority
    155            *         @arg NVIC_PRIORITYGROUP_4: 4 bits for preemption priority
    156            *                                    0 bits for subpriority
    157            * @note   When the NVIC_PriorityGroup_0 is selected, IRQ preemption is no more possible. 
    158            *         The pending IRQ priority will be managed only by the subpriority. 
    159            * @retval None
    160            */

   \                                 In section .text, align 2, keep-with-next
    161          void HAL_NVIC_SetPriorityGrouping(uint32_t PriorityGroup)
    162          {
    163            /* Check the parameters */
    164            assert_param(IS_NVIC_PRIORITY_GROUP(PriorityGroup));
    165            
    166            /* Set the PRIGROUP[10:8] bits according to the PriorityGroup parameter value */
    167            NVIC_SetPriorityGrouping(PriorityGroup);
   \                     HAL_NVIC_SetPriorityGrouping: (+1)
   \   00000000   0x....             LDR.N    R1,??DataTable13  ;; 0xe000ed0c
   \   00000002   0xF64F 0x03FF      MOVW     R3,#+63743
   \   00000006   0xF000 0x0007      AND      R0,R0,#0x7
   \   0000000A   0x680A             LDR      R2,[R1, #+0]
   \   0000000C   0x401A             ANDS     R2,R3,R2
   \   0000000E   0xEA42 0x2000      ORR      R0,R2,R0, LSL #+8
   \   00000012   0x....             LDR.N    R2,??DataTable13_1  ;; 0x5fa0000
   \   00000014   0x4310             ORRS     R0,R2,R0
   \   00000016   0x6008             STR      R0,[R1, #+0]
    168          }
   \   00000018   0x4770             BX       LR               ;; return
    169          
    170          /**
    171            * @brief  Sets the priority of an interrupt.
    172            * @param  IRQn: External interrupt number.
    173            *         This parameter can be an enumerator of IRQn_Type enumeration
    174            *         (For the complete STM32 Devices IRQ Channels list, please refer to the appropriate CMSIS device file (stm32f7xxxx.h))
    175            * @param  PreemptPriority: The preemption priority for the IRQn channel.
    176            *         This parameter can be a value between 0 and 15
    177            *         A lower priority value indicates a higher priority 
    178            * @param  SubPriority: the subpriority level for the IRQ channel.
    179            *         This parameter can be a value between 0 and 15
    180            *         A lower priority value indicates a higher priority.          
    181            * @retval None
    182            */

   \                                 In section .text, align 2, keep-with-next
    183          void HAL_NVIC_SetPriority(IRQn_Type IRQn, uint32_t PreemptPriority, uint32_t SubPriority)
    184          { 
    185            uint32_t prioritygroup = 0x00;
    186            
    187            /* Check the parameters */
    188            assert_param(IS_NVIC_SUB_PRIORITY(SubPriority));
    189            assert_param(IS_NVIC_PREEMPTION_PRIORITY(PreemptPriority));
    190            
    191            prioritygroup = NVIC_GetPriorityGrouping();
   \                     HAL_NVIC_SetPriority: (+1)
   \   00000000   0x....             LDR.N    R3,??DataTable13  ;; 0xe000ed0c
   \   00000002   0xB430             PUSH     {R4,R5}
   \   00000004   0x681B             LDR      R3,[R3, #+0]
    192            
    193            NVIC_SetPriority(IRQn, NVIC_EncodePriority(prioritygroup, PreemptPriority, SubPriority));
   \   00000006   0xF3C3 0x2302      UBFX     R3,R3,#+8,#+3
   \   0000000A   0xF1C3 0x0407      RSB      R4,R3,#+7
   \   0000000E   0x2C05             CMP      R4,#+5
   \   00000010   0xBF28             IT       CS 
   \   00000012   0x2404             MOVCS    R4,#+4
   \   00000014   0x1D1D             ADDS     R5,R3,#+4
   \   00000016   0x2D07             CMP      R5,#+7
   \   00000018   0xBF34             ITE      CC 
   \   0000001A   0x2300             MOVCC    R3,#+0
   \   0000001C   0x1EDB             SUBCS    R3,R3,#+3
   \   0000001E   0x2501             MOVS     R5,#+1
   \   00000020   0xFA05 0xF404      LSL      R4,R5,R4
   \   00000024   0x1E64             SUBS     R4,R4,#+1
   \   00000026   0x4021             ANDS     R1,R4,R1
   \   00000028   0x4099             LSLS     R1,R1,R3
   \   0000002A   0xFA05 0xF303      LSL      R3,R5,R3
   \   0000002E   0x1E5B             SUBS     R3,R3,#+1
   \   00000030   0x401A             ANDS     R2,R3,R2
   \   00000032   0x4311             ORRS     R1,R2,R1
   \   00000034   0x0109             LSLS     R1,R1,#+4
   \   00000036   0x2800             CMP      R0,#+0
   \   00000038   0xD507             BPL.N    ??HAL_NVIC_SetPriority_0
   \   0000003A   0x....             LDR.N    R2,??DataTable13_2  ;; 0xe000ed18
   \   0000003C   0xF000 0x000F      AND      R0,R0,#0xF
   \   00000040   0x1880             ADDS     R0,R0,R2
   \   00000042   0xF800 0x1C04      STRB     R1,[R0, #-4]
    194          }
   \   00000046   0xBC30             POP      {R4,R5}
   \   00000048   0x4770             BX       LR
   \                     ??HAL_NVIC_SetPriority_0: (+1)
   \   0000004A   0x....             LDR.N    R2,??DataTable13_3  ;; 0xe000e400
   \   0000004C   0x5481             STRB     R1,[R0, R2]
   \   0000004E   0xBC30             POP      {R4,R5}
   \   00000050   0x4770             BX       LR               ;; return
    195          
    196          /**
    197            * @brief  Enables a device specific interrupt in the NVIC interrupt controller.
    198            * @note   To configure interrupts priority correctly, the NVIC_PriorityGroupConfig()
    199            *         function should be called before. 
    200            * @param  IRQn External interrupt number.
    201            *         This parameter can be an enumerator of IRQn_Type enumeration
    202            *         (For the complete STM32 Devices IRQ Channels list, please refer to the appropriate CMSIS device file (stm32f7xxxx.h))
    203            * @retval None
    204            */

   \                                 In section .text, align 2, keep-with-next
    205          void HAL_NVIC_EnableIRQ(IRQn_Type IRQn)
    206          {
    207            /* Check the parameters */
    208            assert_param(IS_NVIC_DEVICE_IRQ(IRQn));
    209            
    210            /* Enable interrupt */
    211            NVIC_EnableIRQ(IRQn);
   \                     HAL_NVIC_EnableIRQ: (+1)
   \   00000000   0x2101             MOVS     R1,#+1
   \   00000002   0xF000 0x021F      AND      R2,R0,#0x1F
   \   00000006   0x4091             LSLS     R1,R1,R2
   \   00000008   0x....             LDR.N    R2,??DataTable13_4  ;; 0xe000e100
   \   0000000A   0x0940             LSRS     R0,R0,#+5
   \   0000000C   0xF842 0x1020      STR      R1,[R2, R0, LSL #+2]
    212          }
   \   00000010   0x4770             BX       LR               ;; return
    213          
    214          /**
    215            * @brief  Disables a device specific interrupt in the NVIC interrupt controller.
    216            * @param  IRQn External interrupt number.
    217            *         This parameter can be an enumerator of IRQn_Type enumeration
    218            *         (For the complete STM32 Devices IRQ Channels list, please refer to the appropriate CMSIS device file (stm32f7xxxx.h))
    219            * @retval None
    220            */

   \                                 In section .text, align 2, keep-with-next
    221          void HAL_NVIC_DisableIRQ(IRQn_Type IRQn)
    222          {
    223            /* Check the parameters */
    224            assert_param(IS_NVIC_DEVICE_IRQ(IRQn));
    225            
    226            /* Disable interrupt */
    227            NVIC_DisableIRQ(IRQn);
   \                     HAL_NVIC_DisableIRQ: (+1)
   \   00000000   0x2101             MOVS     R1,#+1
   \   00000002   0xF000 0x021F      AND      R2,R0,#0x1F
   \   00000006   0x4091             LSLS     R1,R1,R2
   \   00000008   0x....             LDR.N    R2,??DataTable13_5  ;; 0xe000e180
   \   0000000A   0x0940             LSRS     R0,R0,#+5
   \   0000000C   0xF842 0x1020      STR      R1,[R2, R0, LSL #+2]
    228          }
   \   00000010   0x4770             BX       LR               ;; return
    229          
    230          /**
    231            * @brief  Initiates a system reset request to reset the MCU.
    232            * @retval None
    233            */

   \                                 In section .text, align 2, keep-with-next
    234          void HAL_NVIC_SystemReset(void)
    235          {
    236            /* System Reset */
    237            NVIC_SystemReset();
   \                     HAL_NVIC_SystemReset: (+1)
   \   00000000   0xF3BF 0x8F4F      DSB      
   \   00000004   0x....             LDR.N    R0,??DataTable13  ;; 0xe000ed0c
   \   00000006   0x....             LDR.N    R2,??DataTable13_6  ;; 0x5fa0004
   \   00000008   0x6801             LDR      R1,[R0, #+0]
   \   0000000A   0xF401 0x61E0      AND      R1,R1,#0x700
   \   0000000E   0x4311             ORRS     R1,R2,R1
   \   00000010   0x6001             STR      R1,[R0, #+0]
   \   00000012   0xF3BF 0x8F4F      DSB      
   \                     ??HAL_NVIC_SystemReset_0: (+1)
   \   00000016   0xBF00             Nop      
   \   00000018   0xE7FD             B.N      ??HAL_NVIC_SystemReset_0
    238          }
    239          
    240          /**
    241            * @brief  Initializes the System Timer and its interrupt, and starts the System Tick Timer.
    242            *         Counter is in free running mode to generate periodic interrupts.
    243            * @param  TicksNumb: Specifies the ticks Number of ticks between two interrupts.
    244            * @retval status:  - 0  Function succeeded.
    245            *                  - 1  Function failed.
    246            */

   \                                 In section .text, align 2, keep-with-next
    247          uint32_t HAL_SYSTICK_Config(uint32_t TicksNumb)
    248          {
    249             return SysTick_Config(TicksNumb);
   \                     HAL_SYSTICK_Config: (+1)
   \   00000000   0x1E40             SUBS     R0,R0,#+1
   \   00000002   0xF1B0 0x7F80      CMP      R0,#+16777216
   \   00000006   0xD301             BCC.N    ??HAL_SYSTICK_Config_0
   \   00000008   0x2001             MOVS     R0,#+1
   \   0000000A   0x4770             BX       LR
   \                     ??HAL_SYSTICK_Config_0: (+1)
   \   0000000C   0x....             LDR.N    R1,??DataTable13_7  ;; 0xe000e010
   \   0000000E   0x6048             STR      R0,[R1, #+4]
   \   00000010   0x20F0             MOVS     R0,#+240
   \   00000012   0xF881 0x0D13      STRB     R0,[R1, #+3347]
   \   00000016   0x2000             MOVS     R0,#+0
   \   00000018   0x6088             STR      R0,[R1, #+8]
   \   0000001A   0x2007             MOVS     R0,#+7
   \   0000001C   0x6008             STR      R0,[R1, #+0]
   \   0000001E   0x2000             MOVS     R0,#+0
   \   00000020   0x4770             BX       LR               ;; return
    250          }
    251          /**
    252            * @}
    253            */
    254          
    255          /** @defgroup CORTEX_Exported_Functions_Group2 Peripheral Control functions
    256           *  @brief   Cortex control functions 
    257           *
    258          @verbatim   
    259            ==============================================================================
    260                                ##### Peripheral Control functions #####
    261            ==============================================================================  
    262              [..]
    263                This subsection provides a set of functions allowing to control the CORTEX
    264                (NVIC, SYSTICK, MPU) functionalities. 
    265           
    266                
    267          @endverbatim
    268            * @{
    269            */
    270          
    271          #if (__MPU_PRESENT == 1)
    272          /**
    273            * @brief  Initializes and configures the Region and the memory to be protected.
    274            * @param  MPU_Init: Pointer to a MPU_Region_InitTypeDef structure that contains
    275            *                the initialization and configuration information.
    276            * @retval None
    277            */

   \                                 In section .text, align 2, keep-with-next
    278          void HAL_MPU_ConfigRegion(MPU_Region_InitTypeDef *MPU_Init)
    279          {
    280            /* Check the parameters */
    281            assert_param(IS_MPU_REGION_NUMBER(MPU_Init->Number));
    282            assert_param(IS_MPU_REGION_ENABLE(MPU_Init->Enable));
    283          
    284            /* Set the Region number */
    285            MPU->RNR = MPU_Init->Number;
   \                     HAL_MPU_ConfigRegion: (+1)
   \   00000000   0x7842             LDRB     R2,[R0, #+1]
   \   00000002   0x....             LDR.N    R1,??DataTable13_8  ;; 0xe000ed98
   \   00000004   0x600A             STR      R2,[R1, #+0]
    286          
    287            if ((MPU_Init->Enable) != RESET)
   \   00000006   0x7802             LDRB     R2,[R0, #+0]
   \   00000008   0xB1E2             CBZ.N    R2,??HAL_MPU_ConfigRegion_0
    288            {
    289              /* Check the parameters */
    290              assert_param(IS_MPU_INSTRUCTION_ACCESS(MPU_Init->DisableExec));
    291              assert_param(IS_MPU_REGION_PERMISSION_ATTRIBUTE(MPU_Init->AccessPermission));
    292              assert_param(IS_MPU_TEX_LEVEL(MPU_Init->TypeExtField));
    293              assert_param(IS_MPU_ACCESS_SHAREABLE(MPU_Init->IsShareable));
    294              assert_param(IS_MPU_ACCESS_CACHEABLE(MPU_Init->IsCacheable));
    295              assert_param(IS_MPU_ACCESS_BUFFERABLE(MPU_Init->IsBufferable));
    296              assert_param(IS_MPU_SUB_REGION_DISABLE(MPU_Init->SubRegionDisable));
    297              assert_param(IS_MPU_REGION_SIZE(MPU_Init->Size));
    298              
    299              MPU->RBAR = MPU_Init->BaseAddress;
   \   0000000A   0x6842             LDR      R2,[R0, #+4]
   \   0000000C   0x604A             STR      R2,[R1, #+4]
    300              MPU->RASR = ((uint32_t)MPU_Init->DisableExec             << MPU_RASR_XN_Pos)   |
    301                          ((uint32_t)MPU_Init->AccessPermission        << MPU_RASR_AP_Pos)   |
    302                          ((uint32_t)MPU_Init->TypeExtField            << MPU_RASR_TEX_Pos)  |
    303                          ((uint32_t)MPU_Init->IsShareable             << MPU_RASR_S_Pos)    |
    304                          ((uint32_t)MPU_Init->IsCacheable             << MPU_RASR_C_Pos)    |
    305                          ((uint32_t)MPU_Init->IsBufferable            << MPU_RASR_B_Pos)    |
    306                          ((uint32_t)MPU_Init->SubRegionDisable        << MPU_RASR_SRD_Pos)  |
    307                          ((uint32_t)MPU_Init->Size                    << MPU_RASR_SIZE_Pos) |
    308                          ((uint32_t)MPU_Init->Enable                  << MPU_RASR_ENABLE_Pos);
   \   0000000E   0x7AC3             LDRB     R3,[R0, #+11]
   \   00000010   0x7B02             LDRB     R2,[R0, #+12]
   \   00000012   0x061B             LSLS     R3,R3,#+24
   \   00000014   0xEA43 0x7202      ORR      R2,R3,R2, LSL #+28
   \   00000018   0x7A83             LDRB     R3,[R0, #+10]
   \   0000001A   0xEA42 0x42C3      ORR      R2,R2,R3, LSL #+19
   \   0000001E   0x7B43             LDRB     R3,[R0, #+13]
   \   00000020   0xEA42 0x4283      ORR      R2,R2,R3, LSL #+18
   \   00000024   0x7B83             LDRB     R3,[R0, #+14]
   \   00000026   0xEA42 0x4243      ORR      R2,R2,R3, LSL #+17
   \   0000002A   0x7BC3             LDRB     R3,[R0, #+15]
   \   0000002C   0xEA42 0x4203      ORR      R2,R2,R3, LSL #+16
   \   00000030   0x7A43             LDRB     R3,[R0, #+9]
   \   00000032   0xEA42 0x2203      ORR      R2,R2,R3, LSL #+8
   \   00000036   0x7A03             LDRB     R3,[R0, #+8]
   \   00000038   0x7800             LDRB     R0,[R0, #+0]
   \   0000003A   0xEA42 0x0243      ORR      R2,R2,R3, LSL #+1
   \   0000003E   0x4310             ORRS     R0,R0,R2
    309            }
    310            else
    311            {
    312              MPU->RBAR = 0x00;
    313              MPU->RASR = 0x00;
   \   00000040   0x6088             STR      R0,[R1, #+8]
    314            }
    315          }
   \   00000042   0x4770             BX       LR
   \                     ??HAL_MPU_ConfigRegion_0: (+1)
   \   00000044   0x2000             MOVS     R0,#+0
   \   00000046   0x6048             STR      R0,[R1, #+4]
   \   00000048   0x6088             STR      R0,[R1, #+8]
   \   0000004A   0x4770             BX       LR               ;; return
    316          #endif /* __MPU_PRESENT */
    317          
    318          /**
    319            * @brief  Gets the priority grouping field from the NVIC Interrupt Controller.
    320            * @retval Priority grouping field (SCB->AIRCR [10:8] PRIGROUP field)
    321            */

   \                                 In section .text, align 2, keep-with-next
    322          uint32_t HAL_NVIC_GetPriorityGrouping(void)
    323          {
    324            /* Get the PRIGROUP[10:8] field value */
    325            return NVIC_GetPriorityGrouping();
   \                     HAL_NVIC_GetPriorityGrouping: (+1)
   \   00000000   0x....             LDR.N    R0,??DataTable13  ;; 0xe000ed0c
   \   00000002   0x6800             LDR      R0,[R0, #+0]
   \   00000004   0xF3C0 0x2002      UBFX     R0,R0,#+8,#+3
   \   00000008   0x4770             BX       LR               ;; return
    326          }
    327          
    328          /**
    329            * @brief  Gets the priority of an interrupt.
    330            * @param  IRQn: External interrupt number.
    331            *         This parameter can be an enumerator of IRQn_Type enumeration
    332            *         (For the complete STM32 Devices IRQ Channels list, please refer to the appropriate CMSIS device file (stm32f7xxxx.h))
    333            * @param   PriorityGroup: the priority grouping bits length.
    334            *         This parameter can be one of the following values:
    335            *           @arg NVIC_PRIORITYGROUP_0: 0 bits for preemption priority
    336            *                                      4 bits for subpriority
    337            *           @arg NVIC_PRIORITYGROUP_1: 1 bits for preemption priority
    338            *                                      3 bits for subpriority
    339            *           @arg NVIC_PRIORITYGROUP_2: 2 bits for preemption priority
    340            *                                      2 bits for subpriority
    341            *           @arg NVIC_PRIORITYGROUP_3: 3 bits for preemption priority
    342            *                                      1 bits for subpriority
    343            *           @arg NVIC_PRIORITYGROUP_4: 4 bits for preemption priority
    344            *                                      0 bits for subpriority
    345            * @param  pPreemptPriority: Pointer on the Preemptive priority value (starting from 0).
    346            * @param  pSubPriority: Pointer on the Subpriority value (starting from 0).
    347            * @retval None
    348            */

   \                                 In section .text, align 2, keep-with-next
    349          void HAL_NVIC_GetPriority(IRQn_Type IRQn, uint32_t PriorityGroup, uint32_t *pPreemptPriority, uint32_t *pSubPriority)
    350          {
    351            /* Check the parameters */
    352            assert_param(IS_NVIC_PRIORITY_GROUP(PriorityGroup));
    353           /* Get priority for Cortex-M system or device specific interrupts */
    354            NVIC_DecodePriority(NVIC_GetPriority(IRQn), PriorityGroup, pPreemptPriority, pSubPriority);
   \                     HAL_NVIC_GetPriority: (+1)
   \   00000000   0x2800             CMP      R0,#+0
   \   00000002   0xB430             PUSH     {R4,R5}
   \   00000004   0xD506             BPL.N    ??HAL_NVIC_GetPriority_0
   \   00000006   0x....             LDR.N    R4,??DataTable13_2  ;; 0xe000ed18
   \   00000008   0xF000 0x000F      AND      R0,R0,#0xF
   \   0000000C   0x1900             ADDS     R0,R0,R4
   \   0000000E   0xF810 0x0C04      LDRB     R0,[R0, #-4]
   \   00000012   0xE001             B.N      ??HAL_NVIC_GetPriority_1
   \                     ??HAL_NVIC_GetPriority_0: (+1)
   \   00000014   0x....             LDR.N    R4,??DataTable13_3  ;; 0xe000e400
   \   00000016   0x5D00             LDRB     R0,[R0, R4]
   \                     ??HAL_NVIC_GetPriority_1: (+1)
   \   00000018   0xF001 0x0107      AND      R1,R1,#0x7
   \   0000001C   0x0900             LSRS     R0,R0,#+4
   \   0000001E   0xF1C1 0x0407      RSB      R4,R1,#+7
   \   00000022   0x2C05             CMP      R4,#+5
   \   00000024   0xBF28             IT       CS 
   \   00000026   0x240F             MOVCS    R4,#+15
   \   00000028   0xD204             BCS.N    ??HAL_NVIC_GetPriority_2
   \   0000002A   0x2401             MOVS     R4,#+1
   \   0000002C   0xF1C1 0x0507      RSB      R5,R1,#+7
   \   00000030   0x40AC             LSLS     R4,R4,R5
   \   00000032   0x1E64             SUBS     R4,R4,#+1
   \                     ??HAL_NVIC_GetPriority_2: (+1)
   \   00000034   0x1D0D             ADDS     R5,R1,#+4
   \   00000036   0x2D07             CMP      R5,#+7
   \   00000038   0xBF34             ITE      CC 
   \   0000003A   0x2100             MOVCC    R1,#+0
   \   0000003C   0x1EC9             SUBCS    R1,R1,#+3
   \   0000003E   0xFA20 0xF501      LSR      R5,R0,R1
   \   00000042   0x402C             ANDS     R4,R4,R5
   \   00000044   0x6014             STR      R4,[R2, #+0]
   \   00000046   0x2201             MOVS     R2,#+1
   \   00000048   0xFA02 0xF101      LSL      R1,R2,R1
   \   0000004C   0x1E49             SUBS     R1,R1,#+1
   \   0000004E   0x4008             ANDS     R0,R1,R0
   \   00000050   0x6018             STR      R0,[R3, #+0]
    355          }
   \   00000052   0xBC30             POP      {R4,R5}
   \   00000054   0x4770             BX       LR               ;; return
    356          
    357          /**
    358            * @brief  Sets Pending bit of an external interrupt.
    359            * @param  IRQn External interrupt number
    360            *         This parameter can be an enumerator of IRQn_Type enumeration
    361            *         (For the complete STM32 Devices IRQ Channels list, please refer to the appropriate CMSIS device file (stm32f7xxxx.h))
    362            * @retval None
    363            */

   \                                 In section .text, align 2, keep-with-next
    364          void HAL_NVIC_SetPendingIRQ(IRQn_Type IRQn)
    365          {
    366            /* Check the parameters */
    367            assert_param(IS_NVIC_DEVICE_IRQ(IRQn));
    368            
    369            /* Set interrupt pending */
    370            NVIC_SetPendingIRQ(IRQn);
   \                     HAL_NVIC_SetPendingIRQ: (+1)
   \   00000000   0x2101             MOVS     R1,#+1
   \   00000002   0xF000 0x021F      AND      R2,R0,#0x1F
   \   00000006   0x4091             LSLS     R1,R1,R2
   \   00000008   0x....             LDR.N    R2,??DataTable13_9  ;; 0xe000e200
   \   0000000A   0x0940             LSRS     R0,R0,#+5
   \   0000000C   0xF842 0x1020      STR      R1,[R2, R0, LSL #+2]
    371          }
   \   00000010   0x4770             BX       LR               ;; return
    372          
    373          /**
    374            * @brief  Gets Pending Interrupt (reads the pending register in the NVIC 
    375            *         and returns the pending bit for the specified interrupt).
    376            * @param  IRQn External interrupt number.
    377            *          This parameter can be an enumerator of IRQn_Type enumeration
    378            *         (For the complete STM32 Devices IRQ Channels list, please refer to the appropriate CMSIS device file (stm32f7xxxx.h))
    379            * @retval status: - 0  Interrupt status is not pending.
    380            *                 - 1  Interrupt status is pending.
    381            */

   \                                 In section .text, align 2, keep-with-next
    382          uint32_t HAL_NVIC_GetPendingIRQ(IRQn_Type IRQn)
    383          {
    384            /* Check the parameters */
    385            assert_param(IS_NVIC_DEVICE_IRQ(IRQn));
    386            
    387            /* Return 1 if pending else 0 */
    388            return NVIC_GetPendingIRQ(IRQn);
   \                     HAL_NVIC_GetPendingIRQ: (+1)
   \   00000000   0x....             LDR.N    R1,??DataTable13_9  ;; 0xe000e200
   \   00000002   0x0942             LSRS     R2,R0,#+5
   \   00000004   0xF000 0x001F      AND      R0,R0,#0x1F
   \   00000008   0xF851 0x1022      LDR      R1,[R1, R2, LSL #+2]
   \   0000000C   0x40C1             LSRS     R1,R1,R0
   \   0000000E   0xF001 0x0001      AND      R0,R1,#0x1
   \   00000012   0x4770             BX       LR               ;; return
    389          }
    390          
    391          /**
    392            * @brief  Clears the pending bit of an external interrupt.
    393            * @param  IRQn External interrupt number.
    394            *         This parameter can be an enumerator of IRQn_Type enumeration
    395            *         (For the complete STM32 Devices IRQ Channels list, please refer to the appropriate CMSIS device file (stm32f7xxxx.h))
    396            * @retval None
    397            */

   \                                 In section .text, align 2, keep-with-next
    398          void HAL_NVIC_ClearPendingIRQ(IRQn_Type IRQn)
    399          {
    400            /* Check the parameters */
    401            assert_param(IS_NVIC_DEVICE_IRQ(IRQn));
    402            
    403            /* Clear pending interrupt */
    404            NVIC_ClearPendingIRQ(IRQn);
   \                     HAL_NVIC_ClearPendingIRQ: (+1)
   \   00000000   0x2101             MOVS     R1,#+1
   \   00000002   0xF000 0x021F      AND      R2,R0,#0x1F
   \   00000006   0x4091             LSLS     R1,R1,R2
   \   00000008   0x....             LDR.N    R2,??DataTable13_10  ;; 0xe000e280
   \   0000000A   0x0940             LSRS     R0,R0,#+5
   \   0000000C   0xF842 0x1020      STR      R1,[R2, R0, LSL #+2]
    405          }
   \   00000010   0x4770             BX       LR               ;; return
    406          
    407          /**
    408            * @brief Gets active interrupt ( reads the active register in NVIC and returns the active bit).
    409            * @param IRQn External interrupt number
    410            *         This parameter can be an enumerator of IRQn_Type enumeration
    411            *         (For the complete STM32 Devices IRQ Channels list, please refer to the appropriate CMSIS device file (stm32f7xxxx.h))
    412            * @retval status: - 0  Interrupt status is not pending.
    413            *                 - 1  Interrupt status is pending.
    414            */

   \                                 In section .text, align 2, keep-with-next
    415          uint32_t HAL_NVIC_GetActive(IRQn_Type IRQn)
    416          {
    417            /* Check the parameters */
    418            assert_param(IS_NVIC_DEVICE_IRQ(IRQn));
    419            
    420            /* Return 1 if active else 0 */
    421            return NVIC_GetActive(IRQn);
   \                     HAL_NVIC_GetActive: (+1)
   \   00000000   0x....             LDR.N    R1,??DataTable13_11  ;; 0xe000e300
   \   00000002   0x0942             LSRS     R2,R0,#+5
   \   00000004   0xF000 0x001F      AND      R0,R0,#0x1F
   \   00000008   0xF851 0x1022      LDR      R1,[R1, R2, LSL #+2]
   \   0000000C   0x40C1             LSRS     R1,R1,R0
   \   0000000E   0xF001 0x0001      AND      R0,R1,#0x1
   \   00000012   0x4770             BX       LR               ;; return
    422          }
    423          
    424          /**
    425            * @brief  Configures the SysTick clock source.
    426            * @param  CLKSource: specifies the SysTick clock source.
    427            *          This parameter can be one of the following values:
    428            *             @arg SYSTICK_CLKSOURCE_HCLK_DIV8: AHB clock divided by 8 selected as SysTick clock source.
    429            *             @arg SYSTICK_CLKSOURCE_HCLK: AHB clock selected as SysTick clock source.
    430            * @retval None
    431            */

   \                                 In section .text, align 2, keep-with-next
    432          void HAL_SYSTICK_CLKSourceConfig(uint32_t CLKSource)
    433          {
    434            /* Check the parameters */
    435            assert_param(IS_SYSTICK_CLK_SOURCE(CLKSource));
    436            if (CLKSource == SYSTICK_CLKSOURCE_HCLK)
   \                     HAL_SYSTICK_CLKSourceConfig: (+1)
   \   00000000   0x....             LDR.N    R1,??DataTable13_7  ;; 0xe000e010
   \   00000002   0x2804             CMP      R0,#+4
   \   00000004   0x6808             LDR      R0,[R1, #+0]
   \   00000006   0xBF0C             ITE      EQ 
   \   00000008   0xF040 0x0004      ORREQ    R0,R0,#0x4
   \   0000000C   0xF020 0x0004      BICNE    R0,R0,#0x4
    437            {
    438              SysTick->CTRL |= SYSTICK_CLKSOURCE_HCLK;
    439            }
    440            else
    441            {
    442              SysTick->CTRL &= ~SYSTICK_CLKSOURCE_HCLK;
   \   00000010   0x6008             STR      R0,[R1, #+0]
    443            }
    444          }
   \   00000012   0x4770             BX       LR               ;; return
    445          
    446          /**
    447            * @brief  This function handles SYSTICK interrupt request.
    448            * @retval None
    449            */

   \                                 In section .text, align 2, keep-with-next
    450          void HAL_SYSTICK_IRQHandler(void)
    451          {
   \                     HAL_SYSTICK_IRQHandler: (+1)
   \   00000000   0xB500             PUSH     {LR}
   \   00000002   0xB081             SUB      SP,SP,#+4
    452            HAL_SYSTICK_Callback();
   \   00000004   0x.... 0x....      BL       HAL_SYSTICK_Callback
    453          }
   \   00000008   0xB001             ADD      SP,SP,#+4
   \   0000000A   0xBD00             POP      {PC}             ;; return
    454          
    455          /**
    456            * @brief  SYSTICK callback.
    457            * @retval None
    458            */

   \                                 In section .text, align 2, keep-with-next
    459          __weak void HAL_SYSTICK_Callback(void)
    460          {
    461            /* NOTE : This function Should not be modified, when the callback is needed,
    462                      the HAL_SYSTICK_Callback could be implemented in the user file
    463             */
    464          }
   \                     HAL_SYSTICK_Callback: (+1)
   \   00000000   0x4770             BX       LR               ;; return

   \                                 In section .text, align 4, keep-with-next
   \                     ??DataTable13:
   \   00000000   0xE000ED0C         DC32     0xe000ed0c

   \                                 In section .text, align 4, keep-with-next
   \                     ??DataTable13_1:
   \   00000000   0x05FA0000         DC32     0x5fa0000

   \                                 In section .text, align 4, keep-with-next
   \                     ??DataTable13_2:
   \   00000000   0xE000ED18         DC32     0xe000ed18

   \                                 In section .text, align 4, keep-with-next
   \                     ??DataTable13_3:
   \   00000000   0xE000E400         DC32     0xe000e400

   \                                 In section .text, align 4, keep-with-next
   \                     ??DataTable13_4:
   \   00000000   0xE000E100         DC32     0xe000e100

   \                                 In section .text, align 4, keep-with-next
   \                     ??DataTable13_5:
   \   00000000   0xE000E180         DC32     0xe000e180

   \                                 In section .text, align 4, keep-with-next
   \                     ??DataTable13_6:
   \   00000000   0x05FA0004         DC32     0x5fa0004

   \                                 In section .text, align 4, keep-with-next
   \                     ??DataTable13_7:
   \   00000000   0xE000E010         DC32     0xe000e010

   \                                 In section .text, align 4, keep-with-next
   \                     ??DataTable13_8:
   \   00000000   0xE000ED98         DC32     0xe000ed98

   \                                 In section .text, align 4, keep-with-next
   \                     ??DataTable13_9:
   \   00000000   0xE000E200         DC32     0xe000e200

   \                                 In section .text, align 4, keep-with-next
   \                     ??DataTable13_10:
   \   00000000   0xE000E280         DC32     0xe000e280

   \                                 In section .text, align 4, keep-with-next
   \                     ??DataTable13_11:
   \   00000000   0xE000E300         DC32     0xe000e300
    465          
    466          /**
    467            * @}
    468            */
    469          
    470          /**
    471            * @}
    472            */
    473          
    474          #endif /* HAL_CORTEX_MODULE_ENABLED */
    475          /**
    476            * @}
    477            */
    478          
    479          /**
    480            * @}
    481            */
    482          
    483          /************************ (C) COPYRIGHT STMicroelectronics *****END OF FILE****/

   Maximum stack usage in bytes:

   .cstack Function
   ------- --------
       0   HAL_MPU_ConfigRegion
       0   HAL_NVIC_ClearPendingIRQ
       0   HAL_NVIC_DisableIRQ
       0   HAL_NVIC_EnableIRQ
       0   HAL_NVIC_GetActive
       0   HAL_NVIC_GetPendingIRQ
       8   HAL_NVIC_GetPriority
       0   HAL_NVIC_GetPriorityGrouping
       0   HAL_NVIC_SetPendingIRQ
       8   HAL_NVIC_SetPriority
       0   HAL_NVIC_SetPriorityGrouping
       0   HAL_NVIC_SystemReset
       0   HAL_SYSTICK_CLKSourceConfig
       0   HAL_SYSTICK_Callback
       0   HAL_SYSTICK_Config
       8   HAL_SYSTICK_IRQHandler
         8   -> HAL_SYSTICK_Callback


   Section sizes:

   Bytes  Function/Label
   -----  --------------
       4  ??DataTable13
       4  ??DataTable13_1
       4  ??DataTable13_10
       4  ??DataTable13_11
       4  ??DataTable13_2
       4  ??DataTable13_3
       4  ??DataTable13_4
       4  ??DataTable13_5
       4  ??DataTable13_6
       4  ??DataTable13_7
       4  ??DataTable13_8
       4  ??DataTable13_9
      76  HAL_MPU_ConfigRegion
      18  HAL_NVIC_ClearPendingIRQ
      18  HAL_NVIC_DisableIRQ
      18  HAL_NVIC_EnableIRQ
      20  HAL_NVIC_GetActive
      20  HAL_NVIC_GetPendingIRQ
      86  HAL_NVIC_GetPriority
      10  HAL_NVIC_GetPriorityGrouping
      18  HAL_NVIC_SetPendingIRQ
      82  HAL_NVIC_SetPriority
      26  HAL_NVIC_SetPriorityGrouping
      26  HAL_NVIC_SystemReset
      20  HAL_SYSTICK_CLKSourceConfig
       2  HAL_SYSTICK_Callback
      34  HAL_SYSTICK_Config
      12  HAL_SYSTICK_IRQHandler

 
 534 bytes in section .text
 
 534 bytes of CODE memory

Errors: none
Warnings: none
