###############################################################################
#
# IAR ANSI C/C++ Compiler V7.50.2.10312/W32 for ARM       27/Feb/2016  00:32:33
# Copyright 1999-2015 IAR Systems AB.
#
#    Cpu mode     =  thumb
#    Endian       =  little
#    Source file  =  
#        H:\PhanLeSon\ActivNoise\Microphone\F7\Mic_Array_Project\Mic_Array\Drivers\STM32F7xx_HAL_Driver\Src\stm32f7xx_hal_flash_ex.c
#    Command line =  
#        H:\PhanLeSon\ActivNoise\Microphone\F7\Mic_Array_Project\Mic_Array\Drivers\STM32F7xx_HAL_Driver\Src\stm32f7xx_hal_flash_ex.c
#        -D USE_HAL_DRIVER -D STM32F746xx -D USE_STM32746G_DISCO -D
#        USE_IOEXPANDER -D USE_USB_FS -lC
#        H:\PhanLeSon\ActivNoise\Microphone\F7\Mic_Array_Project\Mic_Array\Projects\STM32746G\Applications\Audio\Mic_Array\EWARM\STM32F7\List
#        -lA
#        H:\PhanLeSon\ActivNoise\Microphone\F7\Mic_Array_Project\Mic_Array\Projects\STM32746G\Applications\Audio\Mic_Array\EWARM\STM32F7\List
#        -o
#        H:\PhanLeSon\ActivNoise\Microphone\F7\Mic_Array_Project\Mic_Array\Projects\STM32746G\Applications\Audio\Mic_Array\EWARM\STM32F7\Obj
#        --no_unroll --no_inline --no_tbaa --no_scheduling --debug
#        --endian=little --cpu=Cortex-M7 -e --fpu=VFPv5_sp --dlib_config
#        "D:\Program Files (x86)\IAR Systems\Embedded Workbench
#        7.3\arm\INC\c\DLib_Config_Full.h" -I
#        H:\PhanLeSon\ActivNoise\Microphone\F7\Mic_Array_Project\Mic_Array\Projects\STM32746G\Applications\Audio\Mic_Array\EWARM\..\Inc\
#        -I
#        H:\PhanLeSon\ActivNoise\Microphone\F7\Mic_Array_Project\Mic_Array\Projects\STM32746G\Applications\Audio\Mic_Array\EWARM\..\..\..\..\..\..\Drivers\CMSIS\Device\ST\STM32F7xx\Include\
#        -I
#        H:\PhanLeSon\ActivNoise\Microphone\F7\Mic_Array_Project\Mic_Array\Projects\STM32746G\Applications\Audio\Mic_Array\EWARM\..\..\..\..\..\..\Drivers\STM32F7xx_HAL_Driver\Inc\
#        -I
#        H:\PhanLeSon\ActivNoise\Microphone\F7\Mic_Array_Project\Mic_Array\Projects\STM32746G\Applications\Audio\Mic_Array\EWARM\..\..\..\..\..\..\Drivers\BSP\STM32746G-Discovery\
#        -I
#        H:\PhanLeSon\ActivNoise\Microphone\F7\Mic_Array_Project\Mic_Array\Projects\STM32746G\Applications\Audio\Mic_Array\EWARM\..\..\..\..\..\..\Drivers\BSP\Components\Common\
#        -I
#        H:\PhanLeSon\ActivNoise\Microphone\F7\Mic_Array_Project\Mic_Array\Projects\STM32746G\Applications\Audio\Mic_Array\EWARM\..\..\..\..\..\..\Utilities\Log\
#        -I
#        H:\PhanLeSon\ActivNoise\Microphone\F7\Mic_Array_Project\Mic_Array\Projects\STM32746G\Applications\Audio\Mic_Array\EWARM\..\..\..\..\..\..\Utilities\Fonts\
#        -I
#        H:\PhanLeSon\ActivNoise\Microphone\F7\Mic_Array_Project\Mic_Array\Projects\STM32746G\Applications\Audio\Mic_Array\EWARM\..\..\..\..\..\..\Utilities\CPU\
#        -I
#        H:\PhanLeSon\ActivNoise\Microphone\F7\Mic_Array_Project\Mic_Array\Projects\STM32746G\Applications\Audio\Mic_Array\EWARM\..\..\..\..\..\..\Middlewares\ST\STM32_USB_Device_Library\Core\Inc\
#        -I
#        H:\PhanLeSon\ActivNoise\Microphone\F7\Mic_Array_Project\Mic_Array\Projects\STM32746G\Applications\Audio\Mic_Array\EWARM\..\..\..\..\..\..\Middlewares\ST\STM32_USB_HOST_Library\Core\Inc\
#        -I
#        H:\PhanLeSon\ActivNoise\Microphone\F7\Mic_Array_Project\Mic_Array\Projects\STM32746G\Applications\Audio\Mic_Array\EWARM\..\..\..\..\..\..\Middlewares\ST\STM32_USB_HOST_Library\Class\MSC\Inc\
#        -I
#        H:\PhanLeSon\ActivNoise\Microphone\F7\Mic_Array_Project\Mic_Array\Projects\STM32746G\Applications\Audio\Mic_Array\EWARM\..\..\..\..\..\..\Middlewares\Third_Party\FatFs\src\
#        -I
#        H:\PhanLeSon\ActivNoise\Microphone\F7\Mic_Array_Project\Mic_Array\Projects\STM32746G\Applications\Audio\Mic_Array\EWARM\..\..\..\..\..\..\Middlewares\Third_Party\FatFs\src\drivers\
#        -I
#        H:\PhanLeSon\ActivNoise\Microphone\F7\Mic_Array_Project\Mic_Array\Projects\STM32746G\Applications\Audio\Mic_Array\EWARM\..\..\..\..\..\..\Middlewares\ST\STM32_Audio\Addons\PDM\
#        -I
#        H:\PhanLeSon\ActivNoise\Microphone\F7\Mic_Array_Project\Mic_Array\Projects\STM32746G\Applications\Audio\Mic_Array\EWARM\..\..\..\..\..\..\Middlewares\ST\STM32_USB_Device_Library\Class\AUDIO\Inc\
#        -Om --use_c++_inline --require_prototypes -I "D:\Program Files
#        (x86)\IAR Systems\Embedded Workbench 7.3\arm\CMSIS\Include\" -D
#        ARM_MATH_CM7
#    List file    =  
#        H:\PhanLeSon\ActivNoise\Microphone\F7\Mic_Array_Project\Mic_Array\Projects\STM32746G\Applications\Audio\Mic_Array\EWARM\STM32F7\List\stm32f7xx_hal_flash_ex.lst
#    Object file  =  
#        H:\PhanLeSon\ActivNoise\Microphone\F7\Mic_Array_Project\Mic_Array\Projects\STM32746G\Applications\Audio\Mic_Array\EWARM\STM32F7\Obj\stm32f7xx_hal_flash_ex.o
#
###############################################################################

H:\PhanLeSon\ActivNoise\Microphone\F7\Mic_Array_Project\Mic_Array\Drivers\STM32F7xx_HAL_Driver\Src\stm32f7xx_hal_flash_ex.c
      1          /**
      2            ******************************************************************************
      3            * @file    stm32f7xx_hal_flash_ex.c
      4            * @author  MCD Application Team
      5            * @version V1.0.1
      6            * @date    25-June-2015
      7            * @brief   Extended FLASH HAL module driver.
      8            *          This file provides firmware functions to manage the following 
      9            *          functionalities of the FLASH extension peripheral:
     10            *           + Extended programming operations functions
     11            *  
     12            @verbatim
     13            ==============================================================================
     14                             ##### Flash Extension features #####
     15            ==============================================================================
     16                     
     17            [..] Comparing to other previous devices, the FLASH interface for STM32F727xx/437xx and 
     18                 devices contains the following additional features 
     19                 
     20                 (+) Capacity up to 2 Mbyte with dual bank architecture supporting read-while-write
     21                     capability (RWW)
     22                 (+) Dual bank memory organization       
     23                 (+) PCROP protection for all banks
     24             
     25                                ##### How to use this driver #####
     26            ==============================================================================
     27            [..] This driver provides functions to configure and program the FLASH memory 
     28                 of all STM32F7xx devices. It includes
     29                (#) FLASH Memory Erase functions: 
     30                     (++) Lock and Unlock the FLASH interface using HAL_FLASH_Unlock() and 
     31                          HAL_FLASH_Lock() functions
     32                     (++) Erase function: Erase sector, erase all sectors
     33                     (++) There are two modes of erase :
     34                       (+++) Polling Mode using HAL_FLASHEx_Erase()
     35                       (+++) Interrupt Mode using HAL_FLASHEx_Erase_IT()
     36                       
     37                (#) Option Bytes Programming functions: Use HAL_FLASHEx_OBProgram() to :
     38                     (++) Set/Reset the write protection
     39                     (++) Set the Read protection Level
     40                     (++) Set the BOR level
     41                     (++) Program the user Option Bytes
     42                (#) Advanced Option Bytes Programming functions: Use HAL_FLASHEx_AdvOBProgram() to :  
     43                 (++) Extended space (bank 2) erase function
     44                 (++) Full FLASH space (2 Mo) erase (bank 1 and bank 2)
     45                 (++) Dual Boot activation
     46                 (++) Write protection configuration for bank 2
     47                 (++) PCROP protection configuration and control for both banks
     48            
     49            @endverbatim
     50            ******************************************************************************
     51            * @attention
     52            *
     53            * <h2><center>&copy; COPYRIGHT(c) 2015 STMicroelectronics</center></h2>
     54            *
     55            * Redistribution and use in source and binary forms, with or without modification,
     56            * are permitted provided that the following conditions are met:
     57            *   1. Redistributions of source code must retain the above copyright notice,
     58            *      this list of conditions and the following disclaimer.
     59            *   2. Redistributions in binary form must reproduce the above copyright notice,
     60            *      this list of conditions and the following disclaimer in the documentation
     61            *      and/or other materials provided with the distribution.
     62            *   3. Neither the name of STMicroelectronics nor the names of its contributors
     63            *      may be used to endorse or promote products derived from this software
     64            *      without specific prior written permission.
     65            *
     66            * THIS SOFTWARE IS PROVIDED BY THE COPYRIGHT HOLDERS AND CONTRIBUTORS "AS IS"
     67            * AND ANY EXPRESS OR IMPLIED WARRANTIES, INCLUDING, BUT NOT LIMITED TO, THE
     68            * IMPLIED WARRANTIES OF MERCHANTABILITY AND FITNESS FOR A PARTICULAR PURPOSE ARE
     69            * DISCLAIMED. IN NO EVENT SHALL THE COPYRIGHT HOLDER OR CONTRIBUTORS BE LIABLE
     70            * FOR ANY DIRECT, INDIRECT, INCIDENTAL, SPECIAL, EXEMPLARY, OR CONSEQUENTIAL
     71            * DAMAGES (INCLUDING, BUT NOT LIMITED TO, PROCUREMENT OF SUBSTITUTE GOODS OR
     72            * SERVICES; LOSS OF USE, DATA, OR PROFITS; OR BUSINESS INTERRUPTION) HOWEVER
     73            * CAUSED AND ON ANY THEORY OF LIABILITY, WHETHER IN CONTRACT, STRICT LIABILITY,
     74            * OR TORT (INCLUDING NEGLIGENCE OR OTHERWISE) ARISING IN ANY WAY OUT OF THE USE
     75            * OF THIS SOFTWARE, EVEN IF ADVISED OF THE POSSIBILITY OF SUCH DAMAGE.
     76            *
     77            ******************************************************************************
     78            */ 
     79          
     80          /* Includes ------------------------------------------------------------------*/
     81          #include "stm32f7xx_hal.h"
     82          
     83          /** @addtogroup STM32F7xx_HAL_Driver
     84            * @{
     85            */
     86          
     87          /** @defgroup FLASHEx FLASHEx
     88            * @brief FLASH HAL Extension module driver
     89            * @{
     90            */
     91          
     92          #ifdef HAL_FLASH_MODULE_ENABLED
     93          
     94          /* Private typedef -----------------------------------------------------------*/
     95          /* Private define ------------------------------------------------------------*/
     96          /** @addtogroup FLASHEx_Private_Constants
     97            * @{
     98            */    
     99          #define SECTOR_MASK               ((uint32_t)0xFFFFFF07)
    100          #define FLASH_TIMEOUT_VALUE       ((uint32_t)50000)/* 50 s */
    101          /**
    102            * @}
    103            */
    104              
    105          /* Private macro -------------------------------------------------------------*/
    106          /* Private variables ---------------------------------------------------------*/
    107          /** @addtogroup FLASHEx_Private_Variables
    108            * @{
    109            */    
    110          extern FLASH_ProcessTypeDef pFlash;
    111          /**
    112            * @}
    113            */
    114          
    115          /* Private function prototypes -----------------------------------------------*/
    116          /** @addtogroup FLASHEx_Private_Functions
    117            * @{
    118            */
    119          /* Option bytes control */
    120          static void               FLASH_MassErase(uint8_t VoltageRange);
    121          static HAL_StatusTypeDef  FLASH_OB_EnableWRP(uint32_t WRPSector);
    122          static HAL_StatusTypeDef  FLASH_OB_DisableWRP(uint32_t WRPSector);
    123          static HAL_StatusTypeDef  FLASH_OB_RDP_LevelConfig(uint32_t Level);
    124          static HAL_StatusTypeDef  FLASH_OB_UserConfig(uint32_t Wwdg, uint32_t Iwdg, uint32_t Stop, uint32_t Stdby, uint32_t Iwdgstop, uint32_t Iwdgstdby);
    125          static HAL_StatusTypeDef  FLASH_OB_BOR_LevelConfig(uint8_t Level);
    126          static HAL_StatusTypeDef  FLASH_OB_BootAddressConfig(uint32_t BootOption, uint32_t Address);
    127          static uint32_t           FLASH_OB_GetUser(void);
    128          static uint32_t           FLASH_OB_GetWRP(void);
    129          static uint8_t            FLASH_OB_GetRDP(void);
    130          static uint32_t           FLASH_OB_GetBOR(void);
    131          static uint32_t           FLASH_OB_GetBootAddress(uint32_t BootOption);
    132          
    133          extern HAL_StatusTypeDef  FLASH_WaitForLastOperation(uint32_t Timeout);
    134          /**
    135            * @}
    136            */
    137          
    138          /* Exported functions --------------------------------------------------------*/
    139          /** @defgroup FLASHEx_Exported_Functions FLASHEx Exported Functions
    140            * @{
    141            */
    142          
    143          /** @defgroup FLASHEx_Exported_Functions_Group1 Extended IO operation functions
    144           *  @brief   Extended IO operation functions 
    145           *
    146          @verbatim   
    147           ===============================================================================
    148                          ##### Extended programming operation functions #####
    149           ===============================================================================  
    150              [..]
    151              This subsection provides a set of functions allowing to manage the Extension FLASH 
    152              programming operations Operations.
    153          
    154          @endverbatim
    155            * @{
    156            */
    157          /**
    158            * @brief  Perform a mass erase or erase the specified FLASH memory sectors 
    159            * @param[in]  pEraseInit: pointer to an FLASH_EraseInitTypeDef structure that
    160            *         contains the configuration information for the erasing.
    161            * 
    162            * @param[out]  SectorError: pointer to variable  that
    163            *         contains the configuration information on faulty sector in case of error 
    164            *         (0xFFFFFFFF means that all the sectors have been correctly erased)
    165            * 
    166            * @retval HAL Status
    167            */

   \                                 In section .text, align 2, keep-with-next
    168          HAL_StatusTypeDef HAL_FLASHEx_Erase(FLASH_EraseInitTypeDef *pEraseInit, uint32_t *SectorError)
    169          {
   \                     HAL_FLASHEx_Erase: (+1)
   \   00000000   0xE92D 0x41F0      PUSH     {R4-R8,LR}
   \   00000004   0x4604             MOV      R4,R0
   \   00000006   0x460D             MOV      R5,R1
    170            HAL_StatusTypeDef status = HAL_ERROR;
    171            uint32_t index = 0;
    172            
    173            /* Process Locked */
    174            __HAL_LOCK(&pFlash);
   \   00000008   0x....             LDR.N    R6,??DataTable15
   \   0000000A   0x7D30             LDRB     R0,[R6, #+20]
   \   0000000C   0x2801             CMP      R0,#+1
   \   0000000E   0xD101             BNE.N    ??HAL_FLASHEx_Erase_0
   \   00000010   0x2002             MOVS     R0,#+2
   \   00000012   0xE03C             B.N      ??HAL_FLASHEx_Erase_1
   \                     ??HAL_FLASHEx_Erase_0: (+1)
   \   00000014   0x2001             MOVS     R0,#+1
   \   00000016   0x7530             STRB     R0,[R6, #+20]
    175          
    176            /* Check the parameters */
    177            assert_param(IS_FLASH_TYPEERASE(pEraseInit->TypeErase));
    178          
    179            /* Wait for last operation to be completed */
    180            status = FLASH_WaitForLastOperation((uint32_t)FLASH_TIMEOUT_VALUE);
   \   00000018   0xF24C 0x3750      MOVW     R7,#+50000
   \   0000001C   0x4638             MOV      R0,R7
   \   0000001E   0x.... 0x....      BL       FLASH_WaitForLastOperation
    181          
    182            if(status == HAL_OK)
   \   00000022   0x2800             CMP      R0,#+0
   \   00000024   0xD131             BNE.N    ??HAL_FLASHEx_Erase_2
    183            {
    184              /*Initialization of SectorError variable*/
    185              *SectorError = 0xFFFFFFFF;
   \   00000026   0xF04F 0x31FF      MOV      R1,#-1
   \   0000002A   0x6029             STR      R1,[R5, #+0]
    186              
    187              if(pEraseInit->TypeErase == FLASH_TYPEERASE_MASSERASE)
   \   0000002C   0x6821             LDR      R1,[R4, #+0]
   \   0000002E   0x2901             CMP      R1,#+1
   \   00000030   0xD10C             BNE.N    ??HAL_FLASHEx_Erase_3
    188              {
    189                /*Mass erase to be done*/
    190                FLASH_MassErase((uint8_t) pEraseInit->VoltageRange);
   \   00000032   0x68E0             LDR      R0,[R4, #+12]
   \   00000034   0xB2C0             UXTB     R0,R0
   \   00000036   0x.... 0x....      BL       FLASH_MassErase
    191          
    192                /* Wait for last operation to be completed */
    193                status = FLASH_WaitForLastOperation((uint32_t)FLASH_TIMEOUT_VALUE);
   \   0000003A   0x4638             MOV      R0,R7
   \   0000003C   0x.... 0x....      BL       FLASH_WaitForLastOperation
    194                
    195                /* if the erase operation is completed, disable the MER Bit */
    196                FLASH->CR &= (~FLASH_MER_BIT);
   \   00000040   0x....             LDR.N    R1,??DataTable15_1  ;; 0x40023c10
   \   00000042   0x680A             LDR      R2,[R1, #+0]
   \   00000044   0xF022 0x0204      BIC      R2,R2,#0x4
   \   00000048   0x600A             STR      R2,[R1, #+0]
   \   0000004A   0xE01E             B.N      ??HAL_FLASHEx_Erase_2
    197              }
    198              else
    199              {
    200                /* Check the parameters */
    201                assert_param(IS_FLASH_NBSECTORS(pEraseInit->NbSectors + pEraseInit->Sector));
    202          
    203                /* Erase by sector by sector to be done*/
    204                for(index = pEraseInit->Sector; index < (pEraseInit->NbSectors + pEraseInit->Sector); index++)
   \                     ??HAL_FLASHEx_Erase_3: (+1)
   \   0000004C   0xF8D4 0x8004      LDR      R8,[R4, #+4]
   \   00000050   0xE001             B.N      ??HAL_FLASHEx_Erase_4
   \                     ??HAL_FLASHEx_Erase_5: (+1)
   \   00000052   0xF108 0x0801      ADD      R8,R8,#+1
   \                     ??HAL_FLASHEx_Erase_4: (+1)
   \   00000056   0x68A1             LDR      R1,[R4, #+8]
   \   00000058   0x6862             LDR      R2,[R4, #+4]
   \   0000005A   0x1851             ADDS     R1,R2,R1
   \   0000005C   0x4588             CMP      R8,R1
   \   0000005E   0xD214             BCS.N    ??HAL_FLASHEx_Erase_2
    205                {
    206                  FLASH_Erase_Sector(index, (uint8_t) pEraseInit->VoltageRange);
   \   00000060   0x68E1             LDR      R1,[R4, #+12]
   \   00000062   0xB2C9             UXTB     R1,R1
   \   00000064   0x4640             MOV      R0,R8
   \   00000066   0x.... 0x....      BL       FLASH_Erase_Sector
    207          
    208                  /* Wait for last operation to be completed */
    209                  status = FLASH_WaitForLastOperation((uint32_t)FLASH_TIMEOUT_VALUE);
   \   0000006A   0x4638             MOV      R0,R7
   \   0000006C   0x.... 0x....      BL       FLASH_WaitForLastOperation
    210                  
    211                  /* If the erase operation is completed, disable the SER Bit */
    212                  FLASH->CR &= (~FLASH_CR_SER);
   \   00000070   0x....             LDR.N    R1,??DataTable15_1  ;; 0x40023c10
   \   00000072   0x680A             LDR      R2,[R1, #+0]
   \   00000074   0xF022 0x0202      BIC      R2,R2,#0x2
   \   00000078   0x600A             STR      R2,[R1, #+0]
    213                  FLASH->CR &= SECTOR_MASK; 
   \   0000007A   0x680A             LDR      R2,[R1, #+0]
   \   0000007C   0xF022 0x02F8      BIC      R2,R2,#0xF8
   \   00000080   0x600A             STR      R2,[R1, #+0]
    214          
    215                  if(status != HAL_OK) 
   \   00000082   0x2800             CMP      R0,#+0
   \   00000084   0xD0E5             BEQ.N    ??HAL_FLASHEx_Erase_5
    216                  {
    217                    /* In case of error, stop erase procedure and return the faulty sector*/
    218                    *SectorError = index;
   \   00000086   0xF8C5 0x8000      STR      R8,[R5, #+0]
    219                    break;
    220                  }
    221                }
    222              }
    223            }
    224          
    225            /* Process Unlocked */
    226            __HAL_UNLOCK(&pFlash);
   \                     ??HAL_FLASHEx_Erase_2: (+1)
   \   0000008A   0x2100             MOVS     R1,#+0
   \   0000008C   0x7531             STRB     R1,[R6, #+20]
    227          
    228            return status;
   \                     ??HAL_FLASHEx_Erase_1: (+1)
   \   0000008E   0xE8BD 0x81F0      POP      {R4-R8,PC}       ;; return
    229          }
    230          
    231          /**
    232            * @brief  Perform a mass erase or erase the specified FLASH memory sectors  with interrupt enabled
    233            * @param  pEraseInit: pointer to an FLASH_EraseInitTypeDef structure that
    234            *         contains the configuration information for the erasing.
    235            * 
    236            * @retval HAL Status
    237            */

   \                                 In section .text, align 2, keep-with-next
    238          HAL_StatusTypeDef HAL_FLASHEx_Erase_IT(FLASH_EraseInitTypeDef *pEraseInit)
    239          {
   \                     HAL_FLASHEx_Erase_IT: (+1)
   \   00000000   0xB580             PUSH     {R7,LR}
    240            HAL_StatusTypeDef status = HAL_OK;
    241          
    242            /* Process Locked */
    243            __HAL_LOCK(&pFlash);
   \   00000002   0x....             LDR.N    R1,??DataTable15
   \   00000004   0x7D0A             LDRB     R2,[R1, #+20]
   \   00000006   0x2A01             CMP      R2,#+1
   \   00000008   0xD101             BNE.N    ??HAL_FLASHEx_Erase_IT_0
   \   0000000A   0x2002             MOVS     R0,#+2
   \   0000000C   0xBD02             POP      {R1,PC}
   \                     ??HAL_FLASHEx_Erase_IT_0: (+1)
   \   0000000E   0x2201             MOVS     R2,#+1
   \   00000010   0x750A             STRB     R2,[R1, #+20]
    244          
    245            /* Check the parameters */
    246            assert_param(IS_FLASH_TYPEERASE(pEraseInit->TypeErase));
    247          
    248            /* Enable End of FLASH Operation interrupt */
    249            __HAL_FLASH_ENABLE_IT(FLASH_IT_EOP);
   \   00000012   0x....             LDR.N    R2,??DataTable15_2  ;; 0x40023c0c
   \   00000014   0x6853             LDR      R3,[R2, #+4]
   \   00000016   0xF043 0x7380      ORR      R3,R3,#0x1000000
   \   0000001A   0x6053             STR      R3,[R2, #+4]
    250            
    251            /* Enable Error source interrupt */
    252            __HAL_FLASH_ENABLE_IT(FLASH_IT_ERR);
   \   0000001C   0x6853             LDR      R3,[R2, #+4]
   \   0000001E   0xF043 0x7300      ORR      R3,R3,#0x2000000
   \   00000022   0x6053             STR      R3,[R2, #+4]
    253            
    254            /* Clear pending flags (if any) */  
    255            __HAL_FLASH_CLEAR_FLAG(FLASH_FLAG_EOP    | FLASH_FLAG_OPERR | FLASH_FLAG_WRPERR |\
    256                                   FLASH_FLAG_PGAERR | FLASH_FLAG_PGPERR| FLASH_FLAG_ERSERR);  
   \   00000024   0x23F3             MOVS     R3,#+243
   \   00000026   0x6013             STR      R3,[R2, #+0]
    257            
    258            if(pEraseInit->TypeErase == FLASH_TYPEERASE_MASSERASE)
   \   00000028   0x6802             LDR      R2,[R0, #+0]
   \   0000002A   0x2A01             CMP      R2,#+1
   \   0000002C   0xD106             BNE.N    ??HAL_FLASHEx_Erase_IT_1
    259            {
    260              /*Mass erase to be done*/
    261              pFlash.ProcedureOnGoing = FLASH_PROC_MASSERASE;
   \   0000002E   0x2202             MOVS     R2,#+2
   \   00000030   0x700A             STRB     R2,[R1, #+0]
    262              FLASH_MassErase((uint8_t) pEraseInit->VoltageRange);
   \   00000032   0x68C0             LDR      R0,[R0, #+12]
   \   00000034   0xB2C0             UXTB     R0,R0
   \   00000036   0x.... 0x....      BL       FLASH_MassErase
   \   0000003A   0xE00C             B.N      ??HAL_FLASHEx_Erase_IT_2
    263            }
    264            else
    265            {
    266              /* Erase by sector to be done*/
    267          
    268              /* Check the parameters */
    269              assert_param(IS_FLASH_NBSECTORS(pEraseInit->NbSectors + pEraseInit->Sector));
    270          
    271              pFlash.ProcedureOnGoing = FLASH_PROC_SECTERASE;
   \                     ??HAL_FLASHEx_Erase_IT_1: (+1)
   \   0000003C   0x2201             MOVS     R2,#+1
   \   0000003E   0x700A             STRB     R2,[R1, #+0]
    272              pFlash.NbSectorsToErase = pEraseInit->NbSectors;
   \   00000040   0x6882             LDR      R2,[R0, #+8]
   \   00000042   0x604A             STR      R2,[R1, #+4]
    273              pFlash.Sector = pEraseInit->Sector;
   \   00000044   0x6842             LDR      R2,[R0, #+4]
   \   00000046   0x60CA             STR      R2,[R1, #+12]
    274              pFlash.VoltageForErase = (uint8_t)pEraseInit->VoltageRange;
   \   00000048   0x68C2             LDR      R2,[R0, #+12]
   \   0000004A   0x720A             STRB     R2,[R1, #+8]
    275          
    276              /*Erase 1st sector and wait for IT*/
    277              FLASH_Erase_Sector(pEraseInit->Sector, pEraseInit->VoltageRange);
   \   0000004C   0x68C1             LDR      R1,[R0, #+12]
   \   0000004E   0xB2C9             UXTB     R1,R1
   \   00000050   0x6840             LDR      R0,[R0, #+4]
   \   00000052   0x.... 0x....      BL       FLASH_Erase_Sector
    278            }
    279          
    280            return status;
   \                     ??HAL_FLASHEx_Erase_IT_2: (+1)
   \   00000056   0x2000             MOVS     R0,#+0
   \   00000058   0xBD02             POP      {R1,PC}          ;; return
    281          }
    282          
    283          /**
    284            * @brief   Program option bytes
    285            * @param  pOBInit: pointer to an FLASH_OBInitStruct structure that
    286            *         contains the configuration information for the programming.
    287            * 
    288            * @retval HAL Status
    289            */

   \                                 In section .text, align 2, keep-with-next
    290          HAL_StatusTypeDef HAL_FLASHEx_OBProgram(FLASH_OBProgramInitTypeDef *pOBInit)
    291          {
   \                     HAL_FLASHEx_OBProgram: (+1)
   \   00000000   0xB530             PUSH     {R4,R5,LR}
   \   00000002   0xB083             SUB      SP,SP,#+12
   \   00000004   0x4604             MOV      R4,R0
    292            HAL_StatusTypeDef status = HAL_ERROR;
   \   00000006   0x2001             MOVS     R0,#+1
    293            
    294            /* Process Locked */
    295            __HAL_LOCK(&pFlash);
   \   00000008   0x....             LDR.N    R5,??DataTable15
   \   0000000A   0x7D29             LDRB     R1,[R5, #+20]
   \   0000000C   0x2901             CMP      R1,#+1
   \   0000000E   0xD101             BNE.N    ??HAL_FLASHEx_OBProgram_0
   \   00000010   0x2002             MOVS     R0,#+2
   \   00000012   0xBD3E             POP      {R1-R5,PC}
   \                     ??HAL_FLASHEx_OBProgram_0: (+1)
   \   00000014   0x4601             MOV      R1,R0
   \   00000016   0x7529             STRB     R1,[R5, #+20]
    296          
    297            /* Check the parameters */
    298            assert_param(IS_OPTIONBYTE(pOBInit->OptionType));
    299          
    300            /* Write protection configuration */
    301            if((pOBInit->OptionType & OPTIONBYTE_WRP) == OPTIONBYTE_WRP)
   \   00000018   0x7821             LDRB     R1,[R4, #+0]
   \   0000001A   0x07C9             LSLS     R1,R1,#+31
   \   0000001C   0xD508             BPL.N    ??HAL_FLASHEx_OBProgram_1
    302            {
    303              assert_param(IS_WRPSTATE(pOBInit->WRPState));
    304              if(pOBInit->WRPState == OB_WRPSTATE_ENABLE)
   \   0000001E   0x68A0             LDR      R0,[R4, #+8]
   \   00000020   0x6861             LDR      R1,[R4, #+4]
   \   00000022   0x2901             CMP      R1,#+1
   \   00000024   0xD102             BNE.N    ??HAL_FLASHEx_OBProgram_2
    305              {
    306                /*Enable of Write protection on the selected Sector*/
    307                status = FLASH_OB_EnableWRP(pOBInit->WRPSector);
   \   00000026   0x.... 0x....      BL       FLASH_OB_EnableWRP
   \   0000002A   0xE001             B.N      ??HAL_FLASHEx_OBProgram_1
    308              }
    309              else
    310              {
    311                /*Disable of Write protection on the selected Sector*/
    312                status = FLASH_OB_DisableWRP(pOBInit->WRPSector);
   \                     ??HAL_FLASHEx_OBProgram_2: (+1)
   \   0000002C   0x.... 0x....      BL       FLASH_OB_DisableWRP
    313              }
    314            }
    315          
    316            /* Read protection configuration */
    317            if((pOBInit->OptionType & OPTIONBYTE_RDP) == OPTIONBYTE_RDP)
   \                     ??HAL_FLASHEx_OBProgram_1: (+1)
   \   00000030   0x7821             LDRB     R1,[R4, #+0]
   \   00000032   0x0789             LSLS     R1,R1,#+30
   \   00000034   0xD502             BPL.N    ??HAL_FLASHEx_OBProgram_3
    318            {
    319              status = FLASH_OB_RDP_LevelConfig(pOBInit->RDPLevel);
   \   00000036   0x68E0             LDR      R0,[R4, #+12]
   \   00000038   0x.... 0x....      BL       FLASH_OB_RDP_LevelConfig
    320            }
    321          
    322            /* USER  configuration */
    323            if((pOBInit->OptionType & OPTIONBYTE_USER) == OPTIONBYTE_USER)
   \                     ??HAL_FLASHEx_OBProgram_3: (+1)
   \   0000003C   0x7821             LDRB     R1,[R4, #+0]
   \   0000003E   0x0749             LSLS     R1,R1,#+29
   \   00000040   0xD50E             BPL.N    ??HAL_FLASHEx_OBProgram_4
    324            {
    325              status = FLASH_OB_UserConfig(pOBInit->USERConfig & OB_WWDG_SW, 
    326                                           pOBInit->USERConfig & OB_IWDG_SW,
    327                                           pOBInit->USERConfig & OB_STOP_NO_RST,
    328                                           pOBInit->USERConfig & OB_STDBY_NO_RST, 
    329                                           pOBInit->USERConfig & OB_IWDG_STOP_ACTIVE,
    330                                           pOBInit->USERConfig & OB_IWDG_STDBY_ACTIVE);
   \   00000042   0x6960             LDR      R0,[R4, #+20]
   \   00000044   0xF000 0x4180      AND      R1,R0,#0x40000000
   \   00000048   0x9101             STR      R1,[SP, #+4]
   \   0000004A   0x9100             STR      R1,[SP, #+0]
   \   0000004C   0xF000 0x0380      AND      R3,R0,#0x80
   \   00000050   0xF000 0x0240      AND      R2,R0,#0x40
   \   00000054   0xF000 0x0120      AND      R1,R0,#0x20
   \   00000058   0xF000 0x0010      AND      R0,R0,#0x10
   \   0000005C   0x.... 0x....      BL       FLASH_OB_UserConfig
    331            }
    332            
    333            /* BOR Level  configuration */
    334            if((pOBInit->OptionType & OPTIONBYTE_BOR) == OPTIONBYTE_BOR)
   \                     ??HAL_FLASHEx_OBProgram_4: (+1)
   \   00000060   0x7821             LDRB     R1,[R4, #+0]
   \   00000062   0x0709             LSLS     R1,R1,#+28
   \   00000064   0xD503             BPL.N    ??HAL_FLASHEx_OBProgram_5
    335            {
    336              status = FLASH_OB_BOR_LevelConfig(pOBInit->BORLevel);
   \   00000066   0x6920             LDR      R0,[R4, #+16]
   \   00000068   0xB2C0             UXTB     R0,R0
   \   0000006A   0x.... 0x....      BL       FLASH_OB_BOR_LevelConfig
    337            }
    338            
    339            /* Boot 0 Address configuration */
    340            if((pOBInit->OptionType & OPTIONBYTE_BOOTADDR_0) == OPTIONBYTE_BOOTADDR_0)
   \                     ??HAL_FLASHEx_OBProgram_5: (+1)
   \   0000006E   0x7821             LDRB     R1,[R4, #+0]
   \   00000070   0x06C9             LSLS     R1,R1,#+27
   \   00000072   0xD503             BPL.N    ??HAL_FLASHEx_OBProgram_6
    341            {
    342              status = FLASH_OB_BootAddressConfig(OPTIONBYTE_BOOTADDR_0, pOBInit->BootAddr0);
   \   00000074   0x69A1             LDR      R1,[R4, #+24]
   \   00000076   0x2010             MOVS     R0,#+16
   \   00000078   0x.... 0x....      BL       FLASH_OB_BootAddressConfig
    343            }
    344            
    345            /* Boot 1 Address configuration */
    346            if((pOBInit->OptionType & OPTIONBYTE_BOOTADDR_1) == OPTIONBYTE_BOOTADDR_1)
   \                     ??HAL_FLASHEx_OBProgram_6: (+1)
   \   0000007C   0x7821             LDRB     R1,[R4, #+0]
   \   0000007E   0x0689             LSLS     R1,R1,#+26
   \   00000080   0xD503             BPL.N    ??HAL_FLASHEx_OBProgram_7
    347            {
    348              status = FLASH_OB_BootAddressConfig(OPTIONBYTE_BOOTADDR_1, pOBInit->BootAddr1);
   \   00000082   0x69E1             LDR      R1,[R4, #+28]
   \   00000084   0x2020             MOVS     R0,#+32
   \   00000086   0x.... 0x....      BL       FLASH_OB_BootAddressConfig
    349            }
    350          
    351            /* Process Unlocked */
    352            __HAL_UNLOCK(&pFlash);
   \                     ??HAL_FLASHEx_OBProgram_7: (+1)
   \   0000008A   0x2100             MOVS     R1,#+0
   \   0000008C   0x7529             STRB     R1,[R5, #+20]
    353          
    354            return status;
   \   0000008E   0xBD3E             POP      {R1-R5,PC}       ;; return
    355          }
    356          
    357          /**
    358            * @brief   Get the Option byte configuration
    359            * @param  pOBInit: pointer to an FLASH_OBInitStruct structure that
    360            *         contains the configuration information for the programming.
    361            * 
    362            * @retval None
    363            */

   \                                 In section .text, align 2, keep-with-next
    364          void HAL_FLASHEx_OBGetConfig(FLASH_OBProgramInitTypeDef *pOBInit)
    365          {
   \                     HAL_FLASHEx_OBGetConfig: (+1)
   \   00000000   0xB510             PUSH     {R4,LR}
   \   00000002   0x4604             MOV      R4,R0
    366            pOBInit->OptionType = OPTIONBYTE_WRP | OPTIONBYTE_RDP | OPTIONBYTE_USER |\
    367          	                      OPTIONBYTE_BOR | OPTIONBYTE_BOOTADDR_0 | OPTIONBYTE_BOOTADDR_1;
   \   00000004   0x203F             MOVS     R0,#+63
   \   00000006   0x6020             STR      R0,[R4, #+0]
    368          
    369            /*Get WRP*/
    370            pOBInit->WRPSector = FLASH_OB_GetWRP();
   \   00000008   0x.... 0x....      BL       FLASH_OB_GetWRP
   \   0000000C   0x60A0             STR      R0,[R4, #+8]
    371          
    372            /*Get RDP Level*/
    373            pOBInit->RDPLevel = FLASH_OB_GetRDP();
   \   0000000E   0x.... 0x....      BL       FLASH_OB_GetRDP
   \   00000012   0x60E0             STR      R0,[R4, #+12]
    374          
    375            /*Get USER*/
    376            pOBInit->USERConfig = FLASH_OB_GetUser();
   \   00000014   0x.... 0x....      BL       FLASH_OB_GetUser
   \   00000018   0x6160             STR      R0,[R4, #+20]
    377          
    378            /*Get BOR Level*/
    379            pOBInit->BORLevel = FLASH_OB_GetBOR();
   \   0000001A   0x.... 0x....      BL       FLASH_OB_GetBOR
   \   0000001E   0x6120             STR      R0,[R4, #+16]
    380          	
    381          	/*Get Boot Address when Boot pin = 0 */
    382            pOBInit->BootAddr0 = FLASH_OB_GetBootAddress(OPTIONBYTE_BOOTADDR_0);
   \   00000020   0x2010             MOVS     R0,#+16
   \   00000022   0x.... 0x....      BL       FLASH_OB_GetBootAddress
   \   00000026   0x61A0             STR      R0,[R4, #+24]
    383          	
    384            /*Get Boot Address when Boot pin = 1 */
    385            pOBInit->BootAddr1 = FLASH_OB_GetBootAddress(OPTIONBYTE_BOOTADDR_1);
   \   00000028   0x2020             MOVS     R0,#+32
   \   0000002A   0x.... 0x....      BL       FLASH_OB_GetBootAddress
   \   0000002E   0x61E0             STR      R0,[R4, #+28]
    386          }
   \   00000030   0xBD10             POP      {R4,PC}          ;; return
    387          
    388          /**
    389            * @}
    390            */
    391          
    392          /**
    393            * @brief  Full erase of FLASH memory sectors 
    394            * @param  VoltageRange: The device voltage range which defines the erase parallelism.  
    395            *          This parameter can be one of the following values:
    396            *            @arg VOLTAGE_RANGE_1: when the device voltage range is 1.8V to 2.1V, 
    397            *                                  the operation will be done by byte (8-bit) 
    398            *            @arg VOLTAGE_RANGE_2: when the device voltage range is 2.1V to 2.7V,
    399            *                                  the operation will be done by half word (16-bit)
    400            *            @arg VOLTAGE_RANGE_3: when the device voltage range is 2.7V to 3.6V,
    401            *                                  the operation will be done by word (32-bit)
    402            *            @arg VOLTAGE_RANGE_4: when the device voltage range is 2.7V to 3.6V + External Vpp, 
    403            *                                  the operation will be done by double word (64-bit)
    404            *
    405            * @retval HAL Status
    406            */

   \                                 In section .text, align 2, keep-with-next
    407          static void FLASH_MassErase(uint8_t VoltageRange)
    408          {
    409            uint32_t tmp_psize = 0;
    410            
    411            /* Check the parameters */
    412            assert_param(IS_VOLTAGERANGE(VoltageRange));
    413          
    414            /* if the previous operation is completed, proceed to erase all sectors */
    415            FLASH->CR &= CR_PSIZE_MASK;
   \                     FLASH_MassErase: (+1)
   \   00000000   0x....             LDR.N    R0,??DataTable15_1  ;; 0x40023c10
   \   00000002   0x6801             LDR      R1,[R0, #+0]
   \   00000004   0xF421 0x7140      BIC      R1,R1,#0x300
   \   00000008   0x6001             STR      R1,[R0, #+0]
    416            FLASH->CR |= tmp_psize;
   \   0000000A   0x6801             LDR      R1,[R0, #+0]
   \   0000000C   0x6001             STR      R1,[R0, #+0]
    417            FLASH->CR |= FLASH_CR_MER;
   \   0000000E   0x6801             LDR      R1,[R0, #+0]
   \   00000010   0xF041 0x0104      ORR      R1,R1,#0x4
   \   00000014   0x6001             STR      R1,[R0, #+0]
    418            FLASH->CR |= FLASH_CR_STRT;
   \   00000016   0x6801             LDR      R1,[R0, #+0]
   \   00000018   0xF441 0x3180      ORR      R1,R1,#0x10000
   \   0000001C   0x6001             STR      R1,[R0, #+0]
    419            /* Data synchronous Barrier (DSB) Just after the write operation
    420               This will force the CPU to respect the sequence of instruction (no optimization).*/
    421            __DSB();
   \   0000001E   0xF3BF 0x8F4F      DSB      
    422          }
   \   00000022   0x4770             BX       LR               ;; return
    423          
    424          /**
    425            * @brief  Erase the specified FLASH memory sector
    426            * @param  Sector: FLASH sector to erase
    427            *         The value of this parameter depend on device used within the same series      
    428            * @param  VoltageRange: The device voltage range which defines the erase parallelism.  
    429            *          This parameter can be one of the following values:
    430            *            @arg FLASH_VOLTAGE_RANGE_1: when the device voltage range is 1.8V to 2.1V, 
    431            *                                  the operation will be done by byte (8-bit) 
    432            *            @arg FLASH_VOLTAGE_RANGE_2: when the device voltage range is 2.1V to 2.7V,
    433            *                                  the operation will be done by half word (16-bit)
    434            *            @arg FLASH_VOLTAGE_RANGE_3: when the device voltage range is 2.7V to 3.6V,
    435            *                                  the operation will be done by word (32-bit)
    436            *            @arg FLASH_VOLTAGE_RANGE_4: when the device voltage range is 2.7V to 3.6V + External Vpp, 
    437            *                                  the operation will be done by double word (64-bit)
    438            * 
    439            * @retval None
    440            */

   \                                 In section .text, align 2, keep-with-next
    441          void FLASH_Erase_Sector(uint32_t Sector, uint8_t VoltageRange)
    442          {
    443            uint32_t tmp_psize = 0;
   \                     FLASH_Erase_Sector: (+1)
   \   00000000   0x2200             MOVS     R2,#+0
    444          
    445            /* Check the parameters */
    446            assert_param(IS_FLASH_SECTOR(Sector));
    447            assert_param(IS_VOLTAGERANGE(VoltageRange));
    448            
    449            if(VoltageRange == FLASH_VOLTAGE_RANGE_1)
   \   00000002   0x2900             CMP      R1,#+0
   \   00000004   0xD00B             BEQ.N    ??FLASH_Erase_Sector_0
    450            {
    451               tmp_psize = FLASH_PSIZE_BYTE;
    452            }
    453            else if(VoltageRange == FLASH_VOLTAGE_RANGE_2)
   \   00000006   0x2901             CMP      R1,#+1
   \   00000008   0xD102             BNE.N    ??FLASH_Erase_Sector_1
    454            {
    455              tmp_psize = FLASH_PSIZE_HALF_WORD;
   \   0000000A   0xF44F 0x7280      MOV      R2,#+256
   \   0000000E   0xE006             B.N      ??FLASH_Erase_Sector_0
    456            }
    457            else if(VoltageRange == FLASH_VOLTAGE_RANGE_3)
   \                     ??FLASH_Erase_Sector_1: (+1)
   \   00000010   0x2902             CMP      R1,#+2
   \   00000012   0xD102             BNE.N    ??FLASH_Erase_Sector_2
    458            {
    459              tmp_psize = FLASH_PSIZE_WORD;
   \   00000014   0xF44F 0x7200      MOV      R2,#+512
   \   00000018   0xE001             B.N      ??FLASH_Erase_Sector_0
    460            }
    461            else
    462            {
    463              tmp_psize = FLASH_PSIZE_DOUBLE_WORD;
   \                     ??FLASH_Erase_Sector_2: (+1)
   \   0000001A   0xF44F 0x7240      MOV      R2,#+768
    464            }
    465          
    466            /* If the previous operation is completed, proceed to erase the sector */
    467            FLASH->CR &= CR_PSIZE_MASK;
   \                     ??FLASH_Erase_Sector_0: (+1)
   \   0000001E   0x....             LDR.N    R1,??DataTable15_1  ;; 0x40023c10
   \   00000020   0x680B             LDR      R3,[R1, #+0]
   \   00000022   0xF423 0x7340      BIC      R3,R3,#0x300
   \   00000026   0x600B             STR      R3,[R1, #+0]
    468            FLASH->CR |= tmp_psize;
   \   00000028   0x680B             LDR      R3,[R1, #+0]
   \   0000002A   0x431A             ORRS     R2,R2,R3
   \   0000002C   0x600A             STR      R2,[R1, #+0]
    469            FLASH->CR &= SECTOR_MASK;
   \   0000002E   0x680A             LDR      R2,[R1, #+0]
   \   00000030   0xF022 0x02F8      BIC      R2,R2,#0xF8
   \   00000034   0x600A             STR      R2,[R1, #+0]
    470            FLASH->CR |= FLASH_CR_SER | (Sector << POSITION_VAL(FLASH_CR_SNB));
   \   00000036   0x680A             LDR      R2,[R1, #+0]
   \   00000038   0x00C0             LSLS     R0,R0,#+3
   \   0000003A   0xF040 0x0002      ORR      R0,R0,#0x2
   \   0000003E   0x4310             ORRS     R0,R0,R2
   \   00000040   0x6008             STR      R0,[R1, #+0]
    471            FLASH->CR |= FLASH_CR_STRT;
   \   00000042   0x6808             LDR      R0,[R1, #+0]
   \   00000044   0xF440 0x3080      ORR      R0,R0,#0x10000
   \   00000048   0x6008             STR      R0,[R1, #+0]
    472            
    473            /* Data synchronous Barrier (DSB) Just after the write operation
    474               This will force the CPU to respect the sequence of instruction (no optimization).*/
    475            __DSB();
   \   0000004A   0xF3BF 0x8F4F      DSB      
    476          }
   \   0000004E   0x4770             BX       LR               ;; return
    477          
    478          /**
    479            * @brief  Enable the write protection of the desired bank1 or bank 2 sectors
    480            *
    481            * @note   When the memory read protection level is selected (RDP level = 1), 
    482            *         it is not possible to program or erase the flash sector i if CortexM4  
    483            *         debug features are connected or boot code is executed in RAM, even if nWRPi = 1 
    484            * @note   Active value of nWRPi bits is inverted when PCROP mode is active (SPRMOD =1).   
    485            * 
    486            * @param  WRPSector: specifies the sector(s) to be write protected.
    487            *          This parameter can be one of the following values:
    488            *            @arg WRPSector: A value between OB_WRP_SECTOR_0 and OB_WRP_SECTOR_7                      
    489            *            @arg OB_WRP_SECTOR_All
    490            *
    491            * @retval HAL FLASH State   
    492            */

   \                                 In section .text, align 2, keep-with-next
    493          static HAL_StatusTypeDef FLASH_OB_EnableWRP(uint32_t WRPSector)
    494          {
   \                     FLASH_OB_EnableWRP: (+1)
   \   00000000   0xB510             PUSH     {R4,LR}
   \   00000002   0x4604             MOV      R4,R0
    495            HAL_StatusTypeDef status = HAL_OK;
    496            
    497            /* Check the parameters */
    498            assert_param(IS_OB_WRP_SECTOR(WRPSector));
    499              
    500            /* Wait for last operation to be completed */
    501            status = FLASH_WaitForLastOperation((uint32_t)FLASH_TIMEOUT_VALUE);
   \   00000004   0xF24C 0x3050      MOVW     R0,#+50000
   \   00000008   0x.... 0x....      BL       FLASH_WaitForLastOperation
    502          
    503            if(status == HAL_OK)
   \   0000000C   0x2800             CMP      R0,#+0
   \   0000000E   0xD103             BNE.N    ??FLASH_OB_EnableWRP_0
    504            {
    505              /*Write protection enabled on sectors */
    506              FLASH->OPTCR &= (~WRPSector);  
   \   00000010   0x....             LDR.N    R1,??DataTable15_3  ;; 0x40023c14
   \   00000012   0x680A             LDR      R2,[R1, #+0]
   \   00000014   0x43A2             BICS     R2,R2,R4
   \   00000016   0x600A             STR      R2,[R1, #+0]
    507            }
    508            
    509            return status;
   \                     ??FLASH_OB_EnableWRP_0: (+1)
   \   00000018   0xBD10             POP      {R4,PC}          ;; return
    510          }
    511          
    512          /**
    513            * @brief  Disable the write protection of the desired bank1 or bank 2 sectors
    514            *
    515            * @note   When the memory read protection level is selected (RDP level = 1), 
    516            *         it is not possible to program or erase the flash sector i if CortexM4  
    517            *         debug features are connected or boot code is executed in RAM, even if nWRPi = 1  
    518            * 
    519            * @param  WRPSector: specifies the sector(s) to be write protected.
    520            *          This parameter can be one of the following values:
    521            *            @arg WRPSector: A value between OB_WRP_SECTOR_0 and OB_WRP_SECTOR_7                      
    522            *            @arg OB_WRP_Sector_All
    523            *
    524            *
    525            * @retval HAL Status   
    526            */

   \                                 In section .text, align 2, keep-with-next
    527          static HAL_StatusTypeDef FLASH_OB_DisableWRP(uint32_t WRPSector)
    528          {
   \                     FLASH_OB_DisableWRP: (+1)
   \   00000000   0xB510             PUSH     {R4,LR}
   \   00000002   0x4604             MOV      R4,R0
    529            HAL_StatusTypeDef status = HAL_OK;
    530            
    531            /* Check the parameters */
    532            assert_param(IS_OB_WRP_SECTOR(WRPSector));
    533              
    534            /* Wait for last operation to be completed */
    535            status = FLASH_WaitForLastOperation((uint32_t)FLASH_TIMEOUT_VALUE);
   \   00000004   0xF24C 0x3050      MOVW     R0,#+50000
   \   00000008   0x.... 0x....      BL       FLASH_WaitForLastOperation
    536          
    537            if(status == HAL_OK)
   \   0000000C   0x2800             CMP      R0,#+0
   \   0000000E   0xD103             BNE.N    ??FLASH_OB_DisableWRP_0
    538            {
    539              /* Write protection disabled on sectors */
    540              FLASH->OPTCR |= (WRPSector); 
   \   00000010   0x....             LDR.N    R1,??DataTable15_3  ;; 0x40023c14
   \   00000012   0x680A             LDR      R2,[R1, #+0]
   \   00000014   0x4322             ORRS     R2,R4,R2
   \   00000016   0x600A             STR      R2,[R1, #+0]
    541            }
    542          
    543            return status;
   \                     ??FLASH_OB_DisableWRP_0: (+1)
   \   00000018   0xBD10             POP      {R4,PC}          ;; return
    544          }
    545          
    546          
    547          
    548          
    549          /**
    550            * @brief  Set the read protection level.
    551            * @param  Level: specifies the read protection level.
    552            *          This parameter can be one of the following values:
    553            *            @arg OB_RDP_LEVEL_0: No protection
    554            *            @arg OB_RDP_LEVEL_1: Read protection of the memory
    555            *            @arg OB_RDP_LEVEL_2: Full chip protection
    556            *   
    557            * @note WARNING: When enabling OB_RDP level 2 it's no more possible to go back to level 1 or 0
    558            *    
    559            * @retval HAL Status
    560            */

   \                                 In section .text, align 2, keep-with-next
    561          static HAL_StatusTypeDef FLASH_OB_RDP_LevelConfig(uint32_t Level)
    562          {
   \                     FLASH_OB_RDP_LevelConfig: (+1)
   \   00000000   0xB510             PUSH     {R4,LR}
   \   00000002   0x4604             MOV      R4,R0
    563            HAL_StatusTypeDef status = HAL_OK;
    564            
    565            /* Check the parameters */
    566            assert_param(IS_OB_RDP_LEVEL(Level));
    567              
    568            /* Wait for last operation to be completed */
    569            status = FLASH_WaitForLastOperation((uint32_t)FLASH_TIMEOUT_VALUE);
   \   00000004   0xF24C 0x3050      MOVW     R0,#+50000
   \   00000008   0x.... 0x....      BL       FLASH_WaitForLastOperation
    570          
    571            if(status == HAL_OK)
   \   0000000C   0x2800             CMP      R0,#+0
   \   0000000E   0xD105             BNE.N    ??FLASH_OB_RDP_LevelConfig_0
    572            { 
    573              MODIFY_REG(FLASH->OPTCR, FLASH_OPTCR_RDP, Level);
   \   00000010   0x....             LDR.N    R1,??DataTable15_3  ;; 0x40023c14
   \   00000012   0x680A             LDR      R2,[R1, #+0]
   \   00000014   0xF422 0x427F      BIC      R2,R2,#0xFF00
   \   00000018   0x4322             ORRS     R2,R4,R2
   \   0000001A   0x600A             STR      R2,[R1, #+0]
    574            }
    575            
    576            return status;
   \                     ??FLASH_OB_RDP_LevelConfig_0: (+1)
   \   0000001C   0xBD10             POP      {R4,PC}          ;; return
    577          }
    578          
    579          /**
    580            * @brief  Program the FLASH User Option Byte: IWDG_SW / RST_STOP / RST_STDBY.    
    581            * @param  Wwdg: Selects the IWDG mode
    582            *          This parameter can be one of the following values:
    583            *            @arg OB_WWDG_SW: Software WWDG selected
    584            *            @arg OB_WWDG_HW: Hardware WWDG selected
    585            * @param  Iwdg: Selects the WWDG mode
    586            *          This parameter can be one of the following values:
    587            *            @arg OB_IWDG_SW: Software IWDG selected
    588            *            @arg OB_IWDG_HW: Hardware IWDG selected
    589            * @param  Stop: Reset event when entering STOP mode.
    590            *          This parameter  can be one of the following values:
    591            *            @arg OB_STOP_NO_RST: No reset generated when entering in STOP
    592            *            @arg OB_STOP_RST: Reset generated when entering in STOP
    593            * @param  Stdby: Reset event when entering Standby mode.
    594            *          This parameter  can be one of the following values:
    595            *            @arg OB_STDBY_NO_RST: No reset generated when entering in STANDBY
    596            *            @arg OB_STDBY_RST: Reset generated when entering in STANDBY
    597            * @param  Iwdgstop: Independent watchdog counter freeze in Stop mode.
    598            *          This parameter  can be one of the following values:
    599            *            @arg OB_IWDG_STOP_FREEZE: Freeze IWDG counter in STOP
    600            *            @arg OB_IWDG_STOP_ACTIVE: IWDG counter active in STOP
    601            * @param  Iwdgstdby: Independent watchdog counter freeze in standby mode.
    602            *          This parameter  can be one of the following values:
    603            *            @arg OB_IWDG_STDBY_FREEZE: Freeze IWDG counter in STANDBY
    604            *            @arg OB_IWDG_STDBY_ACTIVE: IWDG counter active in STANDBY           
    605            * @retval HAL Status
    606            */

   \                                 In section .text, align 2, keep-with-next
    607          static HAL_StatusTypeDef FLASH_OB_UserConfig(uint32_t Wwdg, uint32_t Iwdg, uint32_t Stop, uint32_t Stdby, uint32_t Iwdgstop, uint32_t Iwdgstdby )
    608          {
   \                     FLASH_OB_UserConfig: (+1)
   \   00000000   0xB5F8             PUSH     {R3-R7,LR}
   \   00000002   0x4604             MOV      R4,R0
   \   00000004   0x460D             MOV      R5,R1
   \   00000006   0x4616             MOV      R6,R2
   \   00000008   0x461F             MOV      R7,R3
    609            uint32_t useroptionmask = 0x00;
    610            uint32_t useroptionvalue = 0x00;
    611          
    612            HAL_StatusTypeDef status = HAL_OK;
    613          
    614            /* Check the parameters */
    615            assert_param(IS_OB_WWDG_SOURCE(Wwdg));
    616            assert_param(IS_OB_IWDG_SOURCE(Iwdg));
    617            assert_param(IS_OB_STOP_SOURCE(Stop));
    618            assert_param(IS_OB_STDBY_SOURCE(Stdby));
    619            assert_param(IS_OB_IWDG_STOP_FREEZE(Iwdgstop));
    620            assert_param(IS_OB_IWDG_STDBY_FREEZE(Iwdgstdby));
    621          
    622            /* Wait for last operation to be completed */
    623            status = FLASH_WaitForLastOperation((uint32_t)FLASH_TIMEOUT_VALUE);
   \   0000000A   0xF24C 0x3050      MOVW     R0,#+50000
   \   0000000E   0x.... 0x....      BL       FLASH_WaitForLastOperation
    624            
    625            if(status == HAL_OK)
   \   00000012   0x2800             CMP      R0,#+0
   \   00000014   0xD10C             BNE.N    ??FLASH_OB_UserConfig_0
    626            {
    627              useroptionmask = (FLASH_OPTCR_WWDG_SW | FLASH_OPTCR_IWDG_SW | FLASH_OPTCR_nRST_STOP | \
    628                                FLASH_OPTCR_nRST_STDBY | FLASH_OPTCR_IWDG_STOP | FLASH_OPTCR_IWDG_STDBY);
    629                                
    630              useroptionvalue = (Iwdg | Wwdg | Stop | Stdby | Iwdgstop | Iwdgstdby);
    631                  
    632              /* Update User Option Byte */               
    633              MODIFY_REG(FLASH->OPTCR, useroptionmask, useroptionvalue);
   \   00000016   0x....             LDR.N    R1,??DataTable15_3  ;; 0x40023c14
   \   00000018   0x680A             LDR      R2,[R1, #+0]
   \   0000001A   0x....             LDR.N    R3,??DataTable15_4  ;; 0x3fffff0f
   \   0000001C   0x401A             ANDS     R2,R3,R2
   \   0000001E   0x432A             ORRS     R2,R5,R2
   \   00000020   0x4322             ORRS     R2,R4,R2
   \   00000022   0x4332             ORRS     R2,R6,R2
   \   00000024   0x433A             ORRS     R2,R7,R2
   \   00000026   0x9B06             LDR      R3,[SP, #+24]
   \   00000028   0x431A             ORRS     R2,R3,R2
   \   0000002A   0x9B07             LDR      R3,[SP, #+28]
   \   0000002C   0x431A             ORRS     R2,R3,R2
   \   0000002E   0x600A             STR      R2,[R1, #+0]
    634            }
    635            
    636            return status; 
   \                     ??FLASH_OB_UserConfig_0: (+1)
   \   00000030   0xBDF2             POP      {R1,R4-R7,PC}    ;; return
    637          
    638          }
    639          
    640          /**
    641            * @brief  Set the BOR Level. 
    642            * @param  Level: specifies the Option Bytes BOR Reset Level.
    643            *          This parameter can be one of the following values:
    644            *            @arg OB_BOR_LEVEL3: Supply voltage ranges from 2.7 to 3.6 V
    645            *            @arg OB_BOR_LEVEL2: Supply voltage ranges from 2.4 to 2.7 V
    646            *            @arg OB_BOR_LEVEL1: Supply voltage ranges from 2.1 to 2.4 V
    647            *            @arg OB_BOR_OFF: Supply voltage ranges from 1.62 to 2.1 V
    648            * @retval HAL Status
    649            */

   \                                 In section .text, align 2, keep-with-next
    650          static HAL_StatusTypeDef FLASH_OB_BOR_LevelConfig(uint8_t Level)
    651          {
    652            /* Check the parameters */
    653            assert_param(IS_OB_BOR_LEVEL(Level));
    654          
    655            /* Set the BOR Level */
    656            MODIFY_REG(FLASH->OPTCR, FLASH_OPTCR_BOR_LEV, Level);
   \                     FLASH_OB_BOR_LevelConfig: (+1)
   \   00000000   0x....             LDR.N    R1,??DataTable15_3  ;; 0x40023c14
   \   00000002   0x680A             LDR      R2,[R1, #+0]
   \   00000004   0xF022 0x020C      BIC      R2,R2,#0xC
   \   00000008   0x4310             ORRS     R0,R0,R2
   \   0000000A   0x6008             STR      R0,[R1, #+0]
    657            
    658            return HAL_OK;
   \   0000000C   0x2000             MOVS     R0,#+0
   \   0000000E   0x4770             BX       LR               ;; return
    659            
    660          }
    661          
    662          /**
    663            * @brief  Configure Boot base address.
    664            * 
    665            * @param   BootOption : specifies Boot base address depending from Boot pin = 0 or pin = 1
    666            *          This parameter can be one of the following values:
    667            *            @arg OPTIONBYTE_BOOTADDR_0 : Boot address based when Boot pin = 0                 
    668            *            @arg OPTIONBYTE_BOOTADDR_1 : Boot address based when Boot pin = 1  
    669            * @param   Address: specifies Boot base address
    670            *          This parameter can be one of the following values:
    671            *            @arg OB_BOOTADDR_ITCM_RAM : Boot from ITCM RAM (0x00000000)                 
    672            *            @arg OB_BOOTADDR_SYSTEM : Boot from System memory bootloader (0x00100000) 
    673            *            @arg OB_BOOTADDR_ITCM_FLASH : Boot from Flash on ITCM interface (0x00200000)  
    674            *            @arg OB_BOOTADDR_AXIM_FLASH : Boot from Flash on AXIM interface (0x08000000)  
    675            *            @arg OB_BOOTADDR_DTCM_RAM : Boot from DTCM RAM (0x20000000)                 
    676            *            @arg OB_BOOTADDR_SRAM1 : Boot from SRAM1 (0x20010000)                    
    677            *            @arg OB_BOOTADDR_SRAM2 : Boot from SRAM2 (0x2004C000)              
    678            *    
    679            * @retval HAL Status
    680            */

   \                                 In section .text, align 2, keep-with-next
    681          static HAL_StatusTypeDef FLASH_OB_BootAddressConfig(uint32_t BootOption, uint32_t Address)
    682          {
   \                     FLASH_OB_BootAddressConfig: (+1)
   \   00000000   0xB538             PUSH     {R3-R5,LR}
   \   00000002   0x4604             MOV      R4,R0
   \   00000004   0x460D             MOV      R5,R1
    683            HAL_StatusTypeDef status = HAL_OK;
    684            
    685            /* Check the parameters */
    686            assert_param(IS_OB_BOOT_ADDRESS(Address));
    687              
    688            /* Wait for last operation to be completed */
    689            status = FLASH_WaitForLastOperation((uint32_t)FLASH_TIMEOUT_VALUE);
   \   00000006   0xF24C 0x3050      MOVW     R0,#+50000
   \   0000000A   0x.... 0x....      BL       FLASH_WaitForLastOperation
    690          
    691            if(status == HAL_OK)
   \   0000000E   0x2800             CMP      R0,#+0
   \   00000010   0xD10B             BNE.N    ??FLASH_OB_BootAddressConfig_0
    692            {
    693              if(BootOption == OPTIONBYTE_BOOTADDR_0)
   \   00000012   0x....             LDR.N    R1,??DataTable15_5  ;; 0x40023c18
   \   00000014   0x2C10             CMP      R4,#+16
   \   00000016   0x680A             LDR      R2,[R1, #+0]
   \   00000018   0xD104             BNE.N    ??FLASH_OB_BootAddressConfig_1
    694              {			
    695                MODIFY_REG(FLASH->OPTCR1, FLASH_OPTCR1_BOOT_ADD0, Address);
   \   0000001A   0x0C12             LSRS     R2,R2,#+16
   \   0000001C   0xEA55 0x4202      ORRS     R2,R5,R2, LSL #+16
   \   00000020   0x600A             STR      R2,[R1, #+0]
   \   00000022   0xBD32             POP      {R1,R4,R5,PC}
    696          	  }
    697          		else
    698          		{
    699          			MODIFY_REG(FLASH->OPTCR1, FLASH_OPTCR1_BOOT_ADD1, (Address << 16));
   \                     ??FLASH_OB_BootAddressConfig_1: (+1)
   \   00000024   0xEAC2 0x4205      PKHBT    R2,R2,R5, LSL #+16
   \   00000028   0x600A             STR      R2,[R1, #+0]
    700          		}
    701            }
    702            
    703            return status;
   \                     ??FLASH_OB_BootAddressConfig_0: (+1)
   \   0000002A   0xBD32             POP      {R1,R4,R5,PC}    ;; return
    704          }
    705          
    706          /**
    707            * @brief  Return the FLASH User Option Byte value.
    708            * @retval uint32_t FLASH User Option Bytes values: IWDG_SW(Bit0), RST_STOP(Bit1)
    709            *         and RST_STDBY(Bit2).
    710            */

   \                                 In section .text, align 2, keep-with-next
    711          static uint32_t FLASH_OB_GetUser(void)
    712          {
    713            /* Return the User Option Byte */
    714            return ((uint32_t)(FLASH->OPTCR & 0xC00000F0));
   \                     FLASH_OB_GetUser: (+1)
   \   00000000   0x....             LDR.N    R0,??DataTable15_3  ;; 0x40023c14
   \   00000002   0x6800             LDR      R0,[R0, #+0]
   \   00000004   0x....             LDR.N    R1,??DataTable15_6  ;; 0xc00000f0
   \   00000006   0x4008             ANDS     R0,R1,R0
   \   00000008   0x4770             BX       LR               ;; return
    715          }
    716          
    717          /**
    718            * @brief  Return the FLASH Write Protection Option Bytes value.
    719            * @retval uint32_t FLASH Write Protection Option Bytes value
    720            */

   \                                 In section .text, align 2, keep-with-next
    721          static uint32_t FLASH_OB_GetWRP(void)
    722          {
    723            /* Return the FLASH write protection Register value */
    724            return ((uint32_t)(FLASH->OPTCR & 0x00FF0000));
   \                     FLASH_OB_GetWRP: (+1)
   \   00000000   0x....             LDR.N    R0,??DataTable15_3  ;; 0x40023c14
   \   00000002   0x6800             LDR      R0,[R0, #+0]
   \   00000004   0xF400 0x007F      AND      R0,R0,#0xFF0000
   \   00000008   0x4770             BX       LR               ;; return
    725          }
    726          
    727          /**
    728            * @brief  Returns the FLASH Read Protection level.
    729            * @retval FlagStatus FLASH ReadOut Protection Status:
    730            *         This parameter can be one of the following values:
    731            *            @arg OB_RDP_LEVEL_0: No protection
    732            *            @arg OB_RDP_LEVEL_1: Read protection of the memory
    733            *            @arg OB_RDP_LEVEL_2: Full chip protection
    734            */

   \                                 In section .text, align 2, keep-with-next
    735          static uint8_t FLASH_OB_GetRDP(void)
    736          {
    737            uint8_t readstatus = OB_RDP_LEVEL_0;
   \                     FLASH_OB_GetRDP: (+1)
   \   00000000   0x20AA             MOVS     R0,#+170
    738            
    739            if (((FLASH->OPTCR & FLASH_OPTCR_RDP) >> 8) == OB_RDP_LEVEL_0)
   \   00000002   0x....             LDR.N    R1,??DataTable15_3  ;; 0x40023c14
   \   00000004   0x680A             LDR      R2,[R1, #+0]
   \   00000006   0xF3C2 0x2207      UBFX     R2,R2,#+8,#+8
   \   0000000A   0x2AAA             CMP      R2,#+170
   \   0000000C   0xD007             BEQ.N    ??FLASH_OB_GetRDP_0
    740            {
    741              readstatus = OB_RDP_LEVEL_0;
    742            }
    743            else if (((FLASH->OPTCR & FLASH_OPTCR_RDP) >> 8) == OB_RDP_LEVEL_2)
   \   0000000E   0x6808             LDR      R0,[R1, #+0]
   \   00000010   0xF3C0 0x2007      UBFX     R0,R0,#+8,#+8
   \   00000014   0x28CC             CMP      R0,#+204
   \   00000016   0xD101             BNE.N    ??FLASH_OB_GetRDP_1
    744            {
    745              readstatus = OB_RDP_LEVEL_2;
   \   00000018   0x20CC             MOVS     R0,#+204
   \   0000001A   0x4770             BX       LR
    746            }
    747            else 
    748            {
    749              readstatus = OB_RDP_LEVEL_1;
   \                     ??FLASH_OB_GetRDP_1: (+1)
   \   0000001C   0x2055             MOVS     R0,#+85
    750            }
    751          
    752            return readstatus;
   \                     ??FLASH_OB_GetRDP_0: (+1)
   \   0000001E   0x4770             BX       LR               ;; return
    753          }
    754          
    755          /**
    756            * @brief  Returns the FLASH BOR level.
    757            * @retval uint32_t The FLASH BOR level:
    758            *           - OB_BOR_LEVEL3: Supply voltage ranges from 2.7 to 3.6 V
    759            *           - OB_BOR_LEVEL2: Supply voltage ranges from 2.4 to 2.7 V
    760            *           - OB_BOR_LEVEL1: Supply voltage ranges from 2.1 to 2.4 V
    761            *           - OB_BOR_OFF   : Supply voltage ranges from 1.62 to 2.1 V  
    762            */

   \                                 In section .text, align 2, keep-with-next
    763          static uint32_t FLASH_OB_GetBOR(void)
    764          {
    765            /* Return the FLASH BOR level */
    766            return ((uint32_t)(FLASH->OPTCR & 0x0C));
   \                     FLASH_OB_GetBOR: (+1)
   \   00000000   0x....             LDR.N    R0,??DataTable15_3  ;; 0x40023c14
   \   00000002   0x6800             LDR      R0,[R0, #+0]
   \   00000004   0xF000 0x000C      AND      R0,R0,#0xC
   \   00000008   0x4770             BX       LR               ;; return
    767          }
    768          
    769          /**
    770            * @brief  Configure Boot base address.
    771            * 
    772            * @param   BootOption : specifies Boot base address depending from Boot pin = 0 or pin = 1
    773            *          This parameter can be one of the following values:
    774            *            @arg OPTIONBYTE_BOOTADDR_0 : Boot address based when Boot pin = 0                 
    775            *            @arg OPTIONBYTE_BOOTADDR_1 : Boot address based when Boot pin = 1       
    776            *    
    777            * @retval uint32_t Boot Base Address:
    778            *            - OB_BOOTADDR_ITCM_RAM : Boot from ITCM RAM (0x00000000)                 
    779            *            - OB_BOOTADDR_SYSTEM : Boot from System memory bootloader (0x00100000) 
    780            *            - OB_BOOTADDR_ITCM_FLASH : Boot from Flash on ITCM interface (0x00200000)  
    781            *            - OB_BOOTADDR_AXIM_FLASH : Boot from Flash on AXIM interface (0x08000000)  
    782            *            - OB_BOOTADDR_DTCM_RAM : Boot from DTCM RAM (0x20000000)                 
    783            *            - OB_BOOTADDR_SRAM1 : Boot from SRAM1 (0x20010000)                    
    784            *            - OB_BOOTADDR_SRAM2 : Boot from SRAM2 (0x2004C000) 
    785            */

   \                                 In section .text, align 2, keep-with-next
    786          static uint32_t FLASH_OB_GetBootAddress(uint32_t BootOption)
    787          {  
    788            uint32_t Address = 0;
    789              
    790          	/* Return the Boot base Address */
    791            if(BootOption == OPTIONBYTE_BOOTADDR_0)
   \                     FLASH_OB_GetBootAddress: (+1)
   \   00000000   0x....             LDR.N    R1,??DataTable15_5  ;; 0x40023c18
   \   00000002   0x2810             CMP      R0,#+16
   \   00000004   0x6808             LDR      R0,[R1, #+0]
   \   00000006   0xD101             BNE.N    ??FLASH_OB_GetBootAddress_0
    792            {			
    793              Address = FLASH->OPTCR1 & FLASH_OPTCR1_BOOT_ADD0;
   \   00000008   0xB280             UXTH     R0,R0
   \   0000000A   0x4770             BX       LR
    794          	}
    795            else
    796          	{
    797          		Address = ((FLASH->OPTCR1 & FLASH_OPTCR1_BOOT_ADD1) >> 16);
   \                     ??FLASH_OB_GetBootAddress_0: (+1)
   \   0000000C   0x0C00             LSRS     R0,R0,#+16
    798          	}
    799          
    800            return Address;
   \   0000000E   0x4770             BX       LR               ;; return
    801          }

   \                                 In section .text, align 4, keep-with-next
   \                     ??DataTable15:
   \   00000000   0x........         DC32     pFlash

   \                                 In section .text, align 4, keep-with-next
   \                     ??DataTable15_1:
   \   00000000   0x40023C10         DC32     0x40023c10

   \                                 In section .text, align 4, keep-with-next
   \                     ??DataTable15_2:
   \   00000000   0x40023C0C         DC32     0x40023c0c

   \                                 In section .text, align 4, keep-with-next
   \                     ??DataTable15_3:
   \   00000000   0x40023C14         DC32     0x40023c14

   \                                 In section .text, align 4, keep-with-next
   \                     ??DataTable15_4:
   \   00000000   0x3FFFFF0F         DC32     0x3fffff0f

   \                                 In section .text, align 4, keep-with-next
   \                     ??DataTable15_5:
   \   00000000   0x40023C18         DC32     0x40023c18

   \                                 In section .text, align 4, keep-with-next
   \                     ??DataTable15_6:
   \   00000000   0xC00000F0         DC32     0xc00000f0
    802          
    803          /**
    804            * @}
    805            */
    806            
    807          #endif /* HAL_FLASH_MODULE_ENABLED */
    808          
    809          /**
    810            * @}
    811            */
    812          
    813          /**
    814            * @}
    815            */
    816          
    817          /************************ (C) COPYRIGHT STMicroelectronics *****END OF FILE****/

   Maximum stack usage in bytes:

   .cstack Function
   ------- --------
       0   FLASH_Erase_Sector
       0   FLASH_MassErase
       0   FLASH_OB_BOR_LevelConfig
      16   FLASH_OB_BootAddressConfig
        16   -> FLASH_WaitForLastOperation
       8   FLASH_OB_DisableWRP
         8   -> FLASH_WaitForLastOperation
       8   FLASH_OB_EnableWRP
         8   -> FLASH_WaitForLastOperation
       0   FLASH_OB_GetBOR
       0   FLASH_OB_GetBootAddress
       0   FLASH_OB_GetRDP
       0   FLASH_OB_GetUser
       0   FLASH_OB_GetWRP
       8   FLASH_OB_RDP_LevelConfig
         8   -> FLASH_WaitForLastOperation
      24   FLASH_OB_UserConfig
        24   -> FLASH_WaitForLastOperation
      24   HAL_FLASHEx_Erase
        24   -> FLASH_Erase_Sector
        24   -> FLASH_MassErase
        24   -> FLASH_WaitForLastOperation
       8   HAL_FLASHEx_Erase_IT
         8   -> FLASH_Erase_Sector
         8   -> FLASH_MassErase
       8   HAL_FLASHEx_OBGetConfig
         8   -> FLASH_OB_GetBOR
         8   -> FLASH_OB_GetBootAddress
         8   -> FLASH_OB_GetRDP
         8   -> FLASH_OB_GetUser
         8   -> FLASH_OB_GetWRP
      24   HAL_FLASHEx_OBProgram
        24   -> FLASH_OB_BOR_LevelConfig
        24   -> FLASH_OB_BootAddressConfig
        24   -> FLASH_OB_DisableWRP
        24   -> FLASH_OB_EnableWRP
        24   -> FLASH_OB_RDP_LevelConfig
        24   -> FLASH_OB_UserConfig


   Section sizes:

   Bytes  Function/Label
   -----  --------------
       4  ??DataTable15
       4  ??DataTable15_1
       4  ??DataTable15_2
       4  ??DataTable15_3
       4  ??DataTable15_4
       4  ??DataTable15_5
       4  ??DataTable15_6
      80  FLASH_Erase_Sector
      36  FLASH_MassErase
      16  FLASH_OB_BOR_LevelConfig
      44  FLASH_OB_BootAddressConfig
      26  FLASH_OB_DisableWRP
      26  FLASH_OB_EnableWRP
      10  FLASH_OB_GetBOR
      16  FLASH_OB_GetBootAddress
      32  FLASH_OB_GetRDP
      10  FLASH_OB_GetUser
      10  FLASH_OB_GetWRP
      30  FLASH_OB_RDP_LevelConfig
      50  FLASH_OB_UserConfig
     146  HAL_FLASHEx_Erase
      90  HAL_FLASHEx_Erase_IT
      50  HAL_FLASHEx_OBGetConfig
     144  HAL_FLASHEx_OBProgram

 
 844 bytes in section .text
 
 844 bytes of CODE memory

Errors: none
Warnings: none
