###############################################################################
#
# IAR ANSI C/C++ Compiler V7.50.2.10312/W32 for ARM       15/Mar/2016  18:17:16
# Copyright 1999-2015 IAR Systems AB.
#
#    Cpu mode     =  thumb
#    Endian       =  little
#    Source file  =  
#        D:\sop1hc\Github\data\Mic_Array_V00\USB_STREAMING\Mic_Array\Middlewares\ST\STM32_USB_Host_Library\Core\Src\usbh_ctlreq.c
#    Command line =  
#        D:\sop1hc\Github\data\Mic_Array_V00\USB_STREAMING\Mic_Array\Middlewares\ST\STM32_USB_Host_Library\Core\Src\usbh_ctlreq.c
#        -D USE_HAL_DRIVER -D STM32F746xx -D USE_STM32746G_DISCO -D
#        USE_IOEXPANDER -D USE_USB_FS -lC
#        D:\sop1hc\Github\data\Mic_Array_V00\USB_STREAMING\Mic_Array\Projects\STM32746G\Applications\Audio\Mic_Array\EWARM\STM32F7\List
#        -lA
#        D:\sop1hc\Github\data\Mic_Array_V00\USB_STREAMING\Mic_Array\Projects\STM32746G\Applications\Audio\Mic_Array\EWARM\STM32F7\List
#        -o
#        D:\sop1hc\Github\data\Mic_Array_V00\USB_STREAMING\Mic_Array\Projects\STM32746G\Applications\Audio\Mic_Array\EWARM\STM32F7\Obj
#        --no_unroll --debug --endian=little --cpu=Cortex-M7 -e --fpu=VFPv5_sp
#        --dlib_config "D:\Program Files (x86)\IAR Systems\Embedded Workbench
#        7.3\arm\INC\c\DLib_Config_Full.h" -I
#        D:\sop1hc\Github\data\Mic_Array_V00\USB_STREAMING\Mic_Array\Projects\STM32746G\Applications\Audio\Mic_Array\EWARM\..\Inc\
#        -I
#        D:\sop1hc\Github\data\Mic_Array_V00\USB_STREAMING\Mic_Array\Projects\STM32746G\Applications\Audio\Mic_Array\EWARM\..\..\..\..\..\..\Drivers\CMSIS\Device\ST\STM32F7xx\Include\
#        -I
#        D:\sop1hc\Github\data\Mic_Array_V00\USB_STREAMING\Mic_Array\Projects\STM32746G\Applications\Audio\Mic_Array\EWARM\..\..\..\..\..\..\Drivers\STM32F7xx_HAL_Driver\Inc\
#        -I
#        D:\sop1hc\Github\data\Mic_Array_V00\USB_STREAMING\Mic_Array\Projects\STM32746G\Applications\Audio\Mic_Array\EWARM\..\..\..\..\..\..\Drivers\BSP\STM32746G-Discovery\
#        -I
#        D:\sop1hc\Github\data\Mic_Array_V00\USB_STREAMING\Mic_Array\Projects\STM32746G\Applications\Audio\Mic_Array\EWARM\..\..\..\..\..\..\Drivers\BSP\Components\Common\
#        -I
#        D:\sop1hc\Github\data\Mic_Array_V00\USB_STREAMING\Mic_Array\Projects\STM32746G\Applications\Audio\Mic_Array\EWARM\..\..\..\..\..\..\Utilities\Log\
#        -I
#        D:\sop1hc\Github\data\Mic_Array_V00\USB_STREAMING\Mic_Array\Projects\STM32746G\Applications\Audio\Mic_Array\EWARM\..\..\..\..\..\..\Utilities\Fonts\
#        -I
#        D:\sop1hc\Github\data\Mic_Array_V00\USB_STREAMING\Mic_Array\Projects\STM32746G\Applications\Audio\Mic_Array\EWARM\..\..\..\..\..\..\Utilities\CPU\
#        -I
#        D:\sop1hc\Github\data\Mic_Array_V00\USB_STREAMING\Mic_Array\Projects\STM32746G\Applications\Audio\Mic_Array\EWARM\..\..\..\..\..\..\Middlewares\ST\STM32_USB_Device_Library\Core\Inc\
#        -I
#        D:\sop1hc\Github\data\Mic_Array_V00\USB_STREAMING\Mic_Array\Projects\STM32746G\Applications\Audio\Mic_Array\EWARM\..\..\..\..\..\..\Middlewares\ST\STM32_USB_HOST_Library\Core\Inc\
#        -I
#        D:\sop1hc\Github\data\Mic_Array_V00\USB_STREAMING\Mic_Array\Projects\STM32746G\Applications\Audio\Mic_Array\EWARM\..\..\..\..\..\..\Middlewares\ST\STM32_USB_HOST_Library\Class\MSC\Inc\
#        -I
#        D:\sop1hc\Github\data\Mic_Array_V00\USB_STREAMING\Mic_Array\Projects\STM32746G\Applications\Audio\Mic_Array\EWARM\..\..\..\..\..\..\Middlewares\Third_Party\FatFs\src\
#        -I
#        D:\sop1hc\Github\data\Mic_Array_V00\USB_STREAMING\Mic_Array\Projects\STM32746G\Applications\Audio\Mic_Array\EWARM\..\..\..\..\..\..\Middlewares\Third_Party\FatFs\src\drivers\
#        -I
#        D:\sop1hc\Github\data\Mic_Array_V00\USB_STREAMING\Mic_Array\Projects\STM32746G\Applications\Audio\Mic_Array\EWARM\..\..\..\..\..\..\Middlewares\ST\STM32_Audio\Addons\PDM\
#        -I
#        D:\sop1hc\Github\data\Mic_Array_V00\USB_STREAMING\Mic_Array\Projects\STM32746G\Applications\Audio\Mic_Array\EWARM\..\..\..\..\..\..\Middlewares\ST\STM32_USB_Device_Library\Class\AUDIO\Inc\
#        -Ohs --use_c++_inline --require_prototypes -I "D:\Program Files
#        (x86)\IAR Systems\Embedded Workbench 7.3\arm\CMSIS\Include\" -D
#        ARM_MATH_CM7 --relaxed_fp
#    List file    =  
#        D:\sop1hc\Github\data\Mic_Array_V00\USB_STREAMING\Mic_Array\Projects\STM32746G\Applications\Audio\Mic_Array\EWARM\STM32F7\List\usbh_ctlreq.lst
#    Object file  =  
#        D:\sop1hc\Github\data\Mic_Array_V00\USB_STREAMING\Mic_Array\Projects\STM32746G\Applications\Audio\Mic_Array\EWARM\STM32F7\Obj\usbh_ctlreq.o
#
###############################################################################

D:\sop1hc\Github\data\Mic_Array_V00\USB_STREAMING\Mic_Array\Middlewares\ST\STM32_USB_Host_Library\Core\Src\usbh_ctlreq.c
      1          /**
      2            ******************************************************************************
      3            * @file    usbh_ctlreq.c 
      4            * @author  MCD Application Team
      5            * @version V3.2.1
      6            * @date    26-June-2015
      7            * @brief   This file implements the control requests for device enumeration
      8            ******************************************************************************
      9            * @attention
     10            *
     11            * <h2><center>&copy; COPYRIGHT 2015 STMicroelectronics</center></h2>
     12            *
     13            * Licensed under MCD-ST Liberty SW License Agreement V2, (the "License");
     14            * You may not use this file except in compliance with the License.
     15            * You may obtain a copy of the License at:
     16            *
     17            *        http://www.st.com/software_license_agreement_liberty_v2
     18            *
     19            * Unless required by applicable law or agreed to in writing, software 
     20            * distributed under the License is distributed on an "AS IS" BASIS, 
     21            * WITHOUT WARRANTIES OR CONDITIONS OF ANY KIND, either express or implied.
     22            * See the License for the specific language governing permissions and
     23            * limitations under the License.
     24            *
     25            ******************************************************************************
     26            */ 
     27          /* Includes ------------------------------------------------------------------*/
     28          
     29          #include "usbh_ctlreq.h"
     30          
     31          /** @addtogroup USBH_LIB
     32          * @{
     33          */
     34          
     35          /** @addtogroup USBH_LIB_CORE
     36          * @{
     37          */
     38          
     39          /** @defgroup USBH_CTLREQ 
     40          * @brief This file implements the standard requests for device enumeration
     41          * @{
     42          */
     43          
     44          
     45          /** @defgroup USBH_CTLREQ_Private_Defines
     46          * @{
     47          */ 
     48          /**
     49          * @}
     50          */ 
     51          
     52          
     53          /** @defgroup USBH_CTLREQ_Private_TypesDefinitions
     54          * @{
     55          */ 
     56          /**
     57          * @}
     58          */ 
     59          
     60          
     61          
     62          /** @defgroup USBH_CTLREQ_Private_Macros
     63          * @{
     64          */ 
     65          /**
     66          * @}
     67          */ 
     68          
     69          
     70          /** @defgroup USBH_CTLREQ_Private_Variables
     71          * @{
     72          */
     73          /**
     74          * @}
     75          */ 
     76          
     77          /** @defgroup USBH_CTLREQ_Private_FunctionPrototypes
     78          * @{
     79          */
     80          static USBH_StatusTypeDef USBH_HandleControl (USBH_HandleTypeDef *phost);
     81          
     82          static void USBH_ParseDevDesc (USBH_DevDescTypeDef* , uint8_t *buf, uint16_t length);
     83          
     84          static void USBH_ParseCfgDesc (USBH_CfgDescTypeDef* cfg_desc,
     85                                         uint8_t *buf, 
     86                                         uint16_t length);
     87          
     88          
     89          static void USBH_ParseEPDesc (USBH_EpDescTypeDef  *ep_descriptor, uint8_t *buf);
     90          static void USBH_ParseStringDesc (uint8_t* psrc, uint8_t* pdest, uint16_t length);
     91          static void USBH_ParseInterfaceDesc (USBH_InterfaceDescTypeDef  *if_descriptor, uint8_t *buf);
     92          
     93          
     94          /**
     95          * @}
     96          */ 
     97          
     98          
     99          /** @defgroup USBH_CTLREQ_Private_Functions
    100          * @{
    101          */ 
    102          
    103          
    104          /**
    105            * @brief  USBH_Get_DevDesc
    106            *         Issue Get Device Descriptor command to the device. Once the response 
    107            *         received, it parses the device descriptor and updates the status.
    108            * @param  phost: Host Handle
    109            * @param  length: Length of the descriptor
    110            * @retval USBH Status
    111            */

   \                                 In section .text, align 2, keep-with-next
    112          USBH_StatusTypeDef USBH_Get_DevDesc(USBH_HandleTypeDef *phost, uint8_t length)
    113          {
   \                     USBH_Get_DevDesc: (+1)
   \   00000000   0xB570             PUSH     {R4-R6,LR}
   \   00000002   0x4604             MOV      R4,R0
   \   00000004   0x460D             MOV      R5,R1
    114            USBH_StatusTypeDef status;
    115            
    116            if((status = USBH_GetDescriptor(phost,
    117                                            USB_REQ_RECIPIENT_DEVICE | USB_REQ_TYPE_STANDARD,                          
    118                                            USB_DESC_DEVICE, 
    119                                            phost->device.Data,
    120                                            length)) == USBH_OK)
   \   00000006   0x462A             MOV      R2,R5
   \   00000008   0xF104 0x011C      ADD      R1,R4,#+28
   \   0000000C   0x78A0             LDRB     R0,[R4, #+2]
   \   0000000E   0x2801             CMP      R0,#+1
   \   00000010   0xD109             BNE.N    ??USBH_Get_DevDesc_0
   \   00000012   0x2080             MOVS     R0,#+128
   \   00000014   0x82E2             STRH     R2,[R4, #+22]
   \   00000016   0x7420             STRB     R0,[R4, #+16]
   \   00000018   0x2006             MOVS     R0,#+6
   \   0000001A   0x7460             STRB     R0,[R4, #+17]
   \   0000001C   0xF44F 0x7080      MOV      R0,#+256
   \   00000020   0x8260             STRH     R0,[R4, #+18]
   \   00000022   0x2000             MOVS     R0,#+0
   \   00000024   0x82A0             STRH     R0,[R4, #+20]
   \                     ??USBH_Get_DevDesc_0: (+1)
   \   00000026   0x4620             MOV      R0,R4
   \   00000028   0x.... 0x....      BL       USBH_CtlReq
   \   0000002C   0x0006             MOVS     R6,R0
   \   0000002E   0xD106             BNE.N    ??USBH_Get_DevDesc_1
    121            {
    122              /* Commands successfully sent and Response Received */       
    123              USBH_ParseDevDesc(&phost->device.DevDesc, phost->device.Data, length);
   \   00000030   0x462A             MOV      R2,R5
   \   00000032   0xF104 0x011C      ADD      R1,R4,#+28
   \   00000036   0xF504 0x7008      ADD      R0,R4,#+544
   \   0000003A   0x.... 0x....      BL       USBH_ParseDevDesc
    124            }
    125            return status;      
   \                     ??USBH_Get_DevDesc_1: (+1)
   \   0000003E   0x4630             MOV      R0,R6
   \   00000040   0xBD70             POP      {R4-R6,PC}       ;; return
    126          }
    127          
    128          /**
    129            * @brief  USBH_Get_CfgDesc
    130            *         Issues Configuration Descriptor to the device. Once the response 
    131            *         received, it parses the configuration descriptor and updates the 
    132            *         status.
    133            * @param  phost: Host Handle
    134            * @param  length: Length of the descriptor
    135            * @retval USBH Status
    136            */

   \                                 In section .text, align 2, keep-with-next
    137          USBH_StatusTypeDef USBH_Get_CfgDesc(USBH_HandleTypeDef *phost,                      
    138                                       uint16_t length)
    139          
    140          {
   \                     USBH_Get_CfgDesc: (+1)
   \   00000000   0xB5F0             PUSH     {R4-R7,LR}
   \   00000002   0xB081             SUB      SP,SP,#+4
   \   00000004   0x4604             MOV      R4,R0
   \   00000006   0x460D             MOV      R5,R1
    141            USBH_StatusTypeDef status;
    142            uint8_t *pData;
    143          #if (USBH_KEEP_CFG_DESCRIPTOR == 1)  
    144            pData = phost->device.CfgDesc_Raw;
    145          #else
    146            pData = phost->device.Data;
   \   00000008   0xF104 0x061C      ADD      R6,R4,#+28
    147          #endif  
    148            if((status = USBH_GetDescriptor(phost,
    149                                            USB_REQ_RECIPIENT_DEVICE | USB_REQ_TYPE_STANDARD,                          
    150                                            USB_DESC_CONFIGURATION, 
    151                                            pData,
    152                                            length)) == USBH_OK)
   \   0000000C   0x78A0             LDRB     R0,[R4, #+2]
   \   0000000E   0x2801             CMP      R0,#+1
   \   00000010   0xD109             BNE.N    ??USBH_Get_CfgDesc_0
   \   00000012   0x2080             MOVS     R0,#+128
   \   00000014   0x82E5             STRH     R5,[R4, #+22]
   \   00000016   0x7420             STRB     R0,[R4, #+16]
   \   00000018   0x2006             MOVS     R0,#+6
   \   0000001A   0x7460             STRB     R0,[R4, #+17]
   \   0000001C   0xF44F 0x7000      MOV      R0,#+512
   \   00000020   0x8260             STRH     R0,[R4, #+18]
   \   00000022   0x2000             MOVS     R0,#+0
   \   00000024   0x82A0             STRH     R0,[R4, #+20]
   \                     ??USBH_Get_CfgDesc_0: (+1)
   \   00000026   0x462A             MOV      R2,R5
   \   00000028   0x4631             MOV      R1,R6
   \   0000002A   0x4620             MOV      R0,R4
   \   0000002C   0x.... 0x....      BL       USBH_CtlReq
   \   00000030   0x0007             MOVS     R7,R0
   \   00000032   0xD105             BNE.N    ??USBH_Get_CfgDesc_1
    153            {
    154              
    155              /* Commands successfully sent and Response Received  */       
    156              USBH_ParseCfgDesc (&phost->device.CfgDesc,
    157                                 pData,
    158                                 length); 
   \   00000034   0x462A             MOV      R2,R5
   \   00000036   0x4631             MOV      R1,R6
   \   00000038   0xF204 0x2032      ADDW     R0,R4,#+562
   \   0000003C   0x.... 0x....      BL       USBH_ParseCfgDesc
    159              
    160            }
    161            return status;
   \                     ??USBH_Get_CfgDesc_1: (+1)
   \   00000040   0x4638             MOV      R0,R7
   \   00000042   0xB001             ADD      SP,SP,#+4
   \   00000044   0xBDF0             POP      {R4-R7,PC}       ;; return
    162          }
    163          
    164          
    165          /**
    166            * @brief  USBH_Get_StringDesc
    167            *         Issues string Descriptor command to the device. Once the response 
    168            *         received, it parses the string descriptor and updates the status.
    169            * @param  phost: Host Handle
    170            * @param  string_index: String index for the descriptor
    171            * @param  buff: Buffer address for the descriptor
    172            * @param  length: Length of the descriptor
    173            * @retval USBH Status
    174            */

   \                                 In section .text, align 2, keep-with-next
    175          USBH_StatusTypeDef USBH_Get_StringDesc(USBH_HandleTypeDef *phost,
    176                                          uint8_t string_index, 
    177                                          uint8_t *buff, 
    178                                          uint16_t length)
    179          {
   \                     USBH_Get_StringDesc: (+1)
   \   00000000   0xB570             PUSH     {R4-R6,LR}
   \   00000002   0x4614             MOV      R4,R2
    180            USBH_StatusTypeDef status;
    181            if((status = USBH_GetDescriptor(phost,
    182                                            USB_REQ_RECIPIENT_DEVICE | USB_REQ_TYPE_STANDARD,                                    
    183                                            USB_DESC_STRING | string_index, 
    184                                            phost->device.Data,
    185                                            length)) == USBH_OK)
   \   00000004   0x7882             LDRB     R2,[R0, #+2]
   \   00000006   0x461D             MOV      R5,R3
   \   00000008   0xF100 0x061C      ADD      R6,R0,#+28
   \   0000000C   0x2A01             CMP      R2,#+1
   \   0000000E   0xD10A             BNE.N    ??USBH_Get_StringDesc_0
   \   00000010   0x2280             MOVS     R2,#+128
   \   00000012   0xF441 0x7140      ORR      R1,R1,#0x300
   \   00000016   0x7402             STRB     R2,[R0, #+16]
   \   00000018   0x2206             MOVS     R2,#+6
   \   0000001A   0x8241             STRH     R1,[R0, #+18]
   \   0000001C   0xF240 0x4109      MOVW     R1,#+1033
   \   00000020   0x7442             STRB     R2,[R0, #+17]
   \   00000022   0x8281             STRH     R1,[R0, #+20]
   \   00000024   0x82C5             STRH     R5,[R0, #+22]
   \                     ??USBH_Get_StringDesc_0: (+1)
   \   00000026   0x462A             MOV      R2,R5
   \   00000028   0x4631             MOV      R1,R6
   \   0000002A   0x.... 0x....      BL       USBH_CtlReq
   \   0000002E   0x2800             CMP      R0,#+0
   \   00000030   0xBF04             ITT      EQ 
   \   00000032   0x7871             LDRBEQ   R1,[R6, #+1]
   \   00000034   0x2903             CMPEQ    R1,#+3
    186            {
    187              /* Commands successfully sent and Response Received  */       
    188              USBH_ParseStringDesc(phost->device.Data,buff, length);    
   \   00000036   0xD112             BNE.N    ??USBH_Get_StringDesc_1
   \   00000038   0x7831             LDRB     R1,[R6, #+0]
   \   0000003A   0x1E8A             SUBS     R2,R1,#+2
   \   0000003C   0x4295             CMP      R5,R2
   \   0000003E   0xBFA4             ITT      GE 
   \   00000040   0x1E8D             SUBGE    R5,R1,#+2
   \   00000042   0xB2AD             UXTHGE   R5,R5
   \   00000044   0x1CB6             ADDS     R6,R6,#+2
   \   00000046   0x2100             MOVS     R1,#+0
   \   00000048   0x2D01             CMP      R5,#+1
   \   0000004A   0xDB06             BLT.N    ??USBH_Get_StringDesc_2
   \                     ??USBH_Get_StringDesc_3: (+1)
   \   0000004C   0x5D8A             LDRB     R2,[R1, R6]
   \   0000004E   0x1C89             ADDS     R1,R1,#+2
   \   00000050   0xB289             UXTH     R1,R1
   \   00000052   0x42A9             CMP      R1,R5
   \   00000054   0xF804 0x2B01      STRB     R2,[R4], #+1
   \   00000058   0xDBF8             BLT.N    ??USBH_Get_StringDesc_3
   \                     ??USBH_Get_StringDesc_2: (+1)
   \   0000005A   0x2100             MOVS     R1,#+0
   \   0000005C   0x7021             STRB     R1,[R4, #+0]
    189            }
    190            return status;
   \                     ??USBH_Get_StringDesc_1: (+1)
   \   0000005E   0xBD70             POP      {R4-R6,PC}       ;; return
    191          }
    192          
    193          /**
    194            * @brief  USBH_GetDescriptor
    195            *         Issues Descriptor command to the device. Once the response received,
    196            *         it parses the descriptor and updates the status.
    197            * @param  phost: Host Handle
    198            * @param  req_type: Descriptor type
    199            * @param  value_idx: Value for the GetDescriptr request
    200            * @param  buff: Buffer to store the descriptor
    201            * @param  length: Length of the descriptor
    202            * @retval USBH Status
    203            */

   \                                 In section .text, align 2, keep-with-next
    204          USBH_StatusTypeDef USBH_GetDescriptor(USBH_HandleTypeDef *phost,                          
    205                                         uint8_t  req_type,
    206                                         uint16_t value_idx, 
    207                                         uint8_t* buff, 
    208                                         uint16_t length )
    209          { 
   \                     USBH_GetDescriptor: (+1)
   \   00000000   0xB530             PUSH     {R4,R5,LR}
   \   00000002   0x4605             MOV      R5,R0
   \   00000004   0xB081             SUB      SP,SP,#+4
    210            if(phost->RequestState == CMD_SEND)
   \   00000006   0x78A8             LDRB     R0,[R5, #+2]
   \   00000008   0x9C04             LDR      R4,[SP, #+16]
   \   0000000A   0x2801             CMP      R0,#+1
   \   0000000C   0xD10F             BNE.N    ??USBH_GetDescriptor_0
    211            {
    212              phost->Control.setup.b.bmRequestType = USB_D2H | req_type;
   \   0000000E   0xF041 0x0080      ORR      R0,R1,#0x80
    213              phost->Control.setup.b.bRequest = USB_REQ_GET_DESCRIPTOR;
    214              phost->Control.setup.b.wValue.w = value_idx;
   \   00000012   0x826A             STRH     R2,[R5, #+18]
   \   00000014   0x7428             STRB     R0,[R5, #+16]
   \   00000016   0x2006             MOVS     R0,#+6
   \   00000018   0x7468             STRB     R0,[R5, #+17]
    215              
    216              if ((value_idx & 0xff00) == USB_DESC_STRING)
   \   0000001A   0xF402 0x407F      AND      R0,R2,#0xFF00
   \   0000001E   0xF5B0 0x7F40      CMP      R0,#+768
   \   00000022   0xBF0C             ITE      EQ 
   \   00000024   0xF240 0x4009      MOVWEQ   R0,#+1033
   \   00000028   0x2000             MOVNE    R0,#+0
    217              {
    218                phost->Control.setup.b.wIndex.w = 0x0409;
    219              }
    220              else
    221              {
    222                phost->Control.setup.b.wIndex.w = 0;
   \   0000002A   0x82A8             STRH     R0,[R5, #+20]
    223              }
    224              phost->Control.setup.b.wLength.w = length; 
   \   0000002C   0x82EC             STRH     R4,[R5, #+22]
    225            }
    226            return USBH_CtlReq(phost, buff , length );     
   \                     ??USBH_GetDescriptor_0: (+1)
   \   0000002E   0x78A9             LDRB     R1,[R5, #+2]
   \   00000030   0x2001             MOVS     R0,#+1
   \   00000032   0x2901             CMP      R1,#+1
   \   00000034   0xD012             BEQ.N    ??USBH_GetDescriptor_1
   \   00000036   0x2902             CMP      R1,#+2
   \   00000038   0xD115             BNE.N    ??USBH_GetDescriptor_2
   \   0000003A   0x4628             MOV      R0,R5
   \   0000003C   0x.... 0x....      BL       USBH_HandleControl
   \   00000040   0xB928             CBNZ.N   R0,??USBH_GetDescriptor_3
   \   00000042   0x2101             MOVS     R1,#+1
   \   00000044   0x70A9             STRB     R1,[R5, #+2]
   \   00000046   0x2100             MOVS     R1,#+0
   \   00000048   0x7629             STRB     R1,[R5, #+24]
   \   0000004A   0xB001             ADD      SP,SP,#+4
   \   0000004C   0xBD30             POP      {R4,R5,PC}
   \                     ??USBH_GetDescriptor_3: (+1)
   \   0000004E   0x2802             CMP      R0,#+2
   \   00000050   0xD109             BNE.N    ??USBH_GetDescriptor_2
   \   00000052   0x2001             MOVS     R0,#+1
   \   00000054   0x70A8             STRB     R0,[R5, #+2]
   \   00000056   0x2002             MOVS     R0,#+2
   \   00000058   0xB001             ADD      SP,SP,#+4
   \   0000005A   0xBD30             POP      {R4,R5,PC}
   \                     ??USBH_GetDescriptor_1: (+1)
   \   0000005C   0x7629             STRB     R1,[R5, #+24]
   \   0000005E   0x2102             MOVS     R1,#+2
   \   00000060   0x60AB             STR      R3,[R5, #+8]
   \   00000062   0x81AC             STRH     R4,[R5, #+12]
   \   00000064   0x70A9             STRB     R1,[R5, #+2]
   \                     ??USBH_GetDescriptor_2: (+1)
   \   00000066   0xB001             ADD      SP,SP,#+4
   \   00000068   0xBD30             POP      {R4,R5,PC}       ;; return
    227          }
    228          
    229          /**
    230            * @brief  USBH_SetAddress
    231            *         This command sets the address to the connected device
    232            * @param  phost: Host Handle
    233            * @param  DeviceAddress: Device address to assign
    234            * @retval USBH Status
    235            */

   \                                 In section .text, align 2, keep-with-next
    236          USBH_StatusTypeDef USBH_SetAddress(USBH_HandleTypeDef *phost, 
    237                                             uint8_t DeviceAddress)
    238          {
   \                     USBH_SetAddress: (+1)
   \   00000000   0xB510             PUSH     {R4,LR}
   \   00000002   0x4604             MOV      R4,R0
    239            if(phost->RequestState == CMD_SEND)
   \   00000004   0x78A0             LDRB     R0,[R4, #+2]
   \   00000006   0x2801             CMP      R0,#+1
   \   00000008   0xD107             BNE.N    ??USBH_SetAddress_0
    240            {
    241              phost->Control.setup.b.bmRequestType = USB_H2D | USB_REQ_RECIPIENT_DEVICE | \
    242                USB_REQ_TYPE_STANDARD;
   \   0000000A   0x2000             MOVS     R0,#+0
    243              
    244              phost->Control.setup.b.bRequest = USB_REQ_SET_ADDRESS;
    245              
    246              phost->Control.setup.b.wValue.w = (uint16_t)DeviceAddress;
   \   0000000C   0x8261             STRH     R1,[R4, #+18]
   \   0000000E   0x7420             STRB     R0,[R4, #+16]
   \   00000010   0x2005             MOVS     R0,#+5
   \   00000012   0x7460             STRB     R0,[R4, #+17]
    247              phost->Control.setup.b.wIndex.w = 0;
   \   00000014   0x2000             MOVS     R0,#+0
   \   00000016   0x82A0             STRH     R0,[R4, #+20]
    248              phost->Control.setup.b.wLength.w = 0;
   \   00000018   0x82E0             STRH     R0,[R4, #+22]
    249            }
    250            return USBH_CtlReq(phost, 0 , 0 );
   \                     ??USBH_SetAddress_0: (+1)
   \   0000001A   0x78A1             LDRB     R1,[R4, #+2]
   \   0000001C   0x2001             MOVS     R0,#+1
   \   0000001E   0x2901             CMP      R1,#+1
   \   00000020   0xD010             BEQ.N    ??USBH_SetAddress_1
   \   00000022   0x2902             CMP      R1,#+2
   \   00000024   0xD114             BNE.N    ??USBH_SetAddress_2
   \   00000026   0x4620             MOV      R0,R4
   \   00000028   0x.... 0x....      BL       USBH_HandleControl
   \   0000002C   0xB920             CBNZ.N   R0,??USBH_SetAddress_3
   \   0000002E   0x2101             MOVS     R1,#+1
   \   00000030   0x70A1             STRB     R1,[R4, #+2]
   \   00000032   0x2100             MOVS     R1,#+0
   \   00000034   0x7621             STRB     R1,[R4, #+24]
   \   00000036   0xBD10             POP      {R4,PC}
   \                     ??USBH_SetAddress_3: (+1)
   \   00000038   0x2802             CMP      R0,#+2
   \   0000003A   0xD109             BNE.N    ??USBH_SetAddress_2
   \   0000003C   0x2001             MOVS     R0,#+1
   \   0000003E   0x70A0             STRB     R0,[R4, #+2]
   \   00000040   0x2002             MOVS     R0,#+2
   \   00000042   0xBD10             POP      {R4,PC}
   \                     ??USBH_SetAddress_1: (+1)
   \   00000044   0x2100             MOVS     R1,#+0
   \   00000046   0x7620             STRB     R0,[R4, #+24]
   \   00000048   0x60A1             STR      R1,[R4, #+8]
   \   0000004A   0x81A1             STRH     R1,[R4, #+12]
   \   0000004C   0x2102             MOVS     R1,#+2
   \   0000004E   0x70A1             STRB     R1,[R4, #+2]
   \                     ??USBH_SetAddress_2: (+1)
   \   00000050   0xBD10             POP      {R4,PC}          ;; return
    251          }
    252          
    253          /**
    254            * @brief  USBH_SetCfg
    255            *         The command sets the configuration value to the connected device
    256            * @param  phost: Host Handle
    257            * @param  cfg_idx: Configuration value
    258            * @retval USBH Status
    259            */

   \                                 In section .text, align 2, keep-with-next
    260          USBH_StatusTypeDef USBH_SetCfg(USBH_HandleTypeDef *phost, 
    261                                         uint16_t cfg_idx)
    262          {
   \                     USBH_SetCfg: (+1)
   \   00000000   0xB510             PUSH     {R4,LR}
   \   00000002   0x4604             MOV      R4,R0
    263            if(phost->RequestState == CMD_SEND)
   \   00000004   0x78A0             LDRB     R0,[R4, #+2]
   \   00000006   0x2801             CMP      R0,#+1
   \   00000008   0xD107             BNE.N    ??USBH_SetCfg_0
    264            {
    265              phost->Control.setup.b.bmRequestType = USB_H2D | USB_REQ_RECIPIENT_DEVICE |\
    266                USB_REQ_TYPE_STANDARD;
   \   0000000A   0x2000             MOVS     R0,#+0
    267              phost->Control.setup.b.bRequest = USB_REQ_SET_CONFIGURATION;
    268              phost->Control.setup.b.wValue.w = cfg_idx;
   \   0000000C   0x8261             STRH     R1,[R4, #+18]
   \   0000000E   0x7420             STRB     R0,[R4, #+16]
   \   00000010   0x2009             MOVS     R0,#+9
   \   00000012   0x7460             STRB     R0,[R4, #+17]
    269              phost->Control.setup.b.wIndex.w = 0;
   \   00000014   0x2000             MOVS     R0,#+0
   \   00000016   0x82A0             STRH     R0,[R4, #+20]
    270              phost->Control.setup.b.wLength.w = 0; 
   \   00000018   0x82E0             STRH     R0,[R4, #+22]
    271            }
    272            
    273            return USBH_CtlReq(phost, 0 , 0 );      
   \                     ??USBH_SetCfg_0: (+1)
   \   0000001A   0x78A1             LDRB     R1,[R4, #+2]
   \   0000001C   0x2001             MOVS     R0,#+1
   \   0000001E   0x2901             CMP      R1,#+1
   \   00000020   0xD010             BEQ.N    ??USBH_SetCfg_1
   \   00000022   0x2902             CMP      R1,#+2
   \   00000024   0xD114             BNE.N    ??USBH_SetCfg_2
   \   00000026   0x4620             MOV      R0,R4
   \   00000028   0x.... 0x....      BL       USBH_HandleControl
   \   0000002C   0xB920             CBNZ.N   R0,??USBH_SetCfg_3
   \   0000002E   0x2101             MOVS     R1,#+1
   \   00000030   0x70A1             STRB     R1,[R4, #+2]
   \   00000032   0x2100             MOVS     R1,#+0
   \   00000034   0x7621             STRB     R1,[R4, #+24]
   \   00000036   0xBD10             POP      {R4,PC}
   \                     ??USBH_SetCfg_3: (+1)
   \   00000038   0x2802             CMP      R0,#+2
   \   0000003A   0xD109             BNE.N    ??USBH_SetCfg_2
   \   0000003C   0x2001             MOVS     R0,#+1
   \   0000003E   0x70A0             STRB     R0,[R4, #+2]
   \   00000040   0x2002             MOVS     R0,#+2
   \   00000042   0xBD10             POP      {R4,PC}
   \                     ??USBH_SetCfg_1: (+1)
   \   00000044   0x2100             MOVS     R1,#+0
   \   00000046   0x7620             STRB     R0,[R4, #+24]
   \   00000048   0x60A1             STR      R1,[R4, #+8]
   \   0000004A   0x81A1             STRH     R1,[R4, #+12]
   \   0000004C   0x2102             MOVS     R1,#+2
   \   0000004E   0x70A1             STRB     R1,[R4, #+2]
   \                     ??USBH_SetCfg_2: (+1)
   \   00000050   0xBD10             POP      {R4,PC}          ;; return
    274          }
    275          
    276          /**
    277            * @brief  USBH_SetInterface
    278            *         The command sets the Interface value to the connected device
    279            * @param  phost: Host Handle
    280            * @param  altSetting: Interface value
    281            * @retval USBH Status
    282            */

   \                                 In section .text, align 2, keep-with-next
    283          USBH_StatusTypeDef USBH_SetInterface(USBH_HandleTypeDef *phost, 
    284                                  uint8_t ep_num, uint8_t altSetting)
    285          {
   \                     USBH_SetInterface: (+1)
   \   00000000   0xB510             PUSH     {R4,LR}
   \   00000002   0x4604             MOV      R4,R0
    286            
    287            if(phost->RequestState == CMD_SEND)
   \   00000004   0x78A0             LDRB     R0,[R4, #+2]
   \   00000006   0x2801             CMP      R0,#+1
   \   00000008   0xD106             BNE.N    ??USBH_SetInterface_0
    288            {
    289              phost->Control.setup.b.bmRequestType = USB_H2D | USB_REQ_RECIPIENT_INTERFACE | \
    290                USB_REQ_TYPE_STANDARD;
   \   0000000A   0x7420             STRB     R0,[R4, #+16]
    291              
    292              phost->Control.setup.b.bRequest = USB_REQ_SET_INTERFACE;
   \   0000000C   0x200B             MOVS     R0,#+11
   \   0000000E   0x7460             STRB     R0,[R4, #+17]
    293              phost->Control.setup.b.wValue.w = altSetting;
    294              phost->Control.setup.b.wIndex.w = ep_num;
    295              phost->Control.setup.b.wLength.w = 0;           
   \   00000010   0x2000             MOVS     R0,#+0
   \   00000012   0x8262             STRH     R2,[R4, #+18]
   \   00000014   0x82A1             STRH     R1,[R4, #+20]
   \   00000016   0x82E0             STRH     R0,[R4, #+22]
    296            }
    297            return USBH_CtlReq(phost, 0 , 0 );     
   \                     ??USBH_SetInterface_0: (+1)
   \   00000018   0x78A1             LDRB     R1,[R4, #+2]
   \   0000001A   0x2001             MOVS     R0,#+1
   \   0000001C   0x2901             CMP      R1,#+1
   \   0000001E   0xD010             BEQ.N    ??USBH_SetInterface_1
   \   00000020   0x2902             CMP      R1,#+2
   \   00000022   0xD114             BNE.N    ??USBH_SetInterface_2
   \   00000024   0x4620             MOV      R0,R4
   \   00000026   0x.... 0x....      BL       USBH_HandleControl
   \   0000002A   0xB920             CBNZ.N   R0,??USBH_SetInterface_3
   \   0000002C   0x2101             MOVS     R1,#+1
   \   0000002E   0x70A1             STRB     R1,[R4, #+2]
   \   00000030   0x2100             MOVS     R1,#+0
   \   00000032   0x7621             STRB     R1,[R4, #+24]
   \   00000034   0xBD10             POP      {R4,PC}
   \                     ??USBH_SetInterface_3: (+1)
   \   00000036   0x2802             CMP      R0,#+2
   \   00000038   0xD109             BNE.N    ??USBH_SetInterface_2
   \   0000003A   0x2001             MOVS     R0,#+1
   \   0000003C   0x70A0             STRB     R0,[R4, #+2]
   \   0000003E   0x2002             MOVS     R0,#+2
   \   00000040   0xBD10             POP      {R4,PC}
   \                     ??USBH_SetInterface_1: (+1)
   \   00000042   0x2100             MOVS     R1,#+0
   \   00000044   0x7620             STRB     R0,[R4, #+24]
   \   00000046   0x60A1             STR      R1,[R4, #+8]
   \   00000048   0x81A1             STRH     R1,[R4, #+12]
   \   0000004A   0x2102             MOVS     R1,#+2
   \   0000004C   0x70A1             STRB     R1,[R4, #+2]
   \                     ??USBH_SetInterface_2: (+1)
   \   0000004E   0xBD10             POP      {R4,PC}          ;; return
    298          }
    299          
    300          /**
    301            * @brief  USBH_ClrFeature
    302            *         This request is used to clear or disable a specific feature.
    303            * @param  phost: Host Handle
    304            * @param  ep_num: endpoint number 
    305            * @param  hc_num: Host channel number 
    306            * @retval USBH Status
    307            */

   \                                 In section .text, align 2, keep-with-next
    308          USBH_StatusTypeDef USBH_ClrFeature(USBH_HandleTypeDef *phost,
    309                                             uint8_t ep_num) 
    310          {
   \                     USBH_ClrFeature: (+1)
   \   00000000   0xB510             PUSH     {R4,LR}
   \   00000002   0x4604             MOV      R4,R0
    311            if(phost->RequestState == CMD_SEND)
   \   00000004   0x78A0             LDRB     R0,[R4, #+2]
   \   00000006   0x2801             CMP      R0,#+1
   \   00000008   0xD107             BNE.N    ??USBH_ClrFeature_0
    312            {
    313              phost->Control.setup.b.bmRequestType = USB_H2D | 
    314                USB_REQ_RECIPIENT_ENDPOINT |
    315                  USB_REQ_TYPE_STANDARD;
   \   0000000A   0x2002             MOVS     R0,#+2
    316              
    317              phost->Control.setup.b.bRequest = USB_REQ_CLEAR_FEATURE;
    318              phost->Control.setup.b.wValue.w = FEATURE_SELECTOR_ENDPOINT;
    319              phost->Control.setup.b.wIndex.w = ep_num;
   \   0000000C   0x82A1             STRH     R1,[R4, #+20]
   \   0000000E   0x7420             STRB     R0,[R4, #+16]
   \   00000010   0x2001             MOVS     R0,#+1
   \   00000012   0x7460             STRB     R0,[R4, #+17]
   \   00000014   0x2000             MOVS     R0,#+0
   \   00000016   0x8260             STRH     R0,[R4, #+18]
    320              phost->Control.setup.b.wLength.w = 0;           
   \   00000018   0x82E0             STRH     R0,[R4, #+22]
    321            }
    322            return USBH_CtlReq(phost, 0 , 0 );   
   \                     ??USBH_ClrFeature_0: (+1)
   \   0000001A   0x78A1             LDRB     R1,[R4, #+2]
   \   0000001C   0x2001             MOVS     R0,#+1
   \   0000001E   0x2901             CMP      R1,#+1
   \   00000020   0xD010             BEQ.N    ??USBH_ClrFeature_1
   \   00000022   0x2902             CMP      R1,#+2
   \   00000024   0xD114             BNE.N    ??USBH_ClrFeature_2
   \   00000026   0x4620             MOV      R0,R4
   \   00000028   0x.... 0x....      BL       USBH_HandleControl
   \   0000002C   0xB920             CBNZ.N   R0,??USBH_ClrFeature_3
   \   0000002E   0x2101             MOVS     R1,#+1
   \   00000030   0x70A1             STRB     R1,[R4, #+2]
   \   00000032   0x2100             MOVS     R1,#+0
   \   00000034   0x7621             STRB     R1,[R4, #+24]
   \   00000036   0xBD10             POP      {R4,PC}
   \                     ??USBH_ClrFeature_3: (+1)
   \   00000038   0x2802             CMP      R0,#+2
   \   0000003A   0xD109             BNE.N    ??USBH_ClrFeature_2
   \   0000003C   0x2001             MOVS     R0,#+1
   \   0000003E   0x70A0             STRB     R0,[R4, #+2]
   \   00000040   0x2002             MOVS     R0,#+2
   \   00000042   0xBD10             POP      {R4,PC}
   \                     ??USBH_ClrFeature_1: (+1)
   \   00000044   0x2100             MOVS     R1,#+0
   \   00000046   0x7620             STRB     R0,[R4, #+24]
   \   00000048   0x60A1             STR      R1,[R4, #+8]
   \   0000004A   0x81A1             STRH     R1,[R4, #+12]
   \   0000004C   0x2102             MOVS     R1,#+2
   \   0000004E   0x70A1             STRB     R1,[R4, #+2]
   \                     ??USBH_ClrFeature_2: (+1)
   \   00000050   0xBD10             POP      {R4,PC}          ;; return
    323          }
    324          
    325          /**
    326            * @brief  USBH_ParseDevDesc 
    327            *         This function Parses the device descriptor
    328            * @param  dev_desc: device_descriptor destination address 
    329            * @param  buf: Buffer where the source descriptor is available
    330            * @param  length: Length of the descriptor
    331            * @retval None
    332            */

   \                                 In section .text, align 2, keep-with-next
    333          static void  USBH_ParseDevDesc (USBH_DevDescTypeDef* dev_desc,
    334                                          uint8_t *buf, 
    335                                          uint16_t length)
    336          {
    337            dev_desc->bLength            = *(uint8_t  *) (buf +  0);
   \                     USBH_ParseDevDesc: (+1)
   \   00000000   0x780B             LDRB     R3,[R1, #+0]
    338            dev_desc->bDescriptorType    = *(uint8_t  *) (buf +  1);
    339            dev_desc->bcdUSB             = LE16 (buf +  2);
    340            dev_desc->bDeviceClass       = *(uint8_t  *) (buf +  4);
    341            dev_desc->bDeviceSubClass    = *(uint8_t  *) (buf +  5);
    342            dev_desc->bDeviceProtocol    = *(uint8_t  *) (buf +  6);
    343            dev_desc->bMaxPacketSize     = *(uint8_t  *) (buf +  7);
    344            
    345            if (length > 8)
   \   00000002   0x2A09             CMP      R2,#+9
   \   00000004   0x7003             STRB     R3,[R0, #+0]
   \   00000006   0x784B             LDRB     R3,[R1, #+1]
   \   00000008   0x7043             STRB     R3,[R0, #+1]
   \   0000000A   0x788B             LDRB     R3,[R1, #+2]
   \   0000000C   0xF891 0xC003      LDRB     R12,[R1, #+3]
   \   00000010   0xEB03 0x230C      ADD      R3,R3,R12, LSL #+8
   \   00000014   0x8043             STRH     R3,[R0, #+2]
   \   00000016   0x790B             LDRB     R3,[R1, #+4]
   \   00000018   0x7103             STRB     R3,[R0, #+4]
   \   0000001A   0x794B             LDRB     R3,[R1, #+5]
   \   0000001C   0x7143             STRB     R3,[R0, #+5]
   \   0000001E   0x798B             LDRB     R3,[R1, #+6]
   \   00000020   0x7183             STRB     R3,[R0, #+6]
   \   00000022   0x79CB             LDRB     R3,[R1, #+7]
   \   00000024   0x71C3             STRB     R3,[R0, #+7]
   \   00000026   0xDB16             BLT.N    ??USBH_ParseDevDesc_0
    346            { /* For 1st time after device connection, Host may issue only 8 bytes for 
    347              Device Descriptor Length  */
    348              dev_desc->idVendor           = LE16 (buf +  8);
   \   00000028   0x7A0A             LDRB     R2,[R1, #+8]
   \   0000002A   0x7A4B             LDRB     R3,[R1, #+9]
   \   0000002C   0xEB02 0x2203      ADD      R2,R2,R3, LSL #+8
   \   00000030   0x8102             STRH     R2,[R0, #+8]
    349              dev_desc->idProduct          = LE16 (buf + 10);
   \   00000032   0x7A8A             LDRB     R2,[R1, #+10]
   \   00000034   0x7ACB             LDRB     R3,[R1, #+11]
   \   00000036   0xEB02 0x2203      ADD      R2,R2,R3, LSL #+8
   \   0000003A   0x8142             STRH     R2,[R0, #+10]
    350              dev_desc->bcdDevice          = LE16 (buf + 12);
   \   0000003C   0x7B0A             LDRB     R2,[R1, #+12]
   \   0000003E   0x7B4B             LDRB     R3,[R1, #+13]
   \   00000040   0xEB02 0x2203      ADD      R2,R2,R3, LSL #+8
   \   00000044   0x8182             STRH     R2,[R0, #+12]
    351              dev_desc->iManufacturer      = *(uint8_t  *) (buf + 14);
   \   00000046   0x7B8A             LDRB     R2,[R1, #+14]
   \   00000048   0x7382             STRB     R2,[R0, #+14]
    352              dev_desc->iProduct           = *(uint8_t  *) (buf + 15);
   \   0000004A   0x7BCA             LDRB     R2,[R1, #+15]
   \   0000004C   0x73C2             STRB     R2,[R0, #+15]
    353              dev_desc->iSerialNumber      = *(uint8_t  *) (buf + 16);
   \   0000004E   0x7C0A             LDRB     R2,[R1, #+16]
   \   00000050   0x7402             STRB     R2,[R0, #+16]
    354              dev_desc->bNumConfigurations = *(uint8_t  *) (buf + 17);
   \   00000052   0x7C49             LDRB     R1,[R1, #+17]
   \   00000054   0x7441             STRB     R1,[R0, #+17]
    355            }
    356          }
   \                     ??USBH_ParseDevDesc_0: (+1)
   \   00000056   0x4770             BX       LR               ;; return
    357          
    358          /**
    359            * @brief  USBH_ParseCfgDesc 
    360            *         This function Parses the configuration descriptor
    361            * @param  cfg_desc: Configuration Descriptor address
    362            * @param  buf: Buffer where the source descriptor is available
    363            * @param  length: Length of the descriptor
    364            * @retval None
    365            */

   \                                 In section .text, align 2, keep-with-next
    366          static void USBH_ParseCfgDesc (USBH_CfgDescTypeDef* cfg_desc,
    367                                         uint8_t *buf, 
    368                                         uint16_t length)
    369          {  
   \                     USBH_ParseCfgDesc: (+1)
   \   00000000   0xB5F0             PUSH     {R4-R7,LR}
    370            USBH_InterfaceDescTypeDef    *pif ;
    371            USBH_EpDescTypeDef           *pep;  
    372            USBH_DescHeader_t             *pdesc = (USBH_DescHeader_t *)buf;
    373            uint16_t                      ptr;
    374            int8_t                        if_ix = 0;
    375            int8_t                        ep_ix = 0;  
    376            
    377            pdesc   = (USBH_DescHeader_t *)buf;
    378            
    379            /* Parse configuration descriptor */
    380            cfg_desc->bLength             = *(uint8_t  *) (buf + 0);
   \   00000002   0x780C             LDRB     R4,[R1, #+0]
   \   00000004   0x2300             MOVS     R3,#+0
    381            cfg_desc->bDescriptorType     = *(uint8_t  *) (buf + 1);
    382            cfg_desc->wTotalLength        = LE16 (buf + 2);
    383            cfg_desc->bNumInterfaces      = *(uint8_t  *) (buf + 4);
    384            cfg_desc->bConfigurationValue = *(uint8_t  *) (buf + 5);
    385            cfg_desc->iConfiguration      = *(uint8_t  *) (buf + 6);
    386            cfg_desc->bmAttributes        = *(uint8_t  *) (buf + 7);
    387            cfg_desc->bMaxPower           = *(uint8_t  *) (buf + 8);    
    388            
    389            
    390            if (length > USB_CONFIGURATION_DESC_SIZE)
   \   00000006   0x2A0A             CMP      R2,#+10
   \   00000008   0x7004             STRB     R4,[R0, #+0]
   \   0000000A   0x784C             LDRB     R4,[R1, #+1]
   \   0000000C   0x7044             STRB     R4,[R0, #+1]
   \   0000000E   0x788C             LDRB     R4,[R1, #+2]
   \   00000010   0x78CD             LDRB     R5,[R1, #+3]
   \   00000012   0xEB04 0x2405      ADD      R4,R4,R5, LSL #+8
   \   00000016   0x8044             STRH     R4,[R0, #+2]
   \   00000018   0x790C             LDRB     R4,[R1, #+4]
   \   0000001A   0x7104             STRB     R4,[R0, #+4]
   \   0000001C   0x794C             LDRB     R4,[R1, #+5]
   \   0000001E   0x7144             STRB     R4,[R0, #+5]
   \   00000020   0x798C             LDRB     R4,[R1, #+6]
   \   00000022   0x7184             STRB     R4,[R0, #+6]
   \   00000024   0x79CC             LDRB     R4,[R1, #+7]
   \   00000026   0x71C4             STRB     R4,[R0, #+7]
   \   00000028   0x7A0C             LDRB     R4,[R1, #+8]
   \   0000002A   0x7204             STRB     R4,[R0, #+8]
   \   0000002C   0xDB59             BLT.N    ??USBH_ParseCfgDesc_0
    391            {
    392              ptr = USB_LEN_CFG_DESC;
   \   0000002E   0x2209             MOVS     R2,#+9
    393              pif = (USBH_InterfaceDescTypeDef *)0;
   \                     ??USBH_ParseCfgDesc_1: (+1)
   \   00000030   0x8844             LDRH     R4,[R0, #+2]
   \   00000032   0xB292             UXTH     R2,R2
   \   00000034   0x42A2             CMP      R2,R4
   \   00000036   0xD254             BCS.N    ??USBH_ParseCfgDesc_0
    394              
    395              
    396              while ((if_ix < USBH_MAX_NUM_INTERFACES ) && (ptr < cfg_desc->wTotalLength))
    397              {
    398                pdesc = USBH_GetNextDesc((uint8_t *)pdesc, &ptr);
   \   00000038   0x780C             LDRB     R4,[R1, #+0]
   \   0000003A   0x1861             ADDS     R1,R4,R1
   \   0000003C   0xFA52 0xF284      UXTAB    R2,R2,R4
    399                if (pdesc->bDescriptorType   == USB_DESC_TYPE_INTERFACE) 
   \   00000040   0x784C             LDRB     R4,[R1, #+1]
   \   00000042   0x2C04             CMP      R4,#+4
   \   00000044   0xD1F4             BNE.N    ??USBH_ParseCfgDesc_1
    400                {
    401                  pif = &cfg_desc->Itf_Desc[if_ix];
   \   00000046   0xEB03 0x1403      ADD      R4,R3,R3, LSL #+4
    402                  USBH_ParseInterfaceDesc (pif, (uint8_t *)pdesc);            
   \   0000004A   0x780E             LDRB     R6,[R1, #+0]
   \   0000004C   0xEB00 0x0444      ADD      R4,R0,R4, LSL #+1
   \   00000050   0xF104 0x050A      ADD      R5,R4,#+10
   \   00000054   0x702E             STRB     R6,[R5, #+0]
   \   00000056   0x784E             LDRB     R6,[R1, #+1]
   \   00000058   0x706E             STRB     R6,[R5, #+1]
   \   0000005A   0x788E             LDRB     R6,[R1, #+2]
   \   0000005C   0x70AE             STRB     R6,[R5, #+2]
   \   0000005E   0x78CE             LDRB     R6,[R1, #+3]
   \   00000060   0x70EE             STRB     R6,[R5, #+3]
   \   00000062   0x790E             LDRB     R6,[R1, #+4]
   \   00000064   0x712E             STRB     R6,[R5, #+4]
   \   00000066   0x794E             LDRB     R6,[R1, #+5]
   \   00000068   0x716E             STRB     R6,[R5, #+5]
   \   0000006A   0x798E             LDRB     R6,[R1, #+6]
   \   0000006C   0x71AE             STRB     R6,[R5, #+6]
   \   0000006E   0x79CE             LDRB     R6,[R1, #+7]
   \   00000070   0x71EE             STRB     R6,[R5, #+7]
   \   00000072   0x7A0E             LDRB     R6,[R1, #+8]
   \   00000074   0x722E             STRB     R6,[R5, #+8]
    403                  
    404                  ep_ix = 0;
   \   00000076   0x2600             MOVS     R6,#+0
    405                  pep = (USBH_EpDescTypeDef *)0;        
   \   00000078   0xE026             B.N      ??USBH_ParseCfgDesc_2
    406                  while ((ep_ix < pif->bNumEndpoints) && (ptr < cfg_desc->wTotalLength))
    407                  {
    408                    pdesc = USBH_GetNextDesc((uint8_t*) pdesc, &ptr);
   \                     ??USBH_ParseCfgDesc_3: (+1)
   \   0000007A   0x780F             LDRB     R7,[R1, #+0]
   \   0000007C   0x1879             ADDS     R1,R7,R1
   \   0000007E   0xFA52 0xF287      UXTAB    R2,R2,R7
    409                    if (pdesc->bDescriptorType   == USB_DESC_TYPE_ENDPOINT) 
   \   00000082   0x784F             LDRB     R7,[R1, #+1]
   \   00000084   0x2F05             CMP      R7,#+5
   \   00000086   0xD11F             BNE.N    ??USBH_ParseCfgDesc_2
    410                    {  
    411                      pep = &cfg_desc->Itf_Desc[if_ix].Ep_Desc[ep_ix];
    412                      USBH_ParseEPDesc (pep, (uint8_t *)pdesc);
   \   00000088   0xB276             SXTB     R6,R6
   \   0000008A   0xF891 0xC000      LDRB     R12,[R1, #+0]
   \   0000008E   0xEB04 0x07C6      ADD      R7,R4,R6, LSL #+3
    413                      ep_ix++;
   \   00000092   0x1C76             ADDS     R6,R6,#+1
   \   00000094   0xF807 0xCF14      STRB     R12,[R7, #+20]!
   \   00000098   0xF891 0xC001      LDRB     R12,[R1, #+1]
   \   0000009C   0xF887 0xC001      STRB     R12,[R7, #+1]
   \   000000A0   0xF891 0xC002      LDRB     R12,[R1, #+2]
   \   000000A4   0xF887 0xC002      STRB     R12,[R7, #+2]
   \   000000A8   0xF891 0xC003      LDRB     R12,[R1, #+3]
   \   000000AC   0xF887 0xC003      STRB     R12,[R7, #+3]
   \   000000B0   0xF891 0xC004      LDRB     R12,[R1, #+4]
   \   000000B4   0xF891 0xE005      LDRB     LR,[R1, #+5]
   \   000000B8   0xEB0C 0x2C0E      ADD      R12,R12,LR, LSL #+8
   \   000000BC   0xF8A7 0xC004      STRH     R12,[R7, #+4]
   \   000000C0   0xF891 0xC006      LDRB     R12,[R1, #+6]
   \   000000C4   0xF887 0xC006      STRB     R12,[R7, #+6]
    414                    }
    415                  }
   \                     ??USBH_ParseCfgDesc_2: (+1)
   \   000000C8   0xF895 0xC004      LDRB     R12,[R5, #+4]
   \   000000CC   0xB277             SXTB     R7,R6
   \   000000CE   0x4567             CMP      R7,R12
   \   000000D0   0xDA03             BGE.N    ??USBH_ParseCfgDesc_4
   \   000000D2   0x8847             LDRH     R7,[R0, #+2]
   \   000000D4   0xB292             UXTH     R2,R2
   \   000000D6   0x42BA             CMP      R2,R7
   \   000000D8   0xD3CF             BCC.N    ??USBH_ParseCfgDesc_3
    416                  if_ix++;
   \                     ??USBH_ParseCfgDesc_4: (+1)
   \   000000DA   0x1C5B             ADDS     R3,R3,#+1
   \   000000DC   0xB25B             SXTB     R3,R3
    417                }
    418              }
   \   000000DE   0x2B01             CMP      R3,#+1
   \   000000E0   0xDBA6             BLT.N    ??USBH_ParseCfgDesc_1
    419            }  
    420          }
   \                     ??USBH_ParseCfgDesc_0: (+1)
   \   000000E2   0xBDF0             POP      {R4-R7,PC}       ;; return
    421          
    422          
    423          
    424          /**
    425            * @brief  USBH_ParseInterfaceDesc 
    426            *         This function Parses the interface descriptor
    427            * @param  if_descriptor : Interface descriptor destination
    428            * @param  buf: Buffer where the descriptor data is available
    429            * @retval None
    430            */
    431          static void  USBH_ParseInterfaceDesc (USBH_InterfaceDescTypeDef *if_descriptor, 
    432                                                uint8_t *buf)
    433          {
    434            if_descriptor->bLength            = *(uint8_t  *) (buf + 0);
    435            if_descriptor->bDescriptorType    = *(uint8_t  *) (buf + 1);
    436            if_descriptor->bInterfaceNumber   = *(uint8_t  *) (buf + 2);
    437            if_descriptor->bAlternateSetting  = *(uint8_t  *) (buf + 3);
    438            if_descriptor->bNumEndpoints      = *(uint8_t  *) (buf + 4);
    439            if_descriptor->bInterfaceClass    = *(uint8_t  *) (buf + 5);
    440            if_descriptor->bInterfaceSubClass = *(uint8_t  *) (buf + 6);
    441            if_descriptor->bInterfaceProtocol = *(uint8_t  *) (buf + 7);
    442            if_descriptor->iInterface         = *(uint8_t  *) (buf + 8);
    443          }
    444          
    445          /**
    446            * @brief  USBH_ParseEPDesc 
    447            *         This function Parses the endpoint descriptor
    448            * @param  ep_descriptor: Endpoint descriptor destination address
    449            * @param  buf: Buffer where the parsed descriptor stored
    450            * @retval None
    451            */
    452          static void  USBH_ParseEPDesc (USBH_EpDescTypeDef  *ep_descriptor, 
    453                                         uint8_t *buf)
    454          {
    455            
    456            ep_descriptor->bLength          = *(uint8_t  *) (buf + 0);
    457            ep_descriptor->bDescriptorType  = *(uint8_t  *) (buf + 1);
    458            ep_descriptor->bEndpointAddress = *(uint8_t  *) (buf + 2);
    459            ep_descriptor->bmAttributes     = *(uint8_t  *) (buf + 3);
    460            ep_descriptor->wMaxPacketSize   = LE16 (buf + 4);
    461            ep_descriptor->bInterval        = *(uint8_t  *) (buf + 6);
    462          }
    463          
    464          /**
    465            * @brief  USBH_ParseStringDesc 
    466            *         This function Parses the string descriptor
    467            * @param  psrc: Source pointer containing the descriptor data
    468            * @param  pdest: Destination address pointer
    469            * @param  length: Length of the descriptor
    470            * @retval None
    471            */
    472          static void USBH_ParseStringDesc (uint8_t* psrc, 
    473                                            uint8_t* pdest, 
    474                                            uint16_t length)
    475          {
    476            uint16_t strlength;
    477            uint16_t idx;
    478            
    479            /* The UNICODE string descriptor is not NULL-terminated. The string length is
    480            computed by substracting two from the value of the first byte of the descriptor.
    481            */
    482            
    483            /* Check which is lower size, the Size of string or the length of bytes read 
    484            from the device */
    485            
    486            if ( psrc[1] == USB_DESC_TYPE_STRING)
    487            { /* Make sure the Descriptor is String Type */
    488              
    489              /* psrc[0] contains Size of Descriptor, subtract 2 to get the length of string */      
    490              strlength = ( ( (psrc[0]-2) <= length) ? (psrc[0]-2) :length); 
    491              psrc += 2; /* Adjust the offset ignoring the String Len and Descriptor type */
    492              
    493              for (idx = 0; idx < strlength; idx+=2 )
    494              {/* Copy Only the string and ignore the UNICODE ID, hence add the src */
    495                *pdest =  psrc[idx];
    496                pdest++;
    497              }  
    498              *pdest = 0; /* mark end of string */  
    499            }
    500          }
    501          
    502          /**
    503            * @brief  USBH_GetNextDesc 
    504            *         This function return the next descriptor header
    505            * @param  buf: Buffer where the cfg descriptor is available
    506            * @param  ptr: data pointer inside the cfg descriptor
    507            * @retval next header
    508            */

   \                                 In section .text, align 2, keep-with-next
    509          USBH_DescHeader_t  *USBH_GetNextDesc (uint8_t   *pbuf, uint16_t  *ptr)
    510          {
    511            USBH_DescHeader_t  *pnext;
    512           
    513            *ptr += ((USBH_DescHeader_t *)pbuf)->bLength;  
   \                     USBH_GetNextDesc: (+1)
   \   00000000   0x880A             LDRH     R2,[R1, #+0]
   \   00000002   0x7803             LDRB     R3,[R0, #+0]
   \   00000004   0xFA52 0xF283      UXTAB    R2,R2,R3
   \   00000008   0x800A             STRH     R2,[R1, #+0]
    514            pnext = (USBH_DescHeader_t *)((uint8_t *)pbuf + \
    515                   ((USBH_DescHeader_t *)pbuf)->bLength);
    516           
    517            return(pnext);
   \   0000000A   0x7801             LDRB     R1,[R0, #+0]
   \   0000000C   0x1808             ADDS     R0,R1,R0
   \   0000000E   0x4770             BX       LR               ;; return
    518          }
    519          
    520          
    521          /**
    522            * @brief  USBH_CtlReq
    523            *         USBH_CtlReq sends a control request and provide the status after 
    524            *            completion of the request
    525            * @param  phost: Host Handle
    526            * @param  req: Setup Request Structure
    527            * @param  buff: data buffer address to store the response
    528            * @param  length: length of the response
    529            * @retval USBH Status
    530            */

   \                                 In section .text, align 2, keep-with-next
    531          USBH_StatusTypeDef USBH_CtlReq     (USBH_HandleTypeDef *phost, 
    532                                       uint8_t             *buff,
    533                                       uint16_t            length)
    534          {
   \                     USBH_CtlReq: (+1)
   \   00000000   0xB510             PUSH     {R4,LR}
   \   00000002   0x4604             MOV      R4,R0
    535            USBH_StatusTypeDef status;
    536            status = USBH_BUSY;
   \   00000004   0x2001             MOVS     R0,#+1
    537            
    538            switch (phost->RequestState)
   \   00000006   0x78A3             LDRB     R3,[R4, #+2]
   \   00000008   0x2B01             CMP      R3,#+1
   \   0000000A   0xD002             BEQ.N    ??USBH_CtlReq_0
   \   0000000C   0x2B02             CMP      R3,#+2
   \   0000000E   0xD006             BEQ.N    ??USBH_CtlReq_1
   \   00000010   0xBD10             POP      {R4,PC}
    539            {
    540            case CMD_SEND:
    541              /* Start a SETUP transfer */
    542              phost->Control.buff = buff; 
   \                     ??USBH_CtlReq_0: (+1)
   \   00000012   0x60A1             STR      R1,[R4, #+8]
    543              phost->Control.length = length;
    544              phost->Control.state = CTRL_SETUP;  
    545              phost->RequestState = CMD_WAIT;
   \   00000014   0x2102             MOVS     R1,#+2
   \   00000016   0x81A2             STRH     R2,[R4, #+12]
   \   00000018   0x7620             STRB     R0,[R4, #+24]
   \   0000001A   0x70A1             STRB     R1,[R4, #+2]
    546              status = USBH_BUSY;
    547          #if (USBH_USE_OS == 1)
    548              osMessagePut ( phost->os_event, USBH_CONTROL_EVENT, 0);
    549          #endif      
    550              break;
   \   0000001C   0xBD10             POP      {R4,PC}
    551              
    552            case CMD_WAIT:
    553              status = USBH_HandleControl(phost);
   \                     ??USBH_CtlReq_1: (+1)
   \   0000001E   0x4620             MOV      R0,R4
   \   00000020   0x.... 0x....      BL       USBH_HandleControl
    554               if (status == USBH_OK) 
   \   00000024   0xB920             CBNZ.N   R0,??USBH_CtlReq_2
    555              {
    556                /* Commands successfully sent and Response Received  */       
    557                phost->RequestState = CMD_SEND;
   \   00000026   0x2101             MOVS     R1,#+1
   \   00000028   0x70A1             STRB     R1,[R4, #+2]
    558                phost->Control.state =CTRL_IDLE;  
   \   0000002A   0x2100             MOVS     R1,#+0
   \   0000002C   0x7621             STRB     R1,[R4, #+24]
    559                status = USBH_OK;      
   \   0000002E   0xBD10             POP      {R4,PC}
    560              }
    561              else if  (status == USBH_FAIL)
   \                     ??USBH_CtlReq_2: (+1)
   \   00000030   0x2802             CMP      R0,#+2
   \   00000032   0xD102             BNE.N    ??USBH_CtlReq_3
    562              {
    563                /* Failure Mode */
    564                phost->RequestState = CMD_SEND;
   \   00000034   0x2001             MOVS     R0,#+1
   \   00000036   0x70A0             STRB     R0,[R4, #+2]
    565                status = USBH_FAIL;
   \   00000038   0x2002             MOVS     R0,#+2
    566              }   
    567              break;
    568              
    569            default:
    570              break; 
    571            }
    572            return status;
   \                     ??USBH_CtlReq_3: (+1)
   \   0000003A   0xBD10             POP      {R4,PC}          ;; return
    573          }
    574          
    575          /**
    576            * @brief  USBH_HandleControl
    577            *         Handles the USB control transfer state machine
    578            * @param  phost: Host Handle
    579            * @retval USBH Status
    580            */

   \                                 In section .text, align 4, keep-with-next
    581          static USBH_StatusTypeDef USBH_HandleControl (USBH_HandleTypeDef *phost)
    582          {
   \                     USBH_HandleControl: (+1)
   \   00000000   0xB530             PUSH     {R4,R5,LR}
   \   00000002   0x4605             MOV      R5,R0
   \   00000004   0xB081             SUB      SP,SP,#+4
    583            uint8_t direction;  
    584            USBH_StatusTypeDef status = USBH_BUSY;
   \   00000006   0x2401             MOVS     R4,#+1
    585            USBH_URBStateTypeDef URB_Status = USBH_URB_IDLE;
    586            
    587            switch (phost->Control.state)
   \   00000008   0x7E28             LDRB     R0,[R5, #+24]
   \   0000000A   0x1E40             SUBS     R0,R0,#+1
   \   0000000C   0x280A             CMP      R0,#+10
   \   0000000E   0xF200 0x80DC      BHI.W    ??USBH_HandleControl_1
   \   00000012   0xE8DF 0xF000      TBB      [PC, R0]
   \                     ??USBH_HandleControl_0:
   \   00000016   0x06 0x11          DC8      0x6,0x11,0x2D,0x3B
   \              0x2D 0x3B    
   \   0000001A   0x49 0x58          DC8      0x49,0x58,0x71,0x7F
   \              0x71 0x7F    
   \   0000001E   0x93 0xA2          DC8      0x93,0xA2,0xB9,0x0
   \              0xB9 0x00    
    588            {
    589            case CTRL_SETUP:
    590              /* send a SETUP packet */
    591              USBH_CtlSendSetup     (phost, 
    592          	                   (uint8_t *)phost->Control.setup.d8 , 
    593          	                   phost->Control.pipe_out); 
   \                     ??USBH_HandleControl_2: (+1)
   \   00000022   0x796A             LDRB     R2,[R5, #+5]
   \   00000024   0xF105 0x0110      ADD      R1,R5,#+16
   \   00000028   0x4628             MOV      R0,R5
   \   0000002A   0x.... 0x....      BL       USBH_CtlSendSetup
    594              
    595              phost->Control.state = CTRL_SETUP_WAIT; 
   \   0000002E   0x2002             MOVS     R0,#+2
   \   00000030   0x7628             STRB     R0,[R5, #+24]
    596              break; 
    597              
    598            case CTRL_SETUP_WAIT:
    599              
    600              URB_Status = USBH_LL_GetURBState(phost, phost->Control.pipe_out); 
    601              /* case SETUP packet sent successfully */
    602              if(URB_Status == USBH_URB_DONE)
    603              { 
    604                direction = (phost->Control.setup.b.bmRequestType & USB_REQ_DIR_MASK);
    605                
    606                /* check if there is a data stage */
    607                if (phost->Control.setup.b.wLength.w != 0 )
    608                {        
    609                  if (direction == USB_D2H)
    610                  {
    611                    /* Data Direction is IN */
    612                    phost->Control.state = CTRL_DATA_IN;
    613                  }
    614                  else
    615                  {
    616                    /* Data Direction is OUT */
    617                    phost->Control.state = CTRL_DATA_OUT;
    618                  } 
    619                }
    620                /* No DATA stage */
    621                else
    622                {
    623                  /* If there is No Data Transfer Stage */
    624                  if (direction == USB_D2H)
    625                  {
    626                    /* Data Direction is IN */
    627                    phost->Control.state = CTRL_STATUS_OUT;
    628                  }
    629                  else
    630                  {
    631                    /* Data Direction is OUT */
    632                    phost->Control.state = CTRL_STATUS_IN;
    633                  } 
    634                }          
    635          #if (USBH_USE_OS == 1)
    636                osMessagePut ( phost->os_event, USBH_CONTROL_EVENT, 0);
    637          #endif
    638              }
    639              else if(URB_Status == USBH_URB_ERROR)
    640              {
    641                phost->Control.state = CTRL_ERROR;
    642          #if (USBH_USE_OS == 1)
    643              osMessagePut ( phost->os_event, USBH_CONTROL_EVENT, 0);
    644          #endif      
    645              }    
    646              break;
    647              
    648            case CTRL_DATA_IN:  
    649              /* Issue an IN token */ 
    650               phost->Control.timer = phost->Timer;
    651              USBH_CtlReceiveData(phost,
    652                                  phost->Control.buff, 
    653                                  phost->Control.length,
    654                                  phost->Control.pipe_in);
    655           
    656              phost->Control.state = CTRL_DATA_IN_WAIT;
    657              break;    
    658              
    659            case CTRL_DATA_IN_WAIT:
    660              
    661              URB_Status = USBH_LL_GetURBState(phost , phost->Control.pipe_in); 
    662              
    663              /* check is DATA packet transferred successfully */
    664              if  (URB_Status == USBH_URB_DONE)
    665              { 
    666                phost->Control.state = CTRL_STATUS_OUT;
    667          #if (USBH_USE_OS == 1)
    668              osMessagePut ( phost->os_event, USBH_CONTROL_EVENT, 0);
    669          #endif      
    670              }
    671             
    672              /* manage error cases*/
    673              if  (URB_Status == USBH_URB_STALL) 
    674              { 
    675                /* In stall case, return to previous machine state*/
    676                status = USBH_NOT_SUPPORTED;
    677          #if (USBH_USE_OS == 1)
    678              osMessagePut ( phost->os_event, USBH_CONTROL_EVENT, 0);
    679          #endif      
    680              }   
    681              else if (URB_Status == USBH_URB_ERROR)
    682              {
    683                /* Device error */
    684                phost->Control.state = CTRL_ERROR;  
    685          #if (USBH_USE_OS == 1)
    686              osMessagePut ( phost->os_event, USBH_CONTROL_EVENT, 0);
    687          #endif      
    688              }
    689              break;
    690              
    691            case CTRL_DATA_OUT:
    692              
    693              USBH_CtlSendData (phost,
    694                                phost->Control.buff, 
    695                                phost->Control.length , 
    696                                phost->Control.pipe_out,
    697                                1);
    698               phost->Control.timer = phost->Timer;
    699              phost->Control.state = CTRL_DATA_OUT_WAIT;
    700              break;
    701              
    702            case CTRL_DATA_OUT_WAIT:
    703              
    704              URB_Status = USBH_LL_GetURBState(phost , phost->Control.pipe_out);     
    705              
    706              if  (URB_Status == USBH_URB_DONE)
    707              { /* If the Setup Pkt is sent successful, then change the state */
    708                phost->Control.state = CTRL_STATUS_IN;
    709          #if (USBH_USE_OS == 1)
    710                osMessagePut ( phost->os_event, USBH_CONTROL_EVENT, 0);
    711          #endif      
    712              }
    713              
    714              /* handle error cases */
    715              else if  (URB_Status == USBH_URB_STALL) 
    716              { 
    717                /* In stall case, return to previous machine state*/
    718                phost->Control.state = CTRL_STALLED; 
    719                status = USBH_NOT_SUPPORTED;
    720          #if (USBH_USE_OS == 1)
    721              osMessagePut ( phost->os_event, USBH_CONTROL_EVENT, 0);
    722          #endif      
    723              } 
    724              else if  (URB_Status == USBH_URB_NOTREADY)
    725              { 
    726                /* Nack received from device */
    727                phost->Control.state = CTRL_DATA_OUT;
    728                
    729          #if (USBH_USE_OS == 1)
    730              osMessagePut ( phost->os_event, USBH_CONTROL_EVENT, 0);
    731          #endif      
    732              }    
    733              else if (URB_Status == USBH_URB_ERROR)
    734              {
    735                /* device error */
    736                phost->Control.state = CTRL_ERROR;  
    737                status = USBH_FAIL;    
    738                
    739          #if (USBH_USE_OS == 1)
    740              osMessagePut ( phost->os_event, USBH_CONTROL_EVENT, 0);
    741          #endif      
    742              } 
    743              break;
    744              
    745              
    746            case CTRL_STATUS_IN:
    747              /* Send 0 bytes out packet */
    748              USBH_CtlReceiveData (phost,
    749                                   0,
    750                                   0,
    751                                   phost->Control.pipe_in);
    752              phost->Control.timer = phost->Timer;
    753              phost->Control.state = CTRL_STATUS_IN_WAIT;
    754              
    755              break;
    756              
    757            case CTRL_STATUS_IN_WAIT:
    758              
    759              URB_Status = USBH_LL_GetURBState(phost , phost->Control.pipe_in); 
    760              
    761              if  ( URB_Status == USBH_URB_DONE)
    762              { /* Control transfers completed, Exit the State Machine */
    763                phost->Control.state = CTRL_COMPLETE;
    764                status = USBH_OK;
    765          #if (USBH_USE_OS == 1)
    766              osMessagePut ( phost->os_event, USBH_CONTROL_EVENT, 0);
    767          #endif      
    768              }
    769              
    770              else if (URB_Status == USBH_URB_ERROR)
    771              {
    772                phost->Control.state = CTRL_ERROR;
    773          #if (USBH_USE_OS == 1)
    774              osMessagePut ( phost->os_event, USBH_CONTROL_EVENT, 0);
    775          #endif      
    776              }
    777               else if(URB_Status == USBH_URB_STALL)
    778              {
    779                /* Control transfers completed, Exit the State Machine */
    780                status = USBH_NOT_SUPPORTED;
    781                
    782          #if (USBH_USE_OS == 1)
    783              osMessagePut ( phost->os_event, USBH_CONTROL_EVENT, 0);
    784          #endif      
    785              }
    786              break;
    787              
    788            case CTRL_STATUS_OUT:
    789              USBH_CtlSendData (phost,
    790                                0,
    791                                0,
    792                                phost->Control.pipe_out,
    793                                1);
    794               phost->Control.timer = phost->Timer;
    795              phost->Control.state = CTRL_STATUS_OUT_WAIT;
    796              break;
    797              
    798            case CTRL_STATUS_OUT_WAIT: 
    799              
    800              URB_Status = USBH_LL_GetURBState(phost , phost->Control.pipe_out);  
    801              if  (URB_Status == USBH_URB_DONE)
    802              { 
    803                status = USBH_OK;      
    804                phost->Control.state = CTRL_COMPLETE; 
    805                
    806          #if (USBH_USE_OS == 1)
    807              osMessagePut ( phost->os_event, USBH_CONTROL_EVENT, 0);
    808          #endif      
    809              }
    810              else if  (URB_Status == USBH_URB_NOTREADY)
    811              { 
    812                phost->Control.state = CTRL_STATUS_OUT;
    813                
    814          #if (USBH_USE_OS == 1)
    815              osMessagePut ( phost->os_event, USBH_CONTROL_EVENT, 0);
    816          #endif      
    817              }      
    818              else if (URB_Status == USBH_URB_ERROR)
    819              {
    820                phost->Control.state = CTRL_ERROR; 
    821                
    822          #if (USBH_USE_OS == 1)
    823              osMessagePut ( phost->os_event, USBH_CONTROL_EVENT, 0);
    824          #endif      
    825              }
    826              break;
    827              
    828            case CTRL_ERROR:
    829              /* 
    830              After a halt condition is encountered or an error is detected by the 
    831              host, a control endpoint is allowed to recover by accepting the next Setup 
    832              PID; i.e., recovery actions via some other pipe are not required for control
    833              endpoints. For the Default Control Pipe, a device reset will ultimately be 
    834              required to clear the halt or error condition if the next Setup PID is not 
    835              accepted.
    836              */
    837              if (++ phost->Control.errorcount <= USBH_MAX_ERROR_COUNT)
    838              {
    839                /* try to recover control */
    840                USBH_LL_Stop(phost);
    841                   
    842                /* Do the transmission again, starting from SETUP Packet */
    843                phost->Control.state = CTRL_SETUP; 
    844                phost->RequestState = CMD_SEND;
    845              }
    846              else
    847              {
    848                phost->pUser(phost, HOST_USER_UNRECOVERED_ERROR);
    849                phost->Control.errorcount = 0;
    850                USBH_ErrLog("Control error");
    851                status = USBH_FAIL;
    852              }
    853              break;
    854              
    855            default:
    856              break;
    857            }
    858            return status;
   \   00000032   0x4620             MOV      R0,R4
   \   00000034   0xB001             ADD      SP,SP,#+4
   \   00000036   0xBD30             POP      {R4,R5,PC}
   \                     ??USBH_HandleControl_3: (+1)
   \   00000038   0x7969             LDRB     R1,[R5, #+5]
   \   0000003A   0x4628             MOV      R0,R5
   \   0000003C   0x.... 0x....      BL       USBH_LL_GetURBState
   \   00000040   0x2801             CMP      R0,#+1
   \   00000042   0xF040 0x809A      BNE.W    ??USBH_HandleControl_4
   \   00000046   0x7C28             LDRB     R0,[R5, #+16]
   \   00000048   0x8AE9             LDRH     R1,[R5, #+22]
   \   0000004A   0xF000 0x0080      AND      R0,R0,#0x80
   \   0000004E   0xB139             CBZ.N    R1,??USBH_HandleControl_5
   \   00000050   0x2880             CMP      R0,#+128
   \   00000052   0xBF14             ITE      NE 
   \   00000054   0x2005             MOVNE    R0,#+5
   \   00000056   0x2003             MOVEQ    R0,#+3
   \   00000058   0x7628             STRB     R0,[R5, #+24]
   \   0000005A   0x4620             MOV      R0,R4
   \   0000005C   0xB001             ADD      SP,SP,#+4
   \   0000005E   0xBD30             POP      {R4,R5,PC}
   \                     ??USBH_HandleControl_5: (+1)
   \   00000060   0x2880             CMP      R0,#+128
   \   00000062   0xBF14             ITE      NE 
   \   00000064   0x2007             MOVNE    R0,#+7
   \   00000066   0x2009             MOVEQ    R0,#+9
   \   00000068   0x7628             STRB     R0,[R5, #+24]
   \   0000006A   0x4620             MOV      R0,R4
   \   0000006C   0xB001             ADD      SP,SP,#+4
   \   0000006E   0xBD30             POP      {R4,R5,PC}
   \                     ??USBH_HandleControl_6: (+1)
   \   00000070   0xF8D5 0x02A8      LDR      R0,[R5, #+680]
   \   00000074   0x792B             LDRB     R3,[R5, #+4]
   \   00000076   0x89AA             LDRH     R2,[R5, #+12]
   \   00000078   0x68A9             LDR      R1,[R5, #+8]
   \   0000007A   0x81E8             STRH     R0,[R5, #+14]
   \   0000007C   0x4628             MOV      R0,R5
   \   0000007E   0x.... 0x....      BL       USBH_CtlReceiveData
   \   00000082   0x2004             MOVS     R0,#+4
   \   00000084   0x7628             STRB     R0,[R5, #+24]
   \   00000086   0x4620             MOV      R0,R4
   \   00000088   0xB001             ADD      SP,SP,#+4
   \   0000008A   0xBD30             POP      {R4,R5,PC}
   \                     ??USBH_HandleControl_7: (+1)
   \   0000008C   0x7929             LDRB     R1,[R5, #+4]
   \   0000008E   0x4628             MOV      R0,R5
   \   00000090   0x.... 0x....      BL       USBH_LL_GetURBState
   \   00000094   0x2801             CMP      R0,#+1
   \   00000096   0xBF08             IT       EQ 
   \   00000098   0x2009             MOVEQ    R0,#+9
   \   0000009A   0xD071             BEQ.N    ??USBH_HandleControl_8
   \   0000009C   0x2805             CMP      R0,#+5
   \   0000009E   0xD16C             BNE.N    ??USBH_HandleControl_4
   \   000000A0   0x2403             MOVS     R4,#+3
   \   000000A2   0x4620             MOV      R0,R4
   \   000000A4   0xB001             ADD      SP,SP,#+4
   \   000000A6   0xBD30             POP      {R4,R5,PC}
   \                     ??USBH_HandleControl_9: (+1)
   \   000000A8   0x9400             STR      R4,[SP, #+0]
   \   000000AA   0x796B             LDRB     R3,[R5, #+5]
   \   000000AC   0x89AA             LDRH     R2,[R5, #+12]
   \   000000AE   0x68A9             LDR      R1,[R5, #+8]
   \   000000B0   0x4628             MOV      R0,R5
   \   000000B2   0x.... 0x....      BL       USBH_CtlSendData
   \   000000B6   0xF8D5 0x02A8      LDR      R0,[R5, #+680]
   \   000000BA   0x81E8             STRH     R0,[R5, #+14]
   \   000000BC   0x2006             MOVS     R0,#+6
   \   000000BE   0x7628             STRB     R0,[R5, #+24]
   \   000000C0   0x4620             MOV      R0,R4
   \   000000C2   0xB001             ADD      SP,SP,#+4
   \   000000C4   0xBD30             POP      {R4,R5,PC}
   \                     ??USBH_HandleControl_10: (+1)
   \   000000C6   0x7969             LDRB     R1,[R5, #+5]
   \   000000C8   0x4628             MOV      R0,R5
   \   000000CA   0x.... 0x....      BL       USBH_LL_GetURBState
   \   000000CE   0x2801             CMP      R0,#+1
   \   000000D0   0xBF08             IT       EQ 
   \   000000D2   0x2007             MOVEQ    R0,#+7
   \   000000D4   0xD054             BEQ.N    ??USBH_HandleControl_8
   \   000000D6   0x2805             CMP      R0,#+5
   \   000000D8   0xD105             BNE.N    ??USBH_HandleControl_11
   \   000000DA   0x200C             MOVS     R0,#+12
   \   000000DC   0x2403             MOVS     R4,#+3
   \   000000DE   0x7628             STRB     R0,[R5, #+24]
   \   000000E0   0x4620             MOV      R0,R4
   \   000000E2   0xB001             ADD      SP,SP,#+4
   \   000000E4   0xBD30             POP      {R4,R5,PC}
   \                     ??USBH_HandleControl_11: (+1)
   \   000000E6   0x2802             CMP      R0,#+2
   \   000000E8   0xBF08             IT       EQ 
   \   000000EA   0x2005             MOVEQ    R0,#+5
   \   000000EC   0xD048             BEQ.N    ??USBH_HandleControl_8
   \   000000EE   0x2804             CMP      R0,#+4
   \   000000F0   0xD16B             BNE.N    ??USBH_HandleControl_1
   \   000000F2   0x200B             MOVS     R0,#+11
   \   000000F4   0x7628             STRB     R0,[R5, #+24]
   \   000000F6   0xE067             B.N      ??USBH_HandleControl_12
   \                     ??USBH_HandleControl_13: (+1)
   \   000000F8   0x792B             LDRB     R3,[R5, #+4]
   \   000000FA   0x2200             MOVS     R2,#+0
   \   000000FC   0x2100             MOVS     R1,#+0
   \   000000FE   0x4628             MOV      R0,R5
   \   00000100   0x.... 0x....      BL       USBH_CtlReceiveData
   \   00000104   0xF8D5 0x02A8      LDR      R0,[R5, #+680]
   \   00000108   0x81E8             STRH     R0,[R5, #+14]
   \   0000010A   0x2008             MOVS     R0,#+8
   \   0000010C   0x7628             STRB     R0,[R5, #+24]
   \   0000010E   0x4620             MOV      R0,R4
   \   00000110   0xB001             ADD      SP,SP,#+4
   \   00000112   0xBD30             POP      {R4,R5,PC}
   \                     ??USBH_HandleControl_14: (+1)
   \   00000114   0x7929             LDRB     R1,[R5, #+4]
   \   00000116   0x4628             MOV      R0,R5
   \   00000118   0x.... 0x....      BL       USBH_LL_GetURBState
   \   0000011C   0x2801             CMP      R0,#+1
   \   0000011E   0xD105             BNE.N    ??USBH_HandleControl_15
   \   00000120   0x200D             MOVS     R0,#+13
   \   00000122   0x2400             MOVS     R4,#+0
   \   00000124   0x7628             STRB     R0,[R5, #+24]
   \   00000126   0x4620             MOV      R0,R4
   \   00000128   0xB001             ADD      SP,SP,#+4
   \   0000012A   0xBD30             POP      {R4,R5,PC}
   \                     ??USBH_HandleControl_15: (+1)
   \   0000012C   0x2804             CMP      R0,#+4
   \   0000012E   0xD026             BEQ.N    ??USBH_HandleControl_16
   \   00000130   0x2805             CMP      R0,#+5
   \   00000132   0xD14A             BNE.N    ??USBH_HandleControl_1
   \   00000134   0x2403             MOVS     R4,#+3
   \   00000136   0x4620             MOV      R0,R4
   \   00000138   0xB001             ADD      SP,SP,#+4
   \   0000013A   0xBD30             POP      {R4,R5,PC}
   \                     ??USBH_HandleControl_17: (+1)
   \   0000013C   0x9400             STR      R4,[SP, #+0]
   \   0000013E   0x796B             LDRB     R3,[R5, #+5]
   \   00000140   0x2200             MOVS     R2,#+0
   \   00000142   0x2100             MOVS     R1,#+0
   \   00000144   0x4628             MOV      R0,R5
   \   00000146   0x.... 0x....      BL       USBH_CtlSendData
   \   0000014A   0xF8D5 0x02A8      LDR      R0,[R5, #+680]
   \   0000014E   0x81E8             STRH     R0,[R5, #+14]
   \   00000150   0x200A             MOVS     R0,#+10
   \   00000152   0x7628             STRB     R0,[R5, #+24]
   \   00000154   0x4620             MOV      R0,R4
   \   00000156   0xB001             ADD      SP,SP,#+4
   \   00000158   0xBD30             POP      {R4,R5,PC}
   \                     ??USBH_HandleControl_18: (+1)
   \   0000015A   0x7969             LDRB     R1,[R5, #+5]
   \   0000015C   0x4628             MOV      R0,R5
   \   0000015E   0x.... 0x....      BL       USBH_LL_GetURBState
   \   00000162   0x2801             CMP      R0,#+1
   \   00000164   0xD105             BNE.N    ??USBH_HandleControl_19
   \   00000166   0x200D             MOVS     R0,#+13
   \   00000168   0x2400             MOVS     R4,#+0
   \   0000016A   0x7628             STRB     R0,[R5, #+24]
   \   0000016C   0x4620             MOV      R0,R4
   \   0000016E   0xB001             ADD      SP,SP,#+4
   \   00000170   0xBD30             POP      {R4,R5,PC}
   \                     ??USBH_HandleControl_19: (+1)
   \   00000172   0x2802             CMP      R0,#+2
   \   00000174   0xBF08             IT       EQ 
   \   00000176   0x2009             MOVEQ    R0,#+9
   \   00000178   0xD002             BEQ.N    ??USBH_HandleControl_8
   \                     ??USBH_HandleControl_4: (+1)
   \   0000017A   0x2804             CMP      R0,#+4
   \   0000017C   0xD125             BNE.N    ??USBH_HandleControl_1
   \                     ??USBH_HandleControl_16: (+1)
   \   0000017E   0x200B             MOVS     R0,#+11
   \                     ??USBH_HandleControl_8: (+1)
   \   00000180   0x7628             STRB     R0,[R5, #+24]
   \   00000182   0x4620             MOV      R0,R4
   \   00000184   0xB001             ADD      SP,SP,#+4
   \   00000186   0xBD30             POP      {R4,R5,PC}
   \                     ??USBH_HandleControl_20: (+1)
   \   00000188   0x7E68             LDRB     R0,[R5, #+25]
   \   0000018A   0x1C40             ADDS     R0,R0,#+1
   \   0000018C   0x7668             STRB     R0,[R5, #+25]
   \   0000018E   0xB2C0             UXTB     R0,R0
   \   00000190   0x2803             CMP      R0,#+3
   \   00000192   0xDA07             BGE.N    ??USBH_HandleControl_21
   \   00000194   0x4628             MOV      R0,R5
   \   00000196   0x.... 0x....      BL       USBH_LL_Stop
   \   0000019A   0x762C             STRB     R4,[R5, #+24]
   \   0000019C   0x4620             MOV      R0,R4
   \   0000019E   0x70AC             STRB     R4,[R5, #+2]
   \   000001A0   0xB001             ADD      SP,SP,#+4
   \   000001A2   0xBD30             POP      {R4,R5,PC}
   \                     ??USBH_HandleControl_21: (+1)
   \   000001A4   0xF8D5 0x22B4      LDR      R2,[R5, #+692]
   \   000001A8   0x2106             MOVS     R1,#+6
   \   000001AA   0x4628             MOV      R0,R5
   \   000001AC   0x4790             BLX      R2
   \   000001AE   0x2000             MOVS     R0,#+0
   \   000001B0   0x7668             STRB     R0,[R5, #+25]
   \   000001B2   0x.... 0x....      ADR.W    R0,?_0
   \   000001B6   0x.... 0x....      BL       printf
   \   000001BA   0x.... 0x....      ADR.W    R0,?_1
   \   000001BE   0x.... 0x....      BL       printf
   \   000001C2   0x....             ADR.N    R0,??DataTable3  ;; "\n"
   \   000001C4   0x.... 0x....      BL       printf
   \                     ??USBH_HandleControl_12: (+1)
   \   000001C8   0x2402             MOVS     R4,#+2
   \                     ??USBH_HandleControl_1: (+1)
   \   000001CA   0x4620             MOV      R0,R4
   \   000001CC   0xB001             ADD      SP,SP,#+4
   \   000001CE   0xBD30             POP      {R4,R5,PC}       ;; return
    859          }

   \                                 In section .text, align 4, keep-with-next
   \                     ??DataTable3:
   \   00000000   0x0A 0x00          DC8      "\n",0x0,0x0
   \              0x00 0x00    

   \                                 In section .text, align 4, keep-with-next
   \                     ?_0:
   \   00000000   0x45 0x52          DC8 "ERROR: "
   \              0x52 0x4F    
   \              0x52 0x3A    
   \              0x20 0x00    

   \                                 In section .text, align 4, keep-with-next
   \                     ?_1:
   \   00000000   0x43 0x6F          DC8 "Control error"
   \              0x6E 0x74    
   \              0x72 0x6F    
   \              0x6C 0x20    
   \              0x65 0x72    
   \              0x72 0x6F    
   \              0x72 0x00    
   \   0000000E   0x00 0x00          DC8 0, 0

   \                                 In section .rodata, align 2, keep-with-next
   \                     ?_2:
   \   00000000   0x0A 0x00          DC8 "\012"
    860          
    861          /**
    862          * @}
    863          */ 
    864          
    865          /**
    866          * @}
    867          */ 
    868          
    869          /**
    870          * @}
    871          */
    872          
    873          /**
    874          * @}
    875          */ 
    876          
    877          /************************ (C) COPYRIGHT STMicroelectronics *****END OF FILE****/
    878          
    879          
    880          
    881          

   Maximum stack usage in bytes:

   .cstack Function
   ------- --------
       8   USBH_ClrFeature
         8   -> USBH_HandleControl
       8   USBH_CtlReq
         8   -> USBH_HandleControl
      16   USBH_GetDescriptor
        16   -> USBH_HandleControl
       0   USBH_GetNextDesc
      24   USBH_Get_CfgDesc
        24   -> USBH_CtlReq
        24   -> USBH_ParseCfgDesc
      16   USBH_Get_DevDesc
        16   -> USBH_CtlReq
        16   -> USBH_ParseDevDesc
      16   USBH_Get_StringDesc
        16   -> USBH_CtlReq
      16   USBH_HandleControl
        16   -- Indirect call
        16   -> USBH_CtlReceiveData
        16   -> USBH_CtlSendData
        16   -> USBH_CtlSendSetup
        16   -> USBH_LL_GetURBState
        16   -> USBH_LL_Stop
        16   -> printf
      20   USBH_ParseCfgDesc
       0   USBH_ParseDevDesc
       8   USBH_SetAddress
         8   -> USBH_HandleControl
       8   USBH_SetCfg
         8   -> USBH_HandleControl
       8   USBH_SetInterface
         8   -> USBH_HandleControl


   Section sizes:

   Bytes  Function/Label
   -----  --------------
       4  ??DataTable3
       8  ?_0
      16  ?_1
       2  ?_2
      82  USBH_ClrFeature
      60  USBH_CtlReq
     106  USBH_GetDescriptor
      16  USBH_GetNextDesc
      70  USBH_Get_CfgDesc
      66  USBH_Get_DevDesc
      96  USBH_Get_StringDesc
     464  USBH_HandleControl
     228  USBH_ParseCfgDesc
      88  USBH_ParseDevDesc
      82  USBH_SetAddress
      82  USBH_SetCfg
      80  USBH_SetInterface

 
     2 bytes in section .rodata
 1 548 bytes in section .text
 
 1 548 bytes of CODE  memory
     2 bytes of CONST memory

Errors: none
Warnings: none
