{ Using PSTWRITER 16.6.0 d001May-13-2016 at 11:05:50 }

#1 WARNING(ORCAP-36006): Part Name "CAPACITOR NON-POL_CAP_SMD_0402_100NF_0402" is renamed to "CAPACITOR NON-POL_CAP_SMD_0402_".
#2 WARNING(ORCAP-36006): Part Name "CAPACITOR NON-POL_CAP_SMD_0603_10NF_0603" is renamed to "CAPACITOR NON-POL_CAP_SMD_0603_".
#3 WARNING(ORCAP-36006): Part Name "CAPACITOR POL_0_CAP_SMD_1206_10UF_6.3V_1206" is renamed to "CAPACITOR POL_0_CAP_SMD_1206_10".
#4 WARNING(ORCAP-36006): Part Name "CAPACITOR NON-POL_CAP_SMD_0402_0.01UF_0603" is renamed to "CAPACITOR NON-POL_CAP_SMD_040_1".
#5 WARNING(ORCAP-36006): Part Name "CAPACITOR NON-POL_CAP_SMD_0603_1NF_0603" is renamed to "CAPACITOR NON-POL_CAP_SMD_060_1".
#6 WARNING(ORCAP-36006): Part Name "CAPACITOR NON-POL_CAP_SMD_0603_1UF_0603" is renamed to "CAPACITOR NON-POL_CAP_SMD_060_2".
#7 WARNING(ORCAP-36006): Part Name "CAPACITOR NON-POL_CAP_SMD_0603_4.7UF_0603" is renamed to "CAPACITOR NON-POL_CAP_SMD_060_3".
#8 WARNING(ORCAP-36006): Part Name "CAPACITOR NON-POL_CAP_SMD_0402_10PF_0603" is renamed to "CAPACITOR NON-POL_CAP_SMD_040_2".
#9 WARNING(ORCAP-36006): Part Name "CAPACITOR NON-POL_CAP_SMD_0402_0.1UF_0402" is renamed to "CAPACITOR NON-POL_CAP_SMD_040_3".
#10 WARNING(ORCAP-36006): Part Name "CAPACITOR NON-POL_CAP_SMD_0402_10UF_0402" is renamed to "CAPACITOR NON-POL_CAP_SMD_040_4".
#11 WARNING(ORCAP-36006): Part Name "CAPACITOR NON-POL_CAP_SMD_1210_22UF_1210" is renamed to "CAPACITOR NON-POL_CAP_SMD_1210_".
#12 WARNING(ORCAP-36006): Part Name "CAPACITOR NON-POL_CAP_SMD_0402_4.7PF 0402" is renamed to "CAPACITOR NON-POL_CAP_SMD_040_5".
#13 WARNING(ORCAP-36006): Part Name "CAPACITOR NON-POL_CAP_SMD_1206_2.2UF" is renamed to "CAPACITOR NON-POL_CAP_SMD_1206_".
#14 WARNING(ORCAP-36006): Part Name "CAPACITOR POL_0_CAP_SMD_1206_TANTALUM_4.7UF" is renamed to "CAPACITOR POL_0_CAP_SMD_1206_TA".
#15 WARNING(ORCAP-36006): Part Name "CAPACITOR POL_0_CAP_SMD_1206_TANTALUM_1UF" is renamed to "CAPACITOR POL_0_CAP_SMD_1206__1".
#16 WARNING(ORCAP-36006): Part Name "CAP NP_CAP_SMD_0603_0.022UF_0603" is renamed to "CAP NP_CAP_SMD_0603_0.022UF_060".
#17 WARNING(ORCAP-36006): Part Name "CAPACITOR POL_0_CAP_SMD_1206_TANTALUM_1UF_TYPEA" is renamed to "CAPACITOR POL_0_CAP_SMD_1206__2".
#18 WARNING(ORCAP-36006): Part Name "CAPACITOR NON-POL_CAP_SMD_0402_1NF_0402" is renamed to "CAPACITOR NON-POL_CAP_SMD_040_6".
#19 WARNING(ORCAP-36006): Part Name "ST-225-02_3_AUDIO_JACK_35_JACK 3.5MM" is renamed to "ST-225-02_3_AUDIO_JACK_35_JACK".
#20 WARNING(ORCAP-36006): Part Name "HEADER 5X2_10PINDUALMALEHEADER_CONN_10POS" is renamed to "HEADER 5X2_10PINDUALMALEHEADER_".
#21 WARNING(ORCAP-36006): Part Name "HEADER 6_0_6PINDUALMALEHEADER_HEADER 6" is renamed to "HEADER 6_0_6PINDUALMALEHEADER_H".
#22 WARNING(ORCAP-36006): Part Name "4 HEADER_4PINFEMALEHEADER_CONN_4POS" is renamed to "4 HEADER_4PINFEMALEHEADER_CONN_".
#23 WARNING(ORCAP-36006): Part Name "CON16A_16PINDUALMALEHEADER_IDC_16_2.54MM" is renamed to "CON16A_16PINDUALMALEHEADER_IDC_".
#24 WARNING(ORCAP-36006): Part Name "JUMPER2_4PINDUALMALEHEADER_JUMPER2" is renamed to "JUMPER2_4PINDUALMALEHEADER_JUMP".
#25 WARNING(ORCAP-36006): Part Name "L_IN_SMD_0805_2_FCM1608KF-601T03" is renamed to "L_IN_SMD_0805_2_FCM1608KF-601T0".
#26 WARNING(ORCAP-36006): Part Name "SW PUSHBUTTON-SPST-2/SM_1_PUSHBUTTON_4_09_SW-BLACK" is renamed to "SW PUSHBUTTON-SPST-2/SM_1_PUSHB".
#27 WARNING(ORCAP-36006): Part Name "SW PUSHBUTTON-SPST-2/SM_2_PUSHBUTTON_4_09_SW-BLACK" is renamed to "SW PUSHBUTTON-SPST-2/SM_2_PUSHB".
#28 WARNING(ORCAP-36006): Part Name "SW PUSHBUTTON-SPST-2/SM_0_PUSHBUTTON_4_09_SW-BLACK" is renamed to "SW PUSHBUTTON-SPST-2/SM_0_PUSHB".
#29 WARNING(ORCAP-36006): Part Name "SDRAM-MT48LC4M32B2_0_TSOPII_86_22X12_MT48LC4M32B2" is renamed to "SDRAM-MT48LC4M32B2_0_TSOPII_86_".
#30 WARNING(ORCAP-36006): Part Name "STMPS2141STR_2_SOT235L_STMPS2141STR" is renamed to "STMPS2141STR_2_SOT235L_STMPS214".
#31 WARNING(ORCAP-36006): Part Name "LD39050PU33R_1_DFN6_6_3X3_LD39050PU33R" is renamed to "LD39050PU33R_1_DFN6_6_3X3_LD390".
#32 WARNING(ORCAP-36006): Part Name "LT1117IST-5PBF_1_SOT_223_LT1117IST-5PBF" is renamed to "LT1117IST-5PBF_1_SOT_223_LT1117".
#33 WARNING(ORCAP-36006): Part Name "STM32F746XXX_15_LQFP_176_24X24_(S1+S2+S3)_STM32F746IGT6" is renamed to "STM32F746XXX_15_LQFP_176_24X24_".
#34 WARNING(ORCAP-36042): Pin "VP" is renamed to "VP#5" as visible power pin of same name already exists in Package 40L QFN_2 , U9: DISCOVERY KIT, MODULE AUDIO (65.00, 37.50).
#35 WARNING(ORCAP-36042): Pin "VP" is renamed to "VP#8" as visible power pin of same name already exists in Package 40L QFN_2 , U9: DISCOVERY KIT, MODULE AUDIO (65.00, 37.50).
#36 WARNING(ORCAP-36006): Part Name "QZS32768_XTAL_32MHZ_NX3215SA-32.768K" is renamed to "QZS32768_XTAL_32MHZ_NX3215SA-32".
#37 WARNING(ORCAP-36006): Part Name "OSC4/SM_2_OSC14REC12_OSC MEMS 25MHZ CMOS SMD" is renamed to "OSC4/SM_2_OSC14REC12_OSC MEMS 2".
#38 WARNING(ORCAP-36006): Part Name "OSC4/SM_2_OSC14REC12_OSC 12.2888MHZ" is renamed to "OSC4/SM_2_OSC14REC12_OSC 12.288".
INFO(ORCAP-36080): Scanning netlist files ...

Loading... D:\SOP1HC\MICROPHONE\SCHEMATIC\V030_250PCS\SCHEMATIC\allegro/pstchip.dat

Loading... D:\SOP1HC\MICROPHONE\SCHEMATIC\V030_250PCS\SCHEMATIC\allegro/pstchip.dat

Loading... D:\SOP1HC\MICROPHONE\SCHEMATIC\V030_250PCS\SCHEMATIC\allegro/pstxprt.dat

Loading... D:\SOP1HC\MICROPHONE\SCHEMATIC\V030_250PCS\SCHEMATIC\allegro/pstxnet.dat
packaging the design view...