(---------------------------------------------------------------------)
(                                                                     )
(    Allegro Netrev Import Logic                                      )
(                                                                     )
(    Drawing          : Mic_Array_main_250pcs.brd                     )
(    Software Version : 16.6P004                                      )
(    Date/Time        : Fri May 13 11:05:51 2016                      )
(                                                                     )
(---------------------------------------------------------------------)


------ Directives ------

RIPUP_ETCH FALSE;
RIPUP_DELETE_FIRST_SEGMENT FALSE;
RIPUP_RETAIN_BONDWIRE FALSE;
RIPUP_SYMBOLS ALWAYS;
Missing symbol has error FALSE;
SCHEMATIC_DIRECTORY 'D:\SOP1HC\MICROPHONE\SCHEMATIC\V030_250PCS\SCHEMATIC\allegro';
BOARD_DIRECTORY 'D:/sop1hc/Microphone/schematic/V030_250pcs/Schematic/allegro';
OLD_BOARD_NAME 'D:/sop1hc/Microphone/schematic/V030_250pcs/Schematic/allegro/Mic_Array_main_250pcs.brd';
NEW_BOARD_NAME 'D:/sop1hc/Microphone/schematic/V030_250pcs/Schematic/allegro/Mic_Array_main_250pcs.brd';

CmdLine: netrev.exe -y 1 -i D:\SOP1HC\MICROPHONE\SCHEMATIC\V030_250PCS\SCHEMATIC\allegro D:\sop1hc\Microphone\schematic\V030_250pcs\Schematic\allegro\Mic_Array_main_250pcs.brd D:\sop1hc\Microphone\schematic\V030_250pcs\Schematic\allegro\Mic_Array_main_250pcs.brd

------ Preparing to read pst files ------

Starting to read D:/SOP1HC/MICROPHONE/SCHEMATIC/V030_250PCS/SCHEMATIC/allegro/pstchip.dat 
   Finished reading D:/SOP1HC/MICROPHONE/SCHEMATIC/V030_250PCS/SCHEMATIC/allegro/pstchip.dat (00:00:00.02)
Starting to read D:/SOP1HC/MICROPHONE/SCHEMATIC/V030_250PCS/SCHEMATIC/allegro/pstxprt.dat 
   Finished reading D:/SOP1HC/MICROPHONE/SCHEMATIC/V030_250PCS/SCHEMATIC/allegro/pstxprt.dat (00:00:00.01)
Starting to read D:/SOP1HC/MICROPHONE/SCHEMATIC/V030_250PCS/SCHEMATIC/allegro/pstxnet.dat 
   Finished reading D:/SOP1HC/MICROPHONE/SCHEMATIC/V030_250PCS/SCHEMATIC/allegro/pstxnet.dat (00:00:00.01)

------ Oversights/Warnings/Errors ------


------ Library Paths ------
MODULEPATH =  . 
           C:/Cadence/SPB_16.6/share/local/pcb/modules 

PSMPATH =  . 
           symbols 
           .. 
           ../symbols 
           C:/Cadence/SPB_16.6/share/local/pcb/symbols 
           C:/Cadence/SPB_16.6/share/pcb/pcb_lib/symbols 
           C:/Cadence/SPB_16.6/share/pcb/allegrolib/symbols 
           C:/Cadence/SPB_16.6/share/pcb/pcb_lib/symbols/ 

PADPATH =  . 
           symbols 
           .. 
           ../symbols 
           C:/Cadence/SPB_16.6/share/local/pcb/padstacks 
           C:/Cadence/SPB_16.6/share/pcb/pcb_lib/symbols 
           C:/Cadence/SPB_16.6/share/pcb/allegrolib/symbols 


------ Summary Statistics ------


netrev run on May 13 11:05:51 2016
   DESIGN NAME : 'STM32F746NGH V1'
   PACKAGING ON Sep 10 2012 04:46:09

   COMPILE 'logic'
   CHECK_PIN_NAMES OFF
   CROSS_REFERENCE OFF
   FEEDBACK OFF
   INCREMENTAL OFF
   INTERFACE_TYPE PHYSICAL
   MAX_ERRORS 500
   MERGE_MINIMUM 5
   NET_NAME_CHARS '#%&()*+-./:=>?@[]^_`|'
   NET_NAME_LENGTH 24
   OVERSIGHTS ON
   REPLACE_CHECK OFF
   SINGLE_NODE_NETS ON
   SPLIT_MINIMUM 0
   SUPPRESS   20
   WARNINGS ON

 No error detected
 No oversight detected
 No warning detected

cpu time      0:00:41
elapsed time  0:00:01

