###############################################################################
#
# IAR ANSI C/C++ Compiler V7.50.3.10732/W32 for ARM       15/May/2016  09:59:37
# Copyright 1999-2016 IAR Systems AB.
#
#    Cpu mode     =  thumb
#    Endian       =  little
#    Source file  =  
#        D:\sop1hc\Mic\Mic_Array\Mic_Array\Projects\STM32746G\Applications\Audio\Mic_Array\Src\stm32f7xx_it.c
#    Command line =  
#        D:\sop1hc\Mic\Mic_Array\Mic_Array\Projects\STM32746G\Applications\Audio\Mic_Array\Src\stm32f7xx_it.c
#        -D USE_HAL_DRIVER -D STM32F746xx -D USE_STM32746G_DISCO -D
#        USE_IOEXPANDER -D USE_USB_FS -lC
#        D:\sop1hc\Mic\Mic_Array\Mic_Array\Projects\STM32746G\Applications\Audio\Mic_Array\EWARM\STM32F7\List
#        -lA
#        D:\sop1hc\Mic\Mic_Array\Mic_Array\Projects\STM32746G\Applications\Audio\Mic_Array\EWARM\STM32F7\List
#        -o
#        D:\sop1hc\Mic\Mic_Array\Mic_Array\Projects\STM32746G\Applications\Audio\Mic_Array\EWARM\STM32F7\Obj
#        --no_unroll --debug --endian=little --cpu=Cortex-M7 -e --fpu=VFPv5_sp
#        --dlib_config "C:\Program Files (x86)\IAR Systems\Embedded Workbench
#        7.3\arm\INC\c\DLib_Config_Full.h" -I
#        D:\sop1hc\Mic\Mic_Array\Mic_Array\Projects\STM32746G\Applications\Audio\Mic_Array\EWARM\..\Inc\
#        -I
#        D:\sop1hc\Mic\Mic_Array\Mic_Array\Projects\STM32746G\Applications\Audio\Mic_Array\EWARM\..\..\..\..\..\..\Drivers\CMSIS\Device\ST\STM32F7xx\Include\
#        -I
#        D:\sop1hc\Mic\Mic_Array\Mic_Array\Projects\STM32746G\Applications\Audio\Mic_Array\EWARM\..\..\..\..\..\..\Drivers\STM32F7xx_HAL_Driver\Inc\
#        -I
#        D:\sop1hc\Mic\Mic_Array\Mic_Array\Projects\STM32746G\Applications\Audio\Mic_Array\EWARM\..\..\..\..\..\..\Drivers\BSP\STM32746G-Discovery\
#        -I
#        D:\sop1hc\Mic\Mic_Array\Mic_Array\Projects\STM32746G\Applications\Audio\Mic_Array\EWARM\..\..\..\..\..\..\Drivers\BSP\Components\Common\
#        -I
#        D:\sop1hc\Mic\Mic_Array\Mic_Array\Projects\STM32746G\Applications\Audio\Mic_Array\EWARM\..\..\..\..\..\..\Utilities\Log\
#        -I
#        D:\sop1hc\Mic\Mic_Array\Mic_Array\Projects\STM32746G\Applications\Audio\Mic_Array\EWARM\..\..\..\..\..\..\Utilities\Fonts\
#        -I
#        D:\sop1hc\Mic\Mic_Array\Mic_Array\Projects\STM32746G\Applications\Audio\Mic_Array\EWARM\..\..\..\..\..\..\Utilities\CPU\
#        -I
#        D:\sop1hc\Mic\Mic_Array\Mic_Array\Projects\STM32746G\Applications\Audio\Mic_Array\EWARM\..\..\..\..\..\..\Middlewares\ST\STM32_USB_Device_Library\Core\Inc\
#        -I
#        D:\sop1hc\Mic\Mic_Array\Mic_Array\Projects\STM32746G\Applications\Audio\Mic_Array\EWARM\..\..\..\..\..\..\Middlewares\ST\STM32_USB_HOST_Library\Core\Inc\
#        -I
#        D:\sop1hc\Mic\Mic_Array\Mic_Array\Projects\STM32746G\Applications\Audio\Mic_Array\EWARM\..\..\..\..\..\..\Middlewares\ST\STM32_USB_HOST_Library\Class\MSC\Inc\
#        -I
#        D:\sop1hc\Mic\Mic_Array\Mic_Array\Projects\STM32746G\Applications\Audio\Mic_Array\EWARM\..\..\..\..\..\..\Middlewares\Third_Party\FatFs\src\
#        -I
#        D:\sop1hc\Mic\Mic_Array\Mic_Array\Projects\STM32746G\Applications\Audio\Mic_Array\EWARM\..\..\..\..\..\..\Middlewares\Third_Party\FatFs\src\drivers\
#        -I
#        D:\sop1hc\Mic\Mic_Array\Mic_Array\Projects\STM32746G\Applications\Audio\Mic_Array\EWARM\..\..\..\..\..\..\Middlewares\ST\STM32_Audio\Addons\PDM\
#        -I
#        D:\sop1hc\Mic\Mic_Array\Mic_Array\Projects\STM32746G\Applications\Audio\Mic_Array\EWARM\..\..\..\..\..\..\Middlewares\ST\STM32_USB_Device_Library\Class\AUDIO\Inc\
#        -Ohs --use_c++_inline --require_prototypes -I "C:\Program Files
#        (x86)\IAR Systems\Embedded Workbench 7.3\arm\CMSIS\Include\" -D
#        ARM_MATH_CM7 --relaxed_fp
#    List file    =  
#        D:\sop1hc\Mic\Mic_Array\Mic_Array\Projects\STM32746G\Applications\Audio\Mic_Array\EWARM\STM32F7\List\stm32f7xx_it.lst
#    Object file  =  
#        D:\sop1hc\Mic\Mic_Array\Mic_Array\Projects\STM32746G\Applications\Audio\Mic_Array\EWARM\STM32F7\Obj\stm32f7xx_it.o
#
###############################################################################

D:\sop1hc\Mic\Mic_Array\Mic_Array\Projects\STM32746G\Applications\Audio\Mic_Array\Src\stm32f7xx_it.c
      1          /**
      2            ******************************************************************************
      3            * @file    Audio/Audio_playback_and_record/Src/stm32f7xx_it.c
      4            * @author  MCD Application Team
      5            * @version V1.0.0
      6            * @date    25-June-2015
      7            * @brief   Main Interrupt Service Routines.
      8            *          This file provides template for all exceptions handler and 
      9            *          peripherals interrupt service routine.
     10            ******************************************************************************
     11            * @attention
     12            *
     13            * <h2><center>&copy; COPYRIGHT(c) 2015 STMicroelectronics</center></h2>
     14            *
     15            * Redistribution and use in source and binary forms, with or without modification,
     16            * are permitted provided that the following conditions are met:
     17            *   1. Redistributions of source code must retain the above copyright notice,
     18            *      this list of conditions and the following disclaimer.
     19            *   2. Redistributions in binary form must reproduce the above copyright notice,
     20            *      this list of conditions and the following disclaimer in the documentation
     21            *      and/or other materials provided with the distribution.
     22            *   3. Neither the name of STMicroelectronics nor the names of its contributors
     23            *      may be used to endorse or promote products derived from this software
     24            *      without specific prior written permission.
     25            *
     26            * THIS SOFTWARE IS PROVIDED BY THE COPYRIGHT HOLDERS AND CONTRIBUTORS "AS IS"
     27            * AND ANY EXPRESS OR IMPLIED WARRANTIES, INCLUDING, BUT NOT LIMITED TO, THE
     28            * IMPLIED WARRANTIES OF MERCHANTABILITY AND FITNESS FOR A PARTICULAR PURPOSE ARE
     29            * DISCLAIMED. IN NO EVENT SHALL THE COPYRIGHT HOLDER OR CONTRIBUTORS BE LIABLE
     30            * FOR ANY DIRECT, INDIRECT, INCIDENTAL, SPECIAL, EXEMPLARY, OR CONSEQUENTIAL
     31            * DAMAGES (INCLUDING, BUT NOT LIMITED TO, PROCUREMENT OF SUBSTITUTE GOODS OR
     32            * SERVICES; LOSS OF USE, DATA, OR PROFITS; OR BUSINESS INTERRUPTION) HOWEVER
     33            * CAUSED AND ON ANY THEORY OF LIABILITY, WHETHER IN CONTRACT, STRICT LIABILITY,
     34            * OR TORT (INCLUDING NEGLIGENCE OR OTHERWISE) ARISING IN ANY WAY OUT OF THE USE
     35            * OF THIS SOFTWARE, EVEN IF ADVISED OF THE POSSIBILITY OF SUCH DAMAGE.
     36            *
     37            ******************************************************************************
     38            */
     39          
     40          /* Includes ------------------------------------------------------------------*/
     41          #include "main.h"
     42          #include "stm32f7xx_it.h"
     43          
     44          /* Private typedef -----------------------------------------------------------*/
     45          /* Private define ------------------------------------------------------------*/
     46          /* Private macro -------------------------------------------------------------*/
     47          /* Private variables ---------------------------------------------------------*/
     48          extern HCD_HandleTypeDef hhcd;
     49          extern PCD_HandleTypeDef hpcd;
     50          extern __IO  char flg10ms;
     51          extern __IO uint8_t   flgShipping;
     52          extern __IO uint8_t WaveRecord_flgIni;

   \                                 In section .bss, align 4
     53          uint32_t cntOS;
   \                     cntOS:
   \   00000000                      DS8 4
     54          
     55          
     56          extern I2C_HandleTypeDef hi2c1,hi2c2;
     57          extern UART_HandleTypeDef huart3;
     58          extern SPI_HandleTypeDef hspi5;
     59          extern Mic_Array_Data Buffer1;
     60          /* Private function prototypes -----------------------------------------------*/
     61          /* Private functions ---------------------------------------------------------*/
     62          
     63          /******************************************************************************/
     64          /*            Cortex-M7 Processor Exceptions Handlers                         */
     65          /******************************************************************************/
     66          
     67          /**
     68            * @brief  This function handles NMI exception.
     69            * @param  None
     70            * @retval None
     71            */

   \                                 In section .text, align 2, keep-with-next
     72          void NMI_Handler(void)
     73          {
     74          }
   \                     NMI_Handler: (+1)
   \   00000000   0x4770             BX       LR               ;; return
     75          
     76          /**
     77            * @brief  This function handles Hard Fault exception.
     78            * @param  None
     79            * @retval None
     80            */

   \                                 In section .text, align 2, keep-with-next
     81          void HardFault_Handler(void)
     82          {
     83            /* Go to infinite loop when Hard Fault exception occurs */
     84            while (1)
   \                     HardFault_Handler: (+1)
   \                     ??HardFault_Handler_0: (+1)
   \   00000000   0xE7FE             B.N      ??HardFault_Handler_0
     85            {
     86            }
     87          }
     88          
     89          /**
     90            * @brief  This function handles Memory Manage exception.
     91            * @param  None
     92            * @retval None
     93            */

   \                                 In section .text, align 2, keep-with-next
     94          void MemManage_Handler(void)
     95          {
     96            /* Go to infinite loop when Memory Manage exception occurs */
     97            while (1)
   \                     MemManage_Handler: (+1)
   \                     ??MemManage_Handler_0: (+1)
   \   00000000   0xE7FE             B.N      ??MemManage_Handler_0
     98            {
     99            }
    100          }
    101          
    102          /**
    103            * @brief  This function handles Bus Fault exception.
    104            * @param  None
    105            * @retval None
    106            */

   \                                 In section .text, align 2, keep-with-next
    107          void BusFault_Handler(void)
    108          {
    109            /* Go to infinite loop when Bus Fault exception occurs */
    110            while (1)
   \                     BusFault_Handler: (+1)
   \                     ??BusFault_Handler_0: (+1)
   \   00000000   0xE7FE             B.N      ??BusFault_Handler_0
    111            {
    112            }
    113          }
    114          
    115          /**
    116            * @brief  This function handles Usage Fault exception.
    117            * @param  None
    118            * @retval None
    119            */

   \                                 In section .text, align 2, keep-with-next
    120          void UsageFault_Handler(void)
    121          {
    122            /* Go to infinite loop when Usage Fault exception occurs */
    123            while (1)
   \                     UsageFault_Handler: (+1)
   \                     ??UsageFault_Handler_0: (+1)
   \   00000000   0xE7FE             B.N      ??UsageFault_Handler_0
    124            {
    125            }
    126          }
    127          
    128          /**
    129            * @brief  This function handles SVCall exception.
    130            * @param  None
    131            * @retval None
    132            */

   \                                 In section .text, align 2, keep-with-next
    133          void SVC_Handler(void)
    134          {
    135          }
   \                     SVC_Handler: (+1)
   \   00000000   0x4770             BX       LR               ;; return
    136          
    137          /**
    138            * @brief  This function handles Debug Monitor exception.
    139            * @param  None
    140            * @retval None
    141            */

   \                                 In section .text, align 2, keep-with-next
    142          void DebugMon_Handler(void)
    143          {
    144          }
   \                     DebugMon_Handler: (+1)
   \   00000000   0x4770             BX       LR               ;; return
    145          
    146          /**
    147            * @brief  This function handles PendSVC exception.
    148            * @param  None
    149            * @retval None
    150            */

   \                                 In section .text, align 2, keep-with-next
    151          void PendSV_Handler(void)
    152          {
    153          }
   \                     PendSV_Handler: (+1)
   \   00000000   0x4770             BX       LR               ;; return
    154          
    155          /**
    156            * @brief  This function handles SysTick Handler.
    157            * @param  None
    158            * @retval None
    159            */

   \                                 In section .text, align 2, keep-with-next
    160          void SysTick_Handler(void)
    161          {
   \                     SysTick_Handler: (+1)
   \   00000000   0xB500             PUSH     {LR}
   \   00000002   0xB081             SUB      SP,SP,#+4
    162            HAL_IncTick(); 
   \   00000004   0x.... 0x....      BL       HAL_IncTick
    163            //Toggle_Leds();
    164          
    165            cntOS++;
   \   00000008   0x....             LDR.N    R0,??DataTable4
   \   0000000A   0x6801             LDR      R1,[R0, #+0]
   \   0000000C   0x1C49             ADDS     R1,R1,#+1
    166          #if USB_STREAMING
    167            //if(cntOS%2==0)
    168            //{
    169             //AudioProcess();
    170            //}
    171            //SubFrameFinished();
    172          #endif   
    173            if (cntOS==10)
   \   0000000E   0x290A             CMP      R1,#+10
   \   00000010   0xD103             BNE.N    ??SysTick_Handler_0
    174            {
    175                cntOS=0;
    176                flg10ms = 1;
   \   00000012   0x2201             MOVS     R2,#+1
   \   00000014   0x....             LDR.N    R3,??DataTable4_1
   \   00000016   0x2100             MOVS     R1,#+0
   \   00000018   0x701A             STRB     R2,[R3, #+0]
    177                if ((cntOS==3000)||(cntOS==6000)||(cntOS==9000))
   \                     ??SysTick_Handler_0: (+1)
   \   0000001A   0x6001             STR      R1,[R0, #+0]
    178                {
    179                     flgShipping = CheckEnergyEqual(&Buffer1.bufMIC1[0], &Buffer1.bufMIC5[0], 100); 
    180                     WaveRecord_flgIni=0;
    181                }
    182            }
    183            	
    184          }
   \   0000001C   0xB001             ADD      SP,SP,#+4
   \   0000001E   0xBD00             POP      {PC}             ;; return
    185          

   \                                 In section .text, align 2, keep-with-next
    186          void USART6_IRQHandler(void)
    187          {
    188          //  HAL_UART_IRQHandler(&huart6);
    189          }
   \                     USART6_IRQHandler: (+1)
   \   00000000   0x4770             BX       LR               ;; return
    190          

   \                                 In section .text, align 2, keep-with-next
    191          void USART3_IRQHandler(void)
    192          {
    193            HAL_UART_IRQHandler(&huart3);
   \                     USART3_IRQHandler: (+1)
   \   00000000   0x....             LDR.N    R0,??DataTable4_2
   \   00000002   0x.... 0x....      B.W      HAL_UART_IRQHandler
    194          }
    195          
    196          

   \                                 In section .text, align 2, keep-with-next
    197          void I2C1_EV_IRQHandler(void)
    198          {
    199            /* USER CODE BEGIN I2C1_EV_IRQn 0 */
    200          
    201            /* USER CODE END I2C1_EV_IRQn 0 */
    202            HAL_I2C_EV_IRQHandler(&hi2c1);
   \                     I2C1_EV_IRQHandler: (+1)
   \   00000000   0x....             LDR.N    R0,??DataTable4_3
   \   00000002   0x.... 0x....      B.W      HAL_I2C_EV_IRQHandler
    203            /* USER CODE BEGIN I2C1_EV_IRQn 1 */
    204          
    205            /* USER CODE END I2C1_EV_IRQn 1 */
    206          }
    207          
    208          

   \                                 In section .text, align 2, keep-with-next
    209          void I2C2_EV_IRQHandler(void)
    210          {
    211            /* USER CODE BEGIN I2C1_EV_IRQn 0 */
    212          
    213            /* USER CODE END I2C1_EV_IRQn 0 */
    214            HAL_I2C_EV_IRQHandler(&hi2c2);
   \                     I2C2_EV_IRQHandler: (+1)
   \   00000000   0x....             LDR.N    R0,??DataTable4_4
   \   00000002   0x.... 0x....      B.W      HAL_I2C_EV_IRQHandler
    215            /* USER CODE BEGIN I2C1_EV_IRQn 1 */
    216          
    217            /* USER CODE END I2C1_EV_IRQn 1 */
    218          }
    219          
    220          
    221          
    222          
    223          
    224          
    225          /******************************************************************************/
    226          /*                 STM32F7xx Peripherals Interrupt Handlers                   */
    227          /*  Add here the Interrupt Handler for the used peripheral(s) (PPP), for the  */
    228          /*  available peripheral interrupt handler's name please refer to the startup */
    229          /*  file (startup_stm32f7xx.s).                                               */
    230          /******************************************************************************/
    231          
    232          /**
    233            * @brief  This function handles USB-On-The-Go FS/HS global interrupt request.
    234            * @param  None
    235            * @retval None
    236            */
    237          #ifdef USE_USB_FS

   \                                 In section .text, align 2, keep-with-next
    238          void OTG_FS_IRQHandler(void)
    239          #else
    240          void OTG_HS_IRQHandler(void)
    241          #endif
    242          {
    243            //sop1hc HAL_HCD_IRQHandler(&hhcd);
    244            HAL_PCD_IRQHandler(&hpcd);
   \                     OTG_FS_IRQHandler: (+1)
   \   00000000   0x....             LDR.N    R0,??DataTable4_5
   \   00000002   0x.... 0x....      B.W      HAL_PCD_IRQHandler
    245          }
    246          
    247          /**
    248            * @brief This function handles DMA2 Stream 4 interrupt request.
    249            * @param None
    250            * @retval None
    251            */

   \                                 In section .text, align 2, keep-with-next
    252          void AUDIO_OUT_SAIx_DMAx_IRQHandler(void)
    253          {
    254            //HAL_DMA_IRQHandler(haudio_out_sai.hdmatx);
    255          }
   \                     DMA2_Stream4_IRQHandler: (+1)
   \   00000000   0x4770             BX       LR               ;; return
    256          
    257          /**
    258            * @brief This function handles DMA2 Stream 7 interrupt request.
    259            * @param None
    260            * @retval None
    261            */

   \                                 In section .text, align 2, keep-with-next
    262          void AUDIO_IN_SAIx_DMAx_IRQHandler(void)
    263          {
    264            //HAL_DMA_IRQHandler(haudio_in_sai.hdmarx);
    265          }
   \                     DMA2_Stream7_IRQHandler: (+1)
   \   00000000   0x4770             BX       LR               ;; return

   \                                 In section .text, align 4, keep-with-next
   \                     ??DataTable4:
   \   00000000   0x........         DC32     cntOS

   \                                 In section .text, align 4, keep-with-next
   \                     ??DataTable4_1:
   \   00000000   0x........         DC32     flg10ms

   \                                 In section .text, align 4, keep-with-next
   \                     ??DataTable4_2:
   \   00000000   0x........         DC32     huart3

   \                                 In section .text, align 4, keep-with-next
   \                     ??DataTable4_3:
   \   00000000   0x........         DC32     hi2c1

   \                                 In section .text, align 4, keep-with-next
   \                     ??DataTable4_4:
   \   00000000   0x........         DC32     hi2c2

   \                                 In section .text, align 4, keep-with-next
   \                     ??DataTable4_5:
   \   00000000   0x........         DC32     hpcd
    266          
    267          /**
    268            * @brief  This function handles PPP interrupt request.
    269            * @param  None
    270            * @retval None
    271            */
    272          /*void PPP_IRQHandler(void)
    273          {
    274          }*/
    275          
    276          /************************ (C) COPYRIGHT STMicroelectronics *****END OF FILE****/

   Maximum stack usage in bytes:

   .cstack Function
   ------- --------
       0   BusFault_Handler
       0   DMA2_Stream4_IRQHandler
       0   DMA2_Stream7_IRQHandler
       0   DebugMon_Handler
       0   HardFault_Handler
       0   I2C1_EV_IRQHandler
         0   -> HAL_I2C_EV_IRQHandler
       0   I2C2_EV_IRQHandler
         0   -> HAL_I2C_EV_IRQHandler
       0   MemManage_Handler
       0   NMI_Handler
       0   OTG_FS_IRQHandler
         0   -> HAL_PCD_IRQHandler
       0   PendSV_Handler
       0   SVC_Handler
       8   SysTick_Handler
         8   -> HAL_IncTick
       0   USART3_IRQHandler
         0   -> HAL_UART_IRQHandler
       0   USART6_IRQHandler
       0   UsageFault_Handler


   Section sizes:

   Bytes  Function/Label
   -----  --------------
       4  ??DataTable4
       4  ??DataTable4_1
       4  ??DataTable4_2
       4  ??DataTable4_3
       4  ??DataTable4_4
       4  ??DataTable4_5
       2  BusFault_Handler
       2  DMA2_Stream4_IRQHandler
       2  DMA2_Stream7_IRQHandler
       2  DebugMon_Handler
       2  HardFault_Handler
       6  I2C1_EV_IRQHandler
       6  I2C2_EV_IRQHandler
       2  MemManage_Handler
       2  NMI_Handler
       6  OTG_FS_IRQHandler
       2  PendSV_Handler
       2  SVC_Handler
      32  SysTick_Handler
       6  USART3_IRQHandler
       2  USART6_IRQHandler
       2  UsageFault_Handler
       4  cntOS

 
   4 bytes in section .bss
 102 bytes in section .text
 
 102 bytes of CODE memory
   4 bytes of DATA memory

Errors: none
Warnings: none
