(---------------------------------------------------------------------)
(                                                                     )
(    Allegro Netrev Import Logic                                      )
(                                                                     )
(    Drawing          : 8MICS_V021.brd                                )
(    Software Version : 16.6P004                                      )
(    Date/Time        : Sat Jul 29 11:22:42 2017                      )
(                                                                     )
(---------------------------------------------------------------------)


------ Directives ------

RIPUP_ETCH FALSE;
RIPUP_DELETE_FIRST_SEGMENT FALSE;
RIPUP_RETAIN_BONDWIRE FALSE;
RIPUP_SYMBOLS ALWAYS;
Missing symbol has error FALSE;
SCHEMATIC_DIRECTORY 'D:\SOP1HC\MIC\SCHE\V030_250PCS\8MICS\allegro';
BOARD_DIRECTORY '';
OLD_BOARD_NAME 'D:/sop1hc/Mic/sche/V031_100pcs/8Mics/allegro/8MICS_V021.brd';
NEW_BOARD_NAME '8MICS_test.brd';

CmdLine: netrev.exe -y 1 -i D:\SOP1HC\MIC\SCHE\V030_250PCS\8MICS\allegro D:\sop1hc\Mic\sche\V031_100pcs\8Mics\allegro\8MICS_V021.brd D:\SOP1HC\MIC\SCHE\V030_250PCS\8MICS\allegro\8MICS_test.brd

------ Preparing to read pst files ------

Starting to read D:/SOP1HC/MIC/SCHE/V030_250PCS/8MICS/allegro/pstchip.dat 
   Finished reading D:/SOP1HC/MIC/SCHE/V030_250PCS/8MICS/allegro/pstchip.dat (00:00:00.03)
Starting to read D:/SOP1HC/MIC/SCHE/V030_250PCS/8MICS/allegro/pstxprt.dat 
   Finished reading D:/SOP1HC/MIC/SCHE/V030_250PCS/8MICS/allegro/pstxprt.dat (00:00:00.00)
Starting to read D:/SOP1HC/MIC/SCHE/V030_250PCS/8MICS/allegro/pstxnet.dat 
   Finished reading D:/SOP1HC/MIC/SCHE/V030_250PCS/8MICS/allegro/pstxnet.dat (00:00:00.00)

------ Oversights/Warnings/Errors ------


ERROR: File "8MICS_V021.brd" is being edited by user "son" on date "Fri May 13 14:03:42 2016" on system "SONPC". Resolve lock file and re-run netrev.

#1   ERROR(SPMHNI-175): Netrev error detected.

#2   Run stopped because errors were detected

netrev run on Jul 29 11:22:42 2017
   DESIGN NAME : '8MICS'
   PACKAGING ON Sep 10 2012 04:46:09

   COMPILE 'logic'
   CHECK_PIN_NAMES OFF
   CROSS_REFERENCE OFF
   FEEDBACK OFF
   INCREMENTAL OFF
   INTERFACE_TYPE PHYSICAL
   MAX_ERRORS 500
   MERGE_MINIMUM 5
   NET_NAME_CHARS '#%&()*+-./:=>?@[]^_`|'
   NET_NAME_LENGTH 24
   OVERSIGHTS ON
   REPLACE_CHECK OFF
   SINGLE_NODE_NETS ON
   SPLIT_MINIMUM 0
   SUPPRESS   20
   WARNINGS ON

  2 errors detected
 No oversight detected
 No warning detected

cpu time      0:00:14
elapsed time  0:00:00

